#
# There is insufficient memory for the Java Runtime Environment to continue.
# Native memory allocation (malloc) failed to allocate 576816 bytes for Chunk::new
# Possible reasons:
#   The system is out of physical RAM or swap space
#   The process is running with CompressedOops enabled, and the Java Heap may be blocking the growth of the native heap
# Possible solutions:
#   Reduce memory load on the system
#   Increase physical memory or swap space
#   Check if swap backing store is full
#   Decrease Java heap size (-Xmx/-Xms)
#   Decrease number of Java threads
#   Decrease Java thread stack sizes (-Xss)
#   Set larger code cache with -XX:ReservedCodeCacheSize=
#   JVM is running with Unscaled Compressed Oops mode in which the Java heap is
#     placed in the first 4GB address space. The Java Heap base address is the
#     maximum limit for the native heap growth. Please use -XX:HeapBaseMinAddress
#     to set the Java Heap base and to place the Java Heap above 4GB virtual address.
# This output file may be truncated or incomplete.
#
#  Out of Memory Error (./src/hotspot/share/memory/arena.cpp:197), pid=22164, tid=4912
#
# JRE version: OpenJDK Runtime Environment (11.0.10) (build 11.0.10+0-b96-7249189)
# Java VM: OpenJDK 64-Bit Server VM (11.0.10+0-b96-7249189, mixed mode, tiered, compressed oops, g1 gc, windows-amd64)
# No core dump will be written. Minidumps are not enabled by default on client versions of Windows
#

---------------  S U M M A R Y ------------

Command Line: --add-opens=java.base/java.util=ALL-UNNAMED --add-opens=java.base/java.lang=ALL-UNNAMED --add-opens=java.base/java.lang.invoke=ALL-UNNAMED --add-opens=java.base/java.util=ALL-UNNAMED --add-opens=java.prefs/java.util.prefs=ALL-UNNAMED --add-opens=java.prefs/java.util.prefs=ALL-UNNAMED --add-opens=java.base/java.nio.charset=ALL-UNNAMED --add-opens=java.base/java.net=ALL-UNNAMED --add-opens=java.base/java.util.concurrent.atomic=ALL-UNNAMED -Xmx2048m -Dfile.encoding=UTF-8 -Duser.country=KR -Duser.language=ko -Duser.variant org.gradle.launcher.daemon.bootstrap.GradleDaemon 7.0.2

Host: AMD Ryzen 5 3600 6-Core Processor              , 12 cores, 15G,  Windows 10 , 64 bit Build 19041 (10.0.19041.1466)
Time: Tue Jan 18 21:11:10 2022 대한민국 표준시 elapsed time: 5.890452 seconds (0d 0h 0m 5s)

---------------  T H R E A D  ---------------

Current thread (0x00000187b53b6000):  JavaThread "C2 CompilerThread1" daemon [_thread_in_native, id=4912, stack(0x000000623eb00000,0x000000623ec00000)]


Current CompileTask:
C2:   5890 6406   !   4       java.util.concurrent.ConcurrentHashMap::computeIfAbsent (576 bytes)

Stack: [0x000000623eb00000,0x000000623ec00000]
Native frames: (J=compiled Java code, j=interpreted, Vv=VM code, C=native code)
V  [jvm.dll+0x5ecfaa]
V  [jvm.dll+0x722bd5]
V  [jvm.dll+0x72412d]
V  [jvm.dll+0x7247e3]
V  [jvm.dll+0x242928]
V  [jvm.dll+0xbc4fc]
V  [jvm.dll+0xbca0c]
V  [jvm.dll+0x352d7d]
V  [jvm.dll+0x320ad3]
V  [jvm.dll+0x31ffca]
V  [jvm.dll+0x1fb602]
V  [jvm.dll+0x1fa7f4]
V  [jvm.dll+0x18354c]
V  [jvm.dll+0x208ee7]
V  [jvm.dll+0x207731]
V  [jvm.dll+0x6eb1cf]
V  [jvm.dll+0x6e3d45]
V  [jvm.dll+0x5ebe96]
C  [ucrtbase.dll+0x21bb2]
C  [KERNEL32.DLL+0x17034]
C  [ntdll.dll+0x52651]


---------------  P R O C E S S  ---------------

Threads class SMR info:
_java_thread_list=0x00000187b9261b20, length=60, elements={
0x000001879824c800, 0x00000187b5322800, 0x00000187b532f000, 0x00000187b539b800,
0x00000187b539d800, 0x00000187b539e800, 0x00000187b53aa000, 0x00000187b53b3800,
0x00000187b53d0000, 0x00000187b53b4000, 0x00000187b53b6000, 0x00000187b53b5000,
0x00000187b53b6800, 0x00000187b53b7800, 0x00000187b53b8800, 0x00000187b53ba000,
0x00000187b79fe000, 0x00000187b7a00000, 0x00000187b79fd800, 0x00000187b7a00800,
0x00000187b7a02000, 0x00000187b79ff000, 0x00000187b7a01800, 0x00000187b79fc800,
0x00000187b7a03000, 0x00000187b87f4000, 0x00000187b87ee800, 0x00000187b87f3000,
0x00000187b87f0800, 0x00000187b87f0000, 0x00000187b87f1800, 0x00000187b87f5000,
0x00000187b87f8000, 0x00000187b87f9800, 0x00000187b87f6800, 0x00000187b87fd000,
0x00000187b87fc000, 0x00000187b916d800, 0x00000187b9171000, 0x00000187b9172800,
0x00000187b9172000, 0x00000187b916f800, 0x00000187b9170000, 0x00000187b9173800,
0x00000187b9174000, 0x00000187b916e800, 0x00000187b9175000, 0x00000187b917b800,
0x00000187b917a800, 0x00000187b9176000, 0x00000187b917c800, 0x00000187b9176800,
0x00000187b9177800, 0x00000187b9178800, 0x00000187b9179000, 0x00000187b917a000,
0x00000187babe3000, 0x00000187babe3800, 0x00000187babe1000, 0x00000187babe4800
}

Java Threads: ( => current thread )
  0x000001879824c800 JavaThread "main" [_thread_blocked, id=12692, stack(0x000000623da00000,0x000000623db00000)]
  0x00000187b5322800 JavaThread "Reference Handler" daemon [_thread_blocked, id=31284, stack(0x000000623e100000,0x000000623e200000)]
  0x00000187b532f000 JavaThread "Finalizer" daemon [_thread_blocked, id=15548, stack(0x000000623e200000,0x000000623e300000)]
  0x00000187b539b800 JavaThread "Signal Dispatcher" daemon [_thread_blocked, id=30612, stack(0x000000623e300000,0x000000623e400000)]
  0x00000187b539d800 JavaThread "Attach Listener" daemon [_thread_blocked, id=28524, stack(0x000000623e400000,0x000000623e500000)]
  0x00000187b539e800 JavaThread "Service Thread" daemon [_thread_blocked, id=29148, stack(0x000000623e500000,0x000000623e600000)]
  0x00000187b53aa000 JavaThread "C2 CompilerThread0" daemon [_thread_blocked, id=25460, stack(0x000000623e600000,0x000000623e700000)]
  0x00000187b53b3800 JavaThread "C1 CompilerThread0" daemon [_thread_blocked, id=3660, stack(0x000000623e700000,0x000000623e800000)]
  0x00000187b53d0000 JavaThread "Sweeper thread" daemon [_thread_blocked, id=15608, stack(0x000000623e800000,0x000000623e900000)]
  0x00000187b53b4000 JavaThread "Common-Cleaner" daemon [_thread_blocked, id=10272, stack(0x000000623e900000,0x000000623ea00000)]
=>0x00000187b53b6000 JavaThread "C2 CompilerThread1" daemon [_thread_in_native, id=4912, stack(0x000000623eb00000,0x000000623ec00000)]
  0x00000187b53b5000 JavaThread "Daemon health stats" [_thread_blocked, id=7700, stack(0x000000623f200000,0x000000623f300000)]
  0x00000187b53b6800 JavaThread "Incoming local TCP Connector on port 57973" [_thread_in_native, id=10088, stack(0x000000623f100000,0x000000623f200000)]
  0x00000187b53b7800 JavaThread "Daemon periodic checks" [_thread_blocked, id=24924, stack(0x000000623f300000,0x000000623f400000)]
  0x00000187b53b8800 JavaThread "Daemon" [_thread_blocked, id=30368, stack(0x000000623f400000,0x000000623f500000)]
  0x00000187b53ba000 JavaThread "Handler for socket connection from /127.0.0.1:57973 to /127.0.0.1:57974" [_thread_in_native, id=30108, stack(0x000000623f500000,0x000000623f600000)]
  0x00000187b79fe000 JavaThread "Cancel handler" [_thread_blocked, id=20476, stack(0x000000623f600000,0x000000623f700000)]
  0x00000187b7a00000 JavaThread "Daemon worker" [_thread_in_vm, id=16792, stack(0x000000623f700000,0x000000623f800000)]
  0x00000187b79fd800 JavaThread "Asynchronous log dispatcher for DefaultDaemonConnection: socket connection from /127.0.0.1:57973 to /127.0.0.1:57974" [_thread_blocked, id=20248, stack(0x000000623f800000,0x000000623f900000)]
  0x00000187b7a00800 JavaThread "Stdin handler" [_thread_blocked, id=12736, stack(0x000000623f900000,0x000000623fa00000)]
  0x00000187b7a02000 JavaThread "Daemon client event forwarder" [_thread_blocked, id=11092, stack(0x000000623fa00000,0x000000623fb00000)]
  0x00000187b79ff000 JavaThread "Cache worker for file hash cache (C:\Users\coding\.gradle\caches\7.0.2\fileHashes)" [_thread_blocked, id=22588, stack(0x000000623fb00000,0x000000623fc00000)]
  0x00000187b7a01800 JavaThread "File lock request listener" [_thread_in_native, id=25704, stack(0x000000623fc00000,0x000000623fd00000)]
  0x00000187b79fc800 JavaThread "Cache worker for journal cache (C:\Users\coding\.gradle\caches\journal-1)" [_thread_blocked, id=20240, stack(0x0000006240300000,0x0000006240400000)]
  0x00000187b7a03000 JavaThread "Cache worker for file hash cache (C:\Users\coding\AndroidStudioProjects\BOI_repentance_guide\.gradle\7.0.2\fileHashes)" [_thread_blocked, id=30236, stack(0x0000006240400000,0x0000006240500000)]
  0x00000187b87f4000 JavaThread "File watcher server" daemon [_thread_in_native, id=24000, stack(0x0000006240500000,0x0000006240600000)]
  0x00000187b87ee800 JavaThread "File watcher consumer" daemon [_thread_blocked, id=27624, stack(0x0000006240600000,0x0000006240700000)]
  0x00000187b87f3000 JavaThread "Cache worker for checksums cache (C:\Users\coding\AndroidStudioProjects\BOI_repentance_guide\.gradle\checksums)" [_thread_blocked, id=10956, stack(0x0000006240700000,0x0000006240800000)]
  0x00000187b87f0800 JavaThread "Cache worker for cache directory md-supplier (C:\Users\coding\.gradle\caches\7.0.2\md-supplier)" [_thread_blocked, id=30556, stack(0x0000006240800000,0x0000006240900000)]
  0x00000187b87f0000 JavaThread "Cache worker for cache directory md-rule (C:\Users\coding\.gradle\caches\7.0.2\md-rule)" [_thread_blocked, id=18256, stack(0x0000006240900000,0x0000006240a00000)]
  0x00000187b87f1800 JavaThread "C2 CompilerThread2" daemon [_thread_in_native, id=9724, stack(0x0000006240a00000,0x0000006240b00000)]
  0x00000187b87f5000 JavaThread "Cache worker for execution history cache (C:\Users\coding\.gradle\caches\7.0.2\executionHistory)" [_thread_blocked, id=21124, stack(0x0000006240b00000,0x0000006240c00000)]
  0x00000187b87f8000 JavaThread "jar transforms" [_thread_blocked, id=14840, stack(0x0000006240c00000,0x0000006240d00000)]
  0x00000187b87f9800 JavaThread "jar transforms Thread 2" [_thread_blocked, id=9540, stack(0x0000006240d00000,0x0000006240e00000)]
  0x00000187b87f6800 JavaThread "Cache worker for file content cache (C:\Users\coding\.gradle\caches\7.0.2\fileContent)" [_thread_blocked, id=13828, stack(0x0000006240e00000,0x0000006240f00000)]
  0x00000187b87fd000 JavaThread "Cache worker for dependencies-accessors (C:\Users\coding\AndroidStudioProjects\BOI_repentance_guide\.gradle\7.0.2\dependencies-accessors)" [_thread_blocked, id=23096, stack(0x0000006240f00000,0x0000006241000000)]
  0x00000187b87fc000 JavaThread "jar transforms Thread 3" [_thread_blocked, id=21424, stack(0x0000006241000000,0x0000006241100000)]
  0x00000187b916d800 JavaThread "Cache worker for Build Output Cleanup Cache (C:\Users\coding\AndroidStudioProjects\BOI_repentance_guide\.gradle\buildOutputCleanup)" [_thread_blocked, id=10316, stack(0x0000006241100000,0x0000006241200000)]
  0x00000187b9171000 JavaThread "Build operations" [_thread_blocked, id=13504, stack(0x0000006241200000,0x0000006241300000)]
  0x00000187b9172800 JavaThread "Build operations Thread 2" [_thread_blocked, id=4104, stack(0x0000006241300000,0x0000006241400000)]
  0x00000187b9172000 JavaThread "Build operations Thread 3" [_thread_blocked, id=26064, stack(0x0000006241400000,0x0000006241500000)]
  0x00000187b916f800 JavaThread "Build operations Thread 4" [_thread_blocked, id=10012, stack(0x0000006241500000,0x0000006241600000)]
  0x00000187b9170000 JavaThread "Build operations Thread 5" [_thread_blocked, id=5176, stack(0x0000006241600000,0x0000006241700000)]
  0x00000187b9173800 JavaThread "Build operations Thread 6" [_thread_blocked, id=23500, stack(0x0000006241700000,0x0000006241800000)]
  0x00000187b9174000 JavaThread "Build operations Thread 7" [_thread_blocked, id=29356, stack(0x0000006241800000,0x0000006241900000)]
  0x00000187b916e800 JavaThread "Build operations Thread 8" [_thread_blocked, id=21796, stack(0x0000006241900000,0x0000006241a00000)]
  0x00000187b9175000 JavaThread "Build operations Thread 9" [_thread_blocked, id=10376, stack(0x0000006241a00000,0x0000006241b00000)]
  0x00000187b917b800 JavaThread "Build operations Thread 10" [_thread_blocked, id=10296, stack(0x0000006241b00000,0x0000006241c00000)]
  0x00000187b917a800 JavaThread "Build operations Thread 11" [_thread_blocked, id=7740, stack(0x0000006241c00000,0x0000006241d00000)]
  0x00000187b9176000 JavaThread "Build operations Thread 12" [_thread_blocked, id=30208, stack(0x0000006241d00000,0x0000006241e00000)]
  0x00000187b917c800 JavaThread "jar transforms Thread 4" [_thread_blocked, id=26260, stack(0x0000006241e00000,0x0000006241f00000)]
  0x00000187b9176800 JavaThread "jar transforms Thread 5" [_thread_blocked, id=29716, stack(0x0000006241f00000,0x0000006242000000)]
  0x00000187b9177800 JavaThread "jar transforms Thread 6" [_thread_blocked, id=7840, stack(0x0000006242000000,0x0000006242100000)]
  0x00000187b9178800 JavaThread "jar transforms Thread 7" [_thread_blocked, id=12404, stack(0x0000006242100000,0x0000006242200000)]
  0x00000187b9179000 JavaThread "jar transforms Thread 8" [_thread_blocked, id=26912, stack(0x0000006242200000,0x0000006242300000)]
  0x00000187b917a000 JavaThread "jar transforms Thread 9" [_thread_blocked, id=17332, stack(0x0000006242300000,0x0000006242400000)]
  0x00000187babe3000 JavaThread "jar transforms Thread 10" [_thread_blocked, id=21020, stack(0x0000006242400000,0x0000006242500000)]
  0x00000187babe3800 JavaThread "jar transforms Thread 11" [_thread_blocked, id=25036, stack(0x0000006242500000,0x0000006242600000)]
  0x00000187babe1000 JavaThread "jar transforms Thread 12" [_thread_blocked, id=26164, stack(0x0000006242600000,0x0000006242700000)]
  0x00000187babe4800 JavaThread "Memory manager" [_thread_blocked, id=16972, stack(0x0000006242700000,0x0000006242800000)]

Other Threads:
  0x00000187b4aec800 VMThread "VM Thread" [stack: 0x000000623e000000,0x000000623e100000] [id=7532]
  0x00000187b556c000 WatcherThread [stack: 0x000000623ea00000,0x000000623eb00000] [id=30032]
  0x0000018798263800 GCTaskThread "GC Thread#0" [stack: 0x000000623db00000,0x000000623dc00000] [id=24904]
  0x00000187b5ad3000 GCTaskThread "GC Thread#1" [stack: 0x000000623ec00000,0x000000623ed00000] [id=24776]
  0x00000187b5e90800 GCTaskThread "GC Thread#2" [stack: 0x000000623ed00000,0x000000623ee00000] [id=21524]
  0x00000187b5b55800 GCTaskThread "GC Thread#3" [stack: 0x000000623ee00000,0x000000623ef00000] [id=2396]
  0x00000187b61e5800 GCTaskThread "GC Thread#4" [stack: 0x000000623ef00000,0x000000623f000000] [id=19404]
  0x00000187b61e6000 GCTaskThread "GC Thread#5" [stack: 0x000000623f000000,0x000000623f100000] [id=18140]
  0x00000187b7500000 GCTaskThread "GC Thread#6" [stack: 0x000000623fd00000,0x000000623fe00000] [id=11416]
  0x00000187b65f8800 GCTaskThread "GC Thread#7" [stack: 0x000000623fe00000,0x000000623ff00000] [id=13172]
  0x00000187b7955800 GCTaskThread "GC Thread#8" [stack: 0x000000623ff00000,0x0000006240000000] [id=9800]
  0x00000187b7d77800 GCTaskThread "GC Thread#9" [stack: 0x0000006240000000,0x0000006240100000] [id=30424]
  0x0000018798298800 ConcurrentGCThread "G1 Main Marker" [stack: 0x000000623dc00000,0x000000623dd00000] [id=23908]
  0x0000018798299800 ConcurrentGCThread "G1 Conc#0" [stack: 0x000000623dd00000,0x000000623de00000] [id=22728]
  0x00000187b8060800 ConcurrentGCThread "G1 Conc#1" [stack: 0x0000006240100000,0x0000006240200000] [id=6340]
  0x00000187b7a85800 ConcurrentGCThread "G1 Conc#2" [stack: 0x0000006240200000,0x0000006240300000] [id=23116]
  0x000001879832e000 ConcurrentGCThread "G1 Refine#0" [stack: 0x000000623de00000,0x000000623df00000] [id=2456]
  0x00000187b4970800 ConcurrentGCThread "G1 Young RemSet Sampling" [stack: 0x000000623df00000,0x000000623e000000] [id=26716]

Threads with active compile tasks:
C2 CompilerThread1   5919 6406   !   4       java.util.concurrent.ConcurrentHashMap::computeIfAbsent (576 bytes)
C2 CompilerThread2   5919 6413   !   4       java.util.zip.ZipFile::getInputStream (323 bytes)

VM state:not at safepoint (normal execution)

VM Mutex/Monitor currently owned by a thread: None

Heap address: 0x0000000080000000, size: 2048 MB, Compressed Oops mode: 32-bit
Narrow klass base: 0x0000000000000000, Narrow klass shift: 3
Compressed class space size: 1073741824 Address: 0x0000000100000000

Heap:
 garbage-first heap   total 262144K, used 173033K [0x0000000080000000, 0x0000000100000000)
  region size 1024K, 145 young (148480K), 19 survivors (19456K)
 Metaspace       used 69096K, capacity 70764K, committed 70988K, reserved 1110016K
  class space    used 8867K, capacity 9464K, committed 9548K, reserved 1048576K
Heap Regions: E=young(eden), S=young(survivor), O=old, HS=humongous(starts), HC=humongous(continues), CS=collection set, F=free, A=archive, TAMS=top-at-mark-start (previous, next)
|   0|0x0000000080000000, 0x0000000080100000, 0x0000000080100000|100%| O|  |TAMS 0x0000000080100000, 0x0000000080000000| Untracked 
|   1|0x0000000080100000, 0x0000000080200000, 0x0000000080200000|100%| O|  |TAMS 0x0000000080200000, 0x0000000080100000| Untracked 
|   2|0x0000000080200000, 0x0000000080300000, 0x0000000080300000|100%| O|  |TAMS 0x0000000080300000, 0x0000000080200000| Untracked 
|   3|0x0000000080300000, 0x0000000080400000, 0x0000000080400000|100%|HS|  |TAMS 0x0000000080400000, 0x0000000080300000| Complete 
|   4|0x0000000080400000, 0x0000000080500000, 0x0000000080500000|100%|HC|  |TAMS 0x0000000080500000, 0x0000000080400000| Complete 
|   5|0x0000000080500000, 0x0000000080600000, 0x0000000080600000|100%|HC|  |TAMS 0x0000000080600000, 0x0000000080500000| Complete 
|   6|0x0000000080600000, 0x0000000080700000, 0x0000000080700000|100%| O|  |TAMS 0x0000000080700000, 0x0000000080600000| Untracked 
|   7|0x0000000080700000, 0x0000000080800000, 0x0000000080800000|100%| O|  |TAMS 0x0000000080800000, 0x0000000080700000| Untracked 
|   8|0x0000000080800000, 0x0000000080900000, 0x0000000080900000|100%| O|  |TAMS 0x0000000080900000, 0x0000000080800000| Untracked 
|   9|0x0000000080900000, 0x0000000080a00000, 0x0000000080a00000|100%| O|  |TAMS 0x0000000080a00000, 0x0000000080900000| Untracked 
|  10|0x0000000080a00000, 0x0000000080b00000, 0x0000000080b00000|100%| O|  |TAMS 0x0000000080b00000, 0x0000000080a00000| Untracked 
|  11|0x0000000080b00000, 0x0000000080c00000, 0x0000000080c00000|100%| O|  |TAMS 0x0000000080c00000, 0x0000000080b00000| Untracked 
|  12|0x0000000080c00000, 0x0000000080d00000, 0x0000000080d00000|100%| O|  |TAMS 0x0000000080d00000, 0x0000000080c00000| Untracked 
|  13|0x0000000080d00000, 0x0000000080e00000, 0x0000000080e00000|100%| O|  |TAMS 0x0000000080e00000, 0x0000000080d00000| Untracked 
|  14|0x0000000080e00000, 0x0000000080f00000, 0x0000000080f00000|100%| O|  |TAMS 0x0000000080f00000, 0x0000000080e00000| Untracked 
|  15|0x0000000080f00000, 0x0000000081000000, 0x0000000081000000|100%| O|  |TAMS 0x0000000081000000, 0x0000000080f00000| Untracked 
|  16|0x0000000081000000, 0x0000000081100000, 0x0000000081100000|100%|HS|  |TAMS 0x0000000081100000, 0x0000000081000000| Complete 
|  17|0x0000000081100000, 0x0000000081200000, 0x0000000081200000|100%|HS|  |TAMS 0x0000000081200000, 0x0000000081100000| Complete 
|  18|0x0000000081200000, 0x0000000081300000, 0x0000000081300000|100%|HS|  |TAMS 0x0000000081300000, 0x0000000081200000| Complete 
|  19|0x0000000081300000, 0x0000000081400000, 0x0000000081400000|100%|HC|  |TAMS 0x0000000081400000, 0x0000000081300000| Complete 
|  20|0x0000000081400000, 0x0000000081500000, 0x0000000081500000|100%| O|  |TAMS 0x0000000081500000, 0x0000000081400000| Untracked 
|  21|0x0000000081500000, 0x0000000081600000, 0x0000000081600000|100%| O|  |TAMS 0x0000000081600000, 0x0000000081500000| Untracked 
|  22|0x0000000081600000, 0x0000000081700000, 0x0000000081700000|100%| O|  |TAMS 0x0000000081700000, 0x0000000081600000| Untracked 
|  23|0x0000000081700000, 0x0000000081800000, 0x0000000081800000|100%| O|  |TAMS 0x0000000081800000, 0x0000000081700000| Untracked 
|  24|0x0000000081800000, 0x00000000818fa600, 0x0000000081900000| 97%| O|  |TAMS 0x00000000818fa600, 0x0000000081800000| Untracked 
|  25|0x0000000081900000, 0x0000000081a00000, 0x0000000081a00000|100%|HS|  |TAMS 0x0000000081900000, 0x0000000081900000| Complete 
|  26|0x0000000081a00000, 0x0000000081a00000, 0x0000000081b00000|  0%| F|  |TAMS 0x0000000081a00000, 0x0000000081a00000| Untracked 
|  27|0x0000000081b00000, 0x0000000081b00000, 0x0000000081c00000|  0%| F|  |TAMS 0x0000000081b00000, 0x0000000081b00000| Untracked 
|  28|0x0000000081c00000, 0x0000000081c00000, 0x0000000081d00000|  0%| F|  |TAMS 0x0000000081c00000, 0x0000000081c00000| Untracked 
|  29|0x0000000081d00000, 0x0000000081d00000, 0x0000000081e00000|  0%| F|  |TAMS 0x0000000081d00000, 0x0000000081d00000| Untracked 
|  30|0x0000000081e00000, 0x0000000081e00000, 0x0000000081f00000|  0%| F|  |TAMS 0x0000000081e00000, 0x0000000081e00000| Untracked 
|  31|0x0000000081f00000, 0x0000000081f00000, 0x0000000082000000|  0%| F|  |TAMS 0x0000000081f00000, 0x0000000081f00000| Untracked 
|  32|0x0000000082000000, 0x0000000082000000, 0x0000000082100000|  0%| F|  |TAMS 0x0000000082000000, 0x0000000082000000| Untracked 
|  33|0x0000000082100000, 0x0000000082100000, 0x0000000082200000|  0%| F|  |TAMS 0x0000000082100000, 0x0000000082100000| Untracked 
|  34|0x0000000082200000, 0x0000000082200000, 0x0000000082300000|  0%| F|  |TAMS 0x0000000082200000, 0x0000000082200000| Untracked 
|  35|0x0000000082300000, 0x0000000082300000, 0x0000000082400000|  0%| F|  |TAMS 0x0000000082300000, 0x0000000082300000| Untracked 
|  36|0x0000000082400000, 0x0000000082400000, 0x0000000082500000|  0%| F|  |TAMS 0x0000000082400000, 0x0000000082400000| Untracked 
|  37|0x0000000082500000, 0x0000000082500000, 0x0000000082600000|  0%| F|  |TAMS 0x0000000082500000, 0x0000000082500000| Untracked 
|  38|0x0000000082600000, 0x0000000082600000, 0x0000000082700000|  0%| F|  |TAMS 0x0000000082600000, 0x0000000082600000| Untracked 
|  39|0x0000000082700000, 0x0000000082700000, 0x0000000082800000|  0%| F|  |TAMS 0x0000000082700000, 0x0000000082700000| Untracked 
|  40|0x0000000082800000, 0x0000000082800000, 0x0000000082900000|  0%| F|  |TAMS 0x0000000082800000, 0x0000000082800000| Untracked 
|  41|0x0000000082900000, 0x0000000082900000, 0x0000000082a00000|  0%| F|  |TAMS 0x0000000082900000, 0x0000000082900000| Untracked 
|  42|0x0000000082a00000, 0x0000000082a00000, 0x0000000082b00000|  0%| F|  |TAMS 0x0000000082a00000, 0x0000000082a00000| Untracked 
|  43|0x0000000082b00000, 0x0000000082b00000, 0x0000000082c00000|  0%| F|  |TAMS 0x0000000082b00000, 0x0000000082b00000| Untracked 
|  44|0x0000000082c00000, 0x0000000082c00000, 0x0000000082d00000|  0%| F|  |TAMS 0x0000000082c00000, 0x0000000082c00000| Untracked 
|  45|0x0000000082d00000, 0x0000000082d00000, 0x0000000082e00000|  0%| F|  |TAMS 0x0000000082d00000, 0x0000000082d00000| Untracked 
|  46|0x0000000082e00000, 0x0000000082e00000, 0x0000000082f00000|  0%| F|  |TAMS 0x0000000082e00000, 0x0000000082e00000| Untracked 
|  47|0x0000000082f00000, 0x0000000082f00000, 0x0000000083000000|  0%| F|  |TAMS 0x0000000082f00000, 0x0000000082f00000| Untracked 
|  48|0x0000000083000000, 0x0000000083000000, 0x0000000083100000|  0%| F|  |TAMS 0x0000000083000000, 0x0000000083000000| Untracked 
|  49|0x0000000083100000, 0x0000000083100000, 0x0000000083200000|  0%| F|  |TAMS 0x0000000083100000, 0x0000000083100000| Untracked 
|  50|0x0000000083200000, 0x0000000083200000, 0x0000000083300000|  0%| F|  |TAMS 0x0000000083200000, 0x0000000083200000| Untracked 
|  51|0x0000000083300000, 0x0000000083300000, 0x0000000083400000|  0%| F|  |TAMS 0x0000000083300000, 0x0000000083300000| Untracked 
|  52|0x0000000083400000, 0x0000000083400000, 0x0000000083500000|  0%| F|  |TAMS 0x0000000083400000, 0x0000000083400000| Untracked 
|  53|0x0000000083500000, 0x0000000083500000, 0x0000000083600000|  0%| F|  |TAMS 0x0000000083500000, 0x0000000083500000| Untracked 
|  54|0x0000000083600000, 0x0000000083600000, 0x0000000083700000|  0%| F|  |TAMS 0x0000000083600000, 0x0000000083600000| Untracked 
|  55|0x0000000083700000, 0x0000000083700000, 0x0000000083800000|  0%| F|  |TAMS 0x0000000083700000, 0x0000000083700000| Untracked 
|  56|0x0000000083800000, 0x0000000083800000, 0x0000000083900000|  0%| F|  |TAMS 0x0000000083800000, 0x0000000083800000| Untracked 
|  57|0x0000000083900000, 0x0000000083900000, 0x0000000083a00000|  0%| F|  |TAMS 0x0000000083900000, 0x0000000083900000| Untracked 
|  58|0x0000000083a00000, 0x0000000083a00000, 0x0000000083b00000|  0%| F|  |TAMS 0x0000000083a00000, 0x0000000083a00000| Untracked 
|  59|0x0000000083b00000, 0x0000000083b00000, 0x0000000083c00000|  0%| F|  |TAMS 0x0000000083b00000, 0x0000000083b00000| Untracked 
|  60|0x0000000083c00000, 0x0000000083c00000, 0x0000000083d00000|  0%| F|  |TAMS 0x0000000083c00000, 0x0000000083c00000| Untracked 
|  61|0x0000000083d00000, 0x0000000083d00000, 0x0000000083e00000|  0%| F|  |TAMS 0x0000000083d00000, 0x0000000083d00000| Untracked 
|  62|0x0000000083e00000, 0x0000000083e00000, 0x0000000083f00000|  0%| F|  |TAMS 0x0000000083e00000, 0x0000000083e00000| Untracked 
|  63|0x0000000083f00000, 0x0000000083f00000, 0x0000000084000000|  0%| F|  |TAMS 0x0000000083f00000, 0x0000000083f00000| Untracked 
|  64|0x0000000084000000, 0x0000000084000000, 0x0000000084100000|  0%| F|  |TAMS 0x0000000084000000, 0x0000000084000000| Untracked 
|  65|0x0000000084100000, 0x0000000084100000, 0x0000000084200000|  0%| F|  |TAMS 0x0000000084100000, 0x0000000084100000| Untracked 
|  66|0x0000000084200000, 0x0000000084200000, 0x0000000084300000|  0%| F|  |TAMS 0x0000000084200000, 0x0000000084200000| Untracked 
|  67|0x0000000084300000, 0x0000000084300000, 0x0000000084400000|  0%| F|  |TAMS 0x0000000084300000, 0x0000000084300000| Untracked 
|  68|0x0000000084400000, 0x0000000084400000, 0x0000000084500000|  0%| F|  |TAMS 0x0000000084400000, 0x0000000084400000| Untracked 
|  69|0x0000000084500000, 0x0000000084500000, 0x0000000084600000|  0%| F|  |TAMS 0x0000000084500000, 0x0000000084500000| Untracked 
|  70|0x0000000084600000, 0x0000000084600000, 0x0000000084700000|  0%| F|  |TAMS 0x0000000084600000, 0x0000000084600000| Untracked 
|  71|0x0000000084700000, 0x0000000084700000, 0x0000000084800000|  0%| F|  |TAMS 0x0000000084700000, 0x0000000084700000| Untracked 
|  72|0x0000000084800000, 0x0000000084800000, 0x0000000084900000|  0%| F|  |TAMS 0x0000000084800000, 0x0000000084800000| Untracked 
|  73|0x0000000084900000, 0x0000000084900000, 0x0000000084a00000|  0%| F|  |TAMS 0x0000000084900000, 0x0000000084900000| Untracked 
|  74|0x0000000084a00000, 0x0000000084a00000, 0x0000000084b00000|  0%| F|  |TAMS 0x0000000084a00000, 0x0000000084a00000| Untracked 
|  75|0x0000000084b00000, 0x0000000084b00000, 0x0000000084c00000|  0%| F|  |TAMS 0x0000000084b00000, 0x0000000084b00000| Untracked 
|  76|0x0000000084c00000, 0x0000000084c00000, 0x0000000084d00000|  0%| F|  |TAMS 0x0000000084c00000, 0x0000000084c00000| Untracked 
|  77|0x0000000084d00000, 0x0000000084d00000, 0x0000000084e00000|  0%| F|  |TAMS 0x0000000084d00000, 0x0000000084d00000| Untracked 
|  78|0x0000000084e00000, 0x0000000084e00000, 0x0000000084f00000|  0%| F|  |TAMS 0x0000000084e00000, 0x0000000084e00000| Untracked 
|  79|0x0000000084f00000, 0x0000000084f00000, 0x0000000085000000|  0%| F|  |TAMS 0x0000000084f00000, 0x0000000084f00000| Untracked 
|  80|0x0000000085000000, 0x0000000085000000, 0x0000000085100000|  0%| F|  |TAMS 0x0000000085000000, 0x0000000085000000| Untracked 
|  81|0x0000000085100000, 0x0000000085100000, 0x0000000085200000|  0%| F|  |TAMS 0x0000000085100000, 0x0000000085100000| Untracked 
|  82|0x0000000085200000, 0x0000000085200000, 0x0000000085300000|  0%| F|  |TAMS 0x0000000085200000, 0x0000000085200000| Untracked 
|  83|0x0000000085300000, 0x0000000085300000, 0x0000000085400000|  0%| F|  |TAMS 0x0000000085300000, 0x0000000085300000| Untracked 
|  84|0x0000000085400000, 0x0000000085400000, 0x0000000085500000|  0%| F|  |TAMS 0x0000000085400000, 0x0000000085400000| Untracked 
|  85|0x0000000085500000, 0x0000000085500000, 0x0000000085600000|  0%| F|  |TAMS 0x0000000085500000, 0x0000000085500000| Untracked 
|  86|0x0000000085600000, 0x0000000085600000, 0x0000000085700000|  0%| F|  |TAMS 0x0000000085600000, 0x0000000085600000| Untracked 
|  87|0x0000000085700000, 0x0000000085700000, 0x0000000085800000|  0%| F|  |TAMS 0x0000000085700000, 0x0000000085700000| Untracked 
|  88|0x0000000085800000, 0x0000000085900000, 0x0000000085900000|100%| S|CS|TAMS 0x0000000085800000, 0x0000000085800000| Complete 
|  89|0x0000000085900000, 0x0000000085a00000, 0x0000000085a00000|100%| S|CS|TAMS 0x0000000085900000, 0x0000000085900000| Complete 
|  90|0x0000000085a00000, 0x0000000085b00000, 0x0000000085b00000|100%| S|CS|TAMS 0x0000000085a00000, 0x0000000085a00000| Complete 
|  91|0x0000000085b00000, 0x0000000085c00000, 0x0000000085c00000|100%| S|CS|TAMS 0x0000000085b00000, 0x0000000085b00000| Complete 
|  92|0x0000000085c00000, 0x0000000085d00000, 0x0000000085d00000|100%| S|CS|TAMS 0x0000000085c00000, 0x0000000085c00000| Complete 
|  93|0x0000000085d00000, 0x0000000085e00000, 0x0000000085e00000|100%| S|CS|TAMS 0x0000000085d00000, 0x0000000085d00000| Complete 
|  94|0x0000000085e00000, 0x0000000085f00000, 0x0000000085f00000|100%| S|CS|TAMS 0x0000000085e00000, 0x0000000085e00000| Complete 
|  95|0x0000000085f00000, 0x0000000086000000, 0x0000000086000000|100%| S|CS|TAMS 0x0000000085f00000, 0x0000000085f00000| Complete 
|  96|0x0000000086000000, 0x0000000086100000, 0x0000000086100000|100%| S|CS|TAMS 0x0000000086000000, 0x0000000086000000| Complete 
|  97|0x0000000086100000, 0x0000000086200000, 0x0000000086200000|100%| S|CS|TAMS 0x0000000086100000, 0x0000000086100000| Complete 
|  98|0x0000000086200000, 0x0000000086300000, 0x0000000086300000|100%| S|CS|TAMS 0x0000000086200000, 0x0000000086200000| Complete 
|  99|0x0000000086300000, 0x0000000086400000, 0x0000000086400000|100%| S|CS|TAMS 0x0000000086300000, 0x0000000086300000| Complete 
| 100|0x0000000086400000, 0x0000000086500000, 0x0000000086500000|100%| S|CS|TAMS 0x0000000086400000, 0x0000000086400000| Complete 
| 101|0x0000000086500000, 0x0000000086600000, 0x0000000086600000|100%| S|CS|TAMS 0x0000000086500000, 0x0000000086500000| Complete 
| 102|0x0000000086600000, 0x0000000086700000, 0x0000000086700000|100%| S|CS|TAMS 0x0000000086600000, 0x0000000086600000| Complete 
| 103|0x0000000086700000, 0x0000000086800000, 0x0000000086800000|100%| S|CS|TAMS 0x0000000086700000, 0x0000000086700000| Complete 
| 104|0x0000000086800000, 0x0000000086900000, 0x0000000086900000|100%| S|CS|TAMS 0x0000000086800000, 0x0000000086800000| Complete 
| 105|0x0000000086900000, 0x0000000086a00000, 0x0000000086a00000|100%| S|CS|TAMS 0x0000000086900000, 0x0000000086900000| Complete 
| 106|0x0000000086a00000, 0x0000000086b00000, 0x0000000086b00000|100%| S|CS|TAMS 0x0000000086a00000, 0x0000000086a00000| Complete 
| 107|0x0000000086b00000, 0x0000000086b00000, 0x0000000086c00000|  0%| F|  |TAMS 0x0000000086b00000, 0x0000000086b00000| Untracked 
| 108|0x0000000086c00000, 0x0000000086c00000, 0x0000000086d00000|  0%| F|  |TAMS 0x0000000086c00000, 0x0000000086c00000| Untracked 
| 109|0x0000000086d00000, 0x0000000086d00000, 0x0000000086e00000|  0%| F|  |TAMS 0x0000000086d00000, 0x0000000086d00000| Untracked 
| 110|0x0000000086e00000, 0x0000000086e00000, 0x0000000086f00000|  0%| F|  |TAMS 0x0000000086e00000, 0x0000000086e00000| Untracked 
| 111|0x0000000086f00000, 0x0000000086f00000, 0x0000000087000000|  0%| F|  |TAMS 0x0000000086f00000, 0x0000000086f00000| Untracked 
| 112|0x0000000087000000, 0x0000000087000000, 0x0000000087100000|  0%| F|  |TAMS 0x0000000087000000, 0x0000000087000000| Untracked 
| 113|0x0000000087100000, 0x0000000087100000, 0x0000000087200000|  0%| F|  |TAMS 0x0000000087100000, 0x0000000087100000| Untracked 
| 114|0x0000000087200000, 0x0000000087200000, 0x0000000087300000|  0%| F|  |TAMS 0x0000000087200000, 0x0000000087200000| Untracked 
| 115|0x0000000087300000, 0x0000000087300000, 0x0000000087400000|  0%| F|  |TAMS 0x0000000087300000, 0x0000000087300000| Untracked 
| 116|0x0000000087400000, 0x0000000087400000, 0x0000000087500000|  0%| F|  |TAMS 0x0000000087400000, 0x0000000087400000| Untracked 
| 117|0x0000000087500000, 0x0000000087500000, 0x0000000087600000|  0%| F|  |TAMS 0x0000000087500000, 0x0000000087500000| Untracked 
| 118|0x0000000087600000, 0x0000000087600000, 0x0000000087700000|  0%| F|  |TAMS 0x0000000087600000, 0x0000000087600000| Untracked 
| 119|0x0000000087700000, 0x0000000087700000, 0x0000000087800000|  0%| F|  |TAMS 0x0000000087700000, 0x0000000087700000| Untracked 
| 120|0x0000000087800000, 0x0000000087800000, 0x0000000087900000|  0%| F|  |TAMS 0x0000000087800000, 0x0000000087800000| Untracked 
| 121|0x0000000087900000, 0x0000000087900000, 0x0000000087a00000|  0%| F|  |TAMS 0x0000000087900000, 0x0000000087900000| Untracked 
| 122|0x0000000087a00000, 0x0000000087a00000, 0x0000000087b00000|  0%| F|  |TAMS 0x0000000087a00000, 0x0000000087a00000| Untracked 
| 123|0x0000000087b00000, 0x0000000087b00000, 0x0000000087c00000|  0%| F|  |TAMS 0x0000000087b00000, 0x0000000087b00000| Untracked 
| 124|0x0000000087c00000, 0x0000000087c00000, 0x0000000087d00000|  0%| F|  |TAMS 0x0000000087c00000, 0x0000000087c00000| Untracked 
| 125|0x0000000087d00000, 0x0000000087d00000, 0x0000000087e00000|  0%| F|  |TAMS 0x0000000087d00000, 0x0000000087d00000| Untracked 
| 126|0x0000000087e00000, 0x0000000087e00000, 0x0000000087f00000|  0%| F|  |TAMS 0x0000000087e00000, 0x0000000087e00000| Untracked 
| 127|0x0000000087f00000, 0x0000000087f00000, 0x0000000088000000|  0%| F|  |TAMS 0x0000000087f00000, 0x0000000087f00000| Untracked 
| 128|0x0000000088000000, 0x0000000088000000, 0x0000000088100000|  0%| F|  |TAMS 0x0000000088000000, 0x0000000088000000| Untracked 
| 129|0x0000000088100000, 0x0000000088180800, 0x0000000088200000| 50%| E|  |TAMS 0x0000000088100000, 0x0000000088100000| Complete 
| 130|0x0000000088200000, 0x0000000088300000, 0x0000000088300000|100%| E|CS|TAMS 0x0000000088200000, 0x0000000088200000| Complete 
| 131|0x0000000088300000, 0x0000000088400000, 0x0000000088400000|100%| E|CS|TAMS 0x0000000088300000, 0x0000000088300000| Complete 
| 132|0x0000000088400000, 0x0000000088500000, 0x0000000088500000|100%| E|CS|TAMS 0x0000000088400000, 0x0000000088400000| Complete 
| 133|0x0000000088500000, 0x0000000088600000, 0x0000000088600000|100%| E|CS|TAMS 0x0000000088500000, 0x0000000088500000| Complete 
| 134|0x0000000088600000, 0x0000000088700000, 0x0000000088700000|100%| E|CS|TAMS 0x0000000088600000, 0x0000000088600000| Complete 
| 135|0x0000000088700000, 0x0000000088800000, 0x0000000088800000|100%| E|CS|TAMS 0x0000000088700000, 0x0000000088700000| Complete 
| 136|0x0000000088800000, 0x0000000088900000, 0x0000000088900000|100%| E|CS|TAMS 0x0000000088800000, 0x0000000088800000| Complete 
| 137|0x0000000088900000, 0x0000000088a00000, 0x0000000088a00000|100%| E|CS|TAMS 0x0000000088900000, 0x0000000088900000| Complete 
| 138|0x0000000088a00000, 0x0000000088b00000, 0x0000000088b00000|100%| E|CS|TAMS 0x0000000088a00000, 0x0000000088a00000| Complete 
| 139|0x0000000088b00000, 0x0000000088c00000, 0x0000000088c00000|100%| E|CS|TAMS 0x0000000088b00000, 0x0000000088b00000| Complete 
| 140|0x0000000088c00000, 0x0000000088d00000, 0x0000000088d00000|100%| E|CS|TAMS 0x0000000088c00000, 0x0000000088c00000| Complete 
| 141|0x0000000088d00000, 0x0000000088e00000, 0x0000000088e00000|100%| E|CS|TAMS 0x0000000088d00000, 0x0000000088d00000| Complete 
| 142|0x0000000088e00000, 0x0000000088f00000, 0x0000000088f00000|100%| E|CS|TAMS 0x0000000088e00000, 0x0000000088e00000| Complete 
| 143|0x0000000088f00000, 0x0000000089000000, 0x0000000089000000|100%| E|CS|TAMS 0x0000000088f00000, 0x0000000088f00000| Complete 
| 144|0x0000000089000000, 0x0000000089100000, 0x0000000089100000|100%| E|CS|TAMS 0x0000000089000000, 0x0000000089000000| Complete 
| 145|0x0000000089100000, 0x0000000089200000, 0x0000000089200000|100%| E|CS|TAMS 0x0000000089100000, 0x0000000089100000| Complete 
| 146|0x0000000089200000, 0x0000000089300000, 0x0000000089300000|100%| E|CS|TAMS 0x0000000089200000, 0x0000000089200000| Complete 
| 147|0x0000000089300000, 0x0000000089400000, 0x0000000089400000|100%| E|CS|TAMS 0x0000000089300000, 0x0000000089300000| Complete 
| 148|0x0000000089400000, 0x0000000089500000, 0x0000000089500000|100%| E|CS|TAMS 0x0000000089400000, 0x0000000089400000| Complete 
| 149|0x0000000089500000, 0x0000000089600000, 0x0000000089600000|100%| E|CS|TAMS 0x0000000089500000, 0x0000000089500000| Complete 
| 150|0x0000000089600000, 0x0000000089700000, 0x0000000089700000|100%| E|CS|TAMS 0x0000000089600000, 0x0000000089600000| Complete 
| 151|0x0000000089700000, 0x0000000089800000, 0x0000000089800000|100%| E|CS|TAMS 0x0000000089700000, 0x0000000089700000| Complete 
| 152|0x0000000089800000, 0x0000000089900000, 0x0000000089900000|100%| E|CS|TAMS 0x0000000089800000, 0x0000000089800000| Complete 
| 153|0x0000000089900000, 0x0000000089a00000, 0x0000000089a00000|100%| E|CS|TAMS 0x0000000089900000, 0x0000000089900000| Complete 
| 154|0x0000000089a00000, 0x0000000089b00000, 0x0000000089b00000|100%| E|CS|TAMS 0x0000000089a00000, 0x0000000089a00000| Complete 
| 155|0x0000000089b00000, 0x0000000089c00000, 0x0000000089c00000|100%| E|CS|TAMS 0x0000000089b00000, 0x0000000089b00000| Complete 
| 156|0x0000000089c00000, 0x0000000089d00000, 0x0000000089d00000|100%| E|CS|TAMS 0x0000000089c00000, 0x0000000089c00000| Complete 
| 157|0x0000000089d00000, 0x0000000089e00000, 0x0000000089e00000|100%| E|CS|TAMS 0x0000000089d00000, 0x0000000089d00000| Complete 
| 158|0x0000000089e00000, 0x0000000089f00000, 0x0000000089f00000|100%| E|CS|TAMS 0x0000000089e00000, 0x0000000089e00000| Complete 
| 159|0x0000000089f00000, 0x000000008a000000, 0x000000008a000000|100%| E|CS|TAMS 0x0000000089f00000, 0x0000000089f00000| Complete 
| 160|0x000000008a000000, 0x000000008a100000, 0x000000008a100000|100%| E|CS|TAMS 0x000000008a000000, 0x000000008a000000| Complete 
| 161|0x000000008a100000, 0x000000008a200000, 0x000000008a200000|100%| E|CS|TAMS 0x000000008a100000, 0x000000008a100000| Complete 
| 162|0x000000008a200000, 0x000000008a300000, 0x000000008a300000|100%| E|CS|TAMS 0x000000008a200000, 0x000000008a200000| Complete 
| 163|0x000000008a300000, 0x000000008a400000, 0x000000008a400000|100%| E|CS|TAMS 0x000000008a300000, 0x000000008a300000| Complete 
| 164|0x000000008a400000, 0x000000008a500000, 0x000000008a500000|100%| E|CS|TAMS 0x000000008a400000, 0x000000008a400000| Complete 
| 165|0x000000008a500000, 0x000000008a600000, 0x000000008a600000|100%| E|CS|TAMS 0x000000008a500000, 0x000000008a500000| Complete 
| 166|0x000000008a600000, 0x000000008a700000, 0x000000008a700000|100%| E|CS|TAMS 0x000000008a600000, 0x000000008a600000| Complete 
| 167|0x000000008a700000, 0x000000008a800000, 0x000000008a800000|100%| E|CS|TAMS 0x000000008a700000, 0x000000008a700000| Complete 
| 168|0x000000008a800000, 0x000000008a900000, 0x000000008a900000|100%| E|CS|TAMS 0x000000008a800000, 0x000000008a800000| Complete 
| 169|0x000000008a900000, 0x000000008aa00000, 0x000000008aa00000|100%| E|CS|TAMS 0x000000008a900000, 0x000000008a900000| Complete 
| 170|0x000000008aa00000, 0x000000008ab00000, 0x000000008ab00000|100%| E|CS|TAMS 0x000000008aa00000, 0x000000008aa00000| Complete 
| 171|0x000000008ab00000, 0x000000008ac00000, 0x000000008ac00000|100%| E|CS|TAMS 0x000000008ab00000, 0x000000008ab00000| Complete 
| 172|0x000000008ac00000, 0x000000008ad00000, 0x000000008ad00000|100%| E|CS|TAMS 0x000000008ac00000, 0x000000008ac00000| Complete 
| 173|0x000000008ad00000, 0x000000008ae00000, 0x000000008ae00000|100%| E|CS|TAMS 0x000000008ad00000, 0x000000008ad00000| Complete 
| 174|0x000000008ae00000, 0x000000008af00000, 0x000000008af00000|100%| E|CS|TAMS 0x000000008ae00000, 0x000000008ae00000| Complete 
| 175|0x000000008af00000, 0x000000008b000000, 0x000000008b000000|100%| E|CS|TAMS 0x000000008af00000, 0x000000008af00000| Complete 
| 176|0x000000008b000000, 0x000000008b100000, 0x000000008b100000|100%| E|CS|TAMS 0x000000008b000000, 0x000000008b000000| Complete 
| 177|0x000000008b100000, 0x000000008b200000, 0x000000008b200000|100%| E|CS|TAMS 0x000000008b100000, 0x000000008b100000| Complete 
| 178|0x000000008b200000, 0x000000008b300000, 0x000000008b300000|100%| E|CS|TAMS 0x000000008b200000, 0x000000008b200000| Complete 
| 179|0x000000008b300000, 0x000000008b400000, 0x000000008b400000|100%| E|CS|TAMS 0x000000008b300000, 0x000000008b300000| Complete 
| 180|0x000000008b400000, 0x000000008b500000, 0x000000008b500000|100%| E|CS|TAMS 0x000000008b400000, 0x000000008b400000| Complete 
| 181|0x000000008b500000, 0x000000008b600000, 0x000000008b600000|100%| E|CS|TAMS 0x000000008b500000, 0x000000008b500000| Complete 
| 182|0x000000008b600000, 0x000000008b700000, 0x000000008b700000|100%| E|CS|TAMS 0x000000008b600000, 0x000000008b600000| Complete 
| 183|0x000000008b700000, 0x000000008b800000, 0x000000008b800000|100%| E|CS|TAMS 0x000000008b700000, 0x000000008b700000| Complete 
| 184|0x000000008b800000, 0x000000008b900000, 0x000000008b900000|100%| E|CS|TAMS 0x000000008b800000, 0x000000008b800000| Complete 
| 185|0x000000008b900000, 0x000000008ba00000, 0x000000008ba00000|100%| E|CS|TAMS 0x000000008b900000, 0x000000008b900000| Complete 
| 186|0x000000008ba00000, 0x000000008bb00000, 0x000000008bb00000|100%| E|CS|TAMS 0x000000008ba00000, 0x000000008ba00000| Complete 
| 187|0x000000008bb00000, 0x000000008bc00000, 0x000000008bc00000|100%| E|CS|TAMS 0x000000008bb00000, 0x000000008bb00000| Complete 
| 188|0x000000008bc00000, 0x000000008bd00000, 0x000000008bd00000|100%| E|CS|TAMS 0x000000008bc00000, 0x000000008bc00000| Complete 
| 189|0x000000008bd00000, 0x000000008be00000, 0x000000008be00000|100%| E|CS|TAMS 0x000000008bd00000, 0x000000008bd00000| Complete 
| 190|0x000000008be00000, 0x000000008bf00000, 0x000000008bf00000|100%| E|CS|TAMS 0x000000008be00000, 0x000000008be00000| Complete 
| 191|0x000000008bf00000, 0x000000008c000000, 0x000000008c000000|100%| E|CS|TAMS 0x000000008bf00000, 0x000000008bf00000| Complete 
| 192|0x000000008c000000, 0x000000008c100000, 0x000000008c100000|100%| E|CS|TAMS 0x000000008c000000, 0x000000008c000000| Complete 
| 193|0x000000008c100000, 0x000000008c200000, 0x000000008c200000|100%| E|CS|TAMS 0x000000008c100000, 0x000000008c100000| Complete 
| 194|0x000000008c200000, 0x000000008c300000, 0x000000008c300000|100%| E|CS|TAMS 0x000000008c200000, 0x000000008c200000| Complete 
| 195|0x000000008c300000, 0x000000008c400000, 0x000000008c400000|100%| E|CS|TAMS 0x000000008c300000, 0x000000008c300000| Complete 
| 196|0x000000008c400000, 0x000000008c500000, 0x000000008c500000|100%| E|CS|TAMS 0x000000008c400000, 0x000000008c400000| Complete 
| 197|0x000000008c500000, 0x000000008c600000, 0x000000008c600000|100%| E|CS|TAMS 0x000000008c500000, 0x000000008c500000| Complete 
| 198|0x000000008c600000, 0x000000008c700000, 0x000000008c700000|100%| E|CS|TAMS 0x000000008c600000, 0x000000008c600000| Complete 
| 199|0x000000008c700000, 0x000000008c800000, 0x000000008c800000|100%| E|CS|TAMS 0x000000008c700000, 0x000000008c700000| Complete 
| 200|0x000000008c800000, 0x000000008c900000, 0x000000008c900000|100%| E|CS|TAMS 0x000000008c800000, 0x000000008c800000| Complete 
| 201|0x000000008c900000, 0x000000008ca00000, 0x000000008ca00000|100%| E|CS|TAMS 0x000000008c900000, 0x000000008c900000| Complete 
| 202|0x000000008ca00000, 0x000000008cb00000, 0x000000008cb00000|100%| E|CS|TAMS 0x000000008ca00000, 0x000000008ca00000| Complete 
| 203|0x000000008cb00000, 0x000000008cc00000, 0x000000008cc00000|100%| E|CS|TAMS 0x000000008cb00000, 0x000000008cb00000| Complete 
| 204|0x000000008cc00000, 0x000000008cd00000, 0x000000008cd00000|100%| E|CS|TAMS 0x000000008cc00000, 0x000000008cc00000| Complete 
| 205|0x000000008cd00000, 0x000000008ce00000, 0x000000008ce00000|100%| E|CS|TAMS 0x000000008cd00000, 0x000000008cd00000| Complete 
| 206|0x000000008ce00000, 0x000000008cf00000, 0x000000008cf00000|100%| E|CS|TAMS 0x000000008ce00000, 0x000000008ce00000| Complete 
| 207|0x000000008cf00000, 0x000000008d000000, 0x000000008d000000|100%| E|CS|TAMS 0x000000008cf00000, 0x000000008cf00000| Complete 
| 208|0x000000008d000000, 0x000000008d100000, 0x000000008d100000|100%| E|CS|TAMS 0x000000008d000000, 0x000000008d000000| Complete 
| 209|0x000000008d100000, 0x000000008d200000, 0x000000008d200000|100%| E|CS|TAMS 0x000000008d100000, 0x000000008d100000| Complete 
| 210|0x000000008d200000, 0x000000008d300000, 0x000000008d300000|100%| E|CS|TAMS 0x000000008d200000, 0x000000008d200000| Complete 
| 211|0x000000008d300000, 0x000000008d400000, 0x000000008d400000|100%| E|CS|TAMS 0x000000008d300000, 0x000000008d300000| Complete 
| 212|0x000000008d400000, 0x000000008d500000, 0x000000008d500000|100%| E|CS|TAMS 0x000000008d400000, 0x000000008d400000| Complete 
| 213|0x000000008d500000, 0x000000008d600000, 0x000000008d600000|100%| E|CS|TAMS 0x000000008d500000, 0x000000008d500000| Complete 
| 214|0x000000008d600000, 0x000000008d700000, 0x000000008d700000|100%| E|CS|TAMS 0x000000008d600000, 0x000000008d600000| Complete 
| 215|0x000000008d700000, 0x000000008d800000, 0x000000008d800000|100%| E|CS|TAMS 0x000000008d700000, 0x000000008d700000| Complete 
| 216|0x000000008d800000, 0x000000008d900000, 0x000000008d900000|100%| E|CS|TAMS 0x000000008d800000, 0x000000008d800000| Complete 
| 217|0x000000008d900000, 0x000000008da00000, 0x000000008da00000|100%| E|CS|TAMS 0x000000008d900000, 0x000000008d900000| Complete 
| 218|0x000000008da00000, 0x000000008db00000, 0x000000008db00000|100%| E|CS|TAMS 0x000000008da00000, 0x000000008da00000| Complete 
| 219|0x000000008db00000, 0x000000008dc00000, 0x000000008dc00000|100%| E|CS|TAMS 0x000000008db00000, 0x000000008db00000| Complete 
| 220|0x000000008dc00000, 0x000000008dd00000, 0x000000008dd00000|100%| E|CS|TAMS 0x000000008dc00000, 0x000000008dc00000| Complete 
| 221|0x000000008dd00000, 0x000000008de00000, 0x000000008de00000|100%| E|CS|TAMS 0x000000008dd00000, 0x000000008dd00000| Complete 
| 222|0x000000008de00000, 0x000000008df00000, 0x000000008df00000|100%| E|CS|TAMS 0x000000008de00000, 0x000000008de00000| Complete 
| 223|0x000000008df00000, 0x000000008e000000, 0x000000008e000000|100%| E|CS|TAMS 0x000000008df00000, 0x000000008df00000| Complete 
| 224|0x000000008e000000, 0x000000008e100000, 0x000000008e100000|100%| E|CS|TAMS 0x000000008e000000, 0x000000008e000000| Complete 
| 225|0x000000008e100000, 0x000000008e200000, 0x000000008e200000|100%| E|CS|TAMS 0x000000008e100000, 0x000000008e100000| Complete 
| 226|0x000000008e200000, 0x000000008e300000, 0x000000008e300000|100%| E|CS|TAMS 0x000000008e200000, 0x000000008e200000| Complete 
| 227|0x000000008e300000, 0x000000008e400000, 0x000000008e400000|100%| E|CS|TAMS 0x000000008e300000, 0x000000008e300000| Complete 
| 228|0x000000008e400000, 0x000000008e500000, 0x000000008e500000|100%| E|CS|TAMS 0x000000008e400000, 0x000000008e400000| Complete 
| 229|0x000000008e500000, 0x000000008e600000, 0x000000008e600000|100%| E|CS|TAMS 0x000000008e500000, 0x000000008e500000| Complete 
| 230|0x000000008e600000, 0x000000008e700000, 0x000000008e700000|100%| E|CS|TAMS 0x000000008e600000, 0x000000008e600000| Complete 
| 231|0x000000008e700000, 0x000000008e800000, 0x000000008e800000|100%| E|CS|TAMS 0x000000008e700000, 0x000000008e700000| Complete 
| 232|0x000000008e800000, 0x000000008e900000, 0x000000008e900000|100%| E|CS|TAMS 0x000000008e800000, 0x000000008e800000| Complete 
| 233|0x000000008e900000, 0x000000008ea00000, 0x000000008ea00000|100%| E|CS|TAMS 0x000000008e900000, 0x000000008e900000| Complete 
| 234|0x000000008ea00000, 0x000000008eb00000, 0x000000008eb00000|100%| E|CS|TAMS 0x000000008ea00000, 0x000000008ea00000| Complete 
| 235|0x000000008eb00000, 0x000000008ec00000, 0x000000008ec00000|100%| E|CS|TAMS 0x000000008eb00000, 0x000000008eb00000| Complete 
| 236|0x000000008ec00000, 0x000000008ed00000, 0x000000008ed00000|100%| E|CS|TAMS 0x000000008ec00000, 0x000000008ec00000| Complete 
| 237|0x000000008ed00000, 0x000000008ee00000, 0x000000008ee00000|100%| E|CS|TAMS 0x000000008ed00000, 0x000000008ed00000| Complete 
| 238|0x000000008ee00000, 0x000000008ef00000, 0x000000008ef00000|100%| E|CS|TAMS 0x000000008ee00000, 0x000000008ee00000| Complete 
| 239|0x000000008ef00000, 0x000000008f000000, 0x000000008f000000|100%| E|CS|TAMS 0x000000008ef00000, 0x000000008ef00000| Complete 
| 240|0x000000008f000000, 0x000000008f100000, 0x000000008f100000|100%| E|CS|TAMS 0x000000008f000000, 0x000000008f000000| Complete 
| 241|0x000000008f100000, 0x000000008f200000, 0x000000008f200000|100%| E|CS|TAMS 0x000000008f100000, 0x000000008f100000| Complete 
| 242|0x000000008f200000, 0x000000008f300000, 0x000000008f300000|100%| E|CS|TAMS 0x000000008f200000, 0x000000008f200000| Complete 
| 243|0x000000008f300000, 0x000000008f400000, 0x000000008f400000|100%| E|CS|TAMS 0x000000008f300000, 0x000000008f300000| Complete 
| 244|0x000000008f400000, 0x000000008f500000, 0x000000008f500000|100%| E|CS|TAMS 0x000000008f400000, 0x000000008f400000| Complete 
| 245|0x000000008f500000, 0x000000008f600000, 0x000000008f600000|100%| E|CS|TAMS 0x000000008f500000, 0x000000008f500000| Complete 
| 246|0x000000008f600000, 0x000000008f700000, 0x000000008f700000|100%| E|CS|TAMS 0x000000008f600000, 0x000000008f600000| Complete 
| 247|0x000000008f700000, 0x000000008f800000, 0x000000008f800000|100%| E|  |TAMS 0x000000008f700000, 0x000000008f700000| Complete 
| 248|0x000000008f800000, 0x000000008f900000, 0x000000008f900000|100%| E|CS|TAMS 0x000000008f800000, 0x000000008f800000| Complete 
| 249|0x000000008f900000, 0x000000008fa00000, 0x000000008fa00000|100%| E|CS|TAMS 0x000000008f900000, 0x000000008f900000| Complete 
| 250|0x000000008fa00000, 0x000000008fb00000, 0x000000008fb00000|100%| E|CS|TAMS 0x000000008fa00000, 0x000000008fa00000| Complete 
| 251|0x000000008fb00000, 0x000000008fc00000, 0x000000008fc00000|100%| E|CS|TAMS 0x000000008fb00000, 0x000000008fb00000| Complete 
| 252|0x000000008fc00000, 0x000000008fd00000, 0x000000008fd00000|100%| E|CS|TAMS 0x000000008fc00000, 0x000000008fc00000| Complete 
| 253|0x000000008fd00000, 0x000000008fe00000, 0x000000008fe00000|100%| E|CS|TAMS 0x000000008fd00000, 0x000000008fd00000| Complete 
| 254|0x000000008fe00000, 0x000000008ff00000, 0x000000008ff00000|100%| E|CS|TAMS 0x000000008fe00000, 0x000000008fe00000| Complete 
| 255|0x000000008ff00000, 0x0000000090000000, 0x0000000090000000|100%| E|CS|TAMS 0x000000008ff00000, 0x000000008ff00000| Complete 

Card table byte_map: [0x00000187ad5b0000,0x00000187ad9b0000] _byte_map_base: 0x00000187ad1b0000

Marking Bits (Prev, Next): (CMBitMap*) 0x000001879828f9a0, (CMBitMap*) 0x000001879828f968
 Prev Bits: [0x00000187afdb0000, 0x00000187b1db0000)
 Next Bits: [0x00000187addb0000, 0x00000187afdb0000)

Polling page: 0x0000018798330000

Metaspace:

Usage:
  Non-class:     60.05 MB capacity,    59.01 MB ( 98%) used,   889.23 KB (  1%) free+waste,   172.38 KB ( <1%) overhead. 
      Class:      9.27 MB capacity,     8.69 MB ( 94%) used,   518.80 KB (  5%) free+waste,    80.31 KB ( <1%) overhead. 
       Both:     69.32 MB capacity,    67.70 MB ( 98%) used,     1.38 MB (  2%) free+waste,   252.69 KB ( <1%) overhead. 

Virtual space:
  Non-class space:       62.00 MB reserved,      60.25 MB ( 97%) committed 
      Class space:        1.00 GB reserved,       9.32 MB ( <1%) committed 
             Both:        1.06 GB reserved,      69.57 MB (  6%) committed 

Chunk freelists:
   Non-Class:  12.00 KB
       Class:  8.00 KB
        Both:  20.00 KB

MaxMetaspaceSize: 17179869184.00 GB
CompressedClassSpaceSize: 1.00 GB

CodeHeap 'non-profiled nmethods': size=120000Kb used=4142Kb max_used=4142Kb free=115857Kb
 bounds [0x00000187a4ff0000, 0x00000187a5400000, 0x00000187ac520000]
CodeHeap 'profiled nmethods': size=120000Kb used=13365Kb max_used=13365Kb free=106634Kb
 bounds [0x000001879dac0000, 0x000001879e7d0000, 0x00000187a4ff0000]
CodeHeap 'non-nmethods': size=5760Kb used=2277Kb max_used=2373Kb free=3482Kb
 bounds [0x000001879d520000, 0x000001879d790000, 0x000001879dac0000]
 total_blobs=7265 nmethods=6392 adapters=784
 compilation: enabled
              stopped_count=0, restarted_count=0
 full_count=0

Compilation events (20 events):
Event: 5.817 Thread 0x00000187b53b3800 nmethod 6399 0x000001879e7c6510 code [0x000001879e7c67c0, 0x000001879e7c7688]
Event: 5.821 Thread 0x00000187b53b3800 6400       3       jdk.internal.ref.PhantomCleanable::clear (12 bytes)
Event: 5.822 Thread 0x00000187b53b3800 nmethod 6400 0x000001879e7c7c90 code [0x000001879e7c7e60, 0x000001879e7c8068]
Event: 5.822 Thread 0x00000187b87f1800 6401       4       kotlin.jvm.internal.Intrinsics::checkExpressionValueIsNotNull (38 bytes)
Event: 5.822 Thread 0x00000187b87f1800 nmethod 6401 0x00000187a53f1d10 code [0x00000187a53f1ea0, 0x00000187a53f1ef8]
Event: 5.822 Thread 0x00000187b53b3800 6402  s!   3       java.io.FileDescriptor::closeAll (163 bytes)
Event: 5.823 Thread 0x00000187b53b3800 nmethod 6402 0x000001879e7c8110 code [0x000001879e7c83a0, 0x000001879e7c92a8]
Event: 5.824 Thread 0x00000187b53b3800 6403       3       jdk.internal.module.IllegalAccessLogger::logIfExportedForIllegalAccess (61 bytes)
Event: 5.824 Thread 0x00000187b53b3800 nmethod 6403 0x000001879e7c9910 code [0x000001879e7c9b80, 0x000001879e7ca548]
Event: 5.835 Thread 0x00000187b53aa000 6404       4       org.gradle.internal.util.Trie::find (135 bytes)
Event: 5.839 Thread 0x00000187b53aa000 nmethod 6404 0x00000187a53f1f90 code [0x00000187a53f2140, 0x00000187a53f23f8]
Event: 5.850 Thread 0x00000187b53b3800 6405       3       java.util.jar.JarFile$JarFileEntry::getRealName (5 bytes)
Event: 5.850 Thread 0x00000187b53b3800 nmethod 6405 0x000001879e7ca910 code [0x000001879e7caac0, 0x000001879e7cabd8]
Event: 5.868 Thread 0x00000187b53b6000 6406   !   4       java.util.concurrent.ConcurrentHashMap::computeIfAbsent (576 bytes)
Event: 5.873 Thread 0x00000187b53b3800 6407       3       java.util.jar.JarFile::getVersionedEntry (85 bytes)
Event: 5.873 Thread 0x00000187b53b3800 nmethod 6407 0x000001879e7cac90 code [0x000001879e7caf80, 0x000001879e7cbf88]
Event: 5.875 Thread 0x00000187b87f1800 6408       4       java.net.URLClassLoader::getAndVerifyPackage (109 bytes)
Event: 5.881 Thread 0x00000187b53b3800 6409       3       kotlin.reflect.jvm.internal.pcollections.IntTree::get (60 bytes)
Event: 5.881 Thread 0x00000187b53b3800 nmethod 6409 0x000001879e7cc590 code [0x000001879e7cc760, 0x000001879e7cc9d8]
Event: 5.885 Thread 0x00000187b53aa000 6410       4       java.util.jar.JarFile::maybeInstantiateVerifier (112 bytes)

GC Heap History (12 events):
Event: 0.524 GC heap before
{Heap before GC invocations=0 (full 0):
 garbage-first heap   total 262144K, used 29696K [0x0000000080000000, 0x0000000100000000)
  region size 1024K, 24 young (24576K), 0 survivors (0K)
 Metaspace       used 10151K, capacity 10403K, committed 10624K, reserved 1058816K
  class space    used 1060K, capacity 1106K, committed 1152K, reserved 1048576K
}
Event: 0.528 GC heap after
{Heap after GC invocations=1 (full 0):
 garbage-first heap   total 262144K, used 9393K [0x0000000080000000, 0x0000000100000000)
  region size 1024K, 3 young (3072K), 3 survivors (3072K)
 Metaspace       used 10151K, capacity 10403K, committed 10624K, reserved 1058816K
  class space    used 1060K, capacity 1106K, committed 1152K, reserved 1048576K
}
Event: 1.794 GC heap before
{Heap before GC invocations=1 (full 0):
 garbage-first heap   total 262144K, used 105649K [0x0000000080000000, 0x0000000100000000)
  region size 1024K, 98 young (100352K), 3 survivors (3072K)
 Metaspace       used 20564K, capacity 21104K, committed 21248K, reserved 1067008K
  class space    used 2506K, capacity 2690K, committed 2816K, reserved 1048576K
}
Event: 1.801 GC heap after
{Heap after GC invocations=2 (full 0):
 garbage-first heap   total 262144K, used 16958K [0x0000000080000000, 0x0000000100000000)
  region size 1024K, 11 young (11264K), 11 survivors (11264K)
 Metaspace       used 20564K, capacity 21104K, committed 21248K, reserved 1067008K
  class space    used 2506K, capacity 2690K, committed 2816K, reserved 1048576K
}
Event: 1.998 GC heap before
{Heap before GC invocations=3 (full 0):
 garbage-first heap   total 262144K, used 44606K [0x0000000080000000, 0x0000000100000000)
  region size 1024K, 38 young (38912K), 11 survivors (11264K)
 Metaspace       used 23385K, capacity 24030K, committed 24192K, reserved 1071104K
  class space    used 2968K, capacity 3158K, committed 3200K, reserved 1048576K
}
Event: 2.004 GC heap after
{Heap after GC invocations=4 (full 0):
 garbage-first heap   total 262144K, used 17607K [0x0000000080000000, 0x0000000100000000)
  region size 1024K, 2 young (2048K), 2 survivors (2048K)
 Metaspace       used 23385K, capacity 24030K, committed 24192K, reserved 1071104K
  class space    used 2968K, capacity 3158K, committed 3200K, reserved 1048576K
}
Event: 2.720 GC heap before
{Heap before GC invocations=4 (full 0):
 garbage-first heap   total 262144K, used 100551K [0x0000000080000000, 0x0000000100000000)
  region size 1024K, 85 young (87040K), 2 survivors (2048K)
 Metaspace       used 35030K, capacity 35838K, committed 35840K, reserved 1081344K
  class space    used 4540K, capacity 4864K, committed 4864K, reserved 1048576K
}
Event: 2.726 GC heap after
{Heap after GC invocations=5 (full 0):
 garbage-first heap   total 262144K, used 21811K [0x0000000080000000, 0x0000000100000000)
  region size 1024K, 6 young (6144K), 6 survivors (6144K)
 Metaspace       used 35030K, capacity 35838K, committed 35840K, reserved 1081344K
  class space    used 4540K, capacity 4864K, committed 4864K, reserved 1048576K
}
Event: 3.509 GC heap before
{Heap before GC invocations=6 (full 0):
 garbage-first heap   total 262144K, used 141619K [0x0000000080000000, 0x0000000100000000)
  region size 1024K, 120 young (122880K), 6 survivors (6144K)
 Metaspace       used 44354K, capacity 45379K, committed 45516K, reserved 1089536K
  class space    used 5689K, capacity 6074K, committed 6092K, reserved 1048576K
}
Event: 3.516 GC heap after
{Heap after GC invocations=7 (full 0):
 garbage-first heap   total 262144K, used 28575K [0x0000000080000000, 0x0000000100000000)
  region size 1024K, 12 young (12288K), 12 survivors (12288K)
 Metaspace       used 44354K, capacity 45379K, committed 45516K, reserved 1089536K
  class space    used 5689K, capacity 6074K, committed 6092K, reserved 1048576K
}
Event: 4.818 GC heap before
{Heap before GC invocations=7 (full 0):
 garbage-first heap   total 262144K, used 171935K [0x0000000080000000, 0x0000000100000000)
  region size 1024K, 149 young (152576K), 12 survivors (12288K)
 Metaspace       used 58427K, capacity 59998K, committed 60236K, reserved 1101824K
  class space    used 7424K, capacity 7982K, committed 8012K, reserved 1048576K
}
Event: 4.840 GC heap after
{Heap after GC invocations=8 (full 0):
 garbage-first heap   total 262144K, used 45033K [0x0000000080000000, 0x0000000100000000)
  region size 1024K, 19 young (19456K), 19 survivors (19456K)
 Metaspace       used 58427K, capacity 59998K, committed 60236K, reserved 1101824K
  class space    used 7424K, capacity 7982K, committed 8012K, reserved 1048576K
}

Deoptimization events (20 events):
Event: 5.402 Thread 0x00000187b7a00000 Uncommon trap: trap_request=0xffffff4d fr.pc=0x00000187a529675c relative=0x0000000000000f7c
Event: 5.402 Thread 0x00000187b7a00000 Uncommon trap: reason=unstable_if action=reinterpret pc=0x00000187a529675c method=org.codehaus.groovy.runtime.metaclass.MetaMethodIndex.isOverridden(Lgroovy/lang/MetaMethod;Lgroovy/lang/MetaMethod;)Z @ 33 c2
Event: 5.402 Thread 0x00000187b7a00000 DEOPT PACKING pc=0x00000187a529675c sp=0x000000623f7f53b0
Event: 5.402 Thread 0x00000187b7a00000 DEOPT UNPACKING pc=0x000001879d5478af sp=0x000000623f7f5308 mode 2
Event: 5.405 Thread 0x00000187b7a00000 Uncommon trap: trap_request=0xfffffff4 fr.pc=0x00000187a53aeb80 relative=0x0000000000000960
Event: 5.405 Thread 0x00000187b7a00000 Uncommon trap: reason=null_check action=make_not_entrant pc=0x00000187a53aeb80 method=com.sun.beans.introspect.MethodInfo$MethodOrder.compare(Ljava/lang/reflect/Method;Ljava/lang/reflect/Method;)I @ 133 c2
Event: 5.405 Thread 0x00000187b7a00000 DEOPT PACKING pc=0x00000187a53aeb80 sp=0x000000623f7f32f0
Event: 5.405 Thread 0x00000187b7a00000 DEOPT UNPACKING pc=0x000001879d5478af sp=0x000000623f7f3290 mode 2
Event: 5.768 Thread 0x00000187b7a00000 Uncommon trap: trap_request=0xffffff4d fr.pc=0x00000187a50d10c0 relative=0x00000000000000a0
Event: 5.768 Thread 0x00000187b7a00000 Uncommon trap: reason=unstable_if action=reinterpret pc=0x00000187a50d10c0 method=java.lang.Integer.stringSize(I)I @ 3 c2
Event: 5.768 Thread 0x00000187b7a00000 DEOPT PACKING pc=0x00000187a50d10c0 sp=0x000000623f7f9030
Event: 5.768 Thread 0x00000187b7a00000 DEOPT UNPACKING pc=0x000001879d5478af sp=0x000000623f7f8fb8 mode 2
Event: 5.803 Thread 0x00000187b7a00000 Uncommon trap: trap_request=0xffffff4d fr.pc=0x00000187a5360974 relative=0x0000000000000cd4
Event: 5.803 Thread 0x00000187b7a00000 Uncommon trap: reason=unstable_if action=reinterpret pc=0x00000187a5360974 method=java.util.TreeMap.getEntryUsingComparator(Ljava/lang/Object;)Ljava/util/TreeMap$Entry; @ 53 c2
Event: 5.803 Thread 0x00000187b7a00000 DEOPT PACKING pc=0x00000187a5360974 sp=0x000000623f7f95a0
Event: 5.803 Thread 0x00000187b7a00000 DEOPT UNPACKING pc=0x000001879d5478af sp=0x000000623f7f94c0 mode 2
Event: 5.871 Thread 0x00000187b7a00000 Uncommon trap: trap_request=0xffffff4d fr.pc=0x00000187a5104b28 relative=0x0000000000000828
Event: 5.871 Thread 0x00000187b7a00000 Uncommon trap: reason=unstable_if action=reinterpret pc=0x00000187a5104b28 method=java.util.jar.JarFile.getVersionedEntry(Ljava/lang/String;Ljava/util/jar/JarEntry;)Ljava/util/jar/JarEntry; @ 67 c2
Event: 5.871 Thread 0x00000187b7a00000 DEOPT PACKING pc=0x00000187a5104b28 sp=0x000000623f7f5cf0
Event: 5.871 Thread 0x00000187b7a00000 DEOPT UNPACKING pc=0x000001879d5478af sp=0x000000623f7f5cd8 mode 2

Classes redefined (0 events):
No events

Internal exceptions (20 events):
Event: 5.425 Thread 0x00000187b7a00000 Exception <a 'java/lang/ClassNotFoundException'{0x000000008b7b42b0}: com/android/build/gradle/internal/CompileOptionsCustomizer> (0x000000008b7b42b0) thrown at [./src/hotspot/share/classfile/systemDictionary.cpp, line 231]
Event: 5.425 Thread 0x00000187b7a00000 Exception <a 'java/lang/ClassNotFoundException'{0x000000008b7d8880}: com/android/build/gradle/internal/CompileOptions_DecoratedCustomizer> (0x000000008b7d8880) thrown at [./src/hotspot/share/classfile/systemDictionary.cpp, line 231]
Event: 5.428 Thread 0x00000187b7a00000 Exception <a 'java/lang/ClassNotFoundException'{0x000000008b675a28}: com/android/build/gradle/internal/dsl/ApplicationBuildFeaturesImpl_DecoratedBeanInfo> (0x000000008b675a28) thrown at [./src/hotspot/share/classfile/systemDictionary.cpp, line 231]
Event: 5.429 Thread 0x00000187b7a00000 Exception <a 'java/lang/ClassNotFoundException'{0x000000008b68fd10}: com/android/build/gradle/internal/dsl/ApplicationBuildFeaturesImplBeanInfo> (0x000000008b68fd10) thrown at [./src/hotspot/share/classfile/systemDictionary.cpp, line 231]
Event: 5.429 Thread 0x00000187b7a00000 Exception <a 'java/lang/ClassNotFoundException'{0x000000008b6a8388}: com/android/build/gradle/internal/dsl/BuildFeaturesImplBeanInfo> (0x000000008b6a8388) thrown at [./src/hotspot/share/classfile/systemDictionary.cpp, line 231]
Event: 5.429 Thread 0x00000187b7a00000 Exception <a 'java/lang/ClassNotFoundException'{0x000000008b6c0a38}: com/android/build/gradle/internal/dsl/BuildFeaturesImplCustomizer> (0x000000008b6c0a38) thrown at [./src/hotspot/share/classfile/systemDictionary.cpp, line 231]
Event: 5.430 Thread 0x00000187b7a00000 Exception <a 'java/lang/ClassNotFoundException'{0x000000008b6e6278}: com/android/build/gradle/internal/dsl/ApplicationBuildFeaturesImplCustomizer> (0x000000008b6e6278) thrown at [./src/hotspot/share/classfile/systemDictionary.cpp, line 231]
Event: 5.431 Thread 0x00000187b7a00000 Exception <a 'java/lang/ClassNotFoundException'{0x000000008b507fd8}: com/android/build/gradle/internal/dsl/ApplicationBuildFeaturesImpl_DecoratedCustomizer> (0x000000008b507fd8) thrown at [./src/hotspot/share/classfile/systemDictionary.cpp, line 231]
Event: 5.435 Thread 0x00000187b7a00000 Exception <a 'java/lang/ClassNotFoundException'{0x000000008b5ab750}: com/android/build/gradle/internal/dsl/ExternalNativeBuild_DecoratedBeanInfo> (0x000000008b5ab750) thrown at [./src/hotspot/share/classfile/systemDictionary.cpp, line 231]
Event: 5.435 Thread 0x00000187b7a00000 Exception <a 'java/lang/ClassNotFoundException'{0x000000008b5c3e38}: com/android/build/gradle/internal/dsl/ExternalNativeBuildBeanInfo> (0x000000008b5c3e38) thrown at [./src/hotspot/share/classfile/systemDictionary.cpp, line 231]
Event: 5.436 Thread 0x00000187b7a00000 Exception <a 'java/lang/ClassNotFoundException'{0x000000008b5dd3b8}: com/android/build/gradle/internal/dsl/ExternalNativeBuildCustomizer> (0x000000008b5dd3b8) thrown at [./src/hotspot/share/classfile/systemDictionary.cpp, line 231]
Event: 5.436 Thread 0x00000187b7a00000 Exception <a 'java/lang/ClassNotFoundException'{0x000000008b403118}: com/android/build/gradle/internal/dsl/ExternalNativeBuild_DecoratedCustomizer> (0x000000008b403118) thrown at [./src/hotspot/share/classfile/systemDictionary.cpp, line 231]
Event: 5.438 Thread 0x00000187b7a00000 Exception <a 'java/lang/ClassNotFoundException'{0x000000008b45cf10}: com/android/build/gradle/internal/dsl/CmakeOptions_DecoratedBeanInfo> (0x000000008b45cf10) thrown at [./src/hotspot/share/classfile/systemDictionary.cpp, line 231]
Event: 5.439 Thread 0x00000187b7a00000 Exception <a 'java/lang/ClassNotFoundException'{0x000000008b475dc8}: com/android/build/gradle/internal/dsl/CmakeOptionsBeanInfo> (0x000000008b475dc8) thrown at [./src/hotspot/share/classfile/systemDictionary.cpp, line 231]
Event: 5.439 Thread 0x00000187b7a00000 Exception <a 'java/lang/ClassNotFoundException'{0x000000008b48f648}: com/android/build/gradle/internal/dsl/CmakeOptionsCustomizer> (0x000000008b48f648) thrown at [./src/hotspot/share/classfile/systemDictionary.cpp, line 231]
Event: 5.439 Thread 0x00000187b7a00000 Exception <a 'java/lang/ClassNotFoundException'{0x000000008b4b14d0}: com/android/build/gradle/internal/dsl/CmakeOptions_DecoratedCustomizer> (0x000000008b4b14d0) thrown at [./src/hotspot/share/classfile/systemDictionary.cpp, line 231]
Event: 5.441 Thread 0x00000187b7a00000 Exception <a 'java/lang/ClassNotFoundException'{0x000000008b4eef10}: build_5snh4e9w976u2lyhs51xhmxyj$_run_closure1$_closure7BeanInfo> (0x000000008b4eef10) thrown at [./src/hotspot/share/classfile/systemDictionary.cpp, line 231]
Event: 5.441 Thread 0x00000187b7a00000 Exception <a 'java/lang/ClassNotFoundException'{0x000000008b4ff678}: build_5snh4e9w976u2lyhs51xhmxyj$_run_closure1$_closure7Customizer> (0x000000008b4ff678) thrown at [./src/hotspot/share/classfile/systemDictionary.cpp, line 231]
Event: 5.693 Thread 0x00000187b7a00000 Exception <a 'sun/nio/fs/WindowsException'{0x0000000089f988e0}> (0x0000000089f988e0) thrown at [./src/hotspot/share/prims/jni.cpp, line 615]
Event: 5.694 Thread 0x00000187b7a00000 Exception <a 'sun/nio/fs/WindowsException'{0x0000000089f98ea8}> (0x0000000089f98ea8) thrown at [./src/hotspot/share/prims/jni.cpp, line 615]

Events (20 events):
Event: 5.884 loading class kotlin/reflect/jvm/internal/impl/load/java/lazy/JavaResolverSettings
Event: 5.884 loading class kotlin/reflect/jvm/internal/impl/load/java/lazy/JavaResolverSettings done
Event: 5.884 loading class kotlin/reflect/jvm/internal/impl/load/java/JavaClassesTracker$Default
Event: 5.884 loading class kotlin/reflect/jvm/internal/impl/load/java/JavaClassesTracker$Default done
Event: 5.884 loading class kotlin/reflect/jvm/internal/impl/load/java/JavaClassesTracker
Event: 5.884 loading class kotlin/reflect/jvm/internal/impl/load/java/JavaClassesTracker done
Event: 5.884 loading class kotlin/reflect/jvm/internal/impl/types/checker/NewKotlinTypeChecker
Event: 5.884 loading class kotlin/reflect/jvm/internal/impl/types/checker/NewKotlinTypeChecker done
Event: 5.885 loading class kotlin/reflect/jvm/internal/impl/types/checker/KotlinTypeChecker
Event: 5.885 loading class kotlin/reflect/jvm/internal/impl/types/checker/KotlinTypeChecker done
Event: 5.885 loading class kotlin/reflect/jvm/internal/impl/types/checker/NewKotlinTypeChecker$Companion
Event: 5.885 loading class kotlin/reflect/jvm/internal/impl/types/checker/NewKotlinTypeChecker$Companion done
Event: 5.885 loading class kotlin/reflect/jvm/internal/impl/types/checker/NewKotlinTypeCheckerImpl
Event: 5.885 loading class kotlin/reflect/jvm/internal/impl/types/checker/NewKotlinTypeCheckerImpl done
Event: 5.886 loading class kotlin/reflect/jvm/internal/impl/types/checker/KotlinTypeRefiner$Default
Event: 5.886 loading class kotlin/reflect/jvm/internal/impl/types/checker/KotlinTypeRefiner$Default done
Event: 5.886 loading class kotlin/reflect/jvm/internal/impl/types/checker/KotlinTypeRefiner
Event: 5.886 loading class kotlin/reflect/jvm/internal/impl/types/checker/KotlinTypeRefiner done
Event: 5.887 loading class kotlin/reflect/jvm/internal/impl/resolve/OverridingUtil
Event: 5.887 loading class kotlin/reflect/jvm/internal/impl/resolve/OverridingUtil done


Dynamic libraries:
0x00007ff7628a0000 - 0x00007ff7628aa000 	C:\Program Files\Android\Android Studio\jre\bin\java.exe
0x00007ffd1dcb0000 - 0x00007ffd1dea5000 	C:\WINDOWS\SYSTEM32\ntdll.dll
0x00007ffd1cdb0000 - 0x00007ffd1ce6e000 	C:\WINDOWS\System32\KERNEL32.DLL
0x00007ffd1b920000 - 0x00007ffd1bbe8000 	C:\WINDOWS\System32\KERNELBASE.dll
0x00007ffd1bbf0000 - 0x00007ffd1bcf0000 	C:\WINDOWS\System32\ucrtbase.dll
0x00007ffd0c8a0000 - 0x00007ffd0c8b9000 	C:\Program Files\Android\Android Studio\jre\bin\jli.dll
0x00007ffd087d0000 - 0x00007ffd087e7000 	C:\Program Files\Android\Android Studio\jre\bin\VCRUNTIME140.dll
0x00007ffd1da20000 - 0x00007ffd1dbc1000 	C:\WINDOWS\System32\USER32.dll
0x00007ffd1b450000 - 0x00007ffd1b472000 	C:\WINDOWS\System32\win32u.dll
0x00007ffd1ccc0000 - 0x00007ffd1cceb000 	C:\WINDOWS\System32\GDI32.dll
0x00007ffd1b780000 - 0x00007ffd1b88d000 	C:\WINDOWS\System32\gdi32full.dll
0x00007ffd02cd0000 - 0x00007ffd02f6a000 	C:\WINDOWS\WinSxS\amd64_microsoft.windows.common-controls_6595b64144ccf1df_6.0.19041.1110_none_60b5254171f9507e\COMCTL32.dll
0x00007ffd1b530000 - 0x00007ffd1b5cd000 	C:\WINDOWS\System32\msvcp_win.dll
0x00007ffd1c050000 - 0x00007ffd1c0ee000 	C:\WINDOWS\System32\msvcrt.dll
0x00007ffd1cd80000 - 0x00007ffd1cdb0000 	C:\WINDOWS\System32\IMM32.DLL
0x00007ffcfb010000 - 0x00007ffcfb0ad000 	C:\Program Files\Android\Android Studio\jre\bin\msvcp140.dll
0x00007ffcbb860000 - 0x00007ffcbc32f000 	C:\Program Files\Android\Android Studio\jre\bin\server\jvm.dll
0x00007ffd1d790000 - 0x00007ffd1d83e000 	C:\WINDOWS\System32\ADVAPI32.dll
0x00007ffd1dbd0000 - 0x00007ffd1dc6c000 	C:\WINDOWS\System32\sechost.dll
0x00007ffd1d840000 - 0x00007ffd1d965000 	C:\WINDOWS\System32\RPCRT4.dll
0x00007ffd1c8f0000 - 0x00007ffd1c8f8000 	C:\WINDOWS\System32\PSAPI.DLL
0x00007ffd05850000 - 0x00007ffd05859000 	C:\WINDOWS\SYSTEM32\WSOCK32.dll
0x00007ffd10ec0000 - 0x00007ffd10ee7000 	C:\WINDOWS\SYSTEM32\WINMM.dll
0x00007ffd157a0000 - 0x00007ffd157aa000 	C:\WINDOWS\SYSTEM32\VERSION.dll
0x00007ffd1ca30000 - 0x00007ffd1ca9b000 	C:\WINDOWS\System32\WS2_32.dll
0x00007ffd192d0000 - 0x00007ffd192e2000 	C:\WINDOWS\SYSTEM32\kernel.appcore.dll
0x00007ffd17020000 - 0x00007ffd17031000 	C:\Program Files\Android\Android Studio\jre\bin\verify.dll
0x00007ffd0fc50000 - 0x00007ffd0fe34000 	C:\WINDOWS\SYSTEM32\DBGHELP.DLL
0x00007ffd0fad0000 - 0x00007ffd0fafc000 	C:\WINDOWS\SYSTEM32\dbgcore.DLL
0x00007ffd1b890000 - 0x00007ffd1b912000 	C:\WINDOWS\System32\bcryptPrimitives.dll
0x00007ffd11a90000 - 0x00007ffd11ab9000 	C:\Program Files\Android\Android Studio\jre\bin\java.dll
0x00007ffd17080000 - 0x00007ffd1708b000 	C:\Program Files\Android\Android Studio\jre\bin\jimage.dll
0x00007ffd16fa0000 - 0x00007ffd16fb8000 	C:\Program Files\Android\Android Studio\jre\bin\zip.dll
0x00007ffd1c0f0000 - 0x00007ffd1c834000 	C:\WINDOWS\System32\SHELL32.dll
0x00007ffd194d0000 - 0x00007ffd19c65000 	C:\WINDOWS\SYSTEM32\windows.storage.dll
0x00007ffd1bcf0000 - 0x00007ffd1c045000 	C:\WINDOWS\System32\combase.dll
0x00007ffd1ae10000 - 0x00007ffd1ae3e000 	C:\WINDOWS\SYSTEM32\Wldp.dll
0x00007ffd1c840000 - 0x00007ffd1c8ed000 	C:\WINDOWS\System32\SHCORE.dll
0x00007ffd1d2f0000 - 0x00007ffd1d345000 	C:\WINDOWS\System32\shlwapi.dll
0x00007ffd1b300000 - 0x00007ffd1b31f000 	C:\WINDOWS\SYSTEM32\profapi.dll
0x00007ffd11b60000 - 0x00007ffd11b7a000 	C:\Program Files\Android\Android Studio\jre\bin\net.dll
0x00007ffd16700000 - 0x00007ffd1680c000 	C:\WINDOWS\SYSTEM32\WINHTTP.dll
0x00007ffd1aaf0000 - 0x00007ffd1ab5a000 	C:\WINDOWS\system32\mswsock.dll
0x00007ffd11a70000 - 0x00007ffd11a84000 	C:\Program Files\Android\Android Studio\jre\bin\nio.dll
0x00007ffd0ff70000 - 0x00007ffd0ff97000 	C:\Users\coding\.gradle\native\8bec1ad78214c89d9ad589b4d07fe93259594b29d510b10fafb7a158f7737e5d\windows-amd64\native-platform.dll
0x00007ffcd2900000 - 0x00007ffcd2a3d000 	C:\Users\coding\.gradle\native\53dbd7edfb1c66fb8903c78663c9afc45aea4f116125fa6feffd364cf09443e8\windows-amd64\native-platform-file-events.dll
0x00007ffd16f10000 - 0x00007ffd16f1a000 	C:\Program Files\Android\Android Studio\jre\bin\management.dll
0x00007ffd11cb0000 - 0x00007ffd11cbc000 	C:\Program Files\Android\Android Studio\jre\bin\management_ext.dll
0x00007ffd1ace0000 - 0x00007ffd1acf8000 	C:\WINDOWS\SYSTEM32\CRYPTSP.dll
0x00007ffd1a420000 - 0x00007ffd1a454000 	C:\WINDOWS\system32\rsaenh.dll
0x00007ffd1b3c0000 - 0x00007ffd1b3e7000 	C:\WINDOWS\System32\bcrypt.dll
0x00007ffd1b2c0000 - 0x00007ffd1b2ee000 	C:\WINDOWS\SYSTEM32\USERENV.dll
0x00007ffd1ad00000 - 0x00007ffd1ad0c000 	C:\WINDOWS\SYSTEM32\CRYPTBASE.dll
0x00007ffd1a790000 - 0x00007ffd1a7cb000 	C:\WINDOWS\SYSTEM32\IPHLPAPI.DLL
0x00007ffd1caa0000 - 0x00007ffd1caa8000 	C:\WINDOWS\System32\NSI.dll
0x00007ffd156a0000 - 0x00007ffd156b7000 	C:\WINDOWS\SYSTEM32\dhcpcsvc6.DLL
0x00007ffd15c40000 - 0x00007ffd15c5d000 	C:\WINDOWS\SYSTEM32\dhcpcsvc.DLL
0x00007ffd1a7d0000 - 0x00007ffd1a89b000 	C:\WINDOWS\SYSTEM32\DNSAPI.dll

dbghelp: loaded successfully - version: 4.0.5 - missing functions: none
symbol engine: initialized successfully - sym options: 0x614 - pdb path: .;C:\Program Files\Android\Android Studio\jre\bin;C:\WINDOWS\SYSTEM32;C:\WINDOWS\WinSxS\amd64_microsoft.windows.common-controls_6595b64144ccf1df_6.0.19041.1110_none_60b5254171f9507e;C:\Program Files\Android\Android Studio\jre\bin\server;C:\Users\coding\.gradle\native\8bec1ad78214c89d9ad589b4d07fe93259594b29d510b10fafb7a158f7737e5d\windows-amd64;C:\Users\coding\.gradle\native\53dbd7edfb1c66fb8903c78663c9afc45aea4f116125fa6feffd364cf09443e8\windows-amd64

VM Arguments:
jvm_args: --add-opens=java.base/java.util=ALL-UNNAMED --add-opens=java.base/java.lang=ALL-UNNAMED --add-opens=java.base/java.lang.invoke=ALL-UNNAMED --add-opens=java.base/java.util=ALL-UNNAMED --add-opens=java.prefs/java.util.prefs=ALL-UNNAMED --add-opens=java.prefs/java.util.prefs=ALL-UNNAMED --add-opens=java.base/java.nio.charset=ALL-UNNAMED --add-opens=java.base/java.net=ALL-UNNAMED --add-opens=java.base/java.util.concurrent.atomic=ALL-UNNAMED -Xmx2048m -Dfile.encoding=UTF-8 -Duser.country=KR -Duser.language=ko -Duser.variant 
java_command: org.gradle.launcher.daemon.bootstrap.GradleDaemon 7.0.2
java_class_path (initial): C:\Users\coding\.gradle\wrapper\dists\gradle-7.0.2-bin\857tjihv64xamwrf0h14cai3r\gradle-7.0.2\lib\gradle-launcher-7.0.2.jar
Launcher Type: SUN_STANDARD

[Global flags]
     intx CICompilerCount                          = 4                                         {product} {ergonomic}
     uint ConcGCThreads                            = 3                                         {product} {ergonomic}
     uint G1ConcRefinementThreads                  = 10                                        {product} {ergonomic}
   size_t G1HeapRegionSize                         = 1048576                                   {product} {ergonomic}
    uintx GCDrainStackTargetSize                   = 64                                        {product} {ergonomic}
   size_t InitialHeapSize                          = 268435456                                 {product} {ergonomic}
   size_t MarkStackSize                            = 4194304                                   {product} {ergonomic}
   size_t MaxHeapSize                              = 2147483648                                {product} {command line}
   size_t MaxNewSize                               = 1287651328                                {product} {ergonomic}
   size_t MinHeapDeltaBytes                        = 1048576                                   {product} {ergonomic}
    uintx NonNMethodCodeHeapSize                   = 5836300                                {pd product} {ergonomic}
    uintx NonProfiledCodeHeapSize                  = 122910970                              {pd product} {ergonomic}
    uintx ProfiledCodeHeapSize                     = 122910970                              {pd product} {ergonomic}
    uintx ReservedCodeCacheSize                    = 251658240                              {pd product} {ergonomic}
     bool SegmentedCodeCache                       = true                                      {product} {ergonomic}
     bool UseCompressedClassPointers               = true                                 {lp64_product} {ergonomic}
     bool UseCompressedOops                        = true                                 {lp64_product} {ergonomic}
     bool UseG1GC                                  = true                                      {product} {ergonomic}
     bool UseLargePagesIndividualAllocation        = false                                  {pd product} {ergonomic}

Logging:
Log output configuration:
 #0: stdout all=warning uptime,level,tags
 #1: stderr all=off uptime,level,tags

Environment Variables:
PATH=C:\Program Files\Common Files\Oracle\Java\javapath;C:\oraclexe\app\oracle\product\11.2.0\server\bin;;C:\Windows\system32;C:\Windows;C:\Windows\System32\Wbem;C:\Windows\System32\WindowsPowerShell\v1.0\;C:\Windows\System32\OpenSSH\;C:\Program Files\NVIDIA Corporation\NVIDIA NvDLISR;C:\Program Files (x86)\NVIDIA Corporation\PhysX\Common;C:\WINDOWS\system32;C:\WINDOWS;C:\WINDOWS\System32\Wbem;C:\WINDOWS\System32\WindowsPowerShell\v1.0\;C:\WINDOWS\System32\OpenSSH\;C:\Users\coding\AppData\Local\Microsoft\WindowsApps;C:\Users\coding\giit\Git\cmd
USERNAME=coding
OS=Windows_NT
PROCESSOR_IDENTIFIER=AMD64 Family 23 Model 113 Stepping 0, AuthenticAMD



---------------  S Y S T E M  ---------------

OS: Windows 10 , 64 bit Build 19041 (10.0.19041.1466)
OS uptime: 1 days 20:06 hours

CPU:total 12 (initial active 12) (12 cores per cpu, 2 threads per core) family 23 model 113 stepping 0 microcode 0x0, cmov, cx8, fxsr, mmx, sse, sse2, sse3, ssse3, sse4.1, sse4.2, popcnt, avx, avx2, aes, clmul, mmxext, 3dnowpref, lzcnt, sse4a, ht, tsc, tscinvbit, tscinv, bmi1, bmi2, adx,

Memory: 4k page, system-wide physical 16318M (3851M free)
TotalPageFile size 19253M (AvailPageFile size 4M)
current process WorkingSet (physical memory assigned to process): 420M, peak: 424M
current process commit charge ("private bytes"): 522M, peak: 526M

vm_info: OpenJDK 64-Bit Server VM (11.0.10+0-b96-7249189) for windows-amd64 JRE (11.0.10+0-b96-7249189), built on Mar 31 2021 21:44:00 by "builder" with MS VC++ 14.0 (VS2015)

END.
