#
# There is insufficient memory for the Java Runtime Environment to continue.
# Native memory allocation (malloc) failed to allocate 1642096 bytes for Chunk::new
# Possible reasons:
#   The system is out of physical RAM or swap space
#   The process is running with CompressedOops enabled, and the Java Heap may be blocking the growth of the native heap
# Possible solutions:
#   Reduce memory load on the system
#   Increase physical memory or swap space
#   Check if swap backing store is full
#   Decrease Java heap size (-Xmx/-Xms)
#   Decrease number of Java threads
#   Decrease Java thread stack sizes (-Xss)
#   Set larger code cache with -XX:ReservedCodeCacheSize=
#   JVM is running with Unscaled Compressed Oops mode in which the Java heap is
#     placed in the first 4GB address space. The Java Heap base address is the
#     maximum limit for the native heap growth. Please use -XX:HeapBaseMinAddress
#     to set the Java Heap base and to place the Java Heap above 4GB virtual address.
# This output file may be truncated or incomplete.
#
#  Out of Memory Error (./src/hotspot/share/memory/arena.cpp:197), pid=21040, tid=15448
#
# JRE version: OpenJDK Runtime Environment (11.0.10) (build 11.0.10+0-b96-7249189)
# Java VM: OpenJDK 64-Bit Server VM (11.0.10+0-b96-7249189, mixed mode, tiered, compressed oops, g1 gc, windows-amd64)
# No core dump will be written. Minidumps are not enabled by default on client versions of Windows
#

---------------  S U M M A R Y ------------

Command Line: --add-opens=java.base/java.util=ALL-UNNAMED --add-opens=java.base/java.lang=ALL-UNNAMED --add-opens=java.base/java.lang.invoke=ALL-UNNAMED --add-opens=java.base/java.util=ALL-UNNAMED --add-opens=java.prefs/java.util.prefs=ALL-UNNAMED --add-opens=java.prefs/java.util.prefs=ALL-UNNAMED --add-opens=java.base/java.nio.charset=ALL-UNNAMED --add-opens=java.base/java.net=ALL-UNNAMED --add-opens=java.base/java.util.concurrent.atomic=ALL-UNNAMED -Xmx2048m -Dfile.encoding=UTF-8 -Duser.country=KR -Duser.language=ko -Duser.variant org.gradle.launcher.daemon.bootstrap.GradleDaemon 7.0.2

Host: AMD Ryzen 5 3600 6-Core Processor              , 12 cores, 15G,  Windows 10 , 64 bit Build 19041 (10.0.19041.1466)
Time: Tue Jan 18 21:10:18 2022 대한민국 표준시 elapsed time: 4921.963477 seconds (0d 1h 22m 1s)

---------------  T H R E A D  ---------------

Current thread (0x000002fdc6cb2800):  JavaThread "C2 CompilerThread1" daemon [_thread_in_native, id=15448, stack(0x000000fec5c00000,0x000000fec5d00000)]


Current CompileTask:
C2:4921963 30746       4       org.gradle.api.internal.artifacts.repositories.metadata.DefaultMetadataFileSourceCodec::decode (6 bytes)

Stack: [0x000000fec5c00000,0x000000fec5d00000]
Native frames: (J=compiled Java code, j=interpreted, Vv=VM code, C=native code)
V  [jvm.dll+0x5ecfaa]
V  [jvm.dll+0x722bd5]
V  [jvm.dll+0x72412d]
V  [jvm.dll+0x7247e3]
V  [jvm.dll+0x242928]
V  [jvm.dll+0xbc4fc]
V  [jvm.dll+0xbca0c]
V  [jvm.dll+0x352d3b]
V  [jvm.dll+0x320ad3]
V  [jvm.dll+0x31ffca]
V  [jvm.dll+0x1fb602]
V  [jvm.dll+0x1fa7f4]
V  [jvm.dll+0x18354c]
V  [jvm.dll+0x208ee7]
V  [jvm.dll+0x207731]
V  [jvm.dll+0x6eb1cf]
V  [jvm.dll+0x6e3d45]
V  [jvm.dll+0x5ebe96]
C  [ucrtbase.dll+0x21bb2]
C  [KERNEL32.DLL+0x17034]
C  [ntdll.dll+0x52651]


---------------  P R O C E S S  ---------------

Threads class SMR info:
_java_thread_list=0x000002fdcd4fb310, length=85, elements={
0x000002fdaa69a000, 0x000002fdc576e000, 0x000002fdc5fae800, 0x000002fdc601a800,
0x000002fdc601c800, 0x000002fdc601d800, 0x000002fdc602a000, 0x000002fdc6030800,
0x000002fdc6044000, 0x000002fdc619b000, 0x000002fdc77bf000, 0x000002fdc62e2800,
0x000002fdc7f48800, 0x000002fdc8b8e800, 0x000002fdc8b8b000, 0x000002fdc8b8f000,
0x000002fdc8b91000, 0x000002fdc8b8c000, 0x000002fdcb9ac000, 0x000002fdcb9ab800,
0x000002fdcb9aa000, 0x000002fdcb9ae000, 0x000002fdcb9b1000, 0x000002fdcd902800,
0x000002fdcd906800, 0x000002fdcd904000, 0x000002fdcd901800, 0x000002fdcd909800,
0x000002fdcd90c000, 0x000002fdcd90b000, 0x000002fdcd90d000, 0x000002fdcd90d800,
0x000002fdcd90e800, 0x000002fdcd90f800, 0x000002fdd1925800, 0x000002fdd361e000,
0x000002fdd3623000, 0x000002fdd361d000, 0x000002fdd361f000, 0x000002fdd3628800,
0x000002fdd3628000, 0x000002fdd3621800, 0x000002fdd3624800, 0x000002fdd35c1000,
0x000002fdd35c4000, 0x000002fdd35c1800, 0x000002fdd35bd000, 0x000002fdd35b9800,
0x000002fdd35b8800, 0x000002fdd35b8000, 0x000002fdd35bd800, 0x000002fdd35bc000,
0x000002fdd35c0000, 0x000002fdd35ba800, 0x000002fdd35be800, 0x000002fdd35bb000,
0x000002fdd35c5000, 0x000002fdd35c2800, 0x000002fdd35c6000, 0x000002fdd35c6800,
0x000002fdc6cab000, 0x000002fdc6cad800, 0x000002fdc6caf000, 0x000002fdc6cb0000,
0x000002fdc6cb0800, 0x000002fdc6cb1800, 0x000002fdc6cac800, 0x000002fdc6cab800,
0x000002fdc6cb5800, 0x000002fdc6cb2800, 0x000002fdc6cb3000, 0x000002fdc6cb6800,
0x000002fdc6cb9000, 0x000002fdc6cb7000, 0x000002fdc6cb4000, 0x000002fdc6cb8000,
0x000002fdc6cb4800, 0x000002fdc6cb9800, 0x000002fdd3622000, 0x000002fdd3623800,
0x000002fdd3625800, 0x000002fdd361f800, 0x000002fdd3626000, 0x000002fdd3620800,
0x000002fdd362a800
}

Java Threads: ( => current thread )
  0x000002fdaa69a000 JavaThread "main" [_thread_blocked, id=280, stack(0x000000fec1c00000,0x000000fec1d00000)]
  0x000002fdc576e000 JavaThread "Reference Handler" daemon [_thread_blocked, id=29700, stack(0x000000fec2300000,0x000000fec2400000)]
  0x000002fdc5fae800 JavaThread "Finalizer" daemon [_thread_blocked, id=28432, stack(0x000000fec2400000,0x000000fec2500000)]
  0x000002fdc601a800 JavaThread "Signal Dispatcher" daemon [_thread_blocked, id=22448, stack(0x000000fec2500000,0x000000fec2600000)]
  0x000002fdc601c800 JavaThread "Attach Listener" daemon [_thread_blocked, id=1308, stack(0x000000fec2600000,0x000000fec2700000)]
  0x000002fdc601d800 JavaThread "Service Thread" daemon [_thread_blocked, id=9964, stack(0x000000fec2700000,0x000000fec2800000)]
  0x000002fdc602a000 JavaThread "C2 CompilerThread0" daemon [_thread_in_native, id=17956, stack(0x000000fec2800000,0x000000fec2900000)]
  0x000002fdc6030800 JavaThread "C1 CompilerThread0" daemon [_thread_blocked, id=19356, stack(0x000000fec2900000,0x000000fec2a00000)]
  0x000002fdc6044000 JavaThread "Sweeper thread" daemon [_thread_blocked, id=12832, stack(0x000000fec2a00000,0x000000fec2b00000)]
  0x000002fdc619b000 JavaThread "Common-Cleaner" daemon [_thread_blocked, id=16676, stack(0x000000fec2b00000,0x000000fec2c00000)]
  0x000002fdc77bf000 JavaThread "Daemon health stats" [_thread_blocked, id=5432, stack(0x000000fec3300000,0x000000fec3400000)]
  0x000002fdc62e2800 JavaThread "Incoming local TCP Connector on port 55447" [_thread_in_native, id=30408, stack(0x000000fec2d00000,0x000000fec2e00000)]
  0x000002fdc7f48800 JavaThread "Daemon periodic checks" [_thread_blocked, id=31096, stack(0x000000fec3400000,0x000000fec3500000)]
  0x000002fdc8b8e800 JavaThread "Cache worker for file hash cache (C:\Users\coding\.gradle\caches\7.0.2\fileHashes)" [_thread_blocked, id=31380, stack(0x000000fec3d00000,0x000000fec3e00000)]
  0x000002fdc8b8b000 JavaThread "File lock request listener" [_thread_in_native, id=12692, stack(0x000000fec3e00000,0x000000fec3f00000)]
  0x000002fdc8b8f000 JavaThread "Cache worker for journal cache (C:\Users\coding\.gradle\caches\journal-1)" [_thread_blocked, id=15948, stack(0x000000fec4500000,0x000000fec4600000)]
  0x000002fdc8b91000 JavaThread "File watcher server" daemon [_thread_in_native, id=15124, stack(0x000000fec4700000,0x000000fec4800000)]
  0x000002fdc8b8c000 JavaThread "File watcher consumer" daemon [_thread_blocked, id=31284, stack(0x000000fec4800000,0x000000fec4900000)]
  0x000002fdcb9ac000 JavaThread "Cache worker for execution history cache (C:\Users\coding\.gradle\caches\7.0.2\executionHistory)" [_thread_blocked, id=21068, stack(0x000000fec4d00000,0x000000fec4e00000)]
  0x000002fdcb9ab800 JavaThread "jar transforms" [_thread_blocked, id=12632, stack(0x000000fec4e00000,0x000000fec4f00000)]
  0x000002fdcb9aa000 JavaThread "jar transforms Thread 2" [_thread_blocked, id=30612, stack(0x000000fec4f00000,0x000000fec5000000)]
  0x000002fdcb9ae000 JavaThread "Cache worker for file content cache (C:\Users\coding\.gradle\caches\7.0.2\fileContent)" [_thread_blocked, id=16672, stack(0x000000fec5000000,0x000000fec5100000)]
  0x000002fdcb9b1000 JavaThread "jar transforms Thread 3" [_thread_blocked, id=28524, stack(0x000000fec5200000,0x000000fec5300000)]
  0x000002fdcd902800 JavaThread "jar transforms Thread 4" [_thread_blocked, id=15608, stack(0x000000fec6000000,0x000000fec6100000)]
  0x000002fdcd906800 JavaThread "jar transforms Thread 5" [_thread_blocked, id=30180, stack(0x000000fec6100000,0x000000fec6200000)]
  0x000002fdcd904000 JavaThread "jar transforms Thread 6" [_thread_blocked, id=22792, stack(0x000000fec6200000,0x000000fec6300000)]
  0x000002fdcd901800 JavaThread "jar transforms Thread 7" [_thread_blocked, id=9612, stack(0x000000fec6300000,0x000000fec6400000)]
  0x000002fdcd909800 JavaThread "jar transforms Thread 8" [_thread_blocked, id=3296, stack(0x000000fec6400000,0x000000fec6500000)]
  0x000002fdcd90c000 JavaThread "jar transforms Thread 9" [_thread_blocked, id=19984, stack(0x000000fec6500000,0x000000fec6600000)]
  0x000002fdcd90b000 JavaThread "jar transforms Thread 10" [_thread_blocked, id=8344, stack(0x000000fec6600000,0x000000fec6700000)]
  0x000002fdcd90d000 JavaThread "jar transforms Thread 11" [_thread_blocked, id=18176, stack(0x000000fec6700000,0x000000fec6800000)]
  0x000002fdcd90d800 JavaThread "jar transforms Thread 12" [_thread_blocked, id=26352, stack(0x000000fec6800000,0x000000fec6900000)]
  0x000002fdcd90e800 JavaThread "Memory manager" [_thread_blocked, id=30032, stack(0x000000fec6900000,0x000000fec6a00000)]
  0x000002fdcd90f800 JavaThread "Cache worker for Java compile cache (C:\Users\coding\.gradle\caches\7.0.2\javaCompile)" [_thread_blocked, id=20412, stack(0x000000fec8800000,0x000000fec8900000)]
  0x000002fdd1925800 JavaThread "ForkJoinPool.commonPool-worker-13" daemon [_thread_blocked, id=10856, stack(0x000000fec8600000,0x000000fec8700000)]
  0x000002fdd361e000 JavaThread "ForkJoinPool.commonPool-worker-7" daemon [_thread_blocked, id=15216, stack(0x000000fec8b00000,0x000000fec8c00000)]
  0x000002fdd3623000 JavaThread "ForkJoinPool.commonPool-worker-11" daemon [_thread_blocked, id=4744, stack(0x000000fec8d00000,0x000000fec8e00000)]
  0x000002fdd361d000 JavaThread "ForkJoinPool.commonPool-worker-15" daemon [_thread_blocked, id=26992, stack(0x000000fec8e00000,0x000000fec8f00000)]
  0x000002fdd361f000 JavaThread "ForkJoinPool.commonPool-worker-29" daemon [_thread_blocked, id=28164, stack(0x000000fec8f00000,0x000000fec9000000)]
  0x000002fdd3628800 JavaThread "ForkJoinPool.commonPool-worker-19" daemon [_thread_blocked, id=6728, stack(0x000000fec9000000,0x000000fec9100000)]
  0x000002fdd3628000 JavaThread "ForkJoinPool.commonPool-worker-1" daemon [_thread_blocked, id=30020, stack(0x000000fec9100000,0x000000fec9200000)]
  0x000002fdd3621800 JavaThread "Daemon Thread 10" [_thread_blocked, id=13628, stack(0x000000fec1900000,0x000000fec1a00000)]
  0x000002fdd3624800 JavaThread "Daemon worker Thread 10" [_thread_blocked, id=1536, stack(0x000000fec3500000,0x000000fec3600000)]
  0x000002fdd35c1000 JavaThread "Exec process Thread 28" [_thread_blocked, id=21524, stack(0x000000fec7500000,0x000000fec7600000)]
  0x000002fdd35c4000 JavaThread "Exec process Thread 29" [_thread_blocked, id=20396, stack(0x000000fec7600000,0x000000fec7700000)]
  0x000002fdd35c1800 JavaThread "Exec process Thread 30" [_thread_blocked, id=15160, stack(0x000000fec7700000,0x000000fec7800000)]
  0x000002fdd35bd000 JavaThread "Handler for socket connection from /127.0.0.1:55447 to /127.0.0.1:57844" [_thread_in_native, id=7532, stack(0x000000fec1a00000,0x000000fec1b00000)]
  0x000002fdd35b9800 JavaThread "Cancel handler" [_thread_blocked, id=10272, stack(0x000000fec1b00000,0x000000fec1c00000)]
  0x000002fdd35b8800 JavaThread "Asynchronous log dispatcher for DefaultDaemonConnection: socket connection from /127.0.0.1:55447 to /127.0.0.1:57844" [_thread_blocked, id=20328, stack(0x000000fec3600000,0x000000fec3700000)]
  0x000002fdd35b8000 JavaThread "Stdin handler" [_thread_blocked, id=16804, stack(0x000000fec3700000,0x000000fec3800000)]
  0x000002fdd35bd800 JavaThread "Daemon client event forwarder" [_thread_blocked, id=19404, stack(0x000000fec3800000,0x000000fec3900000)]
  0x000002fdd35bc000 JavaThread "Cache worker for file hash cache (C:\Users\coding\AndroidStudioProjects\BOI_repentance_guide\.gradle\7.0.2\fileHashes)" [_thread_blocked, id=18700, stack(0x000000fec3900000,0x000000fec3a00000)]
  0x000002fdd35c0000 JavaThread "Cache worker for checksums cache (C:\Users\coding\AndroidStudioProjects\BOI_repentance_guide\.gradle\checksums)" [_thread_blocked, id=18792, stack(0x000000fec3a00000,0x000000fec3b00000)]
  0x000002fdd35ba800 JavaThread "Cache worker for cache directory md-supplier (C:\Users\coding\.gradle\caches\7.0.2\md-supplier)" [_thread_blocked, id=12540, stack(0x000000fec3b00000,0x000000fec3c00000)]
  0x000002fdd35be800 JavaThread "Cache worker for cache directory md-rule (C:\Users\coding\.gradle\caches\7.0.2\md-rule)" [_thread_blocked, id=22392, stack(0x000000fec3c00000,0x000000fec3d00000)]
  0x000002fdd35bb000 JavaThread "Cache worker for dependencies-accessors (C:\Users\coding\AndroidStudioProjects\BOI_repentance_guide\.gradle\7.0.2\dependencies-accessors)" [_thread_blocked, id=13380, stack(0x000000fec4900000,0x000000fec4a00000)]
  0x000002fdd35c5000 JavaThread "Cache worker for Build Output Cleanup Cache (C:\Users\coding\AndroidStudioProjects\BOI_repentance_guide\.gradle\buildOutputCleanup)" [_thread_blocked, id=27136, stack(0x000000fec4a00000,0x000000fec4b00000)]
  0x000002fdd35c2800 JavaThread "Build operations" [_thread_blocked, id=15404, stack(0x000000fec4b00000,0x000000fec4c00000)]
  0x000002fdd35c6000 JavaThread "Build operations Thread 2" [_thread_blocked, id=16176, stack(0x000000fec4c00000,0x000000fec4d00000)]
  0x000002fdd35c6800 JavaThread "Build operations Thread 3" [_thread_blocked, id=18140, stack(0x000000fec5100000,0x000000fec5200000)]
  0x000002fdc6cab000 JavaThread "Build operations Thread 4" [_thread_blocked, id=27028, stack(0x000000fec5300000,0x000000fec5400000)]
  0x000002fdc6cad800 JavaThread "Build operations Thread 5" [_thread_blocked, id=14224, stack(0x000000fec5400000,0x000000fec5500000)]
  0x000002fdc6caf000 JavaThread "Build operations Thread 6" [_thread_blocked, id=8876, stack(0x000000fec5500000,0x000000fec5600000)]
  0x000002fdc6cb0000 JavaThread "Build operations Thread 7" [_thread_blocked, id=18368, stack(0x000000fec5600000,0x000000fec5700000)]
  0x000002fdc6cb0800 JavaThread "Build operations Thread 8" [_thread_blocked, id=31728, stack(0x000000fec5700000,0x000000fec5800000)]
  0x000002fdc6cb1800 JavaThread "Build operations Thread 9" [_thread_blocked, id=14768, stack(0x000000fec5800000,0x000000fec5900000)]
  0x000002fdc6cac800 JavaThread "Build operations Thread 10" [_thread_blocked, id=7376, stack(0x000000fec5900000,0x000000fec5a00000)]
  0x000002fdc6cab800 JavaThread "Build operations Thread 11" [_thread_blocked, id=2396, stack(0x000000fec5a00000,0x000000fec5b00000)]
  0x000002fdc6cb5800 JavaThread "Build operations Thread 12" [_thread_blocked, id=23296, stack(0x000000fec5b00000,0x000000fec5c00000)]
=>0x000002fdc6cb2800 JavaThread "C2 CompilerThread1" daemon [_thread_in_native, id=15448, stack(0x000000fec5c00000,0x000000fec5d00000)]
  0x000002fdc6cb3000 JavaThread "build event listener" [_thread_blocked, id=25460, stack(0x000000fec5d00000,0x000000fec5e00000)]
  0x000002fdc6cb6800 JavaThread "Execution worker for ':'" [_thread_blocked, id=24768, stack(0x000000fec5e00000,0x000000fec5f00000)]
  0x000002fdc6cb9000 JavaThread "Execution worker for ':' Thread 2" [_thread_blocked, id=24776, stack(0x000000fec5f00000,0x000000fec6000000)]
  0x000002fdc6cb7000 JavaThread "Execution worker for ':' Thread 3" [_thread_blocked, id=22360, stack(0x000000fec6a00000,0x000000fec6b00000)]
  0x000002fdc6cb4000 JavaThread "Execution worker for ':' Thread 4" [_thread_blocked, id=29604, stack(0x000000fec6b00000,0x000000fec6c00000)]
  0x000002fdc6cb8000 JavaThread "Execution worker for ':' Thread 5" [_thread_blocked, id=4912, stack(0x000000fec6c00000,0x000000fec6d00000)]
  0x000002fdc6cb4800 JavaThread "Execution worker for ':' Thread 6" [_thread_blocked, id=21452, stack(0x000000fec6d00000,0x000000fec6e00000)]
  0x000002fdc6cb9800 JavaThread "Execution worker for ':' Thread 7" [_thread_blocked, id=16000, stack(0x000000fec6e00000,0x000000fec6f00000)]
  0x000002fdd3622000 JavaThread "Execution worker for ':' Thread 8" [_thread_blocked, id=16376, stack(0x000000fec6f00000,0x000000fec7000000)]
  0x000002fdd3623800 JavaThread "Execution worker for ':' Thread 9" [_thread_blocked, id=29148, stack(0x000000fec7000000,0x000000fec7100000)]
  0x000002fdd3625800 JavaThread "Execution worker for ':' Thread 10" [_thread_blocked, id=5680, stack(0x000000fec7100000,0x000000fec7200000)]
  0x000002fdd361f800 JavaThread "Execution worker for ':' Thread 11" [_thread_blocked, id=15548, stack(0x000000fec7200000,0x000000fec7300000)]
  0x000002fdd3626000 JavaThread "Cache worker for execution history cache (C:\Users\coding\AndroidStudioProjects\BOI_repentance_guide\.gradle\7.0.2\executionHistory)" [_thread_blocked, id=27224, stack(0x000000fec7300000,0x000000fec7400000)]
  0x000002fdd3620800 JavaThread "Cache worker for Java compile cache (C:\Users\coding\AndroidStudioProjects\BOI_repentance_guide\.gradle\7.0.2\javaCompile)" [_thread_blocked, id=16940, stack(0x000000fec7400000,0x000000fec7500000)]
  0x000002fdd362a800 JavaThread "C2 CompilerThread2" daemon [_thread_in_native, id=26996, stack(0x000000fec7800000,0x000000fec7900000)]

Other Threads:
  0x000002fdc576b800 VMThread "VM Thread" [stack: 0x000000fec2200000,0x000000fec2300000] [id=16084]
  0x000002fdc61c5800 WatcherThread [stack: 0x000000fec2c00000,0x000000fec2d00000] [id=20932]
  0x000002fdaa6b1800 GCTaskThread "GC Thread#0" [stack: 0x000000fec1d00000,0x000000fec1e00000] [id=16708]
  0x000002fdc6c27800 GCTaskThread "GC Thread#1" [stack: 0x000000fec2e00000,0x000000fec2f00000] [id=23328]
  0x000002fdc6a49000 GCTaskThread "GC Thread#2" [stack: 0x000000fec2f00000,0x000000fec3000000] [id=15324]
  0x000002fdc65d8800 GCTaskThread "GC Thread#3" [stack: 0x000000fec3000000,0x000000fec3100000] [id=19052]
  0x000002fdc64e0000 GCTaskThread "GC Thread#4" [stack: 0x000000fec3100000,0x000000fec3200000] [id=28208]
  0x000002fdc65e5800 GCTaskThread "GC Thread#5" [stack: 0x000000fec3200000,0x000000fec3300000] [id=31628]
  0x000002fdc874f000 GCTaskThread "GC Thread#6" [stack: 0x000000fec3f00000,0x000000fec4000000] [id=16808]
  0x000002fdc83d2800 GCTaskThread "GC Thread#7" [stack: 0x000000fec4000000,0x000000fec4100000] [id=24904]
  0x000002fdc83d4800 GCTaskThread "GC Thread#8" [stack: 0x000000fec4100000,0x000000fec4200000] [id=23908]
  0x000002fdc7a5e000 GCTaskThread "GC Thread#9" [stack: 0x000000fec4200000,0x000000fec4300000] [id=22728]
  0x000002fdaa6e6800 ConcurrentGCThread "G1 Main Marker" [stack: 0x000000fec1e00000,0x000000fec1f00000] [id=23272]
  0x000002fdaa6e8000 ConcurrentGCThread "G1 Conc#0" [stack: 0x000000fec1f00000,0x000000fec2000000] [id=22164]
  0x000002fdc67b2800 ConcurrentGCThread "G1 Conc#1" [stack: 0x000000fec4300000,0x000000fec4400000] [id=2456]
  0x000002fdc708d800 ConcurrentGCThread "G1 Conc#2" [stack: 0x000000fec4400000,0x000000fec4500000] [id=26716]
  0x000002fdaa77e000 ConcurrentGCThread "G1 Refine#0" [stack: 0x000000fec2000000,0x000000fec2100000] [id=7708]
  0x000002fdcf289000 ConcurrentGCThread "G1 Refine#1" [stack: 0x000000fec4600000,0x000000fec4700000] [id=3660]
  0x000002fdc55ee800 ConcurrentGCThread "G1 Young RemSet Sampling" [stack: 0x000000fec2100000,0x000000fec2200000] [id=7296]

Threads with active compile tasks:
C2 CompilerThread04922003 30749       4       org.gradle.api.internal.artifacts.configurations.Configurations::collectCapabilities (73 bytes)
C1 CompilerThread04922003 30776       3       org.gradle.api.internal.file.pattern.PatternMatcher$Or::or (13 bytes)
C2 CompilerThread14922004 30746       4       org.gradle.api.internal.artifacts.repositories.metadata.DefaultMetadataFileSourceCodec::decode (6 bytes)
C2 CompilerThread24922004 30756       4       com.google.common.collect.ImmutableCollection$ArrayBasedBuilder::addAll (65 bytes)

VM state:not at safepoint (normal execution)

VM Mutex/Monitor currently owned by a thread: None

Heap address: 0x0000000080000000, size: 2048 MB, Compressed Oops mode: 32-bit
Narrow klass base: 0x0000000000000000, Narrow klass shift: 3
Compressed class space size: 1073741824 Address: 0x0000000100000000

Heap:
 garbage-first heap   total 262144K, used 170093K [0x0000000080000000, 0x0000000100000000)
  region size 1024K, 42 young (43008K), 3 survivors (3072K)
 Metaspace       used 143138K, capacity 148075K, committed 148992K, reserved 1177600K
  class space    used 17597K, capacity 19236K, committed 19968K, reserved 1048576K
Heap Regions: E=young(eden), S=young(survivor), O=old, HS=humongous(starts), HC=humongous(continues), CS=collection set, F=free, A=archive, TAMS=top-at-mark-start (previous, next)
|   0|0x0000000080000000, 0x0000000080100000, 0x0000000080100000|100%| O|  |TAMS 0x0000000080100000, 0x0000000080000000| Untracked 
|   1|0x0000000080100000, 0x0000000080200000, 0x0000000080200000|100%| O|  |TAMS 0x0000000080200000, 0x0000000080100000| Untracked 
|   2|0x0000000080200000, 0x0000000080300000, 0x0000000080300000|100%| O|  |TAMS 0x0000000080300000, 0x0000000080200000| Untracked 
|   3|0x0000000080300000, 0x0000000080400000, 0x0000000080400000|100%|HS|  |TAMS 0x0000000080400000, 0x0000000080300000| Complete 
|   4|0x0000000080400000, 0x0000000080500000, 0x0000000080500000|100%|HC|  |TAMS 0x0000000080500000, 0x0000000080400000| Complete 
|   5|0x0000000080500000, 0x0000000080600000, 0x0000000080600000|100%|HC|  |TAMS 0x0000000080600000, 0x0000000080500000| Complete 
|   6|0x0000000080600000, 0x0000000080700000, 0x0000000080700000|100%| O|  |TAMS 0x0000000080700000, 0x0000000080600000| Complete 
|   7|0x0000000080700000, 0x0000000080800000, 0x0000000080800000|100%| O|  |TAMS 0x0000000080800000, 0x0000000080700000| Complete 
|   8|0x0000000080800000, 0x0000000080900000, 0x0000000080900000|100%| O|  |TAMS 0x0000000080900000, 0x0000000080800000| Untracked 
|   9|0x0000000080900000, 0x0000000080a00000, 0x0000000080a00000|100%| O|  |TAMS 0x0000000080a00000, 0x0000000080900000| Untracked 
|  10|0x0000000080a00000, 0x0000000080b00000, 0x0000000080b00000|100%| O|  |TAMS 0x0000000080b00000, 0x0000000080a00000| Untracked 
|  11|0x0000000080b00000, 0x0000000080c00000, 0x0000000080c00000|100%| O|  |TAMS 0x0000000080c00000, 0x0000000080b00000| Complete 
|  12|0x0000000080c00000, 0x0000000080d00000, 0x0000000080d00000|100%| O|  |TAMS 0x0000000080d00000, 0x0000000080c00000| Untracked 
|  13|0x0000000080d00000, 0x0000000080e00000, 0x0000000080e00000|100%| O|  |TAMS 0x0000000080e00000, 0x0000000080d00000| Untracked 
|  14|0x0000000080e00000, 0x0000000080f00000, 0x0000000080f00000|100%| O|  |TAMS 0x0000000080f00000, 0x0000000080e00000| Untracked 
|  15|0x0000000080f00000, 0x0000000081000000, 0x0000000081000000|100%| O|  |TAMS 0x0000000081000000, 0x0000000080f00000| Untracked 
|  16|0x0000000081000000, 0x0000000081100000, 0x0000000081100000|100%| O|  |TAMS 0x0000000081100000, 0x0000000081000000| Complete 
|  17|0x0000000081100000, 0x0000000081200000, 0x0000000081200000|100%|HS|  |TAMS 0x0000000081200000, 0x0000000081100000| Complete 
|  18|0x0000000081200000, 0x0000000081300000, 0x0000000081300000|100%|HS|  |TAMS 0x0000000081300000, 0x0000000081200000| Complete 
|  19|0x0000000081300000, 0x0000000081400000, 0x0000000081400000|100%|HS|  |TAMS 0x0000000081400000, 0x0000000081300000| Complete 
|  20|0x0000000081400000, 0x0000000081500000, 0x0000000081500000|100%|HC|  |TAMS 0x0000000081500000, 0x0000000081400000| Complete 
|  21|0x0000000081500000, 0x0000000081600000, 0x0000000081600000|100%| O|  |TAMS 0x0000000081600000, 0x0000000081500000| Complete 
|  22|0x0000000081600000, 0x0000000081700000, 0x0000000081700000|100%| O|  |TAMS 0x0000000081700000, 0x0000000081600000| Complete 
|  23|0x0000000081700000, 0x0000000081800000, 0x0000000081800000|100%| O|  |TAMS 0x0000000081800000, 0x0000000081700000| Untracked 
|  24|0x0000000081800000, 0x0000000081900000, 0x0000000081900000|100%| O|  |TAMS 0x0000000081900000, 0x0000000081800000| Complete 
|  25|0x0000000081900000, 0x0000000081a00000, 0x0000000081a00000|100%| O|  |TAMS 0x0000000081a00000, 0x0000000081900000| Untracked 
|  26|0x0000000081a00000, 0x0000000081b00000, 0x0000000081b00000|100%| O|  |TAMS 0x0000000081b00000, 0x0000000081a00000| Untracked 
|  27|0x0000000081b00000, 0x0000000081c00000, 0x0000000081c00000|100%| O|  |TAMS 0x0000000081c00000, 0x0000000081b00000| Untracked 
|  28|0x0000000081c00000, 0x0000000081d00000, 0x0000000081d00000|100%| O|  |TAMS 0x0000000081d00000, 0x0000000081c00000| Untracked 
|  29|0x0000000081d00000, 0x0000000081e00000, 0x0000000081e00000|100%| O|  |TAMS 0x0000000081e00000, 0x0000000081d00000| Untracked 
|  30|0x0000000081e00000, 0x0000000081f00000, 0x0000000081f00000|100%| O|  |TAMS 0x0000000081f00000, 0x0000000081e00000| Untracked 
|  31|0x0000000081f00000, 0x0000000082000000, 0x0000000082000000|100%| O|  |TAMS 0x0000000082000000, 0x0000000081f00000| Complete 
|  32|0x0000000082000000, 0x0000000082100000, 0x0000000082100000|100%| O|  |TAMS 0x0000000082100000, 0x0000000082000000| Complete 
|  33|0x0000000082100000, 0x0000000082200000, 0x0000000082200000|100%| O|  |TAMS 0x0000000082200000, 0x0000000082100000| Complete 
|  34|0x0000000082200000, 0x0000000082300000, 0x0000000082300000|100%| O|  |TAMS 0x0000000082300000, 0x0000000082200000| Complete 
|  35|0x0000000082300000, 0x0000000082400000, 0x0000000082400000|100%| O|  |TAMS 0x0000000082400000, 0x0000000082300000| Complete 
|  36|0x0000000082400000, 0x0000000082500000, 0x0000000082500000|100%| O|  |TAMS 0x0000000082500000, 0x0000000082400000| Complete 
|  37|0x0000000082500000, 0x0000000082600000, 0x0000000082600000|100%| O|  |TAMS 0x0000000082600000, 0x0000000082500000| Complete 
|  38|0x0000000082600000, 0x0000000082600000, 0x0000000082700000|  0%| F|  |TAMS 0x0000000082600000, 0x0000000082600000| Untracked 
|  39|0x0000000082700000, 0x0000000082800000, 0x0000000082800000|100%| O|  |TAMS 0x0000000082800000, 0x0000000082700000| Complete 
|  40|0x0000000082800000, 0x0000000082900000, 0x0000000082900000|100%| O|  |TAMS 0x0000000082900000, 0x0000000082800000| Complete 
|  41|0x0000000082900000, 0x0000000082a00000, 0x0000000082a00000|100%| O|  |TAMS 0x0000000082a00000, 0x0000000082900000| Untracked 
|  42|0x0000000082a00000, 0x0000000082a00000, 0x0000000082b00000|  0%| F|  |TAMS 0x0000000082a00000, 0x0000000082a00000| Untracked 
|  43|0x0000000082b00000, 0x0000000082c00000, 0x0000000082c00000|100%| O|  |TAMS 0x0000000082c00000, 0x0000000082b00000| Complete 
|  44|0x0000000082c00000, 0x0000000082d00000, 0x0000000082d00000|100%| O|  |TAMS 0x0000000082d00000, 0x0000000082c00000| Complete 
|  45|0x0000000082d00000, 0x0000000082e00000, 0x0000000082e00000|100%| O|  |TAMS 0x0000000082e00000, 0x0000000082d00000| Complete 
|  46|0x0000000082e00000, 0x0000000082e00000, 0x0000000082f00000|  0%| F|  |TAMS 0x0000000082e00000, 0x0000000082e00000| Untracked 
|  47|0x0000000082f00000, 0x0000000082f00000, 0x0000000083000000|  0%| F|  |TAMS 0x0000000082f00000, 0x0000000082f00000| Untracked 
|  48|0x0000000083000000, 0x0000000083100000, 0x0000000083100000|100%| O|  |TAMS 0x0000000083100000, 0x0000000083000000| Complete 
|  49|0x0000000083100000, 0x0000000083200000, 0x0000000083200000|100%| O|  |TAMS 0x0000000083200000, 0x0000000083100000| Complete 
|  50|0x0000000083200000, 0x0000000083200000, 0x0000000083300000|  0%| F|  |TAMS 0x0000000083200000, 0x0000000083200000| Untracked 
|  51|0x0000000083300000, 0x0000000083300000, 0x0000000083400000|  0%| F|  |TAMS 0x0000000083300000, 0x0000000083300000| Untracked 
|  52|0x0000000083400000, 0x0000000083500000, 0x0000000083500000|100%| O|  |TAMS 0x0000000083500000, 0x0000000083400000| Complete 
|  53|0x0000000083500000, 0x0000000083500000, 0x0000000083600000|  0%| F|  |TAMS 0x0000000083500000, 0x0000000083500000| Untracked 
|  54|0x0000000083600000, 0x0000000083600000, 0x0000000083700000|  0%| F|  |TAMS 0x0000000083600000, 0x0000000083600000| Untracked 
|  55|0x0000000083700000, 0x0000000083800000, 0x0000000083800000|100%| O|  |TAMS 0x0000000083800000, 0x0000000083700000| Complete 
|  56|0x0000000083800000, 0x0000000083800000, 0x0000000083900000|  0%| F|  |TAMS 0x0000000083800000, 0x0000000083800000| Untracked 
|  57|0x0000000083900000, 0x0000000083a00000, 0x0000000083a00000|100%| O|  |TAMS 0x0000000083a00000, 0x0000000083900000| Complete 
|  58|0x0000000083a00000, 0x0000000083a00000, 0x0000000083b00000|  0%| F|  |TAMS 0x0000000083a00000, 0x0000000083a00000| Untracked 
|  59|0x0000000083b00000, 0x0000000083c00000, 0x0000000083c00000|100%| O|  |TAMS 0x0000000083c00000, 0x0000000083b00000| Complete 
|  60|0x0000000083c00000, 0x0000000083d00000, 0x0000000083d00000|100%|HS|  |TAMS 0x0000000083d00000, 0x0000000083c00000| Complete 
|  61|0x0000000083d00000, 0x0000000083e00000, 0x0000000083e00000|100%|HC|  |TAMS 0x0000000083e00000, 0x0000000083d00000| Complete 
|  62|0x0000000083e00000, 0x0000000083f00000, 0x0000000083f00000|100%|HC|  |TAMS 0x0000000083f00000, 0x0000000083e00000| Complete 
|  63|0x0000000083f00000, 0x0000000084000000, 0x0000000084000000|100%| O|  |TAMS 0x0000000084000000, 0x0000000083f00000| Untracked 
|  64|0x0000000084000000, 0x0000000084100000, 0x0000000084100000|100%| O|  |TAMS 0x0000000084100000, 0x0000000084000000| Complete 
|  65|0x0000000084100000, 0x0000000084200000, 0x0000000084200000|100%| O|  |TAMS 0x0000000084200000, 0x0000000084100000| Complete 
|  66|0x0000000084200000, 0x0000000084300000, 0x0000000084300000|100%| O|  |TAMS 0x0000000084300000, 0x0000000084200000| Complete 
|  67|0x0000000084300000, 0x0000000084400000, 0x0000000084400000|100%| O|  |TAMS 0x0000000084400000, 0x0000000084300000| Complete 
|  68|0x0000000084400000, 0x0000000084500000, 0x0000000084500000|100%| O|  |TAMS 0x0000000084500000, 0x0000000084400000| Complete 
|  69|0x0000000084500000, 0x0000000084600000, 0x0000000084600000|100%| O|  |TAMS 0x0000000084600000, 0x0000000084500000| Complete 
|  70|0x0000000084600000, 0x0000000084700000, 0x0000000084700000|100%| O|  |TAMS 0x0000000084700000, 0x0000000084600000| Untracked 
|  71|0x0000000084700000, 0x0000000084800000, 0x0000000084800000|100%| O|  |TAMS 0x0000000084800000, 0x0000000084700000| Complete 
|  72|0x0000000084800000, 0x0000000084900000, 0x0000000084900000|100%| O|  |TAMS 0x0000000084900000, 0x0000000084800000| Complete 
|  73|0x0000000084900000, 0x0000000084a00000, 0x0000000084a00000|100%| O|  |TAMS 0x0000000084a00000, 0x0000000084900000| Untracked 
|  74|0x0000000084a00000, 0x0000000084b00000, 0x0000000084b00000|100%| O|  |TAMS 0x0000000084b00000, 0x0000000084a00000| Untracked 
|  75|0x0000000084b00000, 0x0000000084c00000, 0x0000000084c00000|100%| O|  |TAMS 0x0000000084c00000, 0x0000000084b00000| Untracked 
|  76|0x0000000084c00000, 0x0000000084c00000, 0x0000000084d00000|  0%| F|  |TAMS 0x0000000084c00000, 0x0000000084c00000| Untracked 
|  77|0x0000000084d00000, 0x0000000084e00000, 0x0000000084e00000|100%| O|  |TAMS 0x0000000084e00000, 0x0000000084d00000| Complete 
|  78|0x0000000084e00000, 0x0000000084e00000, 0x0000000084f00000|  0%| F|  |TAMS 0x0000000084e00000, 0x0000000084e00000| Untracked 
|  79|0x0000000084f00000, 0x0000000085000000, 0x0000000085000000|100%| O|  |TAMS 0x0000000085000000, 0x0000000084f00000| Complete 
|  80|0x0000000085000000, 0x0000000085100000, 0x0000000085100000|100%| O|  |TAMS 0x0000000085100000, 0x0000000085000000| Untracked 
|  81|0x0000000085100000, 0x0000000085200000, 0x0000000085200000|100%| O|  |TAMS 0x0000000085200000, 0x0000000085100000| Complete 
|  82|0x0000000085200000, 0x0000000085300000, 0x0000000085300000|100%| O|  |TAMS 0x0000000085300000, 0x0000000085200000| Complete 
|  83|0x0000000085300000, 0x0000000085400000, 0x0000000085400000|100%| O|  |TAMS 0x0000000085400000, 0x0000000085300000| Complete 
|  84|0x0000000085400000, 0x0000000085400000, 0x0000000085500000|  0%| F|  |TAMS 0x0000000085400000, 0x0000000085400000| Untracked 
|  85|0x0000000085500000, 0x0000000085500000, 0x0000000085600000|  0%| F|  |TAMS 0x0000000085500000, 0x0000000085500000| Untracked 
|  86|0x0000000085600000, 0x0000000085700000, 0x0000000085700000|100%| O|  |TAMS 0x0000000085700000, 0x0000000085600000| Untracked 
|  87|0x0000000085700000, 0x0000000085800000, 0x0000000085800000|100%| O|  |TAMS 0x0000000085800000, 0x0000000085700000| Untracked 
|  88|0x0000000085800000, 0x0000000085900000, 0x0000000085900000|100%| O|  |TAMS 0x0000000085900000, 0x0000000085800000| Complete 
|  89|0x0000000085900000, 0x0000000085a00000, 0x0000000085a00000|100%| O|  |TAMS 0x0000000085a00000, 0x0000000085900000| Complete 
|  90|0x0000000085a00000, 0x0000000085b00000, 0x0000000085b00000|100%| O|  |TAMS 0x0000000085b00000, 0x0000000085a00000| Untracked 
|  91|0x0000000085b00000, 0x0000000085b00000, 0x0000000085c00000|  0%| F|  |TAMS 0x0000000085b00000, 0x0000000085b00000| Untracked 
|  92|0x0000000085c00000, 0x0000000085c00000, 0x0000000085d00000|  0%| F|  |TAMS 0x0000000085c00000, 0x0000000085c00000| Untracked 
|  93|0x0000000085d00000, 0x0000000085e00000, 0x0000000085e00000|100%|HS|  |TAMS 0x0000000085e00000, 0x0000000085d00000| Complete 
|  94|0x0000000085e00000, 0x0000000085f00000, 0x0000000085f00000|100%|HC|  |TAMS 0x0000000085f00000, 0x0000000085e00000| Complete 
|  95|0x0000000085f00000, 0x0000000086000000, 0x0000000086000000|100%|HS|  |TAMS 0x0000000086000000, 0x0000000085f00000| Complete 
|  96|0x0000000086000000, 0x0000000086100000, 0x0000000086100000|100%|HC|  |TAMS 0x0000000086100000, 0x0000000086000000| Complete 
|  97|0x0000000086100000, 0x0000000086200000, 0x0000000086200000|100%|HC|  |TAMS 0x0000000086200000, 0x0000000086100000| Complete 
|  98|0x0000000086200000, 0x0000000086300000, 0x0000000086300000|100%| O|  |TAMS 0x0000000086300000, 0x0000000086200000| Untracked 
|  99|0x0000000086300000, 0x0000000086400000, 0x0000000086400000|100%| O|  |TAMS 0x0000000086400000, 0x0000000086300000| Untracked 
| 100|0x0000000086400000, 0x0000000086400000, 0x0000000086500000|  0%| F|  |TAMS 0x0000000086400000, 0x0000000086400000| Untracked 
| 101|0x0000000086500000, 0x0000000086600000, 0x0000000086600000|100%|HS|  |TAMS 0x0000000086600000, 0x0000000086500000| Complete 
| 102|0x0000000086600000, 0x0000000086700000, 0x0000000086700000|100%|HC|  |TAMS 0x0000000086700000, 0x0000000086600000| Complete 
| 103|0x0000000086700000, 0x0000000086800000, 0x0000000086800000|100%|HC|  |TAMS 0x0000000086800000, 0x0000000086700000| Complete 
| 104|0x0000000086800000, 0x0000000086900000, 0x0000000086900000|100%|HC|  |TAMS 0x0000000086900000, 0x0000000086800000| Complete 
| 105|0x0000000086900000, 0x0000000086a00000, 0x0000000086a00000|100%|HC|  |TAMS 0x0000000086a00000, 0x0000000086900000| Complete 
| 106|0x0000000086a00000, 0x0000000086b00000, 0x0000000086b00000|100%|HS|  |TAMS 0x0000000086b00000, 0x0000000086a00000| Complete 
| 107|0x0000000086b00000, 0x0000000086c00000, 0x0000000086c00000|100%|HC|  |TAMS 0x0000000086c00000, 0x0000000086b00000| Complete 
| 108|0x0000000086c00000, 0x0000000086d00000, 0x0000000086d00000|100%|HC|  |TAMS 0x0000000086d00000, 0x0000000086c00000| Complete 
| 109|0x0000000086d00000, 0x0000000086e00000, 0x0000000086e00000|100%|HC|  |TAMS 0x0000000086e00000, 0x0000000086d00000| Complete 
| 110|0x0000000086e00000, 0x0000000086f00000, 0x0000000086f00000|100%|HC|  |TAMS 0x0000000086f00000, 0x0000000086e00000| Complete 
| 111|0x0000000086f00000, 0x0000000087000000, 0x0000000087000000|100%| O|  |TAMS 0x0000000087000000, 0x0000000086f00000| Complete 
| 112|0x0000000087000000, 0x0000000087100000, 0x0000000087100000|100%| O|  |TAMS 0x0000000087100000, 0x0000000087000000| Untracked 
| 113|0x0000000087100000, 0x0000000087100000, 0x0000000087200000|  0%| F|  |TAMS 0x0000000087100000, 0x0000000087100000| Untracked 
| 114|0x0000000087200000, 0x0000000087300000, 0x0000000087300000|100%| O|  |TAMS 0x0000000087300000, 0x0000000087200000| Untracked 
| 115|0x0000000087300000, 0x0000000087400000, 0x0000000087400000|100%| O|  |TAMS 0x0000000087400000, 0x0000000087300000| Complete 
| 116|0x0000000087400000, 0x0000000087500000, 0x0000000087500000|100%| O|  |TAMS 0x0000000087500000, 0x0000000087400000| Untracked 
| 117|0x0000000087500000, 0x0000000087600000, 0x0000000087600000|100%| O|  |TAMS 0x0000000087600000, 0x0000000087500000| Untracked 
| 118|0x0000000087600000, 0x0000000087700000, 0x0000000087700000|100%| O|  |TAMS 0x0000000087700000, 0x0000000087600000| Complete 
| 119|0x0000000087700000, 0x0000000087800000, 0x0000000087800000|100%| O|  |TAMS 0x0000000087800000, 0x0000000087700000| Untracked 
| 120|0x0000000087800000, 0x0000000087900000, 0x0000000087900000|100%| O|  |TAMS 0x0000000087900000, 0x0000000087800000| Untracked 
| 121|0x0000000087900000, 0x0000000087a00000, 0x0000000087a00000|100%| O|  |TAMS 0x0000000087a00000, 0x0000000087900000| Untracked 
| 122|0x0000000087a00000, 0x0000000087b00000, 0x0000000087b00000|100%| O|  |TAMS 0x0000000087b00000, 0x0000000087a00000| Complete 
| 123|0x0000000087b00000, 0x0000000087c00000, 0x0000000087c00000|100%| O|  |TAMS 0x0000000087c00000, 0x0000000087b00000| Complete 
| 124|0x0000000087c00000, 0x0000000087d00000, 0x0000000087d00000|100%| O|  |TAMS 0x0000000087d00000, 0x0000000087c00000| Complete 
| 125|0x0000000087d00000, 0x0000000087e00000, 0x0000000087e00000|100%| O|  |TAMS 0x0000000087e00000, 0x0000000087d00000| Untracked 
| 126|0x0000000087e00000, 0x0000000087f00000, 0x0000000087f00000|100%| O|  |TAMS 0x0000000087f00000, 0x0000000087e00000| Untracked 
| 127|0x0000000087f00000, 0x0000000087f00000, 0x0000000088000000|  0%| F|  |TAMS 0x0000000087f00000, 0x0000000087f00000| Untracked 
| 128|0x0000000088000000, 0x0000000088100000, 0x0000000088100000|100%| O|  |TAMS 0x0000000088100000, 0x0000000088000000| Untracked 
| 129|0x0000000088100000, 0x0000000088200000, 0x0000000088200000|100%| O|  |TAMS 0x0000000088200000, 0x0000000088100000| Untracked 
| 130|0x0000000088200000, 0x0000000088300000, 0x0000000088300000|100%| O|  |TAMS 0x0000000088300000, 0x0000000088200000| Complete 
| 131|0x0000000088300000, 0x0000000088400000, 0x0000000088400000|100%| O|  |TAMS 0x0000000088400000, 0x0000000088300000| Complete 
| 132|0x0000000088400000, 0x0000000088500000, 0x0000000088500000|100%| O|  |TAMS 0x0000000088500000, 0x0000000088400000| Complete 
| 133|0x0000000088500000, 0x0000000088600000, 0x0000000088600000|100%| O|  |TAMS 0x0000000088600000, 0x0000000088500000| Untracked 
| 134|0x0000000088600000, 0x0000000088700000, 0x0000000088700000|100%| O|  |TAMS 0x0000000088700000, 0x0000000088600000| Untracked 
| 135|0x0000000088700000, 0x0000000088800000, 0x0000000088800000|100%| O|  |TAMS 0x0000000088800000, 0x0000000088700000| Complete 
| 136|0x0000000088800000, 0x0000000088900000, 0x0000000088900000|100%|HS|  |TAMS 0x0000000088900000, 0x0000000088800000| Complete 
| 137|0x0000000088900000, 0x0000000088a00000, 0x0000000088a00000|100%|HC|  |TAMS 0x0000000088a00000, 0x0000000088900000| Complete 
| 138|0x0000000088a00000, 0x0000000088a00000, 0x0000000088b00000|  0%| F|  |TAMS 0x0000000088a00000, 0x0000000088a00000| Untracked 
| 139|0x0000000088b00000, 0x0000000088c00000, 0x0000000088c00000|100%| O|  |TAMS 0x0000000088c00000, 0x0000000088b00000| Untracked 
| 140|0x0000000088c00000, 0x0000000088d00000, 0x0000000088d00000|100%| O|  |TAMS 0x0000000088d00000, 0x0000000088c00000| Complete 
| 141|0x0000000088d00000, 0x0000000088d4d400, 0x0000000088e00000| 30%| O|  |TAMS 0x0000000088d4d400, 0x0000000088d00000| Untracked 
| 142|0x0000000088e00000, 0x0000000088e00000, 0x0000000088f00000|  0%| F|  |TAMS 0x0000000088e00000, 0x0000000088e00000| Untracked 
| 143|0x0000000088f00000, 0x0000000088f00000, 0x0000000089000000|  0%| F|  |TAMS 0x0000000088f00000, 0x0000000088f00000| Untracked 
| 144|0x0000000089000000, 0x0000000089000000, 0x0000000089100000|  0%| F|  |TAMS 0x0000000089000000, 0x0000000089000000| Untracked 
| 145|0x0000000089100000, 0x0000000089100000, 0x0000000089200000|  0%| F|  |TAMS 0x0000000089100000, 0x0000000089100000| Untracked 
| 146|0x0000000089200000, 0x0000000089200000, 0x0000000089300000|  0%| F|  |TAMS 0x0000000089200000, 0x0000000089200000| Untracked 
| 147|0x0000000089300000, 0x0000000089300000, 0x0000000089400000|  0%| F|  |TAMS 0x0000000089300000, 0x0000000089300000| Untracked 
| 148|0x0000000089400000, 0x0000000089400000, 0x0000000089500000|  0%| F|  |TAMS 0x0000000089400000, 0x0000000089400000| Untracked 
| 149|0x0000000089500000, 0x0000000089500000, 0x0000000089600000|  0%| F|  |TAMS 0x0000000089500000, 0x0000000089500000| Untracked 
| 150|0x0000000089600000, 0x0000000089600000, 0x0000000089700000|  0%| F|  |TAMS 0x0000000089600000, 0x0000000089600000| Untracked 
| 151|0x0000000089700000, 0x0000000089700000, 0x0000000089800000|  0%| F|  |TAMS 0x0000000089700000, 0x0000000089700000| Untracked 
| 152|0x0000000089800000, 0x0000000089900000, 0x0000000089900000|100%| O|  |TAMS 0x0000000089900000, 0x0000000089800000| Untracked 
| 153|0x0000000089900000, 0x0000000089a00000, 0x0000000089a00000|100%| O|  |TAMS 0x0000000089a00000, 0x0000000089900000| Complete 
| 154|0x0000000089a00000, 0x0000000089b00000, 0x0000000089b00000|100%| O|  |TAMS 0x0000000089b00000, 0x0000000089a00000| Complete 
| 155|0x0000000089b00000, 0x0000000089c00000, 0x0000000089c00000|100%| O|  |TAMS 0x0000000089c00000, 0x0000000089b00000| Complete 
| 156|0x0000000089c00000, 0x0000000089c00000, 0x0000000089d00000|  0%| F|  |TAMS 0x0000000089c00000, 0x0000000089c00000| Untracked 
| 157|0x0000000089d00000, 0x0000000089d00000, 0x0000000089e00000|  0%| F|  |TAMS 0x0000000089d00000, 0x0000000089d00000| Untracked 
| 158|0x0000000089e00000, 0x0000000089e00000, 0x0000000089f00000|  0%| F|  |TAMS 0x0000000089e00000, 0x0000000089e00000| Untracked 
| 159|0x0000000089f00000, 0x0000000089f00000, 0x000000008a000000|  0%| F|  |TAMS 0x0000000089f00000, 0x0000000089f00000| Untracked 
| 160|0x000000008a000000, 0x000000008a000000, 0x000000008a100000|  0%| F|  |TAMS 0x000000008a000000, 0x000000008a000000| Untracked 
| 161|0x000000008a100000, 0x000000008a100000, 0x000000008a200000|  0%| F|  |TAMS 0x000000008a100000, 0x000000008a100000| Untracked 
| 162|0x000000008a200000, 0x000000008a200000, 0x000000008a300000|  0%| F|  |TAMS 0x000000008a200000, 0x000000008a200000| Untracked 
| 163|0x000000008a300000, 0x000000008a300000, 0x000000008a400000|  0%| F|  |TAMS 0x000000008a300000, 0x000000008a300000| Untracked 
| 164|0x000000008a400000, 0x000000008a400000, 0x000000008a500000|  0%| F|  |TAMS 0x000000008a400000, 0x000000008a400000| Untracked 
| 165|0x000000008a500000, 0x000000008a500000, 0x000000008a600000|  0%| F|  |TAMS 0x000000008a500000, 0x000000008a500000| Untracked 
| 166|0x000000008a600000, 0x000000008a600000, 0x000000008a700000|  0%| F|  |TAMS 0x000000008a600000, 0x000000008a600000| Untracked 
| 167|0x000000008a700000, 0x000000008a700000, 0x000000008a800000|  0%| F|  |TAMS 0x000000008a700000, 0x000000008a700000| Untracked 
| 168|0x000000008a800000, 0x000000008a8ce070, 0x000000008a900000| 80%| S|CS|TAMS 0x000000008a800000, 0x000000008a800000| Complete 
| 169|0x000000008a900000, 0x000000008aa00000, 0x000000008aa00000|100%| S|CS|TAMS 0x000000008a900000, 0x000000008a900000| Complete 
| 170|0x000000008aa00000, 0x000000008ab00000, 0x000000008ab00000|100%| S|CS|TAMS 0x000000008aa00000, 0x000000008aa00000| Complete 
| 171|0x000000008ab00000, 0x000000008ab00000, 0x000000008ac00000|  0%| F|  |TAMS 0x000000008ab00000, 0x000000008ab00000| Untracked 
| 172|0x000000008ac00000, 0x000000008ac00000, 0x000000008ad00000|  0%| F|  |TAMS 0x000000008ac00000, 0x000000008ac00000| Untracked 
| 173|0x000000008ad00000, 0x000000008ad00000, 0x000000008ae00000|  0%| F|  |TAMS 0x000000008ad00000, 0x000000008ad00000| Untracked 
| 174|0x000000008ae00000, 0x000000008ae00000, 0x000000008af00000|  0%| F|  |TAMS 0x000000008ae00000, 0x000000008ae00000| Untracked 
| 175|0x000000008af00000, 0x000000008af00000, 0x000000008b000000|  0%| F|  |TAMS 0x000000008af00000, 0x000000008af00000| Untracked 
| 176|0x000000008b000000, 0x000000008b000000, 0x000000008b100000|  0%| F|  |TAMS 0x000000008b000000, 0x000000008b000000| Untracked 
| 177|0x000000008b100000, 0x000000008b100000, 0x000000008b200000|  0%| F|  |TAMS 0x000000008b100000, 0x000000008b100000| Untracked 
| 178|0x000000008b200000, 0x000000008b200000, 0x000000008b300000|  0%| F|  |TAMS 0x000000008b200000, 0x000000008b200000| Untracked 
| 179|0x000000008b300000, 0x000000008b300000, 0x000000008b400000|  0%| F|  |TAMS 0x000000008b300000, 0x000000008b300000| Untracked 
| 180|0x000000008b400000, 0x000000008b400000, 0x000000008b500000|  0%| F|  |TAMS 0x000000008b400000, 0x000000008b400000| Untracked 
| 181|0x000000008b500000, 0x000000008b500000, 0x000000008b600000|  0%| F|  |TAMS 0x000000008b500000, 0x000000008b500000| Untracked 
| 182|0x000000008b600000, 0x000000008b600000, 0x000000008b700000|  0%| F|  |TAMS 0x000000008b600000, 0x000000008b600000| Untracked 
| 183|0x000000008b700000, 0x000000008b700000, 0x000000008b800000|  0%| F|  |TAMS 0x000000008b700000, 0x000000008b700000| Untracked 
| 184|0x000000008b800000, 0x000000008b800000, 0x000000008b900000|  0%| F|  |TAMS 0x000000008b800000, 0x000000008b800000| Untracked 
| 185|0x000000008b900000, 0x000000008b900000, 0x000000008ba00000|  0%| F|  |TAMS 0x000000008b900000, 0x000000008b900000| Untracked 
| 186|0x000000008ba00000, 0x000000008ba00000, 0x000000008bb00000|  0%| F|  |TAMS 0x000000008ba00000, 0x000000008ba00000| Untracked 
| 187|0x000000008bb00000, 0x000000008bb00000, 0x000000008bc00000|  0%| F|  |TAMS 0x000000008bb00000, 0x000000008bb00000| Untracked 
| 188|0x000000008bc00000, 0x000000008bc00000, 0x000000008bd00000|  0%| F|  |TAMS 0x000000008bc00000, 0x000000008bc00000| Untracked 
| 189|0x000000008bd00000, 0x000000008bd00000, 0x000000008be00000|  0%| F|  |TAMS 0x000000008bd00000, 0x000000008bd00000| Untracked 
| 190|0x000000008be00000, 0x000000008be00000, 0x000000008bf00000|  0%| F|  |TAMS 0x000000008be00000, 0x000000008be00000| Untracked 
| 191|0x000000008bf00000, 0x000000008bf00000, 0x000000008c000000|  0%| F|  |TAMS 0x000000008bf00000, 0x000000008bf00000| Untracked 
| 192|0x000000008c000000, 0x000000008c000000, 0x000000008c100000|  0%| F|  |TAMS 0x000000008c000000, 0x000000008c000000| Untracked 
| 193|0x000000008c100000, 0x000000008c100000, 0x000000008c200000|  0%| F|  |TAMS 0x000000008c100000, 0x000000008c100000| Untracked 
| 194|0x000000008c200000, 0x000000008c200000, 0x000000008c300000|  0%| F|  |TAMS 0x000000008c200000, 0x000000008c200000| Untracked 
| 195|0x000000008c300000, 0x000000008c300000, 0x000000008c400000|  0%| F|  |TAMS 0x000000008c300000, 0x000000008c300000| Untracked 
| 196|0x000000008c400000, 0x000000008c400000, 0x000000008c500000|  0%| F|  |TAMS 0x000000008c400000, 0x000000008c400000| Untracked 
| 197|0x000000008c500000, 0x000000008c500000, 0x000000008c600000|  0%| F|  |TAMS 0x000000008c500000, 0x000000008c500000| Untracked 
| 198|0x000000008c600000, 0x000000008c600000, 0x000000008c700000|  0%| F|  |TAMS 0x000000008c600000, 0x000000008c600000| Untracked 
| 199|0x000000008c700000, 0x000000008c700000, 0x000000008c800000|  0%| F|  |TAMS 0x000000008c700000, 0x000000008c700000| Untracked 
| 200|0x000000008c800000, 0x000000008c800000, 0x000000008c900000|  0%| F|  |TAMS 0x000000008c800000, 0x000000008c800000| Untracked 
| 201|0x000000008c900000, 0x000000008c900000, 0x000000008ca00000|  0%| F|  |TAMS 0x000000008c900000, 0x000000008c900000| Untracked 
| 202|0x000000008ca00000, 0x000000008ca00000, 0x000000008cb00000|  0%| F|  |TAMS 0x000000008ca00000, 0x000000008ca00000| Untracked 
| 203|0x000000008cb00000, 0x000000008cb00000, 0x000000008cc00000|  0%| F|  |TAMS 0x000000008cb00000, 0x000000008cb00000| Untracked 
| 204|0x000000008cc00000, 0x000000008cc00000, 0x000000008cd00000|  0%| F|  |TAMS 0x000000008cc00000, 0x000000008cc00000| Untracked 
| 205|0x000000008cd00000, 0x000000008cd00000, 0x000000008ce00000|  0%| F|  |TAMS 0x000000008cd00000, 0x000000008cd00000| Untracked 
| 206|0x000000008ce00000, 0x000000008ce00000, 0x000000008cf00000|  0%| F|  |TAMS 0x000000008ce00000, 0x000000008ce00000| Untracked 
| 207|0x000000008cf00000, 0x000000008cf00000, 0x000000008d000000|  0%| F|  |TAMS 0x000000008cf00000, 0x000000008cf00000| Untracked 
| 208|0x000000008d000000, 0x000000008d000000, 0x000000008d100000|  0%| F|  |TAMS 0x000000008d000000, 0x000000008d000000| Untracked 
| 209|0x000000008d100000, 0x000000008d100000, 0x000000008d200000|  0%| F|  |TAMS 0x000000008d100000, 0x000000008d100000| Untracked 
| 210|0x000000008d200000, 0x000000008d200000, 0x000000008d300000|  0%| F|  |TAMS 0x000000008d200000, 0x000000008d200000| Untracked 
| 211|0x000000008d300000, 0x000000008d300000, 0x000000008d400000|  0%| F|  |TAMS 0x000000008d300000, 0x000000008d300000| Untracked 
| 212|0x000000008d400000, 0x000000008d400000, 0x000000008d500000|  0%| F|  |TAMS 0x000000008d400000, 0x000000008d400000| Untracked 
| 213|0x000000008d500000, 0x000000008d500000, 0x000000008d600000|  0%| F|  |TAMS 0x000000008d500000, 0x000000008d500000| Untracked 
| 214|0x000000008d600000, 0x000000008d600000, 0x000000008d700000|  0%| F|  |TAMS 0x000000008d600000, 0x000000008d600000| Untracked 
| 215|0x000000008d700000, 0x000000008d700000, 0x000000008d800000|  0%| F|  |TAMS 0x000000008d700000, 0x000000008d700000| Untracked 
| 216|0x000000008d800000, 0x000000008d800000, 0x000000008d900000|  0%| F|  |TAMS 0x000000008d800000, 0x000000008d800000| Untracked 
| 217|0x000000008d900000, 0x000000008d9851e0, 0x000000008da00000| 51%| E|  |TAMS 0x000000008d900000, 0x000000008d900000| Complete 
| 218|0x000000008da00000, 0x000000008db00000, 0x000000008db00000|100%| E|CS|TAMS 0x000000008da00000, 0x000000008da00000| Complete 
| 219|0x000000008db00000, 0x000000008dc00000, 0x000000008dc00000|100%| E|CS|TAMS 0x000000008db00000, 0x000000008db00000| Complete 
| 220|0x000000008dc00000, 0x000000008dd00000, 0x000000008dd00000|100%| E|CS|TAMS 0x000000008dc00000, 0x000000008dc00000| Complete 
| 221|0x000000008dd00000, 0x000000008de00000, 0x000000008de00000|100%| E|CS|TAMS 0x000000008dd00000, 0x000000008dd00000| Complete 
| 222|0x000000008de00000, 0x000000008df00000, 0x000000008df00000|100%| E|CS|TAMS 0x000000008de00000, 0x000000008de00000| Complete 
| 223|0x000000008df00000, 0x000000008e000000, 0x000000008e000000|100%| E|CS|TAMS 0x000000008df00000, 0x000000008df00000| Complete 
| 224|0x000000008e000000, 0x000000008e100000, 0x000000008e100000|100%| E|CS|TAMS 0x000000008e000000, 0x000000008e000000| Complete 
| 225|0x000000008e100000, 0x000000008e200000, 0x000000008e200000|100%| E|CS|TAMS 0x000000008e100000, 0x000000008e100000| Complete 
| 226|0x000000008e200000, 0x000000008e300000, 0x000000008e300000|100%| E|CS|TAMS 0x000000008e200000, 0x000000008e200000| Complete 
| 227|0x000000008e300000, 0x000000008e400000, 0x000000008e400000|100%| E|CS|TAMS 0x000000008e300000, 0x000000008e300000| Complete 
| 228|0x000000008e400000, 0x000000008e500000, 0x000000008e500000|100%| E|CS|TAMS 0x000000008e400000, 0x000000008e400000| Complete 
| 229|0x000000008e500000, 0x000000008e600000, 0x000000008e600000|100%| E|CS|TAMS 0x000000008e500000, 0x000000008e500000| Complete 
| 230|0x000000008e600000, 0x000000008e700000, 0x000000008e700000|100%| E|CS|TAMS 0x000000008e600000, 0x000000008e600000| Complete 
| 231|0x000000008e700000, 0x000000008e800000, 0x000000008e800000|100%| E|CS|TAMS 0x000000008e700000, 0x000000008e700000| Complete 
| 232|0x000000008e800000, 0x000000008e900000, 0x000000008e900000|100%| E|CS|TAMS 0x000000008e800000, 0x000000008e800000| Complete 
| 233|0x000000008e900000, 0x000000008ea00000, 0x000000008ea00000|100%| E|CS|TAMS 0x000000008e900000, 0x000000008e900000| Complete 
| 234|0x000000008ea00000, 0x000000008eb00000, 0x000000008eb00000|100%| E|CS|TAMS 0x000000008ea00000, 0x000000008ea00000| Complete 
| 235|0x000000008eb00000, 0x000000008ec00000, 0x000000008ec00000|100%| E|CS|TAMS 0x000000008eb00000, 0x000000008eb00000| Complete 
| 236|0x000000008ec00000, 0x000000008ed00000, 0x000000008ed00000|100%| E|CS|TAMS 0x000000008ec00000, 0x000000008ec00000| Complete 
| 237|0x000000008ed00000, 0x000000008ee00000, 0x000000008ee00000|100%| E|CS|TAMS 0x000000008ed00000, 0x000000008ed00000| Complete 
| 238|0x000000008ee00000, 0x000000008ef00000, 0x000000008ef00000|100%| E|CS|TAMS 0x000000008ee00000, 0x000000008ee00000| Complete 
| 239|0x000000008ef00000, 0x000000008f000000, 0x000000008f000000|100%| E|CS|TAMS 0x000000008ef00000, 0x000000008ef00000| Complete 
| 240|0x000000008f000000, 0x000000008f100000, 0x000000008f100000|100%| E|CS|TAMS 0x000000008f000000, 0x000000008f000000| Complete 
| 241|0x000000008f100000, 0x000000008f200000, 0x000000008f200000|100%| E|CS|TAMS 0x000000008f100000, 0x000000008f100000| Complete 
| 242|0x000000008f200000, 0x000000008f300000, 0x000000008f300000|100%| E|CS|TAMS 0x000000008f200000, 0x000000008f200000| Complete 
| 243|0x000000008f300000, 0x000000008f400000, 0x000000008f400000|100%| E|CS|TAMS 0x000000008f300000, 0x000000008f300000| Complete 
| 244|0x000000008f400000, 0x000000008f500000, 0x000000008f500000|100%| E|CS|TAMS 0x000000008f400000, 0x000000008f400000| Complete 
| 245|0x000000008f500000, 0x000000008f600000, 0x000000008f600000|100%| E|CS|TAMS 0x000000008f500000, 0x000000008f500000| Complete 
| 246|0x000000008f600000, 0x000000008f700000, 0x000000008f700000|100%| E|CS|TAMS 0x000000008f600000, 0x000000008f600000| Complete 
| 247|0x000000008f700000, 0x000000008f800000, 0x000000008f800000|100%| E|CS|TAMS 0x000000008f700000, 0x000000008f700000| Complete 
| 248|0x000000008f800000, 0x000000008f900000, 0x000000008f900000|100%| E|CS|TAMS 0x000000008f800000, 0x000000008f800000| Complete 
| 249|0x000000008f900000, 0x000000008fa00000, 0x000000008fa00000|100%| E|CS|TAMS 0x000000008f900000, 0x000000008f900000| Complete 
| 250|0x000000008fa00000, 0x000000008fb00000, 0x000000008fb00000|100%| E|CS|TAMS 0x000000008fa00000, 0x000000008fa00000| Complete 
| 251|0x000000008fb00000, 0x000000008fc00000, 0x000000008fc00000|100%| E|CS|TAMS 0x000000008fb00000, 0x000000008fb00000| Complete 
| 252|0x000000008fc00000, 0x000000008fd00000, 0x000000008fd00000|100%| E|CS|TAMS 0x000000008fc00000, 0x000000008fc00000| Complete 
| 253|0x000000008fd00000, 0x000000008fe00000, 0x000000008fe00000|100%| E|CS|TAMS 0x000000008fd00000, 0x000000008fd00000| Complete 
| 254|0x000000008fe00000, 0x000000008ff00000, 0x000000008ff00000|100%| E|CS|TAMS 0x000000008fe00000, 0x000000008fe00000| Complete 
| 255|0x000000008ff00000, 0x0000000090000000, 0x0000000090000000|100%| E|CS|TAMS 0x000000008ff00000, 0x000000008ff00000| Complete 

Card table byte_map: [0x000002fdbe240000,0x000002fdbe640000] _byte_map_base: 0x000002fdbde40000

Marking Bits (Prev, Next): (CMBitMap*) 0x000002fdaa6dddf8, (CMBitMap*) 0x000002fdaa6dde30
 Prev Bits: [0x000002fdbea40000, 0x000002fdc0a40000)
 Next Bits: [0x000002fdc0a40000, 0x000002fdc2a40000)

Polling page: 0x000002fdaa780000

Metaspace:

Usage:
  Non-class:    125.82 MB capacity,   122.60 MB ( 97%) used,     2.67 MB (  2%) free+waste,   557.38 KB ( <1%) overhead. 
      Class:     18.79 MB capacity,    17.18 MB ( 91%) used,     1.36 MB (  7%) free+waste,   242.25 KB (  1%) overhead. 
       Both:    144.60 MB capacity,   139.78 MB ( 97%) used,     4.04 MB (  3%) free+waste,   799.63 KB ( <1%) overhead. 

Virtual space:
  Non-class space:      126.00 MB reserved,     126.00 MB (100%) committed 
      Class space:        1.00 GB reserved,      19.50 MB (  2%) committed 
             Both:        1.12 GB reserved,     145.50 MB ( 13%) committed 

Chunk freelists:
   Non-Class:  1.00 KB
       Class:  700.00 KB
        Both:  701.00 KB

MaxMetaspaceSize: 17179869184.00 GB
CompressedClassSpaceSize: 1.00 GB

CodeHeap 'non-profiled nmethods': size=120000Kb used=22830Kb max_used=22830Kb free=97169Kb
 bounds [0x000002fdb5c80000, 0x000002fdb72d0000, 0x000002fdbd1b0000]
CodeHeap 'profiled nmethods': size=120000Kb used=57770Kb max_used=57770Kb free=62229Kb
 bounds [0x000002fdae750000, 0x000002fdb1ff0000, 0x000002fdb5c80000]
CodeHeap 'non-nmethods': size=5760Kb used=2376Kb max_used=2464Kb free=3383Kb
 bounds [0x000002fdae1b0000, 0x000002fdae430000, 0x000002fdae750000]
 total_blobs=27765 nmethods=26760 adapters=915
 compilation: enabled
              stopped_count=0, restarted_count=0
 full_count=0

Compilation events (20 events):
Event: 4921.905 Thread 0x000002fdc6030800 30750       3       org.gradle.api.internal.FactoryNamedDomainObjectContainer_Decorated::getInstantiator (39 bytes)
Event: 4921.905 Thread 0x000002fdc6030800 nmethod 30750 0x000002fdb1fde010 code [0x000002fdb1fde240, 0x000002fdb1fde968]
Event: 4921.905 Thread 0x000002fdc6030800 30751       3       com.google.common.collect.CompactLinkedHashMap::resizeEntries (18 bytes)
Event: 4921.905 Thread 0x000002fdc6030800 nmethod 30751 0x000002fdb1fdeb90 code [0x000002fdb1fded80, 0x000002fdb1fdf198]
Event: 4921.905 Thread 0x000002fdc6030800 30752       3       org.gradle.api.internal.artifacts.ivyservice.moduleconverter.dependencies.ExternalModuleIvyDependencyDescriptorFactory::createDependencyDescriptor (180 bytes)
Event: 4921.906 Thread 0x000002fdc6030800 nmethod 30752 0x000002fdb1fdf310 code [0x000002fdb1fdf700, 0x000002fdb1fe1548]
Event: 4921.906 Thread 0x000002fdc6030800 30753       3       org.gradle.api.internal.artifacts.dependencies.DefaultMutableVersionConstraint::asImmutable (28 bytes)
Event: 4921.906 Thread 0x000002fdc6030800 nmethod 30753 0x000002fdb1fe1f10 code [0x000002fdb1fe20c0, 0x000002fdb1fe2288]
Event: 4921.906 Thread 0x000002fdc6030800 30754       3       org.gradle.api.internal.artifacts.ivyservice.moduleconverter.dependencies.AbstractIvyDependencyDescriptorFactory::convertExcludeRules (19 bytes)
Event: 4921.906 Thread 0x000002fdc6030800 nmethod 30754 0x000002fdb1fe2390 code [0x000002fdb1fe25c0, 0x000002fdb1fe2cf8]
Event: 4921.906 Thread 0x000002fdc6030800 30755       3       org.gradle.api.internal.artifacts.ivyservice.moduleconverter.dependencies.AbstractIvyDependencyDescriptorFactory$$Lambda$432/0x0000000100602c40::get$Lambda (9 bytes)
Event: 4921.906 Thread 0x000002fdc6030800 nmethod 30755 0x000002fdb1fe2f90 code [0x000002fdb1fe3160, 0x000002fdb1fe33b8]
Event: 4921.932 Thread 0x000002fdc6030800 30760       3       org.gradle.api.internal.artifacts.ivyservice.resolveengine.graph.builder.NodeState::canIgnoreExternalVariant (57 bytes)
Event: 4921.933 Thread 0x000002fdc6030800 nmethod 30760 0x000002fdb1fe3490 code [0x000002fdb1fe36e0, 0x000002fdb1fe3fb8]
Event: 4921.940 Thread 0x000002fdc6030800 30761       3       org.gradle.api.internal.provider.AbstractCollectionProperty::calculateValueFrom (10 bytes)
Event: 4921.940 Thread 0x000002fdc6030800 nmethod 30761 0x000002fdb1fe4210 code [0x000002fdb1fe43e0, 0x000002fdb1fe4788]
Event: 4921.956 Thread 0x000002fdc6030800 30763       3       org.gradle.api.internal.file.FileCollectionBackedFileTree$$Lambda$679/0x00000001008c3840::get (12 bytes)
Event: 4921.956 Thread 0x000002fdc6030800 nmethod 30763 0x000002fdb1fe4890 code [0x000002fdb1fe4a80, 0x000002fdb1fe5018]
Event: 4921.956 Thread 0x000002fdc6030800 30764       3       org.gradle.api.internal.file.FileCollectionBackedFileTree::lambda$matching$0 (21 bytes)
Event: 4921.956 Thread 0x000002fdc6030800 nmethod 30764 0x000002fdb1fe5210 code [0x000002fdb1fe5400, 0x000002fdb1fe5938]

GC Heap History (20 events):
Event: 4007.524 GC heap before
{Heap before GC invocations=64 (full 0):
 garbage-first heap   total 262144K, used 205239K [0x0000000080000000, 0x0000000100000000)
  region size 1024K, 85 young (87040K), 2 survivors (2048K)
 Metaspace       used 143103K, capacity 148073K, committed 148992K, reserved 1177600K
  class space    used 17679K, capacity 19296K, committed 19968K, reserved 1048576K
}
Event: 4007.534 GC heap after
{Heap after GC invocations=65 (full 0):
 garbage-first heap   total 262144K, used 126317K [0x0000000080000000, 0x0000000100000000)
  region size 1024K, 8 young (8192K), 8 survivors (8192K)
 Metaspace       used 143103K, capacity 148073K, committed 148992K, reserved 1177600K
  class space    used 17679K, capacity 19296K, committed 19968K, reserved 1048576K
}
Event: 4008.273 GC heap before
{Heap before GC invocations=66 (full 0):
 garbage-first heap   total 262144K, used 209261K [0x0000000080000000, 0x0000000100000000)
  region size 1024K, 88 young (90112K), 8 survivors (8192K)
 Metaspace       used 142477K, capacity 147384K, committed 148992K, reserved 1177600K
  class space    used 17561K, capacity 19169K, committed 19968K, reserved 1048576K
}
Event: 4008.280 GC heap after
{Heap after GC invocations=67 (full 0):
 garbage-first heap   total 262144K, used 133313K [0x0000000080000000, 0x0000000100000000)
  region size 1024K, 6 young (6144K), 6 survivors (6144K)
 Metaspace       used 142477K, capacity 147384K, committed 148992K, reserved 1177600K
  class space    used 17561K, capacity 19169K, committed 19968K, reserved 1048576K
}
Event: 4008.292 GC heap before
{Heap before GC invocations=67 (full 0):
 garbage-first heap   total 262144K, used 139457K [0x0000000080000000, 0x0000000100000000)
  region size 1024K, 12 young (12288K), 6 survivors (6144K)
 Metaspace       used 142490K, capacity 147384K, committed 148992K, reserved 1177600K
  class space    used 17561K, capacity 19169K, committed 19968K, reserved 1048576K
}
Event: 4008.302 GC heap after
{Heap after GC invocations=68 (full 0):
 garbage-first heap   total 262144K, used 126952K [0x0000000080000000, 0x0000000100000000)
  region size 1024K, 1 young (1024K), 1 survivors (1024K)
 Metaspace       used 142490K, capacity 147384K, committed 148992K, reserved 1177600K
  class space    used 17561K, capacity 19169K, committed 19968K, reserved 1048576K
}
Event: 4008.532 GC heap before
{Heap before GC invocations=68 (full 0):
 garbage-first heap   total 262144K, used 194536K [0x0000000080000000, 0x0000000100000000)
  region size 1024K, 69 young (70656K), 1 survivors (1024K)
 Metaspace       used 142585K, capacity 147456K, committed 148992K, reserved 1177600K
  class space    used 17561K, capacity 19169K, committed 19968K, reserved 1048576K
}
Event: 4008.536 GC heap after
{Heap after GC invocations=69 (full 0):
 garbage-first heap   total 262144K, used 126822K [0x0000000080000000, 0x0000000100000000)
  region size 1024K, 1 young (1024K), 1 survivors (1024K)
 Metaspace       used 142585K, capacity 147456K, committed 148992K, reserved 1177600K
  class space    used 17561K, capacity 19169K, committed 19968K, reserved 1048576K
}
Event: 4680.461 GC heap before
{Heap before GC invocations=70 (full 0):
 garbage-first heap   total 262144K, used 225126K [0x0000000080000000, 0x0000000100000000)
  region size 1024K, 86 young (88064K), 1 survivors (1024K)
 Metaspace       used 142441K, capacity 147225K, committed 148992K, reserved 1177600K
  class space    used 17539K, capacity 19131K, committed 19968K, reserved 1048576K
}
Event: 4680.467 GC heap after
{Heap after GC invocations=71 (full 0):
 garbage-first heap   total 262144K, used 137750K [0x0000000080000000, 0x0000000100000000)
  region size 1024K, 10 young (10240K), 10 survivors (10240K)
 Metaspace       used 142441K, capacity 147225K, committed 148992K, reserved 1177600K
  class space    used 17539K, capacity 19131K, committed 19968K, reserved 1048576K
}
Event: 4680.523 GC heap before
{Heap before GC invocations=71 (full 0):
 garbage-first heap   total 262144K, used 139798K [0x0000000080000000, 0x0000000100000000)
  region size 1024K, 12 young (12288K), 10 survivors (10240K)
 Metaspace       used 142442K, capacity 147225K, committed 148992K, reserved 1177600K
  class space    used 17539K, capacity 19131K, committed 19968K, reserved 1048576K
}
Event: 4680.532 GC heap after
{Heap after GC invocations=72 (full 0):
 garbage-first heap   total 262144K, used 134712K [0x0000000080000000, 0x0000000100000000)
  region size 1024K, 2 young (2048K), 2 survivors (2048K)
 Metaspace       used 142442K, capacity 147225K, committed 148992K, reserved 1177600K
  class space    used 17539K, capacity 19131K, committed 19968K, reserved 1048576K
}
Event: 4681.036 GC heap before
{Heap before GC invocations=72 (full 0):
 garbage-first heap   total 262144K, used 212536K [0x0000000080000000, 0x0000000100000000)
  region size 1024K, 79 young (80896K), 2 survivors (2048K)
 Metaspace       used 142816K, capacity 147653K, committed 148992K, reserved 1177600K
  class space    used 17562K, capacity 19169K, committed 19968K, reserved 1048576K
}
Event: 4681.045 GC heap after
{Heap after GC invocations=73 (full 0):
 garbage-first heap   total 262144K, used 140844K [0x0000000080000000, 0x0000000100000000)
  region size 1024K, 8 young (8192K), 8 survivors (8192K)
 Metaspace       used 142816K, capacity 147653K, committed 148992K, reserved 1177600K
  class space    used 17562K, capacity 19169K, committed 19968K, reserved 1048576K
}
Event: 4681.329 GC heap before
{Heap before GC invocations=74 (full 0):
 garbage-first heap   total 262144K, used 222764K [0x0000000080000000, 0x0000000100000000)
  region size 1024K, 79 young (80896K), 8 survivors (8192K)
 Metaspace       used 142932K, capacity 147793K, committed 148992K, reserved 1177600K
  class space    used 17562K, capacity 19170K, committed 19968K, reserved 1048576K
}
Event: 4681.332 GC heap after
{Heap after GC invocations=75 (full 0):
 garbage-first heap   total 262144K, used 139313K [0x0000000080000000, 0x0000000100000000)
  region size 1024K, 2 young (2048K), 2 survivors (2048K)
 Metaspace       used 142932K, capacity 147793K, committed 148992K, reserved 1177600K
  class space    used 17562K, capacity 19170K, committed 19968K, reserved 1048576K
}
Event: 4871.932 GC heap before
{Heap before GC invocations=75 (full 0):
 garbage-first heap   total 262144K, used 149553K [0x0000000080000000, 0x0000000100000000)
  region size 1024K, 12 young (12288K), 2 survivors (2048K)
 Metaspace       used 142945K, capacity 147793K, committed 148992K, reserved 1177600K
  class space    used 17562K, capacity 19170K, committed 19968K, reserved 1048576K
}
Event: 4871.941 GC heap after
{Heap after GC invocations=76 (full 0):
 garbage-first heap   total 262144K, used 130004K [0x0000000080000000, 0x0000000100000000)
  region size 1024K, 2 young (2048K), 2 survivors (2048K)
 Metaspace       used 142945K, capacity 147793K, committed 148992K, reserved 1177600K
  class space    used 17562K, capacity 19170K, committed 19968K, reserved 1048576K
}
Event: 4921.713 GC heap before
{Heap before GC invocations=76 (full 0):
 garbage-first heap   total 262144K, used 213972K [0x0000000080000000, 0x0000000100000000)
  region size 1024K, 85 young (87040K), 2 survivors (2048K)
 Metaspace       used 143042K, capacity 147867K, committed 148992K, reserved 1177600K
  class space    used 17563K, capacity 19171K, committed 19968K, reserved 1048576K
}
Event: 4921.722 GC heap after
{Heap after GC invocations=77 (full 0):
 garbage-first heap   total 262144K, used 131181K [0x0000000080000000, 0x0000000100000000)
  region size 1024K, 3 young (3072K), 3 survivors (3072K)
 Metaspace       used 143042K, capacity 147867K, committed 148992K, reserved 1177600K
  class space    used 17563K, capacity 19171K, committed 19968K, reserved 1048576K
}

Deoptimization events (20 events):
Event: 4680.958 Thread 0x000002fdd35c4000 DEOPT PACKING pc=0x000002fdb715e85c sp=0x000000fec5ffa9f0
Event: 4680.958 Thread 0x000002fdd35c4000 DEOPT UNPACKING pc=0x000002fdae1d78af sp=0x000000fec5ffa898 mode 2
Event: 4680.958 Thread 0x000002fdd35c4000 Uncommon trap: trap_request=0xffffff6e fr.pc=0x000002fdb715e85c relative=0x000000000000537c
Event: 4680.958 Thread 0x000002fdd35c4000 Uncommon trap: reason=speculate_class_check action=maybe_recompile pc=0x000002fdb715e85c method=java.io.ObjectInputStream.readNonProxyDesc(Z)Ljava/io/ObjectStreamClass; @ 105 c2
Event: 4680.958 Thread 0x000002fdd35c4000 DEOPT PACKING pc=0x000002fdb715e85c sp=0x000000fec5ffa440
Event: 4680.958 Thread 0x000002fdd35c4000 DEOPT UNPACKING pc=0x000002fdae1d78af sp=0x000000fec5ffa2e8 mode 2
Event: 4680.996 Thread 0x000002fdcb9b6000 DEOPT PACKING pc=0x000002fdb14a437a sp=0x000000fec5dfca70
Event: 4680.996 Thread 0x000002fdcb9b6000 DEOPT UNPACKING pc=0x000002fdae1d76ce sp=0x000000fec5dfc200 mode 0
Event: 4681.141 Thread 0x000002fdcb9b6000 DEOPT PACKING pc=0x000002fdb165dcf6 sp=0x000000fec5dfd130
Event: 4681.141 Thread 0x000002fdcb9b6000 DEOPT UNPACKING pc=0x000002fdae1d76ce sp=0x000000fec5dfc658 mode 0
Event: 4872.026 Thread 0x000002fdd3624800 DEOPT PACKING pc=0x000002fdaf669ddf sp=0x000000fec35f8700
Event: 4872.026 Thread 0x000002fdd3624800 DEOPT UNPACKING pc=0x000002fdae1d76ce sp=0x000000fec35f7b88 mode 0
Event: 4872.050 Thread 0x000002fdd3624800 Uncommon trap: trap_request=0xfffffff4 fr.pc=0x000002fdb719c3a4 relative=0x0000000000000164
Event: 4872.050 Thread 0x000002fdd3624800 Uncommon trap: reason=null_check action=make_not_entrant pc=0x000002fdb719c3a4 method=org.gradle.api.internal.collections.CollectionFilter.filter(Ljava/lang/Object;)Ljava/lang/Object; @ 5 c2
Event: 4872.050 Thread 0x000002fdd3624800 DEOPT PACKING pc=0x000002fdb719c3a4 sp=0x000000fec35fa7c0
Event: 4872.050 Thread 0x000002fdd3624800 DEOPT UNPACKING pc=0x000002fdae1d78af sp=0x000000fec35fa760 mode 2
Event: 4872.219 Thread 0x000002fdc6cb9000 DEOPT PACKING pc=0x000002fdafd385a2 sp=0x000000fec5ffaa80
Event: 4872.219 Thread 0x000002fdc6cb9000 DEOPT UNPACKING pc=0x000002fdae1d76ce sp=0x000000fec5ff9f10 mode 0
Event: 4921.651 Thread 0x000002fdd3624800 DEOPT PACKING pc=0x000002fdb05207a0 sp=0x000000fec35f9600
Event: 4921.651 Thread 0x000002fdd3624800 DEOPT UNPACKING pc=0x000002fdae1d76ce sp=0x000000fec35f8a08 mode 0

Classes redefined (0 events):
No events

Internal exceptions (20 events):
Event: 4681.176 Thread 0x000002fdcb9b8800 Exception <a 'sun/nio/fs/WindowsException'{0x000000008d391dc0}> (0x000000008d391dc0) thrown at [./src/hotspot/share/prims/jni.cpp, line 615]
Event: 4681.177 Thread 0x000002fdcb9b8800 Exception <a 'sun/nio/fs/WindowsException'{0x000000008d4c9618}> (0x000000008d4c9618) thrown at [./src/hotspot/share/prims/jni.cpp, line 615]
Event: 4681.178 Thread 0x000002fdcb9b8800 Exception <a 'sun/nio/fs/WindowsException'{0x000000008d4d4640}> (0x000000008d4d4640) thrown at [./src/hotspot/share/prims/jni.cpp, line 615]
Event: 4681.244 Thread 0x000002fdcd904800 Exception <a 'sun/nio/fs/WindowsException'{0x000000008cd3ad98}> (0x000000008cd3ad98) thrown at [./src/hotspot/share/prims/jni.cpp, line 615]
Event: 4681.256 Thread 0x000002fdcd904800 Exception <a 'sun/nio/fs/WindowsException'{0x000000008caf0a60}> (0x000000008caf0a60) thrown at [./src/hotspot/share/prims/jni.cpp, line 615]
Event: 4871.999 Thread 0x000002fdd3624800 Exception <a 'sun/nio/fs/WindowsException'{0x000000008f2c4d00}> (0x000000008f2c4d00) thrown at [./src/hotspot/share/prims/jni.cpp, line 615]
Event: 4872.006 Thread 0x000002fdd3624800 Exception <a 'sun/nio/fs/WindowsException'{0x000000008f016480}> (0x000000008f016480) thrown at [./src/hotspot/share/prims/jni.cpp, line 615]
Event: 4872.050 Thread 0x000002fdd3624800 Implicit null exception at 0x000002fdb719c27e to 0x000002fdb719c390
Event: 4872.093 Thread 0x000002fdd3624800 Exception <a 'java/lang/NoClassDefFoundError'{0x000000008e2b1550}: org/jetbrains/kotlin/gradle/plugin/KotlinBasePluginWrapper> (0x000000008e2b1550) thrown at [./src/hotspot/share/oops/constantPool.cpp, line 775]
Event: 4872.105 Thread 0x000002fdd3624800 Exception <a 'sun/nio/fs/WindowsException'{0x000000008df3d540}> (0x000000008df3d540) thrown at [./src/hotspot/share/prims/jni.cpp, line 615]
Event: 4872.105 Thread 0x000002fdd3624800 Exception <a 'sun/nio/fs/WindowsException'{0x000000008df3e620}> (0x000000008df3e620) thrown at [./src/hotspot/share/prims/jni.cpp, line 615]
Event: 4872.105 Thread 0x000002fdd3624800 Exception <a 'sun/nio/fs/WindowsException'{0x000000008df3f750}> (0x000000008df3f750) thrown at [./src/hotspot/share/prims/jni.cpp, line 615]
Event: 4872.105 Thread 0x000002fdd3624800 Exception <a 'sun/nio/fs/WindowsException'{0x000000008df40880}> (0x000000008df40880) thrown at [./src/hotspot/share/prims/jni.cpp, line 615]
Event: 4921.682 Thread 0x000002fdd3624800 Exception <a 'sun/nio/fs/WindowsException'{0x000000008b0e3378}> (0x000000008b0e3378) thrown at [./src/hotspot/share/prims/jni.cpp, line 615]
Event: 4921.689 Thread 0x000002fdd3624800 Exception <a 'sun/nio/fs/WindowsException'{0x000000008ae34660}> (0x000000008ae34660) thrown at [./src/hotspot/share/prims/jni.cpp, line 615]
Event: 4921.832 Thread 0x000002fdd3624800 Exception <a 'java/lang/NoClassDefFoundError'{0x000000008f418818}: org/jetbrains/kotlin/gradle/plugin/KotlinBasePluginWrapper> (0x000000008f418818) thrown at [./src/hotspot/share/oops/constantPool.cpp, line 775]
Event: 4921.850 Thread 0x000002fdd3624800 Exception <a 'sun/nio/fs/WindowsException'{0x000000008f116578}> (0x000000008f116578) thrown at [./src/hotspot/share/prims/jni.cpp, line 615]
Event: 4921.850 Thread 0x000002fdd3624800 Exception <a 'sun/nio/fs/WindowsException'{0x000000008f117658}> (0x000000008f117658) thrown at [./src/hotspot/share/prims/jni.cpp, line 615]
Event: 4921.850 Thread 0x000002fdd3624800 Exception <a 'sun/nio/fs/WindowsException'{0x000000008f118788}> (0x000000008f118788) thrown at [./src/hotspot/share/prims/jni.cpp, line 615]
Event: 4921.850 Thread 0x000002fdd3624800 Exception <a 'sun/nio/fs/WindowsException'{0x000000008f1198b8}> (0x000000008f1198b8) thrown at [./src/hotspot/share/prims/jni.cpp, line 615]

Events (20 events):
Event: 4921.872 Executing VM operation: RevokeBias
Event: 4921.873 Executing VM operation: RevokeBias done
Event: 4921.873 Executing VM operation: RevokeBias
Event: 4921.874 Executing VM operation: RevokeBias done
Event: 4921.875 Executing VM operation: RevokeBias
Event: 4921.875 Executing VM operation: RevokeBias done
Event: 4921.904 Executing VM operation: RevokeBias
Event: 4921.904 Executing VM operation: RevokeBias done
Event: 4921.937 Executing VM operation: RevokeBias
Event: 4921.938 Executing VM operation: RevokeBias done
Event: 4921.938 Executing VM operation: RevokeBias
Event: 4921.938 Executing VM operation: RevokeBias done
Event: 4921.938 Executing VM operation: RevokeBias
Event: 4921.938 Executing VM operation: RevokeBias done
Event: 4921.938 Executing VM operation: RevokeBias
Event: 4921.938 Executing VM operation: RevokeBias done
Event: 4921.944 Executing VM operation: RevokeBias
Event: 4921.945 Executing VM operation: RevokeBias done
Event: 4921.945 Executing VM operation: RevokeBias
Event: 4921.945 Executing VM operation: RevokeBias done


Dynamic libraries:
0x00007ff7628a0000 - 0x00007ff7628aa000 	C:\Program Files\Android\Android Studio\jre\bin\java.exe
0x00007ffd1dcb0000 - 0x00007ffd1dea5000 	C:\WINDOWS\SYSTEM32\ntdll.dll
0x00007ffd1cdb0000 - 0x00007ffd1ce6e000 	C:\WINDOWS\System32\KERNEL32.DLL
0x00007ffd1b920000 - 0x00007ffd1bbe8000 	C:\WINDOWS\System32\KERNELBASE.dll
0x00007ffd1bbf0000 - 0x00007ffd1bcf0000 	C:\WINDOWS\System32\ucrtbase.dll
0x00007ffd0c8a0000 - 0x00007ffd0c8b9000 	C:\Program Files\Android\Android Studio\jre\bin\jli.dll
0x00007ffd08860000 - 0x00007ffd08877000 	C:\Program Files\Android\Android Studio\jre\bin\VCRUNTIME140.dll
0x00007ffd1da20000 - 0x00007ffd1dbc1000 	C:\WINDOWS\System32\USER32.dll
0x00007ffd1b450000 - 0x00007ffd1b472000 	C:\WINDOWS\System32\win32u.dll
0x00007ffd1ccc0000 - 0x00007ffd1cceb000 	C:\WINDOWS\System32\GDI32.dll
0x00007ffd1b780000 - 0x00007ffd1b88d000 	C:\WINDOWS\System32\gdi32full.dll
0x00007ffd02cd0000 - 0x00007ffd02f6a000 	C:\WINDOWS\WinSxS\amd64_microsoft.windows.common-controls_6595b64144ccf1df_6.0.19041.1110_none_60b5254171f9507e\COMCTL32.dll
0x00007ffd1b530000 - 0x00007ffd1b5cd000 	C:\WINDOWS\System32\msvcp_win.dll
0x00007ffd1c050000 - 0x00007ffd1c0ee000 	C:\WINDOWS\System32\msvcrt.dll
0x00007ffd1cd80000 - 0x00007ffd1cdb0000 	C:\WINDOWS\System32\IMM32.DLL
0x00007ffcf5c40000 - 0x00007ffcf5cdd000 	C:\Program Files\Android\Android Studio\jre\bin\msvcp140.dll
0x00007ffcbb860000 - 0x00007ffcbc32f000 	C:\Program Files\Android\Android Studio\jre\bin\server\jvm.dll
0x00007ffd1d790000 - 0x00007ffd1d83e000 	C:\WINDOWS\System32\ADVAPI32.dll
0x00007ffd1dbd0000 - 0x00007ffd1dc6c000 	C:\WINDOWS\System32\sechost.dll
0x00007ffd1d840000 - 0x00007ffd1d965000 	C:\WINDOWS\System32\RPCRT4.dll
0x00007ffd1c8f0000 - 0x00007ffd1c8f8000 	C:\WINDOWS\System32\PSAPI.DLL
0x00007ffd05850000 - 0x00007ffd05859000 	C:\WINDOWS\SYSTEM32\WSOCK32.dll
0x00007ffd10ec0000 - 0x00007ffd10ee7000 	C:\WINDOWS\SYSTEM32\WINMM.dll
0x00007ffd157a0000 - 0x00007ffd157aa000 	C:\WINDOWS\SYSTEM32\VERSION.dll
0x00007ffd1ca30000 - 0x00007ffd1ca9b000 	C:\WINDOWS\System32\WS2_32.dll
0x00007ffd192d0000 - 0x00007ffd192e2000 	C:\WINDOWS\SYSTEM32\kernel.appcore.dll
0x00007ffd17020000 - 0x00007ffd17031000 	C:\Program Files\Android\Android Studio\jre\bin\verify.dll
0x00007ffd0fc50000 - 0x00007ffd0fe34000 	C:\WINDOWS\SYSTEM32\DBGHELP.DLL
0x00007ffd0fad0000 - 0x00007ffd0fafc000 	C:\WINDOWS\SYSTEM32\dbgcore.DLL
0x00007ffd1b890000 - 0x00007ffd1b912000 	C:\WINDOWS\System32\bcryptPrimitives.dll
0x00007ffd11a90000 - 0x00007ffd11ab9000 	C:\Program Files\Android\Android Studio\jre\bin\java.dll
0x00007ffd17080000 - 0x00007ffd1708b000 	C:\Program Files\Android\Android Studio\jre\bin\jimage.dll
0x00007ffd16fa0000 - 0x00007ffd16fb8000 	C:\Program Files\Android\Android Studio\jre\bin\zip.dll
0x00007ffd1c0f0000 - 0x00007ffd1c834000 	C:\WINDOWS\System32\SHELL32.dll
0x00007ffd194d0000 - 0x00007ffd19c65000 	C:\WINDOWS\SYSTEM32\windows.storage.dll
0x00007ffd1bcf0000 - 0x00007ffd1c045000 	C:\WINDOWS\System32\combase.dll
0x00007ffd1ae10000 - 0x00007ffd1ae3e000 	C:\WINDOWS\SYSTEM32\Wldp.dll
0x00007ffd1c840000 - 0x00007ffd1c8ed000 	C:\WINDOWS\System32\SHCORE.dll
0x00007ffd1d2f0000 - 0x00007ffd1d345000 	C:\WINDOWS\System32\shlwapi.dll
0x00007ffd1b300000 - 0x00007ffd1b31f000 	C:\WINDOWS\SYSTEM32\profapi.dll
0x00007ffd11b60000 - 0x00007ffd11b7a000 	C:\Program Files\Android\Android Studio\jre\bin\net.dll
0x00007ffd16700000 - 0x00007ffd1680c000 	C:\WINDOWS\SYSTEM32\WINHTTP.dll
0x00007ffd1aaf0000 - 0x00007ffd1ab5a000 	C:\WINDOWS\system32\mswsock.dll
0x00007ffd11a70000 - 0x00007ffd11a84000 	C:\Program Files\Android\Android Studio\jre\bin\nio.dll
0x00007ffd0ff70000 - 0x00007ffd0ff97000 	C:\Users\coding\.gradle\native\8bec1ad78214c89d9ad589b4d07fe93259594b29d510b10fafb7a158f7737e5d\windows-amd64\native-platform.dll
0x00007ffcd2900000 - 0x00007ffcd2a3d000 	C:\Users\coding\.gradle\native\53dbd7edfb1c66fb8903c78663c9afc45aea4f116125fa6feffd364cf09443e8\windows-amd64\native-platform-file-events.dll
0x00007ffd16f10000 - 0x00007ffd16f1a000 	C:\Program Files\Android\Android Studio\jre\bin\management.dll
0x00007ffd11cb0000 - 0x00007ffd11cbc000 	C:\Program Files\Android\Android Studio\jre\bin\management_ext.dll
0x00007ffd1ace0000 - 0x00007ffd1acf8000 	C:\WINDOWS\SYSTEM32\CRYPTSP.dll
0x00007ffd1a420000 - 0x00007ffd1a454000 	C:\WINDOWS\system32\rsaenh.dll
0x00007ffd1b3c0000 - 0x00007ffd1b3e7000 	C:\WINDOWS\System32\bcrypt.dll
0x00007ffd1b2c0000 - 0x00007ffd1b2ee000 	C:\WINDOWS\SYSTEM32\USERENV.dll
0x00007ffd1ad00000 - 0x00007ffd1ad0c000 	C:\WINDOWS\SYSTEM32\CRYPTBASE.dll
0x00007ffd1a790000 - 0x00007ffd1a7cb000 	C:\WINDOWS\SYSTEM32\IPHLPAPI.DLL
0x00007ffd1caa0000 - 0x00007ffd1caa8000 	C:\WINDOWS\System32\NSI.dll
0x00007ffd156a0000 - 0x00007ffd156b7000 	C:\WINDOWS\SYSTEM32\dhcpcsvc6.DLL
0x00007ffd15c40000 - 0x00007ffd15c5d000 	C:\WINDOWS\SYSTEM32\dhcpcsvc.DLL
0x00007ffd1a7d0000 - 0x00007ffd1a89b000 	C:\WINDOWS\SYSTEM32\DNSAPI.dll
0x00007ffd0ffa0000 - 0x00007ffd0ffc7000 	C:\Program Files\Android\Android Studio\jre\bin\sunec.dll

dbghelp: loaded successfully - version: 4.0.5 - missing functions: none
symbol engine: initialized successfully - sym options: 0x614 - pdb path: .;C:\Program Files\Android\Android Studio\jre\bin;C:\WINDOWS\SYSTEM32;C:\WINDOWS\WinSxS\amd64_microsoft.windows.common-controls_6595b64144ccf1df_6.0.19041.1110_none_60b5254171f9507e;C:\Program Files\Android\Android Studio\jre\bin\server;C:\Users\coding\.gradle\native\8bec1ad78214c89d9ad589b4d07fe93259594b29d510b10fafb7a158f7737e5d\windows-amd64;C:\Users\coding\.gradle\native\53dbd7edfb1c66fb8903c78663c9afc45aea4f116125fa6feffd364cf09443e8\windows-amd64

VM Arguments:
jvm_args: --add-opens=java.base/java.util=ALL-UNNAMED --add-opens=java.base/java.lang=ALL-UNNAMED --add-opens=java.base/java.lang.invoke=ALL-UNNAMED --add-opens=java.base/java.util=ALL-UNNAMED --add-opens=java.prefs/java.util.prefs=ALL-UNNAMED --add-opens=java.prefs/java.util.prefs=ALL-UNNAMED --add-opens=java.base/java.nio.charset=ALL-UNNAMED --add-opens=java.base/java.net=ALL-UNNAMED --add-opens=java.base/java.util.concurrent.atomic=ALL-UNNAMED -Xmx2048m -Dfile.encoding=UTF-8 -Duser.country=KR -Duser.language=ko -Duser.variant 
java_command: org.gradle.launcher.daemon.bootstrap.GradleDaemon 7.0.2
java_class_path (initial): C:\Users\coding\.gradle\wrapper\dists\gradle-7.0.2-bin\857tjihv64xamwrf0h14cai3r\gradle-7.0.2\lib\gradle-launcher-7.0.2.jar
Launcher Type: SUN_STANDARD

[Global flags]
     intx CICompilerCount                          = 4                                         {product} {ergonomic}
     uint ConcGCThreads                            = 3                                         {product} {ergonomic}
     uint G1ConcRefinementThreads                  = 10                                        {product} {ergonomic}
   size_t G1HeapRegionSize                         = 1048576                                   {product} {ergonomic}
    uintx GCDrainStackTargetSize                   = 64                                        {product} {ergonomic}
   size_t InitialHeapSize                          = 268435456                                 {product} {ergonomic}
   size_t MarkStackSize                            = 4194304                                   {product} {ergonomic}
   size_t MaxHeapSize                              = 2147483648                                {product} {command line}
   size_t MaxNewSize                               = 1287651328                                {product} {ergonomic}
   size_t MinHeapDeltaBytes                        = 1048576                                   {product} {ergonomic}
    uintx NonNMethodCodeHeapSize                   = 5836300                                {pd product} {ergonomic}
    uintx NonProfiledCodeHeapSize                  = 122910970                              {pd product} {ergonomic}
    uintx ProfiledCodeHeapSize                     = 122910970                              {pd product} {ergonomic}
    uintx ReservedCodeCacheSize                    = 251658240                              {pd product} {ergonomic}
     bool SegmentedCodeCache                       = true                                      {product} {ergonomic}
     bool UseCompressedClassPointers               = true                                 {lp64_product} {ergonomic}
     bool UseCompressedOops                        = true                                 {lp64_product} {ergonomic}
     bool UseG1GC                                  = true                                      {product} {ergonomic}
     bool UseLargePagesIndividualAllocation        = false                                  {pd product} {ergonomic}

Logging:
Log output configuration:
 #0: stdout all=warning uptime,level,tags
 #1: stderr all=off uptime,level,tags

Environment Variables:
PATH=C:\Program Files\Common Files\Oracle\Java\javapath;C:\oraclexe\app\oracle\product\11.2.0\server\bin;;C:\Windows\system32;C:\Windows;C:\Windows\System32\Wbem;C:\Windows\System32\WindowsPowerShell\v1.0\;C:\Windows\System32\OpenSSH\;C:\Program Files\NVIDIA Corporation\NVIDIA NvDLISR;C:\Program Files (x86)\NVIDIA Corporation\PhysX\Common;C:\WINDOWS\system32;C:\WINDOWS;C:\WINDOWS\System32\Wbem;C:\WINDOWS\System32\WindowsPowerShell\v1.0\;C:\WINDOWS\System32\OpenSSH\;C:\Users\coding\AppData\Local\Microsoft\WindowsApps;C:\Users\coding\giit\Git\cmd
USERNAME=coding
OS=Windows_NT
PROCESSOR_IDENTIFIER=AMD64 Family 23 Model 113 Stepping 0, AuthenticAMD



---------------  S Y S T E M  ---------------

OS: Windows 10 , 64 bit Build 19041 (10.0.19041.1466)
OS uptime: 1 days 20:05 hours

CPU:total 12 (initial active 12) (12 cores per cpu, 2 threads per core) family 23 model 113 stepping 0 microcode 0x0, cmov, cx8, fxsr, mmx, sse, sse2, sse3, ssse3, sse4.1, sse4.2, popcnt, avx, avx2, aes, clmul, mmxext, 3dnowpref, lzcnt, sse4a, ht, tsc, tscinvbit, tscinv, bmi1, bmi2, adx,

Memory: 4k page, system-wide physical 16318M (3668M free)
TotalPageFile size 19253M (AvailPageFile size 1M)
current process WorkingSet (physical memory assigned to process): 627M, peak: 659M
current process commit charge ("private bytes"): 707M, peak: 737M

vm_info: OpenJDK 64-Bit Server VM (11.0.10+0-b96-7249189) for windows-amd64 JRE (11.0.10+0-b96-7249189), built on Mar 31 2021 21:44:00 by "builder" with MS VC++ 14.0 (VS2015)

END.
