#
# There is insufficient memory for the Java Runtime Environment to continue.
# Native memory allocation (malloc) failed to allocate 759296 bytes for Chunk::new
# Possible reasons:
#   The system is out of physical RAM or swap space
#   The process is running with CompressedOops enabled, and the Java Heap may be blocking the growth of the native heap
# Possible solutions:
#   Reduce memory load on the system
#   Increase physical memory or swap space
#   Check if swap backing store is full
#   Decrease Java heap size (-Xmx/-Xms)
#   Decrease number of Java threads
#   Decrease Java thread stack sizes (-Xss)
#   Set larger code cache with -XX:ReservedCodeCacheSize=
#   JVM is running with Unscaled Compressed Oops mode in which the Java heap is
#     placed in the first 4GB address space. The Java Heap base address is the
#     maximum limit for the native heap growth. Please use -XX:HeapBaseMinAddress
#     to set the Java Heap base and to place the Java Heap above 4GB virtual address.
# This output file may be truncated or incomplete.
#
#  Out of Memory Error (./src/hotspot/share/memory/arena.cpp:197), pid=28608, tid=16092
#
# JRE version: OpenJDK Runtime Environment (11.0.10) (build 11.0.10+0-b96-7249189)
# Java VM: OpenJDK 64-Bit Server VM (11.0.10+0-b96-7249189, mixed mode, tiered, compressed oops, g1 gc, windows-amd64)
# No core dump will be written. Minidumps are not enabled by default on client versions of Windows
#

---------------  S U M M A R Y ------------

Command Line: --add-opens=java.base/java.util=ALL-UNNAMED --add-opens=java.base/java.lang=ALL-UNNAMED --add-opens=java.base/java.lang.invoke=ALL-UNNAMED --add-opens=java.base/java.util=ALL-UNNAMED --add-opens=java.prefs/java.util.prefs=ALL-UNNAMED --add-opens=java.prefs/java.util.prefs=ALL-UNNAMED --add-opens=java.base/java.nio.charset=ALL-UNNAMED --add-opens=java.base/java.net=ALL-UNNAMED --add-opens=java.base/java.util.concurrent.atomic=ALL-UNNAMED -Xmx2048m -Dfile.encoding=UTF-8 -Duser.country=KR -Duser.language=ko -Duser.variant org.gradle.launcher.daemon.bootstrap.GradleDaemon 7.0.2

Host: AMD Ryzen 5 3600 6-Core Processor              , 12 cores, 15G,  Windows 10 , 64 bit Build 19041 (10.0.19041.1466)
Time: Tue Jan 18 21:14:58 2022 대한민국 표준시 elapsed time: 6.060740 seconds (0d 0h 0m 6s)

---------------  T H R E A D  ---------------

Current thread (0x00000157fe0a8000):  JavaThread "C2 CompilerThread2" daemon [_thread_in_native, id=16092, stack(0x00000041d0300000,0x00000041d0400000)]


Current CompileTask:
C2:   6060 6783 %     4       com.android.build.gradle.internal.cxx.settings.ParseMacroStringKt::tokenizeMacroString @ 27 (457 bytes)

Stack: [0x00000041d0300000,0x00000041d0400000]
Native frames: (J=compiled Java code, j=interpreted, Vv=VM code, C=native code)
V  [jvm.dll+0x5ecfaa]
V  [jvm.dll+0x722bd5]
V  [jvm.dll+0x72412d]
V  [jvm.dll+0x7247e3]
V  [jvm.dll+0x242928]
V  [jvm.dll+0xbc4fc]
V  [jvm.dll+0xbca0c]
V  [jvm.dll+0x2b4fd4]
V  [jvm.dll+0x506028]
V  [jvm.dll+0x1fc985]
V  [jvm.dll+0x1fa77f]
V  [jvm.dll+0x18354c]
V  [jvm.dll+0x208ee7]
V  [jvm.dll+0x207731]
V  [jvm.dll+0x6eb1cf]
V  [jvm.dll+0x6e3d45]
V  [jvm.dll+0x5ebe96]
C  [ucrtbase.dll+0x21bb2]
C  [KERNEL32.DLL+0x17034]
C  [ntdll.dll+0x52651]


---------------  P R O C E S S  ---------------

Threads class SMR info:
_java_thread_list=0x00000157916bb4c0, length=60, elements={
0x00000157ed89a000, 0x00000157f997e800, 0x00000157fa1b5000, 0x00000157fa1dc800,
0x00000157fa1de800, 0x00000157fa231800, 0x00000157fa23a800, 0x00000157fa24a800,
0x00000157fa260800, 0x00000157fa3af800, 0x00000157fbaa8800, 0x00000157fa49c800,
0x00000157fb625800, 0x00000157fc932000, 0x00000157fb943800, 0x00000157fd26d800,
0x00000157fcf56800, 0x00000157fb1c6800, 0x00000157fb65c800, 0x00000157fc788800,
0x00000157fc787800, 0x00000157fc786000, 0x00000157fc78a000, 0x00000157fd400800,
0x00000157fc789000, 0x00000157fc785000, 0x00000157fc784800, 0x00000157fc78b000,
0x00000157fc786800, 0x00000157fdfeb000, 0x00000157fe0a8000, 0x00000157fdfee000,
0x00000157fdfef000, 0x00000157fdfea000, 0x00000157fdfec800, 0x00000157fdff5800,
0x00000157fdff4800, 0x00000157fdff3000, 0x00000157fdfef800, 0x00000157fdff2000,
0x00000157fdff6800, 0x00000157fdff4000, 0x00000157fdff1800, 0x00000157fdff0800,
0x00000157fdff7000, 0x00000157fdff8000, 0x0000015790ad5800, 0x0000015790ad3000,
0x0000015790ad7000, 0x0000015790ad4800, 0x0000015790ad8000, 0x0000015790ad6000,
0x0000015790ad8800, 0x0000015790ad9800, 0x0000015790ad4000, 0x0000015790add800,
0x0000015790ae0000, 0x0000015790ada800, 0x0000015790ade800, 0x0000015790ae1000
}

Java Threads: ( => current thread )
  0x00000157ed89a000 JavaThread "main" [_thread_blocked, id=16608, stack(0x00000041cd300000,0x00000041cd400000)]
  0x00000157f997e800 JavaThread "Reference Handler" daemon [_thread_blocked, id=24484, stack(0x00000041cda00000,0x00000041cdb00000)]
  0x00000157fa1b5000 JavaThread "Finalizer" daemon [_thread_blocked, id=25808, stack(0x00000041cdb00000,0x00000041cdc00000)]
  0x00000157fa1dc800 JavaThread "Signal Dispatcher" daemon [_thread_blocked, id=2280, stack(0x00000041cdc00000,0x00000041cdd00000)]
  0x00000157fa1de800 JavaThread "Attach Listener" daemon [_thread_blocked, id=28100, stack(0x00000041cdd00000,0x00000041cde00000)]
  0x00000157fa231800 JavaThread "Service Thread" daemon [_thread_blocked, id=20456, stack(0x00000041cde00000,0x00000041cdf00000)]
  0x00000157fa23a800 JavaThread "C2 CompilerThread0" daemon [_thread_blocked, id=2652, stack(0x00000041cdf00000,0x00000041ce000000)]
  0x00000157fa24a800 JavaThread "C1 CompilerThread0" daemon [_thread_blocked, id=28920, stack(0x00000041ce000000,0x00000041ce100000)]
  0x00000157fa260800 JavaThread "Sweeper thread" daemon [_thread_blocked, id=24624, stack(0x00000041ce100000,0x00000041ce200000)]
  0x00000157fa3af800 JavaThread "Common-Cleaner" daemon [_thread_blocked, id=18356, stack(0x00000041ce200000,0x00000041ce300000)]
  0x00000157fbaa8800 JavaThread "Daemon health stats" [_thread_blocked, id=14712, stack(0x00000041ceb00000,0x00000041cec00000)]
  0x00000157fa49c800 JavaThread "Incoming local TCP Connector on port 58505" [_thread_in_native, id=22208, stack(0x00000041ce400000,0x00000041ce500000)]
  0x00000157fb625800 JavaThread "Daemon periodic checks" [_thread_blocked, id=30952, stack(0x00000041cea00000,0x00000041ceb00000)]
  0x00000157fc932000 JavaThread "Daemon" [_thread_blocked, id=20336, stack(0x00000041cec00000,0x00000041ced00000)]
  0x00000157fb943800 JavaThread "Handler for socket connection from /127.0.0.1:58505 to /127.0.0.1:58506" [_thread_in_native, id=25380, stack(0x00000041ced00000,0x00000041cee00000)]
  0x00000157fd26d800 JavaThread "Cancel handler" [_thread_blocked, id=25672, stack(0x00000041cee00000,0x00000041cef00000)]
  0x00000157fcf56800 JavaThread "Daemon worker" [_thread_in_native, id=23660, stack(0x00000041cef00000,0x00000041cf000000)]
  0x00000157fb1c6800 JavaThread "Asynchronous log dispatcher for DefaultDaemonConnection: socket connection from /127.0.0.1:58505 to /127.0.0.1:58506" [_thread_blocked, id=10944, stack(0x00000041cf000000,0x00000041cf100000)]
  0x00000157fb65c800 JavaThread "Stdin handler" [_thread_blocked, id=18936, stack(0x00000041cf100000,0x00000041cf200000)]
  0x00000157fc788800 JavaThread "Daemon client event forwarder" [_thread_blocked, id=19384, stack(0x00000041cf200000,0x00000041cf300000)]
  0x00000157fc787800 JavaThread "Cache worker for file hash cache (C:\Users\coding\.gradle\caches\7.0.2\fileHashes)" [_thread_blocked, id=30052, stack(0x00000041cf300000,0x00000041cf400000)]
  0x00000157fc786000 JavaThread "File lock request listener" [_thread_in_native, id=16204, stack(0x00000041cf400000,0x00000041cf500000)]
  0x00000157fc78a000 JavaThread "Cache worker for journal cache (C:\Users\coding\.gradle\caches\journal-1)" [_thread_blocked, id=5056, stack(0x00000041cfb00000,0x00000041cfc00000)]
  0x00000157fd400800 JavaThread "C2 CompilerThread1" daemon [_thread_blocked, id=1404, stack(0x00000041cfc00000,0x00000041cfd00000)]
  0x00000157fc789000 JavaThread "Cache worker for file hash cache (C:\Users\coding\AndroidStudioProjects\BOI_repentance_guide\.gradle\7.0.2\fileHashes)" [_thread_blocked, id=6164, stack(0x00000041cfd00000,0x00000041cfe00000)]
  0x00000157fc785000 JavaThread "File watcher server" daemon [_thread_in_native, id=7360, stack(0x00000041cfe00000,0x00000041cff00000)]
  0x00000157fc784800 JavaThread "File watcher consumer" daemon [_thread_blocked, id=24104, stack(0x00000041cff00000,0x00000041d0000000)]
  0x00000157fc78b000 JavaThread "Cache worker for checksums cache (C:\Users\coding\AndroidStudioProjects\BOI_repentance_guide\.gradle\checksums)" [_thread_blocked, id=21192, stack(0x00000041d0000000,0x00000041d0100000)]
  0x00000157fc786800 JavaThread "Cache worker for cache directory md-supplier (C:\Users\coding\.gradle\caches\7.0.2\md-supplier)" [_thread_blocked, id=26384, stack(0x00000041d0100000,0x00000041d0200000)]
  0x00000157fdfeb000 JavaThread "Cache worker for cache directory md-rule (C:\Users\coding\.gradle\caches\7.0.2\md-rule)" [_thread_blocked, id=6236, stack(0x00000041d0200000,0x00000041d0300000)]
=>0x00000157fe0a8000 JavaThread "C2 CompilerThread2" daemon [_thread_in_native, id=16092, stack(0x00000041d0300000,0x00000041d0400000)]
  0x00000157fdfee000 JavaThread "Cache worker for execution history cache (C:\Users\coding\.gradle\caches\7.0.2\executionHistory)" [_thread_blocked, id=26060, stack(0x00000041d0400000,0x00000041d0500000)]
  0x00000157fdfef000 JavaThread "jar transforms" [_thread_blocked, id=27368, stack(0x00000041d0500000,0x00000041d0600000)]
  0x00000157fdfea000 JavaThread "jar transforms Thread 2" [_thread_blocked, id=10800, stack(0x00000041d0600000,0x00000041d0700000)]
  0x00000157fdfec800 JavaThread "Cache worker for file content cache (C:\Users\coding\.gradle\caches\7.0.2\fileContent)" [_thread_blocked, id=11256, stack(0x00000041d0700000,0x00000041d0800000)]
  0x00000157fdff5800 JavaThread "Cache worker for dependencies-accessors (C:\Users\coding\AndroidStudioProjects\BOI_repentance_guide\.gradle\7.0.2\dependencies-accessors)" [_thread_blocked, id=23616, stack(0x00000041d0800000,0x00000041d0900000)]
  0x00000157fdff4800 JavaThread "jar transforms Thread 3" [_thread_blocked, id=14764, stack(0x00000041d0900000,0x00000041d0a00000)]
  0x00000157fdff3000 JavaThread "Cache worker for Build Output Cleanup Cache (C:\Users\coding\AndroidStudioProjects\BOI_repentance_guide\.gradle\buildOutputCleanup)" [_thread_blocked, id=12928, stack(0x00000041d0a00000,0x00000041d0b00000)]
  0x00000157fdfef800 JavaThread "Build operations" [_thread_blocked, id=11828, stack(0x00000041d0b00000,0x00000041d0c00000)]
  0x00000157fdff2000 JavaThread "Build operations Thread 2" [_thread_blocked, id=7620, stack(0x00000041d0c00000,0x00000041d0d00000)]
  0x00000157fdff6800 JavaThread "Build operations Thread 3" [_thread_blocked, id=9324, stack(0x00000041d0d00000,0x00000041d0e00000)]
  0x00000157fdff4000 JavaThread "Build operations Thread 4" [_thread_blocked, id=9252, stack(0x00000041d0e00000,0x00000041d0f00000)]
  0x00000157fdff1800 JavaThread "Build operations Thread 5" [_thread_blocked, id=22448, stack(0x00000041d0f00000,0x00000041d1000000)]
  0x00000157fdff0800 JavaThread "Build operations Thread 6" [_thread_blocked, id=3392, stack(0x00000041d1000000,0x00000041d1100000)]
  0x00000157fdff7000 JavaThread "Build operations Thread 7" [_thread_blocked, id=9964, stack(0x00000041d1100000,0x00000041d1200000)]
  0x00000157fdff8000 JavaThread "Build operations Thread 8" [_thread_blocked, id=8636, stack(0x00000041d1200000,0x00000041d1300000)]
  0x0000015790ad5800 JavaThread "Build operations Thread 9" [_thread_blocked, id=20932, stack(0x00000041d1300000,0x00000041d1400000)]
  0x0000015790ad3000 JavaThread "Build operations Thread 10" [_thread_blocked, id=18560, stack(0x00000041d1400000,0x00000041d1500000)]
  0x0000015790ad7000 JavaThread "Build operations Thread 11" [_thread_blocked, id=15520, stack(0x00000041d1500000,0x00000041d1600000)]
  0x0000015790ad4800 JavaThread "Build operations Thread 12" [_thread_blocked, id=12656, stack(0x00000041d1600000,0x00000041d1700000)]
  0x0000015790ad8000 JavaThread "jar transforms Thread 4" [_thread_blocked, id=20036, stack(0x00000041d1700000,0x00000041d1800000)]
  0x0000015790ad6000 JavaThread "jar transforms Thread 5" [_thread_blocked, id=17672, stack(0x00000041d1800000,0x00000041d1900000)]
  0x0000015790ad8800 JavaThread "jar transforms Thread 6" [_thread_blocked, id=12012, stack(0x00000041d1900000,0x00000041d1a00000)]
  0x0000015790ad9800 JavaThread "jar transforms Thread 7" [_thread_blocked, id=3228, stack(0x00000041d1a00000,0x00000041d1b00000)]
  0x0000015790ad4000 JavaThread "jar transforms Thread 8" [_thread_blocked, id=31736, stack(0x00000041d1b00000,0x00000041d1c00000)]
  0x0000015790add800 JavaThread "jar transforms Thread 9" [_thread_blocked, id=24316, stack(0x00000041d1c00000,0x00000041d1d00000)]
  0x0000015790ae0000 JavaThread "jar transforms Thread 10" [_thread_blocked, id=30072, stack(0x00000041d1d00000,0x00000041d1e00000)]
  0x0000015790ada800 JavaThread "jar transforms Thread 11" [_thread_blocked, id=17760, stack(0x00000041d1e00000,0x00000041d1f00000)]
  0x0000015790ade800 JavaThread "jar transforms Thread 12" [_thread_blocked, id=29192, stack(0x00000041d1f00000,0x00000041d2000000)]
  0x0000015790ae1000 JavaThread "Memory manager" [_thread_blocked, id=31096, stack(0x00000041d2000000,0x00000041d2100000)]

Other Threads:
  0x00000157f997c800 VMThread "VM Thread" [stack: 0x00000041cd900000,0x00000041cda00000] [id=7808]
  0x00000157fa3dd000 WatcherThread [stack: 0x00000041ce300000,0x00000041ce400000] [id=20088]
  0x00000157ed8b2000 GCTaskThread "GC Thread#0" [stack: 0x00000041cd400000,0x00000041cd500000] [id=8364]
  0x00000157fb0a1800 GCTaskThread "GC Thread#1" [stack: 0x00000041ce500000,0x00000041ce600000] [id=4088]
  0x00000157fae1c800 GCTaskThread "GC Thread#2" [stack: 0x00000041ce600000,0x00000041ce700000] [id=31112]
  0x00000157facbf000 GCTaskThread "GC Thread#3" [stack: 0x00000041ce700000,0x00000041ce800000] [id=9564]
  0x00000157facc0000 GCTaskThread "GC Thread#4" [stack: 0x00000041ce800000,0x00000041ce900000] [id=13120]
  0x00000157faeef000 GCTaskThread "GC Thread#5" [stack: 0x00000041ce900000,0x00000041cea00000] [id=26068]
  0x00000157fd70f000 GCTaskThread "GC Thread#6" [stack: 0x00000041cf500000,0x00000041cf600000] [id=11084]
  0x00000157fd672800 GCTaskThread "GC Thread#7" [stack: 0x00000041cf600000,0x00000041cf700000] [id=15188]
  0x00000157fd8e5800 GCTaskThread "GC Thread#8" [stack: 0x00000041cf700000,0x00000041cf800000] [id=23896]
  0x00000157fbd9c800 GCTaskThread "GC Thread#9" [stack: 0x00000041cf800000,0x00000041cf900000] [id=13460]
  0x00000157ed8e7000 ConcurrentGCThread "G1 Main Marker" [stack: 0x00000041cd500000,0x00000041cd600000] [id=20460]
  0x00000157ed8e8000 ConcurrentGCThread "G1 Conc#0" [stack: 0x00000041cd600000,0x00000041cd700000] [id=15160]
  0x00000157fcc3d800 ConcurrentGCThread "G1 Conc#1" [stack: 0x00000041cf900000,0x00000041cfa00000] [id=26328]
  0x00000157faf8f800 ConcurrentGCThread "G1 Conc#2" [stack: 0x00000041cfa00000,0x00000041cfb00000] [id=26636]
  0x00000157ed97e800 ConcurrentGCThread "G1 Refine#0" [stack: 0x00000041cd700000,0x00000041cd800000] [id=13500]
  0x00000157f9800800 ConcurrentGCThread "G1 Young RemSet Sampling" [stack: 0x00000041cd800000,0x00000041cd900000] [id=6076]

Threads with active compile tasks:
C2 CompilerThread2   6082 6783 %     4       com.android.build.gradle.internal.cxx.settings.ParseMacroStringKt::tokenizeMacroString @ 27 (457 bytes)

VM state:not at safepoint (normal execution)

VM Mutex/Monitor currently owned by a thread: None

Heap address: 0x0000000080000000, size: 2048 MB, Compressed Oops mode: 32-bit
Narrow klass base: 0x0000000000000000, Narrow klass shift: 3
Compressed class space size: 1073741824 Address: 0x0000000100000000

Heap:
 garbage-first heap   total 262144K, used 121002K [0x0000000080000000, 0x0000000100000000)
  region size 1024K, 77 young (78848K), 10 survivors (10240K)
 Metaspace       used 73844K, capacity 75408K, committed 75724K, reserved 1114112K
  class space    used 9549K, capacity 10113K, committed 10188K, reserved 1048576K
Heap Regions: E=young(eden), S=young(survivor), O=old, HS=humongous(starts), HC=humongous(continues), CS=collection set, F=free, A=archive, TAMS=top-at-mark-start (previous, next)
|   0|0x0000000080000000, 0x0000000080100000, 0x0000000080100000|100%| O|  |TAMS 0x0000000080100000, 0x0000000080000000| Untracked 
|   1|0x0000000080100000, 0x0000000080200000, 0x0000000080200000|100%| O|  |TAMS 0x0000000080200000, 0x0000000080100000| Untracked 
|   2|0x0000000080200000, 0x0000000080300000, 0x0000000080300000|100%| O|  |TAMS 0x0000000080300000, 0x0000000080200000| Untracked 
|   3|0x0000000080300000, 0x0000000080400000, 0x0000000080400000|100%|HS|  |TAMS 0x0000000080400000, 0x0000000080300000| Complete 
|   4|0x0000000080400000, 0x0000000080500000, 0x0000000080500000|100%|HC|  |TAMS 0x0000000080500000, 0x0000000080400000| Complete 
|   5|0x0000000080500000, 0x0000000080600000, 0x0000000080600000|100%|HC|  |TAMS 0x0000000080600000, 0x0000000080500000| Complete 
|   6|0x0000000080600000, 0x0000000080700000, 0x0000000080700000|100%| O|  |TAMS 0x0000000080700000, 0x0000000080600000| Untracked 
|   7|0x0000000080700000, 0x0000000080800000, 0x0000000080800000|100%| O|  |TAMS 0x0000000080800000, 0x0000000080700000| Untracked 
|   8|0x0000000080800000, 0x0000000080900000, 0x0000000080900000|100%| O|  |TAMS 0x0000000080900000, 0x0000000080800000| Untracked 
|   9|0x0000000080900000, 0x0000000080a00000, 0x0000000080a00000|100%| O|  |TAMS 0x0000000080a00000, 0x0000000080900000| Untracked 
|  10|0x0000000080a00000, 0x0000000080b00000, 0x0000000080b00000|100%| O|  |TAMS 0x0000000080b00000, 0x0000000080a00000| Untracked 
|  11|0x0000000080b00000, 0x0000000080c00000, 0x0000000080c00000|100%| O|  |TAMS 0x0000000080c00000, 0x0000000080b00000| Untracked 
|  12|0x0000000080c00000, 0x0000000080d00000, 0x0000000080d00000|100%| O|  |TAMS 0x0000000080d00000, 0x0000000080c00000| Untracked 
|  13|0x0000000080d00000, 0x0000000080e00000, 0x0000000080e00000|100%| O|  |TAMS 0x0000000080e00000, 0x0000000080d00000| Untracked 
|  14|0x0000000080e00000, 0x0000000080f00000, 0x0000000080f00000|100%| O|  |TAMS 0x0000000080f00000, 0x0000000080e00000| Untracked 
|  15|0x0000000080f00000, 0x0000000081000000, 0x0000000081000000|100%| O|  |TAMS 0x0000000081000000, 0x0000000080f00000| Untracked 
|  16|0x0000000081000000, 0x0000000081100000, 0x0000000081100000|100%|HS|  |TAMS 0x0000000081100000, 0x0000000081000000| Complete 
|  17|0x0000000081100000, 0x0000000081200000, 0x0000000081200000|100%|HS|  |TAMS 0x0000000081200000, 0x0000000081100000| Complete 
|  18|0x0000000081200000, 0x0000000081300000, 0x0000000081300000|100%|HS|  |TAMS 0x0000000081300000, 0x0000000081200000| Complete 
|  19|0x0000000081300000, 0x0000000081400000, 0x0000000081400000|100%|HC|  |TAMS 0x0000000081400000, 0x0000000081300000| Complete 
|  20|0x0000000081400000, 0x0000000081500000, 0x0000000081500000|100%| O|  |TAMS 0x0000000081500000, 0x0000000081400000| Untracked 
|  21|0x0000000081500000, 0x0000000081600000, 0x0000000081600000|100%| O|  |TAMS 0x0000000081600000, 0x0000000081500000| Untracked 
|  22|0x0000000081600000, 0x0000000081700000, 0x0000000081700000|100%| O|  |TAMS 0x0000000081700000, 0x0000000081600000| Untracked 
|  23|0x0000000081700000, 0x0000000081800000, 0x0000000081800000|100%| O|  |TAMS 0x0000000081800000, 0x0000000081700000| Untracked 
|  24|0x0000000081800000, 0x0000000081900000, 0x0000000081900000|100%| O|  |TAMS 0x0000000081900000, 0x0000000081800000| Untracked 
|  25|0x0000000081900000, 0x0000000081a00000, 0x0000000081a00000|100%| O|  |TAMS 0x0000000081a00000, 0x0000000081900000| Untracked 
|  26|0x0000000081a00000, 0x0000000081b00000, 0x0000000081b00000|100%| O|  |TAMS 0x0000000081b00000, 0x0000000081a00000| Untracked 
|  27|0x0000000081b00000, 0x0000000081c00000, 0x0000000081c00000|100%| O|  |TAMS 0x0000000081c00000, 0x0000000081b00000| Untracked 
|  28|0x0000000081c00000, 0x0000000081d00000, 0x0000000081d00000|100%| O|  |TAMS 0x0000000081d00000, 0x0000000081c00000| Untracked 
|  29|0x0000000081d00000, 0x0000000081e00000, 0x0000000081e00000|100%| O|  |TAMS 0x0000000081e00000, 0x0000000081d00000| Untracked 
|  30|0x0000000081e00000, 0x0000000081f00000, 0x0000000081f00000|100%| O|  |TAMS 0x0000000081f00000, 0x0000000081e00000| Untracked 
|  31|0x0000000081f00000, 0x0000000082000000, 0x0000000082000000|100%| O|  |TAMS 0x0000000082000000, 0x0000000081f00000| Untracked 
|  32|0x0000000082000000, 0x0000000082100000, 0x0000000082100000|100%| O|  |TAMS 0x0000000082100000, 0x0000000082000000| Untracked 
|  33|0x0000000082100000, 0x0000000082200000, 0x0000000082200000|100%| O|  |TAMS 0x0000000082200000, 0x0000000082100000| Untracked 
|  34|0x0000000082200000, 0x0000000082300000, 0x0000000082300000|100%| O|  |TAMS 0x0000000082300000, 0x0000000082200000| Untracked 
|  35|0x0000000082300000, 0x0000000082400000, 0x0000000082400000|100%| O|  |TAMS 0x0000000082400000, 0x0000000082300000| Untracked 
|  36|0x0000000082400000, 0x0000000082500000, 0x0000000082500000|100%| O|  |TAMS 0x0000000082500000, 0x0000000082400000| Untracked 
|  37|0x0000000082500000, 0x0000000082600000, 0x0000000082600000|100%| O|  |TAMS 0x0000000082600000, 0x0000000082500000| Untracked 
|  38|0x0000000082600000, 0x0000000082700000, 0x0000000082700000|100%| O|  |TAMS 0x0000000082700000, 0x0000000082600000| Untracked 
|  39|0x0000000082700000, 0x0000000082800000, 0x0000000082800000|100%| O|  |TAMS 0x0000000082800000, 0x0000000082700000| Untracked 
|  40|0x0000000082800000, 0x0000000082900000, 0x0000000082900000|100%| O|  |TAMS 0x0000000082900000, 0x0000000082800000| Untracked 
|  41|0x0000000082900000, 0x0000000082a00000, 0x0000000082a00000|100%| O|  |TAMS 0x0000000082a00000, 0x0000000082900000| Untracked 
|  42|0x0000000082a00000, 0x0000000082adea00, 0x0000000082b00000| 86%| O|  |TAMS 0x0000000082adea00, 0x0000000082a00000| Untracked 
|  43|0x0000000082b00000, 0x0000000082b00000, 0x0000000082c00000|  0%| F|  |TAMS 0x0000000082b00000, 0x0000000082b00000| Untracked 
|  44|0x0000000082c00000, 0x0000000082c00000, 0x0000000082d00000|  0%| F|  |TAMS 0x0000000082c00000, 0x0000000082c00000| Untracked 
|  45|0x0000000082d00000, 0x0000000082d00000, 0x0000000082e00000|  0%| F|  |TAMS 0x0000000082d00000, 0x0000000082d00000| Untracked 
|  46|0x0000000082e00000, 0x0000000082e00000, 0x0000000082f00000|  0%| F|  |TAMS 0x0000000082e00000, 0x0000000082e00000| Untracked 
|  47|0x0000000082f00000, 0x0000000082f00000, 0x0000000083000000|  0%| F|  |TAMS 0x0000000082f00000, 0x0000000082f00000| Untracked 
|  48|0x0000000083000000, 0x0000000083000000, 0x0000000083100000|  0%| F|  |TAMS 0x0000000083000000, 0x0000000083000000| Untracked 
|  49|0x0000000083100000, 0x0000000083100000, 0x0000000083200000|  0%| F|  |TAMS 0x0000000083100000, 0x0000000083100000| Untracked 
|  50|0x0000000083200000, 0x0000000083200000, 0x0000000083300000|  0%| F|  |TAMS 0x0000000083200000, 0x0000000083200000| Untracked 
|  51|0x0000000083300000, 0x0000000083300000, 0x0000000083400000|  0%| F|  |TAMS 0x0000000083300000, 0x0000000083300000| Untracked 
|  52|0x0000000083400000, 0x0000000083400000, 0x0000000083500000|  0%| F|  |TAMS 0x0000000083400000, 0x0000000083400000| Untracked 
|  53|0x0000000083500000, 0x0000000083500000, 0x0000000083600000|  0%| F|  |TAMS 0x0000000083500000, 0x0000000083500000| Untracked 
|  54|0x0000000083600000, 0x0000000083600000, 0x0000000083700000|  0%| F|  |TAMS 0x0000000083600000, 0x0000000083600000| Untracked 
|  55|0x0000000083700000, 0x0000000083700000, 0x0000000083800000|  0%| F|  |TAMS 0x0000000083700000, 0x0000000083700000| Untracked 
|  56|0x0000000083800000, 0x0000000083800000, 0x0000000083900000|  0%| F|  |TAMS 0x0000000083800000, 0x0000000083800000| Untracked 
|  57|0x0000000083900000, 0x0000000083900000, 0x0000000083a00000|  0%| F|  |TAMS 0x0000000083900000, 0x0000000083900000| Untracked 
|  58|0x0000000083a00000, 0x0000000083a00000, 0x0000000083b00000|  0%| F|  |TAMS 0x0000000083a00000, 0x0000000083a00000| Untracked 
|  59|0x0000000083b00000, 0x0000000083b00000, 0x0000000083c00000|  0%| F|  |TAMS 0x0000000083b00000, 0x0000000083b00000| Untracked 
|  60|0x0000000083c00000, 0x0000000083c00000, 0x0000000083d00000|  0%| F|  |TAMS 0x0000000083c00000, 0x0000000083c00000| Untracked 
|  61|0x0000000083d00000, 0x0000000083d00000, 0x0000000083e00000|  0%| F|  |TAMS 0x0000000083d00000, 0x0000000083d00000| Untracked 
|  62|0x0000000083e00000, 0x0000000083e00000, 0x0000000083f00000|  0%| F|  |TAMS 0x0000000083e00000, 0x0000000083e00000| Untracked 
|  63|0x0000000083f00000, 0x0000000083f00000, 0x0000000084000000|  0%| F|  |TAMS 0x0000000083f00000, 0x0000000083f00000| Untracked 
|  64|0x0000000084000000, 0x0000000084000000, 0x0000000084100000|  0%| F|  |TAMS 0x0000000084000000, 0x0000000084000000| Untracked 
|  65|0x0000000084100000, 0x0000000084100000, 0x0000000084200000|  0%| F|  |TAMS 0x0000000084100000, 0x0000000084100000| Untracked 
|  66|0x0000000084200000, 0x0000000084200000, 0x0000000084300000|  0%| F|  |TAMS 0x0000000084200000, 0x0000000084200000| Untracked 
|  67|0x0000000084300000, 0x0000000084300000, 0x0000000084400000|  0%| F|  |TAMS 0x0000000084300000, 0x0000000084300000| Untracked 
|  68|0x0000000084400000, 0x0000000084400000, 0x0000000084500000|  0%| F|  |TAMS 0x0000000084400000, 0x0000000084400000| Untracked 
|  69|0x0000000084500000, 0x0000000084500000, 0x0000000084600000|  0%| F|  |TAMS 0x0000000084500000, 0x0000000084500000| Untracked 
|  70|0x0000000084600000, 0x0000000084600000, 0x0000000084700000|  0%| F|  |TAMS 0x0000000084600000, 0x0000000084600000| Untracked 
|  71|0x0000000084700000, 0x0000000084700000, 0x0000000084800000|  0%| F|  |TAMS 0x0000000084700000, 0x0000000084700000| Untracked 
|  72|0x0000000084800000, 0x0000000084800000, 0x0000000084900000|  0%| F|  |TAMS 0x0000000084800000, 0x0000000084800000| Untracked 
|  73|0x0000000084900000, 0x0000000084900000, 0x0000000084a00000|  0%| F|  |TAMS 0x0000000084900000, 0x0000000084900000| Untracked 
|  74|0x0000000084a00000, 0x0000000084a00000, 0x0000000084b00000|  0%| F|  |TAMS 0x0000000084a00000, 0x0000000084a00000| Untracked 
|  75|0x0000000084b00000, 0x0000000084b00000, 0x0000000084c00000|  0%| F|  |TAMS 0x0000000084b00000, 0x0000000084b00000| Untracked 
|  76|0x0000000084c00000, 0x0000000084c00000, 0x0000000084d00000|  0%| F|  |TAMS 0x0000000084c00000, 0x0000000084c00000| Untracked 
|  77|0x0000000084d00000, 0x0000000084d00000, 0x0000000084e00000|  0%| F|  |TAMS 0x0000000084d00000, 0x0000000084d00000| Untracked 
|  78|0x0000000084e00000, 0x0000000084e00000, 0x0000000084f00000|  0%| F|  |TAMS 0x0000000084e00000, 0x0000000084e00000| Untracked 
|  79|0x0000000084f00000, 0x0000000084f00000, 0x0000000085000000|  0%| F|  |TAMS 0x0000000084f00000, 0x0000000084f00000| Untracked 
|  80|0x0000000085000000, 0x0000000085000000, 0x0000000085100000|  0%| F|  |TAMS 0x0000000085000000, 0x0000000085000000| Untracked 
|  81|0x0000000085100000, 0x0000000085100000, 0x0000000085200000|  0%| F|  |TAMS 0x0000000085100000, 0x0000000085100000| Untracked 
|  82|0x0000000085200000, 0x0000000085200000, 0x0000000085300000|  0%| F|  |TAMS 0x0000000085200000, 0x0000000085200000| Untracked 
|  83|0x0000000085300000, 0x0000000085300000, 0x0000000085400000|  0%| F|  |TAMS 0x0000000085300000, 0x0000000085300000| Untracked 
|  84|0x0000000085400000, 0x0000000085400000, 0x0000000085500000|  0%| F|  |TAMS 0x0000000085400000, 0x0000000085400000| Untracked 
|  85|0x0000000085500000, 0x0000000085500000, 0x0000000085600000|  0%| F|  |TAMS 0x0000000085500000, 0x0000000085500000| Untracked 
|  86|0x0000000085600000, 0x0000000085600000, 0x0000000085700000|  0%| F|  |TAMS 0x0000000085600000, 0x0000000085600000| Untracked 
|  87|0x0000000085700000, 0x0000000085700000, 0x0000000085800000|  0%| F|  |TAMS 0x0000000085700000, 0x0000000085700000| Untracked 
|  88|0x0000000085800000, 0x0000000085800000, 0x0000000085900000|  0%| F|  |TAMS 0x0000000085800000, 0x0000000085800000| Untracked 
|  89|0x0000000085900000, 0x0000000085900000, 0x0000000085a00000|  0%| F|  |TAMS 0x0000000085900000, 0x0000000085900000| Untracked 
|  90|0x0000000085a00000, 0x0000000085a00000, 0x0000000085b00000|  0%| F|  |TAMS 0x0000000085a00000, 0x0000000085a00000| Untracked 
|  91|0x0000000085b00000, 0x0000000085b00000, 0x0000000085c00000|  0%| F|  |TAMS 0x0000000085b00000, 0x0000000085b00000| Untracked 
|  92|0x0000000085c00000, 0x0000000085c00000, 0x0000000085d00000|  0%| F|  |TAMS 0x0000000085c00000, 0x0000000085c00000| Untracked 
|  93|0x0000000085d00000, 0x0000000085d00000, 0x0000000085e00000|  0%| F|  |TAMS 0x0000000085d00000, 0x0000000085d00000| Untracked 
|  94|0x0000000085e00000, 0x0000000085e00000, 0x0000000085f00000|  0%| F|  |TAMS 0x0000000085e00000, 0x0000000085e00000| Untracked 
|  95|0x0000000085f00000, 0x0000000085f00000, 0x0000000086000000|  0%| F|  |TAMS 0x0000000085f00000, 0x0000000085f00000| Untracked 
|  96|0x0000000086000000, 0x0000000086000000, 0x0000000086100000|  0%| F|  |TAMS 0x0000000086000000, 0x0000000086000000| Untracked 
|  97|0x0000000086100000, 0x0000000086100000, 0x0000000086200000|  0%| F|  |TAMS 0x0000000086100000, 0x0000000086100000| Untracked 
|  98|0x0000000086200000, 0x0000000086200000, 0x0000000086300000|  0%| F|  |TAMS 0x0000000086200000, 0x0000000086200000| Untracked 
|  99|0x0000000086300000, 0x0000000086300000, 0x0000000086400000|  0%| F|  |TAMS 0x0000000086300000, 0x0000000086300000| Untracked 
| 100|0x0000000086400000, 0x0000000086400000, 0x0000000086500000|  0%| F|  |TAMS 0x0000000086400000, 0x0000000086400000| Untracked 
| 101|0x0000000086500000, 0x0000000086500000, 0x0000000086600000|  0%| F|  |TAMS 0x0000000086500000, 0x0000000086500000| Untracked 
| 102|0x0000000086600000, 0x0000000086600000, 0x0000000086700000|  0%| F|  |TAMS 0x0000000086600000, 0x0000000086600000| Untracked 
| 103|0x0000000086700000, 0x0000000086700000, 0x0000000086800000|  0%| F|  |TAMS 0x0000000086700000, 0x0000000086700000| Untracked 
| 104|0x0000000086800000, 0x0000000086800000, 0x0000000086900000|  0%| F|  |TAMS 0x0000000086800000, 0x0000000086800000| Untracked 
| 105|0x0000000086900000, 0x0000000086900000, 0x0000000086a00000|  0%| F|  |TAMS 0x0000000086900000, 0x0000000086900000| Untracked 
| 106|0x0000000086a00000, 0x0000000086a00000, 0x0000000086b00000|  0%| F|  |TAMS 0x0000000086a00000, 0x0000000086a00000| Untracked 
| 107|0x0000000086b00000, 0x0000000086b00000, 0x0000000086c00000|  0%| F|  |TAMS 0x0000000086b00000, 0x0000000086b00000| Untracked 
| 108|0x0000000086c00000, 0x0000000086c00000, 0x0000000086d00000|  0%| F|  |TAMS 0x0000000086c00000, 0x0000000086c00000| Untracked 
| 109|0x0000000086d00000, 0x0000000086d00000, 0x0000000086e00000|  0%| F|  |TAMS 0x0000000086d00000, 0x0000000086d00000| Untracked 
| 110|0x0000000086e00000, 0x0000000086e00000, 0x0000000086f00000|  0%| F|  |TAMS 0x0000000086e00000, 0x0000000086e00000| Untracked 
| 111|0x0000000086f00000, 0x0000000086f00000, 0x0000000087000000|  0%| F|  |TAMS 0x0000000086f00000, 0x0000000086f00000| Untracked 
| 112|0x0000000087000000, 0x0000000087000000, 0x0000000087100000|  0%| F|  |TAMS 0x0000000087000000, 0x0000000087000000| Untracked 
| 113|0x0000000087100000, 0x0000000087100000, 0x0000000087200000|  0%| F|  |TAMS 0x0000000087100000, 0x0000000087100000| Untracked 
| 114|0x0000000087200000, 0x0000000087200000, 0x0000000087300000|  0%| F|  |TAMS 0x0000000087200000, 0x0000000087200000| Untracked 
| 115|0x0000000087300000, 0x0000000087300000, 0x0000000087400000|  0%| F|  |TAMS 0x0000000087300000, 0x0000000087300000| Untracked 
| 116|0x0000000087400000, 0x0000000087400000, 0x0000000087500000|  0%| F|  |TAMS 0x0000000087400000, 0x0000000087400000| Untracked 
| 117|0x0000000087500000, 0x0000000087500000, 0x0000000087600000|  0%| F|  |TAMS 0x0000000087500000, 0x0000000087500000| Untracked 
| 118|0x0000000087600000, 0x0000000087600000, 0x0000000087700000|  0%| F|  |TAMS 0x0000000087600000, 0x0000000087600000| Untracked 
| 119|0x0000000087700000, 0x0000000087700000, 0x0000000087800000|  0%| F|  |TAMS 0x0000000087700000, 0x0000000087700000| Untracked 
| 120|0x0000000087800000, 0x0000000087800000, 0x0000000087900000|  0%| F|  |TAMS 0x0000000087800000, 0x0000000087800000| Untracked 
| 121|0x0000000087900000, 0x0000000087900000, 0x0000000087a00000|  0%| F|  |TAMS 0x0000000087900000, 0x0000000087900000| Untracked 
| 122|0x0000000087a00000, 0x0000000087a00000, 0x0000000087b00000|  0%| F|  |TAMS 0x0000000087a00000, 0x0000000087a00000| Untracked 
| 123|0x0000000087b00000, 0x0000000087b00000, 0x0000000087c00000|  0%| F|  |TAMS 0x0000000087b00000, 0x0000000087b00000| Untracked 
| 124|0x0000000087c00000, 0x0000000087c00000, 0x0000000087d00000|  0%| F|  |TAMS 0x0000000087c00000, 0x0000000087c00000| Untracked 
| 125|0x0000000087d00000, 0x0000000087d00000, 0x0000000087e00000|  0%| F|  |TAMS 0x0000000087d00000, 0x0000000087d00000| Untracked 
| 126|0x0000000087e00000, 0x0000000087e00000, 0x0000000087f00000|  0%| F|  |TAMS 0x0000000087e00000, 0x0000000087e00000| Untracked 
| 127|0x0000000087f00000, 0x0000000087f00000, 0x0000000088000000|  0%| F|  |TAMS 0x0000000087f00000, 0x0000000087f00000| Untracked 
| 128|0x0000000088000000, 0x000000008804bf20, 0x0000000088100000| 29%| S|CS|TAMS 0x0000000088000000, 0x0000000088000000| Complete 
| 129|0x0000000088100000, 0x0000000088200000, 0x0000000088200000|100%| S|CS|TAMS 0x0000000088100000, 0x0000000088100000| Complete 
| 130|0x0000000088200000, 0x0000000088300000, 0x0000000088300000|100%| S|CS|TAMS 0x0000000088200000, 0x0000000088200000| Complete 
| 131|0x0000000088300000, 0x0000000088400000, 0x0000000088400000|100%| S|CS|TAMS 0x0000000088300000, 0x0000000088300000| Complete 
| 132|0x0000000088400000, 0x0000000088500000, 0x0000000088500000|100%| S|CS|TAMS 0x0000000088400000, 0x0000000088400000| Complete 
| 133|0x0000000088500000, 0x0000000088600000, 0x0000000088600000|100%| S|CS|TAMS 0x0000000088500000, 0x0000000088500000| Complete 
| 134|0x0000000088600000, 0x0000000088700000, 0x0000000088700000|100%| S|CS|TAMS 0x0000000088600000, 0x0000000088600000| Complete 
| 135|0x0000000088700000, 0x0000000088800000, 0x0000000088800000|100%| S|CS|TAMS 0x0000000088700000, 0x0000000088700000| Complete 
| 136|0x0000000088800000, 0x0000000088900000, 0x0000000088900000|100%| S|CS|TAMS 0x0000000088800000, 0x0000000088800000| Complete 
| 137|0x0000000088900000, 0x0000000088a00000, 0x0000000088a00000|100%| S|CS|TAMS 0x0000000088900000, 0x0000000088900000| Complete 
| 138|0x0000000088a00000, 0x0000000088a00000, 0x0000000088b00000|  0%| F|  |TAMS 0x0000000088a00000, 0x0000000088a00000| Untracked 
| 139|0x0000000088b00000, 0x0000000088b00000, 0x0000000088c00000|  0%| F|  |TAMS 0x0000000088b00000, 0x0000000088b00000| Untracked 
| 140|0x0000000088c00000, 0x0000000088c00000, 0x0000000088d00000|  0%| F|  |TAMS 0x0000000088c00000, 0x0000000088c00000| Untracked 
| 141|0x0000000088d00000, 0x0000000088d00000, 0x0000000088e00000|  0%| F|  |TAMS 0x0000000088d00000, 0x0000000088d00000| Untracked 
| 142|0x0000000088e00000, 0x0000000088e00000, 0x0000000088f00000|  0%| F|  |TAMS 0x0000000088e00000, 0x0000000088e00000| Untracked 
| 143|0x0000000088f00000, 0x0000000088f00000, 0x0000000089000000|  0%| F|  |TAMS 0x0000000088f00000, 0x0000000088f00000| Untracked 
| 144|0x0000000089000000, 0x0000000089000000, 0x0000000089100000|  0%| F|  |TAMS 0x0000000089000000, 0x0000000089000000| Untracked 
| 145|0x0000000089100000, 0x0000000089100000, 0x0000000089200000|  0%| F|  |TAMS 0x0000000089100000, 0x0000000089100000| Untracked 
| 146|0x0000000089200000, 0x0000000089200000, 0x0000000089300000|  0%| F|  |TAMS 0x0000000089200000, 0x0000000089200000| Untracked 
| 147|0x0000000089300000, 0x0000000089300000, 0x0000000089400000|  0%| F|  |TAMS 0x0000000089300000, 0x0000000089300000| Untracked 
| 148|0x0000000089400000, 0x0000000089400000, 0x0000000089500000|  0%| F|  |TAMS 0x0000000089400000, 0x0000000089400000| Untracked 
| 149|0x0000000089500000, 0x0000000089500000, 0x0000000089600000|  0%| F|  |TAMS 0x0000000089500000, 0x0000000089500000| Untracked 
| 150|0x0000000089600000, 0x0000000089600000, 0x0000000089700000|  0%| F|  |TAMS 0x0000000089600000, 0x0000000089600000| Untracked 
| 151|0x0000000089700000, 0x0000000089700000, 0x0000000089800000|  0%| F|  |TAMS 0x0000000089700000, 0x0000000089700000| Untracked 
| 152|0x0000000089800000, 0x0000000089800000, 0x0000000089900000|  0%| F|  |TAMS 0x0000000089800000, 0x0000000089800000| Untracked 
| 153|0x0000000089900000, 0x0000000089900000, 0x0000000089a00000|  0%| F|  |TAMS 0x0000000089900000, 0x0000000089900000| Untracked 
| 154|0x0000000089a00000, 0x0000000089a00000, 0x0000000089b00000|  0%| F|  |TAMS 0x0000000089a00000, 0x0000000089a00000| Untracked 
| 155|0x0000000089b00000, 0x0000000089b00000, 0x0000000089c00000|  0%| F|  |TAMS 0x0000000089b00000, 0x0000000089b00000| Untracked 
| 156|0x0000000089c00000, 0x0000000089c00000, 0x0000000089d00000|  0%| F|  |TAMS 0x0000000089c00000, 0x0000000089c00000| Untracked 
| 157|0x0000000089d00000, 0x0000000089d00000, 0x0000000089e00000|  0%| F|  |TAMS 0x0000000089d00000, 0x0000000089d00000| Untracked 
| 158|0x0000000089e00000, 0x0000000089e00000, 0x0000000089f00000|  0%| F|  |TAMS 0x0000000089e00000, 0x0000000089e00000| Untracked 
| 159|0x0000000089f00000, 0x0000000089f00000, 0x000000008a000000|  0%| F|  |TAMS 0x0000000089f00000, 0x0000000089f00000| Untracked 
| 160|0x000000008a000000, 0x000000008a000000, 0x000000008a100000|  0%| F|  |TAMS 0x000000008a000000, 0x000000008a000000| Untracked 
| 161|0x000000008a100000, 0x000000008a100000, 0x000000008a200000|  0%| F|  |TAMS 0x000000008a100000, 0x000000008a100000| Untracked 
| 162|0x000000008a200000, 0x000000008a200000, 0x000000008a300000|  0%| F|  |TAMS 0x000000008a200000, 0x000000008a200000| Untracked 
| 163|0x000000008a300000, 0x000000008a300000, 0x000000008a400000|  0%| F|  |TAMS 0x000000008a300000, 0x000000008a300000| Untracked 
| 164|0x000000008a400000, 0x000000008a400000, 0x000000008a500000|  0%| F|  |TAMS 0x000000008a400000, 0x000000008a400000| Untracked 
| 165|0x000000008a500000, 0x000000008a500000, 0x000000008a600000|  0%| F|  |TAMS 0x000000008a500000, 0x000000008a500000| Untracked 
| 166|0x000000008a600000, 0x000000008a600000, 0x000000008a700000|  0%| F|  |TAMS 0x000000008a600000, 0x000000008a600000| Untracked 
| 167|0x000000008a700000, 0x000000008a700000, 0x000000008a800000|  0%| F|  |TAMS 0x000000008a700000, 0x000000008a700000| Untracked 
| 168|0x000000008a800000, 0x000000008a800000, 0x000000008a900000|  0%| F|  |TAMS 0x000000008a800000, 0x000000008a800000| Untracked 
| 169|0x000000008a900000, 0x000000008a900000, 0x000000008aa00000|  0%| F|  |TAMS 0x000000008a900000, 0x000000008a900000| Untracked 
| 170|0x000000008aa00000, 0x000000008aa00000, 0x000000008ab00000|  0%| F|  |TAMS 0x000000008aa00000, 0x000000008aa00000| Untracked 
| 171|0x000000008ab00000, 0x000000008ab00000, 0x000000008ac00000|  0%| F|  |TAMS 0x000000008ab00000, 0x000000008ab00000| Untracked 
| 172|0x000000008ac00000, 0x000000008ac00000, 0x000000008ad00000|  0%| F|  |TAMS 0x000000008ac00000, 0x000000008ac00000| Untracked 
| 173|0x000000008ad00000, 0x000000008ad00000, 0x000000008ae00000|  0%| F|  |TAMS 0x000000008ad00000, 0x000000008ad00000| Untracked 
| 174|0x000000008ae00000, 0x000000008ae00000, 0x000000008af00000|  0%| F|  |TAMS 0x000000008ae00000, 0x000000008ae00000| Untracked 
| 175|0x000000008af00000, 0x000000008af00000, 0x000000008b000000|  0%| F|  |TAMS 0x000000008af00000, 0x000000008af00000| Untracked 
| 176|0x000000008b000000, 0x000000008b000000, 0x000000008b100000|  0%| F|  |TAMS 0x000000008b000000, 0x000000008b000000| Untracked 
| 177|0x000000008b100000, 0x000000008b100000, 0x000000008b200000|  0%| F|  |TAMS 0x000000008b100000, 0x000000008b100000| Untracked 
| 178|0x000000008b200000, 0x000000008b200000, 0x000000008b300000|  0%| F|  |TAMS 0x000000008b200000, 0x000000008b200000| Untracked 
| 179|0x000000008b300000, 0x000000008b300000, 0x000000008b400000|  0%| F|  |TAMS 0x000000008b300000, 0x000000008b300000| Untracked 
| 180|0x000000008b400000, 0x000000008b400000, 0x000000008b500000|  0%| F|  |TAMS 0x000000008b400000, 0x000000008b400000| Untracked 
| 181|0x000000008b500000, 0x000000008b500000, 0x000000008b600000|  0%| F|  |TAMS 0x000000008b500000, 0x000000008b500000| Untracked 
| 182|0x000000008b600000, 0x000000008b600000, 0x000000008b700000|  0%| F|  |TAMS 0x000000008b600000, 0x000000008b600000| Untracked 
| 183|0x000000008b700000, 0x000000008b700000, 0x000000008b800000|  0%| F|  |TAMS 0x000000008b700000, 0x000000008b700000| Untracked 
| 184|0x000000008b800000, 0x000000008b800000, 0x000000008b900000|  0%| F|  |TAMS 0x000000008b800000, 0x000000008b800000| Untracked 
| 185|0x000000008b900000, 0x000000008b900000, 0x000000008ba00000|  0%| F|  |TAMS 0x000000008b900000, 0x000000008b900000| Untracked 
| 186|0x000000008ba00000, 0x000000008ba00000, 0x000000008bb00000|  0%| F|  |TAMS 0x000000008ba00000, 0x000000008ba00000| Untracked 
| 187|0x000000008bb00000, 0x000000008bb80800, 0x000000008bc00000| 50%| E|  |TAMS 0x000000008bb00000, 0x000000008bb00000| Complete 
| 188|0x000000008bc00000, 0x000000008bd00000, 0x000000008bd00000|100%| E|CS|TAMS 0x000000008bc00000, 0x000000008bc00000| Complete 
| 189|0x000000008bd00000, 0x000000008be00000, 0x000000008be00000|100%| E|CS|TAMS 0x000000008bd00000, 0x000000008bd00000| Complete 
| 190|0x000000008be00000, 0x000000008bf00000, 0x000000008bf00000|100%| E|CS|TAMS 0x000000008be00000, 0x000000008be00000| Complete 
| 191|0x000000008bf00000, 0x000000008c000000, 0x000000008c000000|100%| E|CS|TAMS 0x000000008bf00000, 0x000000008bf00000| Complete 
| 192|0x000000008c000000, 0x000000008c100000, 0x000000008c100000|100%| E|CS|TAMS 0x000000008c000000, 0x000000008c000000| Complete 
| 193|0x000000008c100000, 0x000000008c200000, 0x000000008c200000|100%| E|CS|TAMS 0x000000008c100000, 0x000000008c100000| Complete 
| 194|0x000000008c200000, 0x000000008c300000, 0x000000008c300000|100%| E|CS|TAMS 0x000000008c200000, 0x000000008c200000| Complete 
| 195|0x000000008c300000, 0x000000008c400000, 0x000000008c400000|100%| E|CS|TAMS 0x000000008c300000, 0x000000008c300000| Complete 
| 196|0x000000008c400000, 0x000000008c500000, 0x000000008c500000|100%| E|CS|TAMS 0x000000008c400000, 0x000000008c400000| Complete 
| 197|0x000000008c500000, 0x000000008c600000, 0x000000008c600000|100%| E|CS|TAMS 0x000000008c500000, 0x000000008c500000| Complete 
| 198|0x000000008c600000, 0x000000008c700000, 0x000000008c700000|100%| E|CS|TAMS 0x000000008c600000, 0x000000008c600000| Complete 
| 199|0x000000008c700000, 0x000000008c800000, 0x000000008c800000|100%| E|CS|TAMS 0x000000008c700000, 0x000000008c700000| Complete 
| 200|0x000000008c800000, 0x000000008c900000, 0x000000008c900000|100%| E|CS|TAMS 0x000000008c800000, 0x000000008c800000| Complete 
| 201|0x000000008c900000, 0x000000008ca00000, 0x000000008ca00000|100%| E|CS|TAMS 0x000000008c900000, 0x000000008c900000| Complete 
| 202|0x000000008ca00000, 0x000000008cb00000, 0x000000008cb00000|100%| E|CS|TAMS 0x000000008ca00000, 0x000000008ca00000| Complete 
| 203|0x000000008cb00000, 0x000000008cc00000, 0x000000008cc00000|100%| E|CS|TAMS 0x000000008cb00000, 0x000000008cb00000| Complete 
| 204|0x000000008cc00000, 0x000000008cd00000, 0x000000008cd00000|100%| E|CS|TAMS 0x000000008cc00000, 0x000000008cc00000| Complete 
| 205|0x000000008cd00000, 0x000000008ce00000, 0x000000008ce00000|100%| E|CS|TAMS 0x000000008cd00000, 0x000000008cd00000| Complete 
| 206|0x000000008ce00000, 0x000000008cf00000, 0x000000008cf00000|100%| E|CS|TAMS 0x000000008ce00000, 0x000000008ce00000| Complete 
| 207|0x000000008cf00000, 0x000000008d000000, 0x000000008d000000|100%| E|CS|TAMS 0x000000008cf00000, 0x000000008cf00000| Complete 
| 208|0x000000008d000000, 0x000000008d100000, 0x000000008d100000|100%| E|CS|TAMS 0x000000008d000000, 0x000000008d000000| Complete 
| 209|0x000000008d100000, 0x000000008d200000, 0x000000008d200000|100%| E|CS|TAMS 0x000000008d100000, 0x000000008d100000| Complete 
| 210|0x000000008d200000, 0x000000008d300000, 0x000000008d300000|100%| E|CS|TAMS 0x000000008d200000, 0x000000008d200000| Complete 
| 211|0x000000008d300000, 0x000000008d400000, 0x000000008d400000|100%| E|CS|TAMS 0x000000008d300000, 0x000000008d300000| Complete 
| 212|0x000000008d400000, 0x000000008d500000, 0x000000008d500000|100%| E|CS|TAMS 0x000000008d400000, 0x000000008d400000| Complete 
| 213|0x000000008d500000, 0x000000008d600000, 0x000000008d600000|100%| E|CS|TAMS 0x000000008d500000, 0x000000008d500000| Complete 
| 214|0x000000008d600000, 0x000000008d700000, 0x000000008d700000|100%| E|CS|TAMS 0x000000008d600000, 0x000000008d600000| Complete 
| 215|0x000000008d700000, 0x000000008d800000, 0x000000008d800000|100%| E|CS|TAMS 0x000000008d700000, 0x000000008d700000| Complete 
| 216|0x000000008d800000, 0x000000008d900000, 0x000000008d900000|100%| E|CS|TAMS 0x000000008d800000, 0x000000008d800000| Complete 
| 217|0x000000008d900000, 0x000000008da00000, 0x000000008da00000|100%| E|CS|TAMS 0x000000008d900000, 0x000000008d900000| Complete 
| 218|0x000000008da00000, 0x000000008db00000, 0x000000008db00000|100%| E|CS|TAMS 0x000000008da00000, 0x000000008da00000| Complete 
| 219|0x000000008db00000, 0x000000008dc00000, 0x000000008dc00000|100%| E|CS|TAMS 0x000000008db00000, 0x000000008db00000| Complete 
| 220|0x000000008dc00000, 0x000000008dd00000, 0x000000008dd00000|100%| E|CS|TAMS 0x000000008dc00000, 0x000000008dc00000| Complete 
| 221|0x000000008dd00000, 0x000000008de00000, 0x000000008de00000|100%| E|CS|TAMS 0x000000008dd00000, 0x000000008dd00000| Complete 
| 222|0x000000008de00000, 0x000000008df00000, 0x000000008df00000|100%| E|CS|TAMS 0x000000008de00000, 0x000000008de00000| Complete 
| 223|0x000000008df00000, 0x000000008e000000, 0x000000008e000000|100%| E|CS|TAMS 0x000000008df00000, 0x000000008df00000| Complete 
| 224|0x000000008e000000, 0x000000008e100000, 0x000000008e100000|100%| E|CS|TAMS 0x000000008e000000, 0x000000008e000000| Complete 
| 225|0x000000008e100000, 0x000000008e200000, 0x000000008e200000|100%| E|CS|TAMS 0x000000008e100000, 0x000000008e100000| Complete 
| 226|0x000000008e200000, 0x000000008e300000, 0x000000008e300000|100%| E|CS|TAMS 0x000000008e200000, 0x000000008e200000| Complete 
| 227|0x000000008e300000, 0x000000008e400000, 0x000000008e400000|100%| E|CS|TAMS 0x000000008e300000, 0x000000008e300000| Complete 
| 228|0x000000008e400000, 0x000000008e500000, 0x000000008e500000|100%| E|CS|TAMS 0x000000008e400000, 0x000000008e400000| Complete 
| 229|0x000000008e500000, 0x000000008e600000, 0x000000008e600000|100%| E|CS|TAMS 0x000000008e500000, 0x000000008e500000| Complete 
| 230|0x000000008e600000, 0x000000008e700000, 0x000000008e700000|100%| E|CS|TAMS 0x000000008e600000, 0x000000008e600000| Complete 
| 231|0x000000008e700000, 0x000000008e800000, 0x000000008e800000|100%| E|CS|TAMS 0x000000008e700000, 0x000000008e700000| Complete 
| 232|0x000000008e800000, 0x000000008e900000, 0x000000008e900000|100%| E|CS|TAMS 0x000000008e800000, 0x000000008e800000| Complete 
| 233|0x000000008e900000, 0x000000008ea00000, 0x000000008ea00000|100%| E|CS|TAMS 0x000000008e900000, 0x000000008e900000| Complete 
| 234|0x000000008ea00000, 0x000000008eb00000, 0x000000008eb00000|100%| E|CS|TAMS 0x000000008ea00000, 0x000000008ea00000| Complete 
| 235|0x000000008eb00000, 0x000000008ec00000, 0x000000008ec00000|100%| E|CS|TAMS 0x000000008eb00000, 0x000000008eb00000| Complete 
| 236|0x000000008ec00000, 0x000000008ed00000, 0x000000008ed00000|100%| E|CS|TAMS 0x000000008ec00000, 0x000000008ec00000| Complete 
| 237|0x000000008ed00000, 0x000000008ee00000, 0x000000008ee00000|100%| E|CS|TAMS 0x000000008ed00000, 0x000000008ed00000| Complete 
| 238|0x000000008ee00000, 0x000000008ef00000, 0x000000008ef00000|100%| E|CS|TAMS 0x000000008ee00000, 0x000000008ee00000| Complete 
| 239|0x000000008ef00000, 0x000000008f000000, 0x000000008f000000|100%| E|CS|TAMS 0x000000008ef00000, 0x000000008ef00000| Complete 
| 240|0x000000008f000000, 0x000000008f100000, 0x000000008f100000|100%| E|CS|TAMS 0x000000008f000000, 0x000000008f000000| Complete 
| 241|0x000000008f100000, 0x000000008f200000, 0x000000008f200000|100%| E|CS|TAMS 0x000000008f100000, 0x000000008f100000| Complete 
| 242|0x000000008f200000, 0x000000008f300000, 0x000000008f300000|100%| E|CS|TAMS 0x000000008f200000, 0x000000008f200000| Complete 
| 243|0x000000008f300000, 0x000000008f400000, 0x000000008f400000|100%| E|CS|TAMS 0x000000008f300000, 0x000000008f300000| Complete 
| 244|0x000000008f400000, 0x000000008f500000, 0x000000008f500000|100%| E|CS|TAMS 0x000000008f400000, 0x000000008f400000| Complete 
| 245|0x000000008f500000, 0x000000008f600000, 0x000000008f600000|100%| E|CS|TAMS 0x000000008f500000, 0x000000008f500000| Complete 
| 246|0x000000008f600000, 0x000000008f700000, 0x000000008f700000|100%| E|CS|TAMS 0x000000008f600000, 0x000000008f600000| Complete 
| 247|0x000000008f700000, 0x000000008f800000, 0x000000008f800000|100%| E|CS|TAMS 0x000000008f700000, 0x000000008f700000| Complete 
| 248|0x000000008f800000, 0x000000008f900000, 0x000000008f900000|100%| E|CS|TAMS 0x000000008f800000, 0x000000008f800000| Complete 
| 249|0x000000008f900000, 0x000000008fa00000, 0x000000008fa00000|100%| E|CS|TAMS 0x000000008f900000, 0x000000008f900000| Complete 
| 250|0x000000008fa00000, 0x000000008fb00000, 0x000000008fb00000|100%| E|CS|TAMS 0x000000008fa00000, 0x000000008fa00000| Complete 
| 251|0x000000008fb00000, 0x000000008fc00000, 0x000000008fc00000|100%| E|CS|TAMS 0x000000008fb00000, 0x000000008fb00000| Complete 
| 252|0x000000008fc00000, 0x000000008fd00000, 0x000000008fd00000|100%| E|CS|TAMS 0x000000008fc00000, 0x000000008fc00000| Complete 
| 253|0x000000008fd00000, 0x000000008fe00000, 0x000000008fe00000|100%| E|CS|TAMS 0x000000008fd00000, 0x000000008fd00000| Complete 
| 254|0x000000008fe00000, 0x000000008ff00000, 0x000000008ff00000|100%| E|CS|TAMS 0x000000008fe00000, 0x000000008fe00000| Complete 
| 255|0x000000008ff00000, 0x0000000090000000, 0x0000000090000000|100%| E|CS|TAMS 0x000000008ff00000, 0x000000008ff00000| Complete 

Card table byte_map: [0x00000157f2440000,0x00000157f2840000] _byte_map_base: 0x00000157f2040000

Marking Bits (Prev, Next): (CMBitMap*) 0x00000157ed8de460, (CMBitMap*) 0x00000157ed8de428
 Prev Bits: [0x00000157f4c40000, 0x00000157f6c40000)
 Next Bits: [0x00000157f2c40000, 0x00000157f4c40000)

Polling page: 0x00000157ebf60000

Metaspace:

Usage:
  Non-class:     64.02 MB capacity,    63.01 MB ( 98%) used,   856.75 KB (  1%) free+waste,   177.56 KB ( <1%) overhead. 
      Class:      9.94 MB capacity,     9.37 MB ( 94%) used,   499.51 KB (  5%) free+waste,    82.25 KB ( <1%) overhead. 
       Both:     73.96 MB capacity,    72.38 MB ( 98%) used,     1.32 MB (  2%) free+waste,   259.81 KB ( <1%) overhead. 

Virtual space:
  Non-class space:       66.00 MB reserved,      64.25 MB ( 97%) committed 
      Class space:        1.00 GB reserved,      10.07 MB ( <1%) committed 
             Both:        1.06 GB reserved,      74.32 MB (  7%) committed 

Chunk freelists:
   Non-Class:  47.00 KB
       Class:  30.00 KB
        Both:  77.00 KB

MaxMetaspaceSize: 17179869184.00 GB
CompressedClassSpaceSize: 1.00 GB

CodeHeap 'non-profiled nmethods': size=120000Kb used=4337Kb max_used=4337Kb free=115662Kb
 bounds [0x0000015787ad0000, 0x0000015787f10000, 0x000001578f000000]
CodeHeap 'profiled nmethods': size=120000Kb used=14631Kb max_used=14631Kb free=105368Kb
 bounds [0x00000157805a0000, 0x00000157813f0000, 0x0000015787ad0000]
CodeHeap 'non-nmethods': size=5760Kb used=2283Kb max_used=2316Kb free=3476Kb
 bounds [0x0000015780000000, 0x0000015780270000, 0x00000157805a0000]
 total_blobs=7742 nmethods=6861 adapters=792
 compilation: enabled
              stopped_count=0, restarted_count=0
 full_count=0

Compilation events (20 events):
Event: 6.057 Thread 0x00000157fa24a800 nmethod 6808 0x0000015787f08410 code [0x0000015787f085c0, 0x0000015787f08678]
Event: 6.057 Thread 0x00000157fa24a800 6807       1       org.gradle.internal.ImmutableActionSet$EmptySet::isEmpty (2 bytes)
Event: 6.057 Thread 0x00000157fa24a800 nmethod 6807 0x0000015787f08710 code [0x0000015787f088c0, 0x0000015787f08978]
Event: 6.057 Thread 0x00000157fa24a800 6811       1       com.android.build.api.artifact.impl.ArtifactContainer::getFinal (5 bytes)
Event: 6.057 Thread 0x00000157fa24a800 nmethod 6811 0x0000015787f08a10 code [0x0000015787f08bc0, 0x0000015787f08c78]
Event: 6.057 Thread 0x00000157fa24a800 6797       1       java.util.Spliterators$EmptySpliterator::characteristics (4 bytes)
Event: 6.057 Thread 0x00000157fa24a800 nmethod 6797 0x0000015787f08d10 code [0x0000015787f08ec0, 0x0000015787f08f78]
Event: 6.057 Thread 0x00000157fa24a800 6804       1       com.android.build.gradle.internal.cxx.settings.SettingsConfigurationVariable::component1 (5 bytes)
Event: 6.057 Thread 0x00000157fa24a800 nmethod 6804 0x0000015787f09010 code [0x0000015787f091c0, 0x0000015787f09278]
Event: 6.057 Thread 0x00000157fa24a800 6805       1       com.android.build.gradle.internal.cxx.settings.SettingsConfigurationVariable::component2 (5 bytes)
Event: 6.057 Thread 0x00000157fa24a800 nmethod 6805 0x0000015787f09310 code [0x0000015787f094c0, 0x0000015787f09578]
Event: 6.057 Thread 0x00000157fa24a800 6813       3       com.google.common.collect.RegularImmutableSet::copyIntoArray (21 bytes)
Event: 6.057 Thread 0x00000157fa24a800 nmethod 6813 0x00000157813b5910 code [0x00000157813b5ae0, 0x00000157813b5d88]
Event: 6.057 Thread 0x00000157fa24a800 6814       3       org.gradle.internal.operations.DefaultBuildOperationExecutor$ListenerAdapter::start (53 bytes)
Event: 6.057 Thread 0x00000157fa24a800 nmethod 6814 0x00000157813b5e10 code [0x00000157813b6040, 0x00000157813b6778]
Event: 6.057 Thread 0x00000157fa24a800 6815       3       org.gradle.internal.operations.OperationStartEvent::<init> (10 bytes)
Event: 6.057 Thread 0x00000157fa24a800 nmethod 6815 0x00000157813b6b10 code [0x00000157813b6cc0, 0x00000157813b6e18]
Event: 6.057 Thread 0x00000157fa24a800 6816       3       org.gradle.tooling.internal.provider.runner.ToolingApiBuildEventListenerFactory$1::started (1 bytes)
Event: 6.057 Thread 0x00000157fa24a800 nmethod 6816 0x00000157813b6f10 code [0x00000157813b70c0, 0x00000157813b71b8]
Event: 6.058 Thread 0x00000157fa23a800 nmethod 6806 0x0000015787f09610 code [0x0000015787f097e0, 0x0000015787f09d58]

GC Heap History (16 events):
Event: 0.538 GC heap before
{Heap before GC invocations=0 (full 0):
 garbage-first heap   total 262144K, used 29696K [0x0000000080000000, 0x0000000100000000)
  region size 1024K, 24 young (24576K), 0 survivors (0K)
 Metaspace       used 10155K, capacity 10403K, committed 10624K, reserved 1058816K
  class space    used 1060K, capacity 1106K, committed 1152K, reserved 1048576K
}
Event: 0.541 GC heap after
{Heap after GC invocations=1 (full 0):
 garbage-first heap   total 262144K, used 9266K [0x0000000080000000, 0x0000000100000000)
  region size 1024K, 3 young (3072K), 3 survivors (3072K)
 Metaspace       used 10155K, capacity 10403K, committed 10624K, reserved 1058816K
  class space    used 1060K, capacity 1106K, committed 1152K, reserved 1048576K
}
Event: 1.688 GC heap before
{Heap before GC invocations=1 (full 0):
 garbage-first heap   total 262144K, used 105522K [0x0000000080000000, 0x0000000100000000)
  region size 1024K, 98 young (100352K), 3 survivors (3072K)
 Metaspace       used 20549K, capacity 21104K, committed 21248K, reserved 1067008K
  class space    used 2506K, capacity 2690K, committed 2816K, reserved 1048576K
}
Event: 1.695 GC heap after
{Heap after GC invocations=2 (full 0):
 garbage-first heap   total 262144K, used 16541K [0x0000000080000000, 0x0000000100000000)
  region size 1024K, 11 young (11264K), 11 survivors (11264K)
 Metaspace       used 20549K, capacity 21104K, committed 21248K, reserved 1067008K
  class space    used 2506K, capacity 2690K, committed 2816K, reserved 1048576K
}
Event: 1.939 GC heap before
{Heap before GC invocations=3 (full 0):
 garbage-first heap   total 262144K, used 55453K [0x0000000080000000, 0x0000000100000000)
  region size 1024K, 50 young (51200K), 11 survivors (11264K)
 Metaspace       used 24502K, capacity 25126K, committed 25472K, reserved 1071104K
  class space    used 3154K, capacity 3353K, committed 3456K, reserved 1048576K
}
Event: 1.944 GC heap after
{Heap after GC invocations=4 (full 0):
 garbage-first heap   total 262144K, used 18220K [0x0000000080000000, 0x0000000100000000)
  region size 1024K, 2 young (2048K), 2 survivors (2048K)
 Metaspace       used 24502K, capacity 25126K, committed 25472K, reserved 1071104K
  class space    used 3154K, capacity 3353K, committed 3456K, reserved 1048576K
}
Event: 2.583 GC heap before
{Heap before GC invocations=4 (full 0):
 garbage-first heap   total 262144K, used 90924K [0x0000000080000000, 0x0000000100000000)
  region size 1024K, 74 young (75776K), 2 survivors (2048K)
 Metaspace       used 35051K, capacity 35838K, committed 35840K, reserved 1081344K
  class space    used 4544K, capacity 4864K, committed 4864K, reserved 1048576K
}
Event: 2.589 GC heap after
{Heap after GC invocations=5 (full 0):
 garbage-first heap   total 262144K, used 21978K [0x0000000080000000, 0x0000000100000000)
  region size 1024K, 6 young (6144K), 6 survivors (6144K)
 Metaspace       used 35051K, capacity 35838K, committed 35840K, reserved 1081344K
  class space    used 4544K, capacity 4864K, committed 4864K, reserved 1048576K
}
Event: 3.430 GC heap before
{Heap before GC invocations=6 (full 0):
 garbage-first heap   total 262144K, used 137690K [0x0000000080000000, 0x0000000100000000)
  region size 1024K, 116 young (118784K), 6 survivors (6144K)
 Metaspace       used 44043K, capacity 45072K, committed 45260K, reserved 1089536K
  class space    used 5650K, capacity 6035K, committed 6092K, reserved 1048576K
}
Event: 3.436 GC heap after
{Heap after GC invocations=7 (full 0):
 garbage-first heap   total 262144K, used 28535K [0x0000000080000000, 0x0000000100000000)
  region size 1024K, 12 young (12288K), 12 survivors (12288K)
 Metaspace       used 44043K, capacity 45072K, committed 45260K, reserved 1089536K
  class space    used 5650K, capacity 6035K, committed 6092K, reserved 1048576K
}
Event: 4.601 GC heap before
{Heap before GC invocations=7 (full 0):
 garbage-first heap   total 262144K, used 169847K [0x0000000080000000, 0x0000000100000000)
  region size 1024K, 147 young (150528K), 12 survivors (12288K)
 Metaspace       used 57664K, capacity 59180K, committed 59468K, reserved 1101824K
  class space    used 7343K, capacity 7903K, committed 8012K, reserved 1048576K
}
Event: 4.611 GC heap after
{Heap after GC invocations=8 (full 0):
 garbage-first heap   total 262144K, used 44030K [0x0000000080000000, 0x0000000100000000)
  region size 1024K, 18 young (18432K), 18 survivors (18432K)
 Metaspace       used 57664K, capacity 59180K, committed 59468K, reserved 1101824K
  class space    used 7343K, capacity 7903K, committed 8012K, reserved 1048576K
}
Event: 4.656 GC heap before
{Heap before GC invocations=8 (full 0):
 garbage-first heap   total 262144K, used 49150K [0x0000000080000000, 0x0000000100000000)
  region size 1024K, 24 young (24576K), 18 survivors (18432K)
 Metaspace       used 58410K, capacity 59996K, committed 60236K, reserved 1101824K
  class space    used 7428K, capacity 7983K, committed 8012K, reserved 1048576K
}
Event: 4.669 GC heap after
{Heap after GC invocations=9 (full 0):
 garbage-first heap   total 262144K, used 46970K [0x0000000080000000, 0x0000000100000000)
  region size 1024K, 3 young (3072K), 3 survivors (3072K)
 Metaspace       used 58410K, capacity 59996K, committed 60236K, reserved 1101824K
  class space    used 7428K, capacity 7983K, committed 8012K, reserved 1048576K
}
Event: 5.687 GC heap before
{Heap before GC invocations=10 (full 0):
 garbage-first heap   total 262144K, used 164730K [0x0000000080000000, 0x0000000100000000)
  region size 1024K, 118 young (120832K), 3 survivors (3072K)
 Metaspace       used 68561K, capacity 70218K, committed 70348K, reserved 1110016K
  class space    used 8791K, capacity 9369K, committed 9420K, reserved 1048576K
}
Event: 5.692 GC heap after
{Heap after GC invocations=11 (full 0):
 garbage-first heap   total 262144K, used 53418K [0x0000000080000000, 0x0000000100000000)
  region size 1024K, 10 young (10240K), 10 survivors (10240K)
 Metaspace       used 68561K, capacity 70218K, committed 70348K, reserved 1110016K
  class space    used 8791K, capacity 9369K, committed 9420K, reserved 1048576K
}

Deoptimization events (20 events):
Event: 5.692 Thread 0x00000157fa3af800 Uncommon trap: trap_request=0xffffffde fr.pc=0x0000015787c04f6c relative=0x000000000000052c
Event: 5.692 Thread 0x00000157fa3af800 Uncommon trap: reason=class_check action=maybe_recompile pc=0x0000015787c04f6c method=jdk.internal.ref.PhantomCleanable.clean()V @ 12 c2
Event: 5.692 Thread 0x00000157fa3af800 DEOPT PACKING pc=0x0000015787c04f6c sp=0x00000041ce2feff0
Event: 5.692 Thread 0x00000157fa3af800 DEOPT UNPACKING pc=0x00000157800278af sp=0x00000041ce2fefd0 mode 2
Event: 5.692 Thread 0x00000157fa3af800 Uncommon trap: trap_request=0xffffffde fr.pc=0x0000015787c04f6c relative=0x000000000000052c
Event: 5.692 Thread 0x00000157fa3af800 Uncommon trap: reason=class_check action=maybe_recompile pc=0x0000015787c04f6c method=jdk.internal.ref.PhantomCleanable.clean()V @ 12 c2
Event: 5.692 Thread 0x00000157fa3af800 DEOPT PACKING pc=0x0000015787c04f6c sp=0x00000041ce2feff0
Event: 5.692 Thread 0x00000157fa3af800 DEOPT UNPACKING pc=0x00000157800278af sp=0x00000041ce2fefd0 mode 2
Event: 5.692 Thread 0x00000157fa3af800 Uncommon trap: trap_request=0xffffffde fr.pc=0x0000015787c04f6c relative=0x000000000000052c
Event: 5.692 Thread 0x00000157fa3af800 Uncommon trap: reason=class_check action=maybe_recompile pc=0x0000015787c04f6c method=jdk.internal.ref.PhantomCleanable.clean()V @ 12 c2
Event: 5.692 Thread 0x00000157fa3af800 DEOPT PACKING pc=0x0000015787c04f6c sp=0x00000041ce2feff0
Event: 5.692 Thread 0x00000157fa3af800 DEOPT UNPACKING pc=0x00000157800278af sp=0x00000041ce2fefd0 mode 2
Event: 5.694 Thread 0x00000157fcf56800 Uncommon trap: trap_request=0xffffff4d fr.pc=0x0000015787c52f28 relative=0x0000000000000828
Event: 5.694 Thread 0x00000157fcf56800 Uncommon trap: reason=unstable_if action=reinterpret pc=0x0000015787c52f28 method=java.util.jar.JarFile.getVersionedEntry(Ljava/lang/String;Ljava/util/jar/JarEntry;)Ljava/util/jar/JarEntry; @ 67 c2
Event: 5.694 Thread 0x00000157fcf56800 DEOPT PACKING pc=0x0000015787c52f28 sp=0x00000041ceff5890
Event: 5.694 Thread 0x00000157fcf56800 DEOPT UNPACKING pc=0x00000157800278af sp=0x00000041ceff5878 mode 2
Event: 5.836 Thread 0x00000157fcf56800 Uncommon trap: trap_request=0xffffff4d fr.pc=0x0000015787dc2414 relative=0x0000000000001b14
Event: 5.836 Thread 0x00000157fcf56800 Uncommon trap: reason=unstable_if action=reinterpret pc=0x0000015787dc2414 method=java.util.concurrent.ConcurrentHashMap.putVal(Ljava/lang/Object;Ljava/lang/Object;Z)Ljava/lang/Object; @ 245 c2
Event: 5.836 Thread 0x00000157fcf56800 DEOPT PACKING pc=0x0000015787dc2414 sp=0x00000041ceff6010
Event: 5.836 Thread 0x00000157fcf56800 DEOPT UNPACKING pc=0x00000157800278af sp=0x00000041ceff5fa8 mode 2

Classes redefined (0 events):
No events

Internal exceptions (20 events):
Event: 5.168 Thread 0x00000157fcf56800 Exception <a 'java/lang/ClassNotFoundException'{0x000000008b434a28}: com/android/build/gradle/internal/CompileOptionsCustomizer> (0x000000008b434a28) thrown at [./src/hotspot/share/classfile/systemDictionary.cpp, line 231]
Event: 5.169 Thread 0x00000157fcf56800 Exception <a 'java/lang/ClassNotFoundException'{0x000000008b458ff8}: com/android/build/gradle/internal/CompileOptions_DecoratedCustomizer> (0x000000008b458ff8) thrown at [./src/hotspot/share/classfile/systemDictionary.cpp, line 231]
Event: 5.180 Thread 0x00000157fcf56800 Exception <a 'java/lang/ClassNotFoundException'{0x000000008b4f5f78}: com/android/build/gradle/internal/dsl/ApplicationBuildFeaturesImpl_DecoratedBeanInfo> (0x000000008b4f5f78) thrown at [./src/hotspot/share/classfile/systemDictionary.cpp, line 231]
Event: 5.180 Thread 0x00000157fcf56800 Exception <a 'java/lang/ClassNotFoundException'{0x000000008b3104c0}: com/android/build/gradle/internal/dsl/ApplicationBuildFeaturesImplBeanInfo> (0x000000008b3104c0) thrown at [./src/hotspot/share/classfile/systemDictionary.cpp, line 231]
Event: 5.182 Thread 0x00000157fcf56800 Exception <a 'java/lang/ClassNotFoundException'{0x000000008b328b38}: com/android/build/gradle/internal/dsl/BuildFeaturesImplBeanInfo> (0x000000008b328b38) thrown at [./src/hotspot/share/classfile/systemDictionary.cpp, line 231]
Event: 5.182 Thread 0x00000157fcf56800 Exception <a 'java/lang/ClassNotFoundException'{0x000000008b3411e8}: com/android/build/gradle/internal/dsl/BuildFeaturesImplCustomizer> (0x000000008b3411e8) thrown at [./src/hotspot/share/classfile/systemDictionary.cpp, line 231]
Event: 5.183 Thread 0x00000157fcf56800 Exception <a 'java/lang/ClassNotFoundException'{0x000000008b366a28}: com/android/build/gradle/internal/dsl/ApplicationBuildFeaturesImplCustomizer> (0x000000008b366a28) thrown at [./src/hotspot/share/classfile/systemDictionary.cpp, line 231]
Event: 5.183 Thread 0x00000157fcf56800 Exception <a 'java/lang/ClassNotFoundException'{0x000000008b388508}: com/android/build/gradle/internal/dsl/ApplicationBuildFeaturesImpl_DecoratedCustomizer> (0x000000008b388508) thrown at [./src/hotspot/share/classfile/systemDictionary.cpp, line 231]
Event: 5.193 Thread 0x00000157fcf56800 Exception <a 'java/lang/ClassNotFoundException'{0x000000008b22bea0}: com/android/build/gradle/internal/dsl/ExternalNativeBuild_DecoratedBeanInfo> (0x000000008b22bea0) thrown at [./src/hotspot/share/classfile/systemDictionary.cpp, line 231]
Event: 5.194 Thread 0x00000157fcf56800 Exception <a 'java/lang/ClassNotFoundException'{0x000000008b244588}: com/android/build/gradle/internal/dsl/ExternalNativeBuildBeanInfo> (0x000000008b244588) thrown at [./src/hotspot/share/classfile/systemDictionary.cpp, line 231]
Event: 5.194 Thread 0x00000157fcf56800 Exception <a 'java/lang/ClassNotFoundException'{0x000000008b25db08}: com/android/build/gradle/internal/dsl/ExternalNativeBuildCustomizer> (0x000000008b25db08) thrown at [./src/hotspot/share/classfile/systemDictionary.cpp, line 231]
Event: 5.195 Thread 0x00000157fcf56800 Exception <a 'java/lang/ClassNotFoundException'{0x000000008b283658}: com/android/build/gradle/internal/dsl/ExternalNativeBuild_DecoratedCustomizer> (0x000000008b283658) thrown at [./src/hotspot/share/classfile/systemDictionary.cpp, line 231]
Event: 5.201 Thread 0x00000157fcf56800 Exception <a 'java/lang/ClassNotFoundException'{0x000000008b2dd708}: com/android/build/gradle/internal/dsl/CmakeOptions_DecoratedBeanInfo> (0x000000008b2dd708) thrown at [./src/hotspot/share/classfile/systemDictionary.cpp, line 231]
Event: 5.201 Thread 0x00000157fcf56800 Exception <a 'java/lang/ClassNotFoundException'{0x000000008b2f65c0}: com/android/build/gradle/internal/dsl/CmakeOptionsBeanInfo> (0x000000008b2f65c0) thrown at [./src/hotspot/share/classfile/systemDictionary.cpp, line 231]
Event: 5.201 Thread 0x00000157fcf56800 Exception <a 'java/lang/ClassNotFoundException'{0x000000008b110060}: com/android/build/gradle/internal/dsl/CmakeOptionsCustomizer> (0x000000008b110060) thrown at [./src/hotspot/share/classfile/systemDictionary.cpp, line 231]
Event: 5.202 Thread 0x00000157fcf56800 Exception <a 'java/lang/ClassNotFoundException'{0x000000008b131f18}: com/android/build/gradle/internal/dsl/CmakeOptions_DecoratedCustomizer> (0x000000008b131f18) thrown at [./src/hotspot/share/classfile/systemDictionary.cpp, line 231]
Event: 5.205 Thread 0x00000157fcf56800 Exception <a 'java/lang/ClassNotFoundException'{0x000000008b16f988}: build_5snh4e9w976u2lyhs51xhmxyj$_run_closure1$_closure7BeanInfo> (0x000000008b16f988) thrown at [./src/hotspot/share/classfile/systemDictionary.cpp, line 231]
Event: 5.206 Thread 0x00000157fcf56800 Exception <a 'java/lang/ClassNotFoundException'{0x000000008b1800f0}: build_5snh4e9w976u2lyhs51xhmxyj$_run_closure1$_closure7Customizer> (0x000000008b1800f0) thrown at [./src/hotspot/share/classfile/systemDictionary.cpp, line 231]
Event: 5.513 Thread 0x00000157fcf56800 Exception <a 'sun/nio/fs/WindowsException'{0x0000000089c17e58}> (0x0000000089c17e58) thrown at [./src/hotspot/share/prims/jni.cpp, line 615]
Event: 5.513 Thread 0x00000157fcf56800 Exception <a 'sun/nio/fs/WindowsException'{0x0000000089c18420}> (0x0000000089c18420) thrown at [./src/hotspot/share/prims/jni.cpp, line 615]

Events (20 events):
Event: 6.054 loading class com/android/build/gradle/internal/tasks/MergeArtProfileTask$CreationAction
Event: 6.054 loading class com/android/build/gradle/internal/tasks/MergeArtProfileTask$CreationAction done
Event: 6.055 loading class com/android/build/gradle/internal/tasks/MergeArtProfileTask
Event: 6.055 loading class com/android/build/gradle/internal/tasks/MergeArtProfileTask done
Event: 6.055 loading class com/android/build/gradle/internal/tasks/MergeArtProfileTask$CreationAction$handleProvider$1
Event: 6.055 loading class com/android/build/gradle/internal/tasks/MergeArtProfileTask$CreationAction$handleProvider$1 done
Event: 6.055 loading class com/android/build/gradle/internal/scope/InternalArtifactType$MERGED_ART_PROFILE
Event: 6.055 loading class com/android/build/gradle/internal/scope/InternalArtifactType$MERGED_ART_PROFILE done
Event: 6.056 loading class com/android/build/gradle/internal/tasks/CompileArtProfileTask$CreationAction
Event: 6.056 loading class com/android/build/gradle/internal/tasks/CompileArtProfileTask$CreationAction done
Event: 6.056 loading class com/android/build/gradle/internal/tasks/CompileArtProfileTask
Event: 6.056 loading class com/android/build/gradle/internal/tasks/CompileArtProfileTask done
Event: 6.057 loading class com/android/build/gradle/internal/tasks/CompileArtProfileTask$CreationAction$handleProvider$1
Event: 6.057 loading class com/android/build/gradle/internal/tasks/CompileArtProfileTask$CreationAction$handleProvider$1 done
Event: 6.057 loading class com/android/build/gradle/internal/tasks/PerModuleReportDependenciesTask$CreationAction
Event: 6.057 loading class com/android/build/gradle/internal/tasks/PerModuleReportDependenciesTask$CreationAction done
Event: 6.057 loading class com/android/build/gradle/internal/tasks/PerModuleReportDependenciesTask$CreationAction$Companion
Event: 6.057 loading class com/android/build/gradle/internal/tasks/PerModuleReportDependenciesTask$CreationAction$Companion done
Event: 6.058 loading class com/android/build/gradle/internal/tasks/PerModuleReportDependenciesTask
Event: 6.058 loading class com/android/build/gradle/internal/tasks/PerModuleReportDependenciesTask done


Dynamic libraries:
0x00007ff7628a0000 - 0x00007ff7628aa000 	C:\Program Files\Android\Android Studio\jre\bin\java.exe
0x00007ffd1dcb0000 - 0x00007ffd1dea5000 	C:\WINDOWS\SYSTEM32\ntdll.dll
0x00007ffd1cdb0000 - 0x00007ffd1ce6e000 	C:\WINDOWS\System32\KERNEL32.DLL
0x00007ffd1b920000 - 0x00007ffd1bbe8000 	C:\WINDOWS\System32\KERNELBASE.dll
0x00007ffd1bbf0000 - 0x00007ffd1bcf0000 	C:\WINDOWS\System32\ucrtbase.dll
0x00007ffd11c30000 - 0x00007ffd11c47000 	C:\Program Files\Android\Android Studio\jre\bin\VCRUNTIME140.dll
0x00007ffd11ae0000 - 0x00007ffd11af9000 	C:\Program Files\Android\Android Studio\jre\bin\jli.dll
0x00007ffd1da20000 - 0x00007ffd1dbc1000 	C:\WINDOWS\System32\USER32.dll
0x00007ffd1b450000 - 0x00007ffd1b472000 	C:\WINDOWS\System32\win32u.dll
0x00007ffd1ccc0000 - 0x00007ffd1cceb000 	C:\WINDOWS\System32\GDI32.dll
0x00007ffd1b780000 - 0x00007ffd1b88d000 	C:\WINDOWS\System32\gdi32full.dll
0x00007ffd02cd0000 - 0x00007ffd02f6a000 	C:\WINDOWS\WinSxS\amd64_microsoft.windows.common-controls_6595b64144ccf1df_6.0.19041.1110_none_60b5254171f9507e\COMCTL32.dll
0x00007ffd1b530000 - 0x00007ffd1b5cd000 	C:\WINDOWS\System32\msvcp_win.dll
0x00007ffd1c050000 - 0x00007ffd1c0ee000 	C:\WINDOWS\System32\msvcrt.dll
0x00007ffd1cd80000 - 0x00007ffd1cdb0000 	C:\WINDOWS\System32\IMM32.DLL
0x00007ffd087e0000 - 0x00007ffd0887d000 	C:\Program Files\Android\Android Studio\jre\bin\msvcp140.dll
0x00007ffcbb860000 - 0x00007ffcbc32f000 	C:\Program Files\Android\Android Studio\jre\bin\server\jvm.dll
0x00007ffd1d790000 - 0x00007ffd1d83e000 	C:\WINDOWS\System32\ADVAPI32.dll
0x00007ffd1dbd0000 - 0x00007ffd1dc6c000 	C:\WINDOWS\System32\sechost.dll
0x00007ffd1d840000 - 0x00007ffd1d965000 	C:\WINDOWS\System32\RPCRT4.dll
0x00007ffd1c8f0000 - 0x00007ffd1c8f8000 	C:\WINDOWS\System32\PSAPI.DLL
0x00007ffd05850000 - 0x00007ffd05859000 	C:\WINDOWS\SYSTEM32\WSOCK32.dll
0x00007ffd157a0000 - 0x00007ffd157aa000 	C:\WINDOWS\SYSTEM32\VERSION.dll
0x00007ffd10ec0000 - 0x00007ffd10ee7000 	C:\WINDOWS\SYSTEM32\WINMM.dll
0x00007ffd1ca30000 - 0x00007ffd1ca9b000 	C:\WINDOWS\System32\WS2_32.dll
0x00007ffd192d0000 - 0x00007ffd192e2000 	C:\WINDOWS\SYSTEM32\kernel.appcore.dll
0x00007ffd17020000 - 0x00007ffd17031000 	C:\Program Files\Android\Android Studio\jre\bin\verify.dll
0x00007ffd0fc50000 - 0x00007ffd0fe34000 	C:\WINDOWS\SYSTEM32\DBGHELP.DLL
0x00007ffd0fad0000 - 0x00007ffd0fafc000 	C:\WINDOWS\SYSTEM32\dbgcore.DLL
0x00007ffd1b890000 - 0x00007ffd1b912000 	C:\WINDOWS\System32\bcryptPrimitives.dll
0x00007ffd11a90000 - 0x00007ffd11ab9000 	C:\Program Files\Android\Android Studio\jre\bin\java.dll
0x00007ffd17080000 - 0x00007ffd1708b000 	C:\Program Files\Android\Android Studio\jre\bin\jimage.dll
0x00007ffd16fa0000 - 0x00007ffd16fb8000 	C:\Program Files\Android\Android Studio\jre\bin\zip.dll
0x00007ffd1c0f0000 - 0x00007ffd1c834000 	C:\WINDOWS\System32\SHELL32.dll
0x00007ffd194d0000 - 0x00007ffd19c65000 	C:\WINDOWS\SYSTEM32\windows.storage.dll
0x00007ffd1bcf0000 - 0x00007ffd1c045000 	C:\WINDOWS\System32\combase.dll
0x00007ffd1ae10000 - 0x00007ffd1ae3e000 	C:\WINDOWS\SYSTEM32\Wldp.dll
0x00007ffd1c840000 - 0x00007ffd1c8ed000 	C:\WINDOWS\System32\SHCORE.dll
0x00007ffd1d2f0000 - 0x00007ffd1d345000 	C:\WINDOWS\System32\shlwapi.dll
0x00007ffd1b300000 - 0x00007ffd1b31f000 	C:\WINDOWS\SYSTEM32\profapi.dll
0x00007ffd11b60000 - 0x00007ffd11b7a000 	C:\Program Files\Android\Android Studio\jre\bin\net.dll
0x00007ffd16700000 - 0x00007ffd1680c000 	C:\WINDOWS\SYSTEM32\WINHTTP.dll
0x00007ffd1aaf0000 - 0x00007ffd1ab5a000 	C:\WINDOWS\system32\mswsock.dll
0x00007ffd11a70000 - 0x00007ffd11a84000 	C:\Program Files\Android\Android Studio\jre\bin\nio.dll
0x00007ffd0ff70000 - 0x00007ffd0ff97000 	C:\Users\coding\.gradle\native\8bec1ad78214c89d9ad589b4d07fe93259594b29d510b10fafb7a158f7737e5d\windows-amd64\native-platform.dll
0x00007ffcd2900000 - 0x00007ffcd2a3d000 	C:\Users\coding\.gradle\native\53dbd7edfb1c66fb8903c78663c9afc45aea4f116125fa6feffd364cf09443e8\windows-amd64\native-platform-file-events.dll
0x00007ffd16f10000 - 0x00007ffd16f1a000 	C:\Program Files\Android\Android Studio\jre\bin\management.dll
0x00007ffd11cb0000 - 0x00007ffd11cbc000 	C:\Program Files\Android\Android Studio\jre\bin\management_ext.dll
0x00007ffd1ace0000 - 0x00007ffd1acf8000 	C:\WINDOWS\SYSTEM32\CRYPTSP.dll
0x00007ffd1a420000 - 0x00007ffd1a454000 	C:\WINDOWS\system32\rsaenh.dll
0x00007ffd1b3c0000 - 0x00007ffd1b3e7000 	C:\WINDOWS\System32\bcrypt.dll
0x00007ffd1b2c0000 - 0x00007ffd1b2ee000 	C:\WINDOWS\SYSTEM32\USERENV.dll
0x00007ffd1ad00000 - 0x00007ffd1ad0c000 	C:\WINDOWS\SYSTEM32\CRYPTBASE.dll
0x00007ffd1a790000 - 0x00007ffd1a7cb000 	C:\WINDOWS\SYSTEM32\IPHLPAPI.DLL
0x00007ffd1caa0000 - 0x00007ffd1caa8000 	C:\WINDOWS\System32\NSI.dll
0x00007ffd156a0000 - 0x00007ffd156b7000 	C:\WINDOWS\SYSTEM32\dhcpcsvc6.DLL
0x00007ffd15c40000 - 0x00007ffd15c5d000 	C:\WINDOWS\SYSTEM32\dhcpcsvc.DLL
0x00007ffd1a7d0000 - 0x00007ffd1a89b000 	C:\WINDOWS\SYSTEM32\DNSAPI.dll

dbghelp: loaded successfully - version: 4.0.5 - missing functions: none
symbol engine: initialized successfully - sym options: 0x614 - pdb path: .;C:\Program Files\Android\Android Studio\jre\bin;C:\WINDOWS\SYSTEM32;C:\WINDOWS\WinSxS\amd64_microsoft.windows.common-controls_6595b64144ccf1df_6.0.19041.1110_none_60b5254171f9507e;C:\Program Files\Android\Android Studio\jre\bin\server;C:\Users\coding\.gradle\native\8bec1ad78214c89d9ad589b4d07fe93259594b29d510b10fafb7a158f7737e5d\windows-amd64;C:\Users\coding\.gradle\native\53dbd7edfb1c66fb8903c78663c9afc45aea4f116125fa6feffd364cf09443e8\windows-amd64

VM Arguments:
jvm_args: --add-opens=java.base/java.util=ALL-UNNAMED --add-opens=java.base/java.lang=ALL-UNNAMED --add-opens=java.base/java.lang.invoke=ALL-UNNAMED --add-opens=java.base/java.util=ALL-UNNAMED --add-opens=java.prefs/java.util.prefs=ALL-UNNAMED --add-opens=java.prefs/java.util.prefs=ALL-UNNAMED --add-opens=java.base/java.nio.charset=ALL-UNNAMED --add-opens=java.base/java.net=ALL-UNNAMED --add-opens=java.base/java.util.concurrent.atomic=ALL-UNNAMED -Xmx2048m -Dfile.encoding=UTF-8 -Duser.country=KR -Duser.language=ko -Duser.variant 
java_command: org.gradle.launcher.daemon.bootstrap.GradleDaemon 7.0.2
java_class_path (initial): C:\Users\coding\.gradle\wrapper\dists\gradle-7.0.2-bin\857tjihv64xamwrf0h14cai3r\gradle-7.0.2\lib\gradle-launcher-7.0.2.jar
Launcher Type: SUN_STANDARD

[Global flags]
     intx CICompilerCount                          = 4                                         {product} {ergonomic}
     uint ConcGCThreads                            = 3                                         {product} {ergonomic}
     uint G1ConcRefinementThreads                  = 10                                        {product} {ergonomic}
   size_t G1HeapRegionSize                         = 1048576                                   {product} {ergonomic}
    uintx GCDrainStackTargetSize                   = 64                                        {product} {ergonomic}
   size_t InitialHeapSize                          = 268435456                                 {product} {ergonomic}
   size_t MarkStackSize                            = 4194304                                   {product} {ergonomic}
   size_t MaxHeapSize                              = 2147483648                                {product} {command line}
   size_t MaxNewSize                               = 1287651328                                {product} {ergonomic}
   size_t MinHeapDeltaBytes                        = 1048576                                   {product} {ergonomic}
    uintx NonNMethodCodeHeapSize                   = 5836300                                {pd product} {ergonomic}
    uintx NonProfiledCodeHeapSize                  = 122910970                              {pd product} {ergonomic}
    uintx ProfiledCodeHeapSize                     = 122910970                              {pd product} {ergonomic}
    uintx ReservedCodeCacheSize                    = 251658240                              {pd product} {ergonomic}
     bool SegmentedCodeCache                       = true                                      {product} {ergonomic}
     bool UseCompressedClassPointers               = true                                 {lp64_product} {ergonomic}
     bool UseCompressedOops                        = true                                 {lp64_product} {ergonomic}
     bool UseG1GC                                  = true                                      {product} {ergonomic}
     bool UseLargePagesIndividualAllocation        = false                                  {pd product} {ergonomic}

Logging:
Log output configuration:
 #0: stdout all=warning uptime,level,tags
 #1: stderr all=off uptime,level,tags

Environment Variables:
PATH=C:\Program Files\Common Files\Oracle\Java\javapath;C:\oraclexe\app\oracle\product\11.2.0\server\bin;;C:\Windows\system32;C:\Windows;C:\Windows\System32\Wbem;C:\Windows\System32\WindowsPowerShell\v1.0\;C:\Windows\System32\OpenSSH\;C:\Program Files\NVIDIA Corporation\NVIDIA NvDLISR;C:\Program Files (x86)\NVIDIA Corporation\PhysX\Common;C:\WINDOWS\system32;C:\WINDOWS;C:\WINDOWS\System32\Wbem;C:\WINDOWS\System32\WindowsPowerShell\v1.0\;C:\WINDOWS\System32\OpenSSH\;C:\Users\coding\AppData\Local\Microsoft\WindowsApps;C:\Users\coding\giit\Git\cmd
USERNAME=coding
OS=Windows_NT
PROCESSOR_IDENTIFIER=AMD64 Family 23 Model 113 Stepping 0, AuthenticAMD



---------------  S Y S T E M  ---------------

OS: Windows 10 , 64 bit Build 19041 (10.0.19041.1466)
OS uptime: 1 days 20:09 hours

CPU:total 12 (initial active 12) (12 cores per cpu, 2 threads per core) family 23 model 113 stepping 0 microcode 0x0, cmov, cx8, fxsr, mmx, sse, sse2, sse3, ssse3, sse4.1, sse4.2, popcnt, avx, avx2, aes, clmul, mmxext, 3dnowpref, lzcnt, sse4a, ht, tsc, tscinvbit, tscinv, bmi1, bmi2, adx,

Memory: 4k page, system-wide physical 16318M (3800M free)
TotalPageFile size 19253M (AvailPageFile size 4M)
current process WorkingSet (physical memory assigned to process): 431M, peak: 434M
current process commit charge ("private bytes"): 517M, peak: 521M

vm_info: OpenJDK 64-Bit Server VM (11.0.10+0-b96-7249189) for windows-amd64 JRE (11.0.10+0-b96-7249189), built on Mar 31 2021 21:44:00 by "builder" with MS VC++ 14.0 (VS2015)

END.
