#
# There is insufficient memory for the Java Runtime Environment to continue.
# Native memory allocation (malloc) failed to allocate 1846256 bytes for Chunk::new
# Possible reasons:
#   The system is out of physical RAM or swap space
#   The process is running with CompressedOops enabled, and the Java Heap may be blocking the growth of the native heap
# Possible solutions:
#   Reduce memory load on the system
#   Increase physical memory or swap space
#   Check if swap backing store is full
#   Decrease Java heap size (-Xmx/-Xms)
#   Decrease number of Java threads
#   Decrease Java thread stack sizes (-Xss)
#   Set larger code cache with -XX:ReservedCodeCacheSize=
#   JVM is running with Unscaled Compressed Oops mode in which the Java heap is
#     placed in the first 4GB address space. The Java Heap base address is the
#     maximum limit for the native heap growth. Please use -XX:HeapBaseMinAddress
#     to set the Java Heap base and to place the Java Heap above 4GB virtual address.
# This output file may be truncated or incomplete.
#
#  Out of Memory Error (./src/hotspot/share/memory/arena.cpp:197), pid=26088, tid=12552
#
# JRE version: OpenJDK Runtime Environment (11.0.10) (build 11.0.10+0-b96-7249189)
# Java VM: OpenJDK 64-Bit Server VM (11.0.10+0-b96-7249189, mixed mode, tiered, compressed oops, g1 gc, windows-amd64)
# No core dump will be written. Minidumps are not enabled by default on client versions of Windows
#

---------------  S U M M A R Y ------------

Command Line: --add-opens=java.base/java.util=ALL-UNNAMED --add-opens=java.base/java.lang=ALL-UNNAMED --add-opens=java.base/java.lang.invoke=ALL-UNNAMED --add-opens=java.base/java.util=ALL-UNNAMED --add-opens=java.prefs/java.util.prefs=ALL-UNNAMED --add-opens=java.prefs/java.util.prefs=ALL-UNNAMED --add-opens=java.base/java.nio.charset=ALL-UNNAMED --add-opens=java.base/java.net=ALL-UNNAMED --add-opens=java.base/java.util.concurrent.atomic=ALL-UNNAMED -Xmx2048m -Dfile.encoding=UTF-8 -Duser.country=KR -Duser.language=ko -Duser.variant org.gradle.launcher.daemon.bootstrap.GradleDaemon 7.0.2

Host: AMD Ryzen 5 3600 6-Core Processor              , 12 cores, 15G,  Windows 10 , 64 bit Build 19041 (10.0.19041.1466)
Time: Tue Jan 18 21:11:58 2022 대한민국 표준시 elapsed time: 9.364026 seconds (0d 0h 0m 9s)

---------------  T H R E A D  ---------------

Current thread (0x0000028868ffb800):  JavaThread "C2 CompilerThread1" daemon [_thread_in_native, id=12552, stack(0x0000008aa1100000,0x0000008aa1200000)]


Current CompileTask:
C2:   9364 11478   !   4       java.net.URLClassLoader$1::run (63 bytes)

Stack: [0x0000008aa1100000,0x0000008aa1200000]
Native frames: (J=compiled Java code, j=interpreted, Vv=VM code, C=native code)
V  [jvm.dll+0x5ecfaa]
V  [jvm.dll+0x722bd5]
V  [jvm.dll+0x72412d]
V  [jvm.dll+0x7247e3]
V  [jvm.dll+0x242928]
V  [jvm.dll+0xbc4fc]
V  [jvm.dll+0xbca0c]
V  [jvm.dll+0x352d3b]
V  [jvm.dll+0x320ad3]
V  [jvm.dll+0x31ffca]
V  [jvm.dll+0x1fb602]
V  [jvm.dll+0x1fa7f4]
V  [jvm.dll+0x18354c]
V  [jvm.dll+0x208ee7]
V  [jvm.dll+0x207731]
V  [jvm.dll+0x6eb1cf]
V  [jvm.dll+0x6e3d45]
V  [jvm.dll+0x5ebe96]
C  [ucrtbase.dll+0x21bb2]
C  [KERNEL32.DLL+0x17034]
C  [ntdll.dll+0x52651]


---------------  P R O C E S S  ---------------

Threads class SMR info:
_java_thread_list=0x0000028867e9baa0, length=91, elements={
0x000002884979c800, 0x000002886608d800, 0x00000288668ce800, 0x00000288668ed800,
0x000002886693c800, 0x000002886693d800, 0x0000028866946800, 0x000002886694c800,
0x000002886694d800, 0x0000028866ae2800, 0x00000288689c8000, 0x0000028866b75800,
0x0000028867e0d800, 0x000002886808a000, 0x0000028869079800, 0x0000028868280800,
0x0000028868235800, 0x0000028868b39000, 0x0000028868b89800, 0x00000288692a6000,
0x00000288692a7000, 0x00000288692a7800, 0x00000288692a8800, 0x0000028868ffb800,
0x00000288692aa000, 0x00000288692ab000, 0x00000288692a5800, 0x00000288692a9800,
0x00000288692ac000, 0x000002886a31e800, 0x0000028868b69000, 0x000002886a31e000,
0x000002886a31d000, 0x000002886a31b800, 0x000002886a320800, 0x000002886a322000,
0x000002886a31c800, 0x000002886a326000, 0x000002886a324800, 0x000002886a327000,
0x000002886a327800, 0x000002886a328800, 0x000002886a323000, 0x000002886a329800,
0x000002886a323800, 0x000002886a32a000, 0x000002886a325800, 0x000002886dc64800,
0x000002886dc64000, 0x000002886dc65800, 0x000002886dc63000, 0x000002886dc62800,
0x000002886dc6c000, 0x000002886dc69000, 0x000002886dc67000, 0x000002886dc68000,
0x000002886dc69800, 0x000002886dc66800, 0x000002886dc70000, 0x000002886dc6f800,
0x000002886dc6a800, 0x000002886dc71000, 0x000002886dc6b800, 0x000002886dc6e800,
0x000002886dc6d000, 0x000002886f274800, 0x000002886f272000, 0x000002886f277000,
0x000002886f277800, 0x000002886f278800, 0x000002886f272800, 0x000002886f273800,
0x000002886f279800, 0x000002886f275000, 0x000002886f27a000, 0x000002886f27b000,
0x000002886f27b800, 0x000002886f276000, 0x000002886f27e000, 0x000002886f27d800,
0x000002886f280000, 0x000002886f27f000, 0x000002886f27c800, 0x000002886f280800,
0x000002886f978000, 0x000002886f97a800, 0x000002886f978800, 0x000002886f979800,
0x000002886f97c000, 0x000002886f977000, 0x000002886f981000
}

Java Threads: ( => current thread )
  0x000002884979c800 JavaThread "main" [_thread_blocked, id=2704, stack(0x0000008a9e800000,0x0000008a9e900000)]
  0x000002886608d800 JavaThread "Reference Handler" daemon [_thread_blocked, id=29328, stack(0x0000008a9ef00000,0x0000008a9f000000)]
  0x00000288668ce800 JavaThread "Finalizer" daemon [_thread_blocked, id=19156, stack(0x0000008a9f000000,0x0000008a9f100000)]
  0x00000288668ed800 JavaThread "Signal Dispatcher" daemon [_thread_blocked, id=27392, stack(0x0000008a9f100000,0x0000008a9f200000)]
  0x000002886693c800 JavaThread "Attach Listener" daemon [_thread_blocked, id=6236, stack(0x0000008a9f200000,0x0000008a9f300000)]
  0x000002886693d800 JavaThread "Service Thread" daemon [_thread_blocked, id=19296, stack(0x0000008a9f300000,0x0000008a9f400000)]
  0x0000028866946800 JavaThread "C2 CompilerThread0" daemon [_thread_in_native, id=11040, stack(0x0000008a9f400000,0x0000008a9f500000)]
  0x000002886694c800 JavaThread "C1 CompilerThread0" daemon [_thread_in_native, id=2140, stack(0x0000008a9f500000,0x0000008a9f600000)]
  0x000002886694d800 JavaThread "Sweeper thread" daemon [_thread_blocked, id=16092, stack(0x0000008a9f600000,0x0000008a9f700000)]
  0x0000028866ae2800 JavaThread "Common-Cleaner" daemon [_thread_blocked, id=30588, stack(0x0000008a9f700000,0x0000008a9f800000)]
  0x00000288689c8000 JavaThread "Daemon health stats" [_thread_blocked, id=25852, stack(0x0000008aa0000000,0x0000008aa0100000)]
  0x0000028866b75800 JavaThread "Incoming local TCP Connector on port 58288" [_thread_in_native, id=10388, stack(0x0000008a9f900000,0x0000008a9fa00000)]
  0x0000028867e0d800 JavaThread "Daemon periodic checks" [_thread_blocked, id=26824, stack(0x0000008a9ff00000,0x0000008aa0000000)]
  0x000002886808a000 JavaThread "Daemon" [_thread_blocked, id=23664, stack(0x0000008aa0100000,0x0000008aa0200000)]
  0x0000028869079800 JavaThread "Handler for socket connection from /127.0.0.1:58288 to /127.0.0.1:58289" [_thread_in_native, id=23644, stack(0x0000008aa0200000,0x0000008aa0300000)]
  0x0000028868280800 JavaThread "Cancel handler" [_thread_blocked, id=13116, stack(0x0000008aa0300000,0x0000008aa0400000)]
  0x0000028868235800 JavaThread "Daemon worker" [_thread_blocked, id=22080, stack(0x0000008aa0400000,0x0000008aa0500000)]
  0x0000028868b39000 JavaThread "Asynchronous log dispatcher for DefaultDaemonConnection: socket connection from /127.0.0.1:58288 to /127.0.0.1:58289" [_thread_blocked, id=11256, stack(0x0000008aa0500000,0x0000008aa0600000)]
  0x0000028868b89800 JavaThread "Stdin handler" [_thread_blocked, id=3260, stack(0x0000008aa0600000,0x0000008aa0700000)]
  0x00000288692a6000 JavaThread "Daemon client event forwarder" [_thread_blocked, id=18236, stack(0x0000008aa0700000,0x0000008aa0800000)]
  0x00000288692a7000 JavaThread "Cache worker for file hash cache (C:\Users\coding\.gradle\caches\7.0.2\fileHashes)" [_thread_blocked, id=29036, stack(0x0000008aa0800000,0x0000008aa0900000)]
  0x00000288692a7800 JavaThread "File lock request listener" [_thread_in_native, id=14824, stack(0x0000008aa0900000,0x0000008aa0a00000)]
  0x00000288692a8800 JavaThread "Cache worker for journal cache (C:\Users\coding\.gradle\caches\journal-1)" [_thread_blocked, id=17928, stack(0x0000008aa1000000,0x0000008aa1100000)]
=>0x0000028868ffb800 JavaThread "C2 CompilerThread1" daemon [_thread_in_native, id=12552, stack(0x0000008aa1100000,0x0000008aa1200000)]
  0x00000288692aa000 JavaThread "Cache worker for file hash cache (C:\Users\coding\AndroidStudioProjects\BOI_repentance_guide\.gradle\7.0.2\fileHashes)" [_thread_blocked, id=25216, stack(0x0000008aa1200000,0x0000008aa1300000)]
  0x00000288692ab000 JavaThread "File watcher server" daemon [_thread_in_native, id=12928, stack(0x0000008aa1300000,0x0000008aa1400000)]
  0x00000288692a5800 JavaThread "File watcher consumer" daemon [_thread_blocked, id=10800, stack(0x0000008aa1400000,0x0000008aa1500000)]
  0x00000288692a9800 JavaThread "Cache worker for checksums cache (C:\Users\coding\AndroidStudioProjects\BOI_repentance_guide\.gradle\checksums)" [_thread_blocked, id=15948, stack(0x0000008aa1500000,0x0000008aa1600000)]
  0x00000288692ac000 JavaThread "Cache worker for cache directory md-supplier (C:\Users\coding\.gradle\caches\7.0.2\md-supplier)" [_thread_blocked, id=28768, stack(0x0000008aa1600000,0x0000008aa1700000)]
  0x000002886a31e800 JavaThread "Cache worker for cache directory md-rule (C:\Users\coding\.gradle\caches\7.0.2\md-rule)" [_thread_blocked, id=18388, stack(0x0000008aa1700000,0x0000008aa1800000)]
  0x0000028868b69000 JavaThread "C2 CompilerThread2" daemon [_thread_in_native, id=5344, stack(0x0000008aa1800000,0x0000008aa1900000)]
  0x000002886a31e000 JavaThread "Cache worker for execution history cache (C:\Users\coding\.gradle\caches\7.0.2\executionHistory)" [_thread_blocked, id=16100, stack(0x0000008aa1900000,0x0000008aa1a00000)]
  0x000002886a31d000 JavaThread "jar transforms" [_thread_blocked, id=14208, stack(0x0000008aa1a00000,0x0000008aa1b00000)]
  0x000002886a31b800 JavaThread "jar transforms Thread 2" [_thread_blocked, id=14596, stack(0x0000008aa1b00000,0x0000008aa1c00000)]
  0x000002886a320800 JavaThread "Cache worker for file content cache (C:\Users\coding\.gradle\caches\7.0.2\fileContent)" [_thread_blocked, id=16700, stack(0x0000008aa1c00000,0x0000008aa1d00000)]
  0x000002886a322000 JavaThread "Cache worker for dependencies-accessors (C:\Users\coding\AndroidStudioProjects\BOI_repentance_guide\.gradle\7.0.2\dependencies-accessors)" [_thread_blocked, id=13800, stack(0x0000008aa1d00000,0x0000008aa1e00000)]
  0x000002886a31c800 JavaThread "jar transforms Thread 3" [_thread_blocked, id=23616, stack(0x0000008aa1e00000,0x0000008aa1f00000)]
  0x000002886a326000 JavaThread "Cache worker for Build Output Cleanup Cache (C:\Users\coding\AndroidStudioProjects\BOI_repentance_guide\.gradle\buildOutputCleanup)" [_thread_blocked, id=11836, stack(0x0000008aa1f00000,0x0000008aa2000000)]
  0x000002886a324800 JavaThread "Build operations" [_thread_blocked, id=25048, stack(0x0000008aa2000000,0x0000008aa2100000)]
  0x000002886a327000 JavaThread "Build operations Thread 2" [_thread_blocked, id=8992, stack(0x0000008aa2100000,0x0000008aa2200000)]
  0x000002886a327800 JavaThread "Build operations Thread 3" [_thread_blocked, id=6264, stack(0x0000008aa2200000,0x0000008aa2300000)]
  0x000002886a328800 JavaThread "Build operations Thread 4" [_thread_blocked, id=10484, stack(0x0000008aa2300000,0x0000008aa2400000)]
  0x000002886a323000 JavaThread "Build operations Thread 5" [_thread_blocked, id=9116, stack(0x0000008aa2400000,0x0000008aa2500000)]
  0x000002886a329800 JavaThread "Build operations Thread 6" [_thread_blocked, id=31312, stack(0x0000008aa2500000,0x0000008aa2600000)]
  0x000002886a323800 JavaThread "Build operations Thread 7" [_thread_blocked, id=4244, stack(0x0000008aa2600000,0x0000008aa2700000)]
  0x000002886a32a000 JavaThread "Build operations Thread 8" [_thread_blocked, id=7792, stack(0x0000008aa2700000,0x0000008aa2800000)]
  0x000002886a325800 JavaThread "Build operations Thread 9" [_thread_blocked, id=24496, stack(0x0000008aa2800000,0x0000008aa2900000)]
  0x000002886dc64800 JavaThread "Build operations Thread 10" [_thread_blocked, id=23464, stack(0x0000008aa2900000,0x0000008aa2a00000)]
  0x000002886dc64000 JavaThread "Build operations Thread 11" [_thread_blocked, id=18292, stack(0x0000008aa2a00000,0x0000008aa2b00000)]
  0x000002886dc65800 JavaThread "Build operations Thread 12" [_thread_blocked, id=4356, stack(0x0000008aa2b00000,0x0000008aa2c00000)]
  0x000002886dc63000 JavaThread "jar transforms Thread 4" [_thread_blocked, id=14764, stack(0x0000008aa2c00000,0x0000008aa2d00000)]
  0x000002886dc62800 JavaThread "jar transforms Thread 5" [_thread_blocked, id=11476, stack(0x0000008aa2d00000,0x0000008aa2e00000)]
  0x000002886dc6c000 JavaThread "jar transforms Thread 6" [_thread_blocked, id=25632, stack(0x0000008aa2e00000,0x0000008aa2f00000)]
  0x000002886dc69000 JavaThread "jar transforms Thread 7" [_thread_blocked, id=10352, stack(0x0000008aa2f00000,0x0000008aa3000000)]
  0x000002886dc67000 JavaThread "jar transforms Thread 8" [_thread_blocked, id=17848, stack(0x0000008aa3000000,0x0000008aa3100000)]
  0x000002886dc68000 JavaThread "jar transforms Thread 9" [_thread_blocked, id=19768, stack(0x0000008aa3100000,0x0000008aa3200000)]
  0x000002886dc69800 JavaThread "jar transforms Thread 10" [_thread_blocked, id=18488, stack(0x0000008aa3200000,0x0000008aa3300000)]
  0x000002886dc66800 JavaThread "jar transforms Thread 11" [_thread_blocked, id=21832, stack(0x0000008aa3300000,0x0000008aa3400000)]
  0x000002886dc70000 JavaThread "jar transforms Thread 12" [_thread_blocked, id=24176, stack(0x0000008aa3400000,0x0000008aa3500000)]
  0x000002886dc6f800 JavaThread "Memory manager" [_thread_blocked, id=25804, stack(0x0000008aa3500000,0x0000008aa3600000)]
  0x000002886dc6a800 JavaThread "build event listener" [_thread_blocked, id=2912, stack(0x0000008aa3600000,0x0000008aa3700000)]
  0x000002886dc71000 JavaThread "Execution worker for ':'" [_thread_blocked, id=25624, stack(0x0000008aa3700000,0x0000008aa3800000)]
  0x000002886dc6b800 JavaThread "Execution worker for ':' Thread 2" [_thread_blocked, id=7920, stack(0x0000008aa3800000,0x0000008aa3900000)]
  0x000002886dc6e800 JavaThread "Execution worker for ':' Thread 3" [_thread_blocked, id=9948, stack(0x0000008aa3900000,0x0000008aa3a00000)]
  0x000002886dc6d000 JavaThread "Execution worker for ':' Thread 4" [_thread_blocked, id=22312, stack(0x0000008aa3a00000,0x0000008aa3b00000)]
  0x000002886f274800 JavaThread "Execution worker for ':' Thread 5" [_thread_blocked, id=23416, stack(0x0000008aa3b00000,0x0000008aa3c00000)]
  0x000002886f272000 JavaThread "Execution worker for ':' Thread 6" [_thread_blocked, id=28748, stack(0x0000008aa3c00000,0x0000008aa3d00000)]
  0x000002886f277000 JavaThread "Execution worker for ':' Thread 7" [_thread_blocked, id=14004, stack(0x0000008aa3d00000,0x0000008aa3e00000)]
  0x000002886f277800 JavaThread "Execution worker for ':' Thread 8" [_thread_blocked, id=19288, stack(0x0000008aa3e00000,0x0000008aa3f00000)]
  0x000002886f278800 JavaThread "Execution worker for ':' Thread 9" [_thread_blocked, id=9640, stack(0x0000008aa3f00000,0x0000008aa4000000)]
  0x000002886f272800 JavaThread "Execution worker for ':' Thread 10" [_thread_blocked, id=14492, stack(0x0000008aa4000000,0x0000008aa4100000)]
  0x000002886f273800 JavaThread "Execution worker for ':' Thread 11" [_thread_blocked, id=8856, stack(0x0000008aa4100000,0x0000008aa4200000)]
  0x000002886f279800 JavaThread "Cache worker for execution history cache (C:\Users\coding\AndroidStudioProjects\BOI_repentance_guide\.gradle\7.0.2\executionHistory)" [_thread_blocked, id=9084, stack(0x0000008aa4200000,0x0000008aa4300000)]
  0x000002886f275000 JavaThread "Cache worker for Java compile cache (C:\Users\coding\.gradle\caches\7.0.2\javaCompile)" [_thread_blocked, id=8972, stack(0x0000008aa4300000,0x0000008aa4400000)]
  0x000002886f27a000 JavaThread "Cache worker for Java compile cache (C:\Users\coding\AndroidStudioProjects\BOI_repentance_guide\.gradle\7.0.2\javaCompile)" [_thread_blocked, id=17744, stack(0x0000008aa4400000,0x0000008aa4500000)]
  0x000002886f27b000 JavaThread "Exec process" [_thread_blocked, id=20796, stack(0x0000008aa4500000,0x0000008aa4600000)]
  0x000002886f27b800 JavaThread "Exec process Thread 2" [_thread_blocked, id=11828, stack(0x0000008aa4600000,0x0000008aa4700000)]
  0x000002886f276000 JavaThread "Exec process Thread 3" [_thread_blocked, id=7620, stack(0x0000008aa4700000,0x0000008aa4800000)]
  0x000002886f27e000 JavaThread "WorkerExecutor Queue" [_thread_in_vm, id=9280, stack(0x0000008aa4800000,0x0000008aa4900000)]
  0x000002886f27d800 JavaThread "WorkerExecutor Queue Thread 2" [_thread_blocked, id=19896, stack(0x0000008aa4900000,0x0000008aa4a00000)]
  0x000002886f280000 JavaThread "WorkerExecutor Queue Thread 3" [_thread_blocked, id=19332, stack(0x0000008aa4a00000,0x0000008aa4b00000)]
  0x000002886f27f000 JavaThread "WorkerExecutor Queue Thread 4" [_thread_blocked, id=20064, stack(0x0000008aa4b00000,0x0000008aa4c00000)]
  0x000002886f27c800 JavaThread "WorkerExecutor Queue Thread 5" [_thread_in_vm, id=21880, stack(0x0000008aa4c00000,0x0000008aa4d00000)]
  0x000002886f280800 JavaThread "WorkerExecutor Queue Thread 6" [_thread_blocked, id=7960, stack(0x0000008aa4d00000,0x0000008aa4e00000)]
  0x000002886f978000 JavaThread "WorkerExecutor Queue Thread 7" [_thread_blocked, id=2208, stack(0x0000008aa4e00000,0x0000008aa4f00000)]
  0x000002886f97a800 JavaThread "WorkerExecutor Queue Thread 8" [_thread_blocked, id=25104, stack(0x0000008aa4f00000,0x0000008aa5000000)]
  0x000002886f978800 JavaThread "WorkerExecutor Queue Thread 9" [_thread_blocked, id=11996, stack(0x0000008aa5000000,0x0000008aa5100000)]
  0x000002886f979800 JavaThread "WorkerExecutor Queue Thread 10" [_thread_blocked, id=23280, stack(0x0000008aa5100000,0x0000008aa5200000)]
  0x000002886f97c000 JavaThread "WorkerExecutor Queue Thread 11" [_thread_blocked, id=1140, stack(0x0000008aa5200000,0x0000008aa5300000)]
  0x000002886f977000 JavaThread "WorkerExecutor Queue Thread 12" [_thread_blocked, id=9324, stack(0x0000008aa5300000,0x0000008aa5400000)]
  0x000002886f981000 JavaThread "WorkerExecutor Queue Thread 13" [_thread_blocked, id=7524, stack(0x0000008aa5400000,0x0000008aa5500000)]

Other Threads:
  0x000002886608b800 VMThread "VM Thread" [stack: 0x0000008a9ee00000,0x0000008a9ef00000] [id=13508]
  0x0000028866af5800 WatcherThread [stack: 0x0000008a9f800000,0x0000008a9f900000] [id=10520]
  0x00000288497b4800 GCTaskThread "GC Thread#0" [stack: 0x0000008a9e900000,0x0000008a9ea00000] [id=29132]
  0x000002886740a000 GCTaskThread "GC Thread#1" [stack: 0x0000008a9fa00000,0x0000008a9fb00000] [id=17436]
  0x00000288674e8800 GCTaskThread "GC Thread#2" [stack: 0x0000008a9fb00000,0x0000008a9fc00000] [id=12072]
  0x00000288674e9800 GCTaskThread "GC Thread#3" [stack: 0x0000008a9fc00000,0x0000008a9fd00000] [id=16292]
  0x000002886745d000 GCTaskThread "GC Thread#4" [stack: 0x0000008a9fd00000,0x0000008a9fe00000] [id=19568]
  0x0000028867609800 GCTaskThread "GC Thread#5" [stack: 0x0000008a9fe00000,0x0000008a9ff00000] [id=26060]
  0x0000028868a61800 GCTaskThread "GC Thread#6" [stack: 0x0000008aa0a00000,0x0000008aa0b00000] [id=7668]
  0x0000028868e34800 GCTaskThread "GC Thread#7" [stack: 0x0000008aa0b00000,0x0000008aa0c00000] [id=8200]
  0x0000028867e84000 GCTaskThread "GC Thread#8" [stack: 0x0000008aa0c00000,0x0000008aa0d00000] [id=5400]
  0x0000028869958800 GCTaskThread "GC Thread#9" [stack: 0x0000008aa0d00000,0x0000008aa0e00000] [id=16260]
  0x00000288497e9000 ConcurrentGCThread "G1 Main Marker" [stack: 0x0000008a9ea00000,0x0000008a9eb00000] [id=30360]
  0x00000288497ea800 ConcurrentGCThread "G1 Conc#0" [stack: 0x0000008a9eb00000,0x0000008a9ec00000] [id=7592]
  0x0000028866e6f000 ConcurrentGCThread "G1 Conc#1" [stack: 0x0000008aa0e00000,0x0000008aa0f00000] [id=23620]
  0x000002886915b800 ConcurrentGCThread "G1 Conc#2" [stack: 0x0000008aa0f00000,0x0000008aa1000000] [id=27368]
  0x000002884987e000 ConcurrentGCThread "G1 Refine#0" [stack: 0x0000008a9ec00000,0x0000008a9ed00000] [id=12820]
  0x0000028865f10800 ConcurrentGCThread "G1 Young RemSet Sampling" [stack: 0x0000008a9ed00000,0x0000008a9ee00000] [id=15696]

Threads with active compile tasks:
C2 CompilerThread0   9389 11477       4       java.net.URLClassLoader$1::run (5 bytes)
C2 CompilerThread1   9389 11478   !   4       java.net.URLClassLoader$1::run (63 bytes)
C2 CompilerThread2   9389 11601   !   4       java.util.concurrent.ConcurrentHashMap::putVal (432 bytes)

VM state:not at safepoint (normal execution)

VM Mutex/Monitor currently owned by a thread:  ([mutex/lock_event])
[0x00000288497987c0] SystemDictionary_lock - owner thread: 0x0000000000000000

Heap address: 0x0000000080000000, size: 2048 MB, Compressed Oops mode: 32-bit
Narrow klass base: 0x0000000000000000, Narrow klass shift: 3
Compressed class space size: 1073741824 Address: 0x0000000100000000

Heap:
 garbage-first heap   total 262144K, used 161384K [0x0000000080000000, 0x0000000100000000)
  region size 1024K, 99 young (101376K), 18 survivors (18432K)
 Metaspace       used 101071K, capacity 103978K, committed 104192K, reserved 1138688K
  class space    used 13180K, capacity 14321K, committed 14412K, reserved 1048576K
Heap Regions: E=young(eden), S=young(survivor), O=old, HS=humongous(starts), HC=humongous(continues), CS=collection set, F=free, A=archive, TAMS=top-at-mark-start (previous, next)
|   0|0x0000000080000000, 0x0000000080100000, 0x0000000080100000|100%| O|  |TAMS 0x0000000080100000, 0x0000000080000000| Untracked 
|   1|0x0000000080100000, 0x0000000080200000, 0x0000000080200000|100%| O|  |TAMS 0x0000000080200000, 0x0000000080100000| Untracked 
|   2|0x0000000080200000, 0x0000000080300000, 0x0000000080300000|100%| O|  |TAMS 0x0000000080300000, 0x0000000080200000| Untracked 
|   3|0x0000000080300000, 0x0000000080400000, 0x0000000080400000|100%|HS|  |TAMS 0x0000000080400000, 0x0000000080300000| Complete 
|   4|0x0000000080400000, 0x0000000080500000, 0x0000000080500000|100%|HC|  |TAMS 0x0000000080500000, 0x0000000080400000| Complete 
|   5|0x0000000080500000, 0x0000000080600000, 0x0000000080600000|100%|HC|  |TAMS 0x0000000080600000, 0x0000000080500000| Complete 
|   6|0x0000000080600000, 0x0000000080700000, 0x0000000080700000|100%| O|  |TAMS 0x0000000080700000, 0x0000000080600000| Untracked 
|   7|0x0000000080700000, 0x0000000080800000, 0x0000000080800000|100%| O|  |TAMS 0x0000000080800000, 0x0000000080700000| Untracked 
|   8|0x0000000080800000, 0x0000000080900000, 0x0000000080900000|100%| O|  |TAMS 0x0000000080900000, 0x0000000080800000| Untracked 
|   9|0x0000000080900000, 0x0000000080a00000, 0x0000000080a00000|100%| O|  |TAMS 0x0000000080a00000, 0x0000000080900000| Untracked 
|  10|0x0000000080a00000, 0x0000000080b00000, 0x0000000080b00000|100%| O|  |TAMS 0x0000000080b00000, 0x0000000080a00000| Untracked 
|  11|0x0000000080b00000, 0x0000000080c00000, 0x0000000080c00000|100%| O|  |TAMS 0x0000000080c00000, 0x0000000080b00000| Untracked 
|  12|0x0000000080c00000, 0x0000000080d00000, 0x0000000080d00000|100%| O|  |TAMS 0x0000000080d00000, 0x0000000080c00000| Untracked 
|  13|0x0000000080d00000, 0x0000000080e00000, 0x0000000080e00000|100%| O|  |TAMS 0x0000000080e00000, 0x0000000080d00000| Untracked 
|  14|0x0000000080e00000, 0x0000000080f00000, 0x0000000080f00000|100%| O|  |TAMS 0x0000000080f00000, 0x0000000080e00000| Untracked 
|  15|0x0000000080f00000, 0x0000000081000000, 0x0000000081000000|100%| O|  |TAMS 0x0000000081000000, 0x0000000080f00000| Untracked 
|  16|0x0000000081000000, 0x0000000081100000, 0x0000000081100000|100%| O|  |TAMS 0x0000000081100000, 0x0000000081000000| Untracked 
|  17|0x0000000081100000, 0x0000000081200000, 0x0000000081200000|100%|HS|  |TAMS 0x0000000081200000, 0x0000000081100000| Complete 
|  18|0x0000000081200000, 0x0000000081300000, 0x0000000081300000|100%|HS|  |TAMS 0x0000000081300000, 0x0000000081200000| Complete 
|  19|0x0000000081300000, 0x0000000081400000, 0x0000000081400000|100%|HS|  |TAMS 0x0000000081400000, 0x0000000081300000| Complete 
|  20|0x0000000081400000, 0x0000000081500000, 0x0000000081500000|100%|HC|  |TAMS 0x0000000081500000, 0x0000000081400000| Complete 
|  21|0x0000000081500000, 0x0000000081600000, 0x0000000081600000|100%| O|  |TAMS 0x0000000081600000, 0x0000000081500000| Untracked 
|  22|0x0000000081600000, 0x0000000081700000, 0x0000000081700000|100%| O|  |TAMS 0x0000000081700000, 0x0000000081600000| Untracked 
|  23|0x0000000081700000, 0x0000000081800000, 0x0000000081800000|100%| O|  |TAMS 0x0000000081800000, 0x0000000081700000| Untracked 
|  24|0x0000000081800000, 0x0000000081900000, 0x0000000081900000|100%| O|  |TAMS 0x0000000081900000, 0x0000000081800000| Untracked 
|  25|0x0000000081900000, 0x0000000081a00000, 0x0000000081a00000|100%| O|  |TAMS 0x0000000081a00000, 0x0000000081900000| Untracked 
|  26|0x0000000081a00000, 0x0000000081b00000, 0x0000000081b00000|100%| O|  |TAMS 0x0000000081b00000, 0x0000000081a00000| Untracked 
|  27|0x0000000081b00000, 0x0000000081c00000, 0x0000000081c00000|100%| O|  |TAMS 0x0000000081c00000, 0x0000000081b00000| Untracked 
|  28|0x0000000081c00000, 0x0000000081d00000, 0x0000000081d00000|100%| O|  |TAMS 0x0000000081d00000, 0x0000000081c00000| Untracked 
|  29|0x0000000081d00000, 0x0000000081e00000, 0x0000000081e00000|100%| O|  |TAMS 0x0000000081e00000, 0x0000000081d00000| Untracked 
|  30|0x0000000081e00000, 0x0000000081f00000, 0x0000000081f00000|100%| O|  |TAMS 0x0000000081f00000, 0x0000000081e00000| Untracked 
|  31|0x0000000081f00000, 0x0000000082000000, 0x0000000082000000|100%| O|  |TAMS 0x0000000082000000, 0x0000000081f00000| Untracked 
|  32|0x0000000082000000, 0x0000000082100000, 0x0000000082100000|100%| O|  |TAMS 0x0000000082100000, 0x0000000082000000| Untracked 
|  33|0x0000000082100000, 0x0000000082200000, 0x0000000082200000|100%| O|  |TAMS 0x0000000082200000, 0x0000000082100000| Untracked 
|  34|0x0000000082200000, 0x0000000082300000, 0x0000000082300000|100%| O|  |TAMS 0x0000000082300000, 0x0000000082200000| Untracked 
|  35|0x0000000082300000, 0x0000000082400000, 0x0000000082400000|100%| O|  |TAMS 0x0000000082400000, 0x0000000082300000| Untracked 
|  36|0x0000000082400000, 0x0000000082500000, 0x0000000082500000|100%| O|  |TAMS 0x0000000082500000, 0x0000000082400000| Untracked 
|  37|0x0000000082500000, 0x0000000082600000, 0x0000000082600000|100%| O|  |TAMS 0x0000000082600000, 0x0000000082500000| Untracked 
|  38|0x0000000082600000, 0x0000000082700000, 0x0000000082700000|100%| O|  |TAMS 0x0000000082700000, 0x0000000082600000| Untracked 
|  39|0x0000000082700000, 0x0000000082800000, 0x0000000082800000|100%| O|  |TAMS 0x0000000082800000, 0x0000000082700000| Untracked 
|  40|0x0000000082800000, 0x0000000082900000, 0x0000000082900000|100%| O|  |TAMS 0x0000000082900000, 0x0000000082800000| Untracked 
|  41|0x0000000082900000, 0x0000000082a00000, 0x0000000082a00000|100%| O|  |TAMS 0x0000000082a00000, 0x0000000082900000| Untracked 
|  42|0x0000000082a00000, 0x0000000082b00000, 0x0000000082b00000|100%| O|  |TAMS 0x0000000082b00000, 0x0000000082a00000| Untracked 
|  43|0x0000000082b00000, 0x0000000082c00000, 0x0000000082c00000|100%| O|  |TAMS 0x0000000082c00000, 0x0000000082b00000| Untracked 
|  44|0x0000000082c00000, 0x0000000082d00000, 0x0000000082d00000|100%| O|  |TAMS 0x0000000082d00000, 0x0000000082c00000| Untracked 
|  45|0x0000000082d00000, 0x0000000082e00000, 0x0000000082e00000|100%| O|  |TAMS 0x0000000082e00000, 0x0000000082d00000| Untracked 
|  46|0x0000000082e00000, 0x0000000082f00000, 0x0000000082f00000|100%| O|  |TAMS 0x0000000082f00000, 0x0000000082e00000| Untracked 
|  47|0x0000000082f00000, 0x0000000083000000, 0x0000000083000000|100%| O|  |TAMS 0x0000000083000000, 0x0000000082f00000| Untracked 
|  48|0x0000000083000000, 0x0000000083100000, 0x0000000083100000|100%| O|  |TAMS 0x0000000083100000, 0x0000000083000000| Untracked 
|  49|0x0000000083100000, 0x0000000083200000, 0x0000000083200000|100%| O|  |TAMS 0x0000000083200000, 0x0000000083100000| Untracked 
|  50|0x0000000083200000, 0x0000000083300000, 0x0000000083300000|100%| O|  |TAMS 0x0000000083300000, 0x0000000083200000| Untracked 
|  51|0x0000000083300000, 0x0000000083400000, 0x0000000083400000|100%| O|  |TAMS 0x0000000083400000, 0x0000000083300000| Untracked 
|  52|0x0000000083400000, 0x0000000083500000, 0x0000000083500000|100%|HS|  |TAMS 0x0000000083500000, 0x0000000083400000| Complete 
|  53|0x0000000083500000, 0x0000000083600000, 0x0000000083600000|100%|HC|  |TAMS 0x0000000083600000, 0x0000000083500000| Complete 
|  54|0x0000000083600000, 0x0000000083700000, 0x0000000083700000|100%| O|  |TAMS 0x0000000083700000, 0x0000000083600000| Untracked 
|  55|0x0000000083700000, 0x0000000083800000, 0x0000000083800000|100%| O|  |TAMS 0x0000000083800000, 0x0000000083700000| Untracked 
|  56|0x0000000083800000, 0x0000000083900000, 0x0000000083900000|100%| O|  |TAMS 0x0000000083900000, 0x0000000083800000| Untracked 
|  57|0x0000000083900000, 0x0000000083a00000, 0x0000000083a00000|100%| O|  |TAMS 0x0000000083a00000, 0x0000000083900000| Untracked 
|  58|0x0000000083a00000, 0x0000000083b00000, 0x0000000083b00000|100%| O|  |TAMS 0x0000000083b00000, 0x0000000083a00000| Untracked 
|  59|0x0000000083b00000, 0x0000000083c00000, 0x0000000083c00000|100%| O|  |TAMS 0x0000000083c00000, 0x0000000083b00000| Untracked 
|  60|0x0000000083c00000, 0x0000000083d00000, 0x0000000083d00000|100%| O|  |TAMS 0x0000000083d00000, 0x0000000083c00000| Untracked 
|  61|0x0000000083d00000, 0x0000000083d00000, 0x0000000083e00000|  0%| F|  |TAMS 0x0000000083d00000, 0x0000000083d00000| Untracked 
|  62|0x0000000083e00000, 0x0000000083e00000, 0x0000000083f00000|  0%| F|  |TAMS 0x0000000083e00000, 0x0000000083e00000| Untracked 
|  63|0x0000000083f00000, 0x0000000083f00000, 0x0000000084000000|  0%| F|  |TAMS 0x0000000083f00000, 0x0000000083f00000| Untracked 
|  64|0x0000000084000000, 0x0000000084000000, 0x0000000084100000|  0%| F|  |TAMS 0x0000000084000000, 0x0000000084000000| Untracked 
|  65|0x0000000084100000, 0x0000000084100000, 0x0000000084200000|  0%| F|  |TAMS 0x0000000084100000, 0x0000000084100000| Untracked 
|  66|0x0000000084200000, 0x0000000084200000, 0x0000000084300000|  0%| F|  |TAMS 0x0000000084200000, 0x0000000084200000| Untracked 
|  67|0x0000000084300000, 0x0000000084300000, 0x0000000084400000|  0%| F|  |TAMS 0x0000000084300000, 0x0000000084300000| Untracked 
|  68|0x0000000084400000, 0x0000000084400000, 0x0000000084500000|  0%| F|  |TAMS 0x0000000084400000, 0x0000000084400000| Untracked 
|  69|0x0000000084500000, 0x0000000084500000, 0x0000000084600000|  0%| F|  |TAMS 0x0000000084500000, 0x0000000084500000| Untracked 
|  70|0x0000000084600000, 0x0000000084600000, 0x0000000084700000|  0%| F|  |TAMS 0x0000000084600000, 0x0000000084600000| Untracked 
|  71|0x0000000084700000, 0x0000000084700000, 0x0000000084800000|  0%| F|  |TAMS 0x0000000084700000, 0x0000000084700000| Untracked 
|  72|0x0000000084800000, 0x0000000084800000, 0x0000000084900000|  0%| F|  |TAMS 0x0000000084800000, 0x0000000084800000| Untracked 
|  73|0x0000000084900000, 0x0000000084900000, 0x0000000084a00000|  0%| F|  |TAMS 0x0000000084900000, 0x0000000084900000| Untracked 
|  74|0x0000000084a00000, 0x0000000084a00000, 0x0000000084b00000|  0%| F|  |TAMS 0x0000000084a00000, 0x0000000084a00000| Untracked 
|  75|0x0000000084b00000, 0x0000000084b00000, 0x0000000084c00000|  0%| F|  |TAMS 0x0000000084b00000, 0x0000000084b00000| Untracked 
|  76|0x0000000084c00000, 0x0000000084c00000, 0x0000000084d00000|  0%| F|  |TAMS 0x0000000084c00000, 0x0000000084c00000| Untracked 
|  77|0x0000000084d00000, 0x0000000084d00000, 0x0000000084e00000|  0%| F|  |TAMS 0x0000000084d00000, 0x0000000084d00000| Untracked 
|  78|0x0000000084e00000, 0x0000000084e00000, 0x0000000084f00000|  0%| F|  |TAMS 0x0000000084e00000, 0x0000000084e00000| Untracked 
|  79|0x0000000084f00000, 0x0000000084f00000, 0x0000000085000000|  0%| F|  |TAMS 0x0000000084f00000, 0x0000000084f00000| Untracked 
|  80|0x0000000085000000, 0x0000000085000000, 0x0000000085100000|  0%| F|  |TAMS 0x0000000085000000, 0x0000000085000000| Untracked 
|  81|0x0000000085100000, 0x0000000085100000, 0x0000000085200000|  0%| F|  |TAMS 0x0000000085100000, 0x0000000085100000| Untracked 
|  82|0x0000000085200000, 0x0000000085200000, 0x0000000085300000|  0%| F|  |TAMS 0x0000000085200000, 0x0000000085200000| Untracked 
|  83|0x0000000085300000, 0x0000000085300000, 0x0000000085400000|  0%| F|  |TAMS 0x0000000085300000, 0x0000000085300000| Untracked 
|  84|0x0000000085400000, 0x0000000085400000, 0x0000000085500000|  0%| F|  |TAMS 0x0000000085400000, 0x0000000085400000| Untracked 
|  85|0x0000000085500000, 0x0000000085500000, 0x0000000085600000|  0%| F|  |TAMS 0x0000000085500000, 0x0000000085500000| Untracked 
|  86|0x0000000085600000, 0x0000000085600000, 0x0000000085700000|  0%| F|  |TAMS 0x0000000085600000, 0x0000000085600000| Untracked 
|  87|0x0000000085700000, 0x0000000085700000, 0x0000000085800000|  0%| F|  |TAMS 0x0000000085700000, 0x0000000085700000| Untracked 
|  88|0x0000000085800000, 0x0000000085800000, 0x0000000085900000|  0%| F|  |TAMS 0x0000000085800000, 0x0000000085800000| Untracked 
|  89|0x0000000085900000, 0x0000000085900000, 0x0000000085a00000|  0%| F|  |TAMS 0x0000000085900000, 0x0000000085900000| Untracked 
|  90|0x0000000085a00000, 0x0000000085a00000, 0x0000000085b00000|  0%| F|  |TAMS 0x0000000085a00000, 0x0000000085a00000| Untracked 
|  91|0x0000000085b00000, 0x0000000085b00000, 0x0000000085c00000|  0%| F|  |TAMS 0x0000000085b00000, 0x0000000085b00000| Untracked 
|  92|0x0000000085c00000, 0x0000000085c00000, 0x0000000085d00000|  0%| F|  |TAMS 0x0000000085c00000, 0x0000000085c00000| Untracked 
|  93|0x0000000085d00000, 0x0000000085d00000, 0x0000000085e00000|  0%| F|  |TAMS 0x0000000085d00000, 0x0000000085d00000| Untracked 
|  94|0x0000000085e00000, 0x0000000085e00000, 0x0000000085f00000|  0%| F|  |TAMS 0x0000000085e00000, 0x0000000085e00000| Untracked 
|  95|0x0000000085f00000, 0x0000000085f00000, 0x0000000086000000|  0%| F|  |TAMS 0x0000000085f00000, 0x0000000085f00000| Untracked 
|  96|0x0000000086000000, 0x0000000086000000, 0x0000000086100000|  0%| F|  |TAMS 0x0000000086000000, 0x0000000086000000| Untracked 
|  97|0x0000000086100000, 0x0000000086100000, 0x0000000086200000|  0%| F|  |TAMS 0x0000000086100000, 0x0000000086100000| Untracked 
|  98|0x0000000086200000, 0x0000000086200000, 0x0000000086300000|  0%| F|  |TAMS 0x0000000086200000, 0x0000000086200000| Untracked 
|  99|0x0000000086300000, 0x0000000086300000, 0x0000000086400000|  0%| F|  |TAMS 0x0000000086300000, 0x0000000086300000| Untracked 
| 100|0x0000000086400000, 0x0000000086400000, 0x0000000086500000|  0%| F|  |TAMS 0x0000000086400000, 0x0000000086400000| Untracked 
| 101|0x0000000086500000, 0x0000000086500000, 0x0000000086600000|  0%| F|  |TAMS 0x0000000086500000, 0x0000000086500000| Untracked 
| 102|0x0000000086600000, 0x0000000086600000, 0x0000000086700000|  0%| F|  |TAMS 0x0000000086600000, 0x0000000086600000| Untracked 
| 103|0x0000000086700000, 0x0000000086700000, 0x0000000086800000|  0%| F|  |TAMS 0x0000000086700000, 0x0000000086700000| Untracked 
| 104|0x0000000086800000, 0x0000000086800000, 0x0000000086900000|  0%| F|  |TAMS 0x0000000086800000, 0x0000000086800000| Untracked 
| 105|0x0000000086900000, 0x000000008699a170, 0x0000000086a00000| 60%| S|CS|TAMS 0x0000000086900000, 0x0000000086900000| Complete 
| 106|0x0000000086a00000, 0x0000000086b00000, 0x0000000086b00000|100%| S|CS|TAMS 0x0000000086a00000, 0x0000000086a00000| Complete 
| 107|0x0000000086b00000, 0x0000000086c00000, 0x0000000086c00000|100%| S|CS|TAMS 0x0000000086b00000, 0x0000000086b00000| Complete 
| 108|0x0000000086c00000, 0x0000000086d00000, 0x0000000086d00000|100%| S|CS|TAMS 0x0000000086c00000, 0x0000000086c00000| Complete 
| 109|0x0000000086d00000, 0x0000000086e00000, 0x0000000086e00000|100%| S|CS|TAMS 0x0000000086d00000, 0x0000000086d00000| Complete 
| 110|0x0000000086e00000, 0x0000000086f00000, 0x0000000086f00000|100%| S|CS|TAMS 0x0000000086e00000, 0x0000000086e00000| Complete 
| 111|0x0000000086f00000, 0x0000000087000000, 0x0000000087000000|100%| S|CS|TAMS 0x0000000086f00000, 0x0000000086f00000| Complete 
| 112|0x0000000087000000, 0x0000000087000000, 0x0000000087100000|  0%| F|  |TAMS 0x0000000087000000, 0x0000000087000000| Untracked 
| 113|0x0000000087100000, 0x0000000087100000, 0x0000000087200000|  0%| F|  |TAMS 0x0000000087100000, 0x0000000087100000| Untracked 
| 114|0x0000000087200000, 0x0000000087200000, 0x0000000087300000|  0%| F|  |TAMS 0x0000000087200000, 0x0000000087200000| Untracked 
| 115|0x0000000087300000, 0x0000000087400000, 0x0000000087400000|100%| S|CS|TAMS 0x0000000087300000, 0x0000000087300000| Complete 
| 116|0x0000000087400000, 0x0000000087500000, 0x0000000087500000|100%| S|CS|TAMS 0x0000000087400000, 0x0000000087400000| Complete 
| 117|0x0000000087500000, 0x0000000087600000, 0x0000000087600000|100%| S|CS|TAMS 0x0000000087500000, 0x0000000087500000| Complete 
| 118|0x0000000087600000, 0x0000000087700000, 0x0000000087700000|100%| S|CS|TAMS 0x0000000087600000, 0x0000000087600000| Complete 
| 119|0x0000000087700000, 0x0000000087800000, 0x0000000087800000|100%| S|CS|TAMS 0x0000000087700000, 0x0000000087700000| Complete 
| 120|0x0000000087800000, 0x0000000087900000, 0x0000000087900000|100%| S|CS|TAMS 0x0000000087800000, 0x0000000087800000| Complete 
| 121|0x0000000087900000, 0x0000000087a00000, 0x0000000087a00000|100%| S|CS|TAMS 0x0000000087900000, 0x0000000087900000| Complete 
| 122|0x0000000087a00000, 0x0000000087b00000, 0x0000000087b00000|100%| S|CS|TAMS 0x0000000087a00000, 0x0000000087a00000| Complete 
| 123|0x0000000087b00000, 0x0000000087c00000, 0x0000000087c00000|100%| S|CS|TAMS 0x0000000087b00000, 0x0000000087b00000| Complete 
| 124|0x0000000087c00000, 0x0000000087d00000, 0x0000000087d00000|100%| S|CS|TAMS 0x0000000087c00000, 0x0000000087c00000| Complete 
| 125|0x0000000087d00000, 0x0000000087e00000, 0x0000000087e00000|100%| S|CS|TAMS 0x0000000087d00000, 0x0000000087d00000| Complete 
| 126|0x0000000087e00000, 0x0000000087e00000, 0x0000000087f00000|  0%| F|  |TAMS 0x0000000087e00000, 0x0000000087e00000| Untracked 
| 127|0x0000000087f00000, 0x0000000087f00000, 0x0000000088000000|  0%| F|  |TAMS 0x0000000087f00000, 0x0000000087f00000| Untracked 
| 128|0x0000000088000000, 0x0000000088000000, 0x0000000088100000|  0%| F|  |TAMS 0x0000000088000000, 0x0000000088000000| Untracked 
| 129|0x0000000088100000, 0x0000000088100000, 0x0000000088200000|  0%| F|  |TAMS 0x0000000088100000, 0x0000000088100000| Untracked 
| 130|0x0000000088200000, 0x0000000088200000, 0x0000000088300000|  0%| F|  |TAMS 0x0000000088200000, 0x0000000088200000| Untracked 
| 131|0x0000000088300000, 0x0000000088300000, 0x0000000088400000|  0%| F|  |TAMS 0x0000000088300000, 0x0000000088300000| Untracked 
| 132|0x0000000088400000, 0x0000000088400000, 0x0000000088500000|  0%| F|  |TAMS 0x0000000088400000, 0x0000000088400000| Untracked 
| 133|0x0000000088500000, 0x0000000088500000, 0x0000000088600000|  0%| F|  |TAMS 0x0000000088500000, 0x0000000088500000| Untracked 
| 134|0x0000000088600000, 0x0000000088600000, 0x0000000088700000|  0%| F|  |TAMS 0x0000000088600000, 0x0000000088600000| Untracked 
| 135|0x0000000088700000, 0x0000000088700000, 0x0000000088800000|  0%| F|  |TAMS 0x0000000088700000, 0x0000000088700000| Untracked 
| 136|0x0000000088800000, 0x0000000088800000, 0x0000000088900000|  0%| F|  |TAMS 0x0000000088800000, 0x0000000088800000| Untracked 
| 137|0x0000000088900000, 0x0000000088900000, 0x0000000088a00000|  0%| F|  |TAMS 0x0000000088900000, 0x0000000088900000| Untracked 
| 138|0x0000000088a00000, 0x0000000088a00000, 0x0000000088b00000|  0%| F|  |TAMS 0x0000000088a00000, 0x0000000088a00000| Untracked 
| 139|0x0000000088b00000, 0x0000000088b00000, 0x0000000088c00000|  0%| F|  |TAMS 0x0000000088b00000, 0x0000000088b00000| Untracked 
| 140|0x0000000088c00000, 0x0000000088c00000, 0x0000000088d00000|  0%| F|  |TAMS 0x0000000088c00000, 0x0000000088c00000| Untracked 
| 141|0x0000000088d00000, 0x0000000088d00000, 0x0000000088e00000|  0%| F|  |TAMS 0x0000000088d00000, 0x0000000088d00000| Untracked 
| 142|0x0000000088e00000, 0x0000000088e00000, 0x0000000088f00000|  0%| F|  |TAMS 0x0000000088e00000, 0x0000000088e00000| Untracked 
| 143|0x0000000088f00000, 0x0000000088f00000, 0x0000000089000000|  0%| F|  |TAMS 0x0000000088f00000, 0x0000000088f00000| Untracked 
| 144|0x0000000089000000, 0x0000000089000000, 0x0000000089100000|  0%| F|  |TAMS 0x0000000089000000, 0x0000000089000000| Untracked 
| 145|0x0000000089100000, 0x0000000089100000, 0x0000000089200000|  0%| F|  |TAMS 0x0000000089100000, 0x0000000089100000| Untracked 
| 146|0x0000000089200000, 0x0000000089200000, 0x0000000089300000|  0%| F|  |TAMS 0x0000000089200000, 0x0000000089200000| Untracked 
| 147|0x0000000089300000, 0x0000000089300000, 0x0000000089400000|  0%| F|  |TAMS 0x0000000089300000, 0x0000000089300000| Untracked 
| 148|0x0000000089400000, 0x0000000089400000, 0x0000000089500000|  0%| F|  |TAMS 0x0000000089400000, 0x0000000089400000| Untracked 
| 149|0x0000000089500000, 0x0000000089500000, 0x0000000089600000|  0%| F|  |TAMS 0x0000000089500000, 0x0000000089500000| Untracked 
| 150|0x0000000089600000, 0x0000000089600000, 0x0000000089700000|  0%| F|  |TAMS 0x0000000089600000, 0x0000000089600000| Untracked 
| 151|0x0000000089700000, 0x0000000089700000, 0x0000000089800000|  0%| F|  |TAMS 0x0000000089700000, 0x0000000089700000| Untracked 
| 152|0x0000000089800000, 0x0000000089800000, 0x0000000089900000|  0%| F|  |TAMS 0x0000000089800000, 0x0000000089800000| Untracked 
| 153|0x0000000089900000, 0x0000000089900000, 0x0000000089a00000|  0%| F|  |TAMS 0x0000000089900000, 0x0000000089900000| Untracked 
| 154|0x0000000089a00000, 0x0000000089a00000, 0x0000000089b00000|  0%| F|  |TAMS 0x0000000089a00000, 0x0000000089a00000| Untracked 
| 155|0x0000000089b00000, 0x0000000089b00000, 0x0000000089c00000|  0%| F|  |TAMS 0x0000000089b00000, 0x0000000089b00000| Untracked 
| 156|0x0000000089c00000, 0x0000000089c00000, 0x0000000089d00000|  0%| F|  |TAMS 0x0000000089c00000, 0x0000000089c00000| Untracked 
| 157|0x0000000089d00000, 0x0000000089d00000, 0x0000000089e00000|  0%| F|  |TAMS 0x0000000089d00000, 0x0000000089d00000| Untracked 
| 158|0x0000000089e00000, 0x0000000089e00000, 0x0000000089f00000|  0%| F|  |TAMS 0x0000000089e00000, 0x0000000089e00000| Untracked 
| 159|0x0000000089f00000, 0x0000000089f00000, 0x000000008a000000|  0%| F|  |TAMS 0x0000000089f00000, 0x0000000089f00000| Untracked 
| 160|0x000000008a000000, 0x000000008a000000, 0x000000008a100000|  0%| F|  |TAMS 0x000000008a000000, 0x000000008a000000| Untracked 
| 161|0x000000008a100000, 0x000000008a100000, 0x000000008a200000|  0%| F|  |TAMS 0x000000008a100000, 0x000000008a100000| Untracked 
| 162|0x000000008a200000, 0x000000008a200000, 0x000000008a300000|  0%| F|  |TAMS 0x000000008a200000, 0x000000008a200000| Untracked 
| 163|0x000000008a300000, 0x000000008a300000, 0x000000008a400000|  0%| F|  |TAMS 0x000000008a300000, 0x000000008a300000| Untracked 
| 164|0x000000008a400000, 0x000000008a400000, 0x000000008a500000|  0%| F|  |TAMS 0x000000008a400000, 0x000000008a400000| Untracked 
| 165|0x000000008a500000, 0x000000008a500000, 0x000000008a600000|  0%| F|  |TAMS 0x000000008a500000, 0x000000008a500000| Untracked 
| 166|0x000000008a600000, 0x000000008a600000, 0x000000008a700000|  0%| F|  |TAMS 0x000000008a600000, 0x000000008a600000| Untracked 
| 167|0x000000008a700000, 0x000000008a700000, 0x000000008a800000|  0%| F|  |TAMS 0x000000008a700000, 0x000000008a700000| Untracked 
| 168|0x000000008a800000, 0x000000008a800000, 0x000000008a900000|  0%| F|  |TAMS 0x000000008a800000, 0x000000008a800000| Untracked 
| 169|0x000000008a900000, 0x000000008a900000, 0x000000008aa00000|  0%| F|  |TAMS 0x000000008a900000, 0x000000008a900000| Untracked 
| 170|0x000000008aa00000, 0x000000008aa00000, 0x000000008ab00000|  0%| F|  |TAMS 0x000000008aa00000, 0x000000008aa00000| Untracked 
| 171|0x000000008ab00000, 0x000000008ab00000, 0x000000008ac00000|  0%| F|  |TAMS 0x000000008ab00000, 0x000000008ab00000| Untracked 
| 172|0x000000008ac00000, 0x000000008ac00000, 0x000000008ad00000|  0%| F|  |TAMS 0x000000008ac00000, 0x000000008ac00000| Untracked 
| 173|0x000000008ad00000, 0x000000008ad77f28, 0x000000008ae00000| 46%| E|  |TAMS 0x000000008ad00000, 0x000000008ad00000| Complete 
| 174|0x000000008ae00000, 0x000000008af00000, 0x000000008af00000|100%| E|CS|TAMS 0x000000008ae00000, 0x000000008ae00000| Complete 
| 175|0x000000008af00000, 0x000000008b000000, 0x000000008b000000|100%| E|CS|TAMS 0x000000008af00000, 0x000000008af00000| Complete 
| 176|0x000000008b000000, 0x000000008b100000, 0x000000008b100000|100%| E|CS|TAMS 0x000000008b000000, 0x000000008b000000| Complete 
| 177|0x000000008b100000, 0x000000008b200000, 0x000000008b200000|100%| E|CS|TAMS 0x000000008b100000, 0x000000008b100000| Complete 
| 178|0x000000008b200000, 0x000000008b300000, 0x000000008b300000|100%| E|CS|TAMS 0x000000008b200000, 0x000000008b200000| Complete 
| 179|0x000000008b300000, 0x000000008b400000, 0x000000008b400000|100%| E|CS|TAMS 0x000000008b300000, 0x000000008b300000| Complete 
| 180|0x000000008b400000, 0x000000008b500000, 0x000000008b500000|100%| E|CS|TAMS 0x000000008b400000, 0x000000008b400000| Complete 
| 181|0x000000008b500000, 0x000000008b600000, 0x000000008b600000|100%| E|CS|TAMS 0x000000008b500000, 0x000000008b500000| Complete 
| 182|0x000000008b600000, 0x000000008b700000, 0x000000008b700000|100%| E|CS|TAMS 0x000000008b600000, 0x000000008b600000| Complete 
| 183|0x000000008b700000, 0x000000008b800000, 0x000000008b800000|100%| E|CS|TAMS 0x000000008b700000, 0x000000008b700000| Complete 
| 184|0x000000008b800000, 0x000000008b900000, 0x000000008b900000|100%| E|CS|TAMS 0x000000008b800000, 0x000000008b800000| Complete 
| 185|0x000000008b900000, 0x000000008ba00000, 0x000000008ba00000|100%| E|CS|TAMS 0x000000008b900000, 0x000000008b900000| Complete 
| 186|0x000000008ba00000, 0x000000008bb00000, 0x000000008bb00000|100%| E|CS|TAMS 0x000000008ba00000, 0x000000008ba00000| Complete 
| 187|0x000000008bb00000, 0x000000008bc00000, 0x000000008bc00000|100%| E|CS|TAMS 0x000000008bb00000, 0x000000008bb00000| Complete 
| 188|0x000000008bc00000, 0x000000008bd00000, 0x000000008bd00000|100%| E|CS|TAMS 0x000000008bc00000, 0x000000008bc00000| Complete 
| 189|0x000000008bd00000, 0x000000008be00000, 0x000000008be00000|100%| E|CS|TAMS 0x000000008bd00000, 0x000000008bd00000| Complete 
| 190|0x000000008be00000, 0x000000008bf00000, 0x000000008bf00000|100%| E|CS|TAMS 0x000000008be00000, 0x000000008be00000| Complete 
| 191|0x000000008bf00000, 0x000000008c000000, 0x000000008c000000|100%| E|CS|TAMS 0x000000008bf00000, 0x000000008bf00000| Complete 
| 192|0x000000008c000000, 0x000000008c100000, 0x000000008c100000|100%| E|CS|TAMS 0x000000008c000000, 0x000000008c000000| Complete 
| 193|0x000000008c100000, 0x000000008c200000, 0x000000008c200000|100%| E|CS|TAMS 0x000000008c100000, 0x000000008c100000| Complete 
| 194|0x000000008c200000, 0x000000008c300000, 0x000000008c300000|100%| E|CS|TAMS 0x000000008c200000, 0x000000008c200000| Complete 
| 195|0x000000008c300000, 0x000000008c400000, 0x000000008c400000|100%| E|CS|TAMS 0x000000008c300000, 0x000000008c300000| Complete 
| 196|0x000000008c400000, 0x000000008c500000, 0x000000008c500000|100%| E|CS|TAMS 0x000000008c400000, 0x000000008c400000| Complete 
| 197|0x000000008c500000, 0x000000008c600000, 0x000000008c600000|100%| E|CS|TAMS 0x000000008c500000, 0x000000008c500000| Complete 
| 198|0x000000008c600000, 0x000000008c700000, 0x000000008c700000|100%| E|CS|TAMS 0x000000008c600000, 0x000000008c600000| Complete 
| 199|0x000000008c700000, 0x000000008c800000, 0x000000008c800000|100%| E|CS|TAMS 0x000000008c700000, 0x000000008c700000| Complete 
| 200|0x000000008c800000, 0x000000008c900000, 0x000000008c900000|100%| E|CS|TAMS 0x000000008c800000, 0x000000008c800000| Complete 
| 201|0x000000008c900000, 0x000000008ca00000, 0x000000008ca00000|100%| E|CS|TAMS 0x000000008c900000, 0x000000008c900000| Complete 
| 202|0x000000008ca00000, 0x000000008cb00000, 0x000000008cb00000|100%| E|CS|TAMS 0x000000008ca00000, 0x000000008ca00000| Complete 
| 203|0x000000008cb00000, 0x000000008cc00000, 0x000000008cc00000|100%| E|CS|TAMS 0x000000008cb00000, 0x000000008cb00000| Complete 
| 204|0x000000008cc00000, 0x000000008cd00000, 0x000000008cd00000|100%| E|CS|TAMS 0x000000008cc00000, 0x000000008cc00000| Complete 
| 205|0x000000008cd00000, 0x000000008ce00000, 0x000000008ce00000|100%| E|  |TAMS 0x000000008cd00000, 0x000000008cd00000| Complete 
| 206|0x000000008ce00000, 0x000000008cf00000, 0x000000008cf00000|100%| E|CS|TAMS 0x000000008ce00000, 0x000000008ce00000| Complete 
| 207|0x000000008cf00000, 0x000000008d000000, 0x000000008d000000|100%| E|CS|TAMS 0x000000008cf00000, 0x000000008cf00000| Complete 
| 208|0x000000008d000000, 0x000000008d100000, 0x000000008d100000|100%| E|CS|TAMS 0x000000008d000000, 0x000000008d000000| Complete 
| 209|0x000000008d100000, 0x000000008d200000, 0x000000008d200000|100%| E|CS|TAMS 0x000000008d100000, 0x000000008d100000| Complete 
| 210|0x000000008d200000, 0x000000008d300000, 0x000000008d300000|100%| E|CS|TAMS 0x000000008d200000, 0x000000008d200000| Complete 
| 211|0x000000008d300000, 0x000000008d400000, 0x000000008d400000|100%| E|CS|TAMS 0x000000008d300000, 0x000000008d300000| Complete 
| 212|0x000000008d400000, 0x000000008d500000, 0x000000008d500000|100%| E|CS|TAMS 0x000000008d400000, 0x000000008d400000| Complete 
| 213|0x000000008d500000, 0x000000008d600000, 0x000000008d600000|100%| E|CS|TAMS 0x000000008d500000, 0x000000008d500000| Complete 
| 214|0x000000008d600000, 0x000000008d700000, 0x000000008d700000|100%| E|CS|TAMS 0x000000008d600000, 0x000000008d600000| Complete 
| 215|0x000000008d700000, 0x000000008d800000, 0x000000008d800000|100%| E|CS|TAMS 0x000000008d700000, 0x000000008d700000| Complete 
| 216|0x000000008d800000, 0x000000008d900000, 0x000000008d900000|100%| E|CS|TAMS 0x000000008d800000, 0x000000008d800000| Complete 
| 217|0x000000008d900000, 0x000000008da00000, 0x000000008da00000|100%| E|CS|TAMS 0x000000008d900000, 0x000000008d900000| Complete 
| 218|0x000000008da00000, 0x000000008db00000, 0x000000008db00000|100%| E|CS|TAMS 0x000000008da00000, 0x000000008da00000| Complete 
| 219|0x000000008db00000, 0x000000008dc00000, 0x000000008dc00000|100%| E|CS|TAMS 0x000000008db00000, 0x000000008db00000| Complete 
| 220|0x000000008dc00000, 0x000000008dd00000, 0x000000008dd00000|100%| E|CS|TAMS 0x000000008dc00000, 0x000000008dc00000| Complete 
| 221|0x000000008dd00000, 0x000000008de00000, 0x000000008de00000|100%| E|CS|TAMS 0x000000008dd00000, 0x000000008dd00000| Complete 
| 222|0x000000008de00000, 0x000000008df00000, 0x000000008df00000|100%| E|CS|TAMS 0x000000008de00000, 0x000000008de00000| Complete 
| 223|0x000000008df00000, 0x000000008e000000, 0x000000008e000000|100%| E|CS|TAMS 0x000000008df00000, 0x000000008df00000| Complete 
| 224|0x000000008e000000, 0x000000008e100000, 0x000000008e100000|100%| E|CS|TAMS 0x000000008e000000, 0x000000008e000000| Complete 
| 225|0x000000008e100000, 0x000000008e200000, 0x000000008e200000|100%| E|CS|TAMS 0x000000008e100000, 0x000000008e100000| Complete 
| 226|0x000000008e200000, 0x000000008e300000, 0x000000008e300000|100%| E|CS|TAMS 0x000000008e200000, 0x000000008e200000| Complete 
| 227|0x000000008e300000, 0x000000008e400000, 0x000000008e400000|100%| E|CS|TAMS 0x000000008e300000, 0x000000008e300000| Complete 
| 228|0x000000008e400000, 0x000000008e500000, 0x000000008e500000|100%| E|CS|TAMS 0x000000008e400000, 0x000000008e400000| Complete 
| 229|0x000000008e500000, 0x000000008e600000, 0x000000008e600000|100%| E|CS|TAMS 0x000000008e500000, 0x000000008e500000| Complete 
| 230|0x000000008e600000, 0x000000008e700000, 0x000000008e700000|100%| E|CS|TAMS 0x000000008e600000, 0x000000008e600000| Complete 
| 231|0x000000008e700000, 0x000000008e800000, 0x000000008e800000|100%| E|CS|TAMS 0x000000008e700000, 0x000000008e700000| Complete 
| 232|0x000000008e800000, 0x000000008e900000, 0x000000008e900000|100%| E|CS|TAMS 0x000000008e800000, 0x000000008e800000| Complete 
| 233|0x000000008e900000, 0x000000008ea00000, 0x000000008ea00000|100%| E|CS|TAMS 0x000000008e900000, 0x000000008e900000| Complete 
| 234|0x000000008ea00000, 0x000000008eb00000, 0x000000008eb00000|100%| E|CS|TAMS 0x000000008ea00000, 0x000000008ea00000| Complete 
| 235|0x000000008eb00000, 0x000000008ec00000, 0x000000008ec00000|100%| E|CS|TAMS 0x000000008eb00000, 0x000000008eb00000| Complete 
| 236|0x000000008ec00000, 0x000000008ed00000, 0x000000008ed00000|100%| E|CS|TAMS 0x000000008ec00000, 0x000000008ec00000| Complete 
| 237|0x000000008ed00000, 0x000000008ee00000, 0x000000008ee00000|100%| E|CS|TAMS 0x000000008ed00000, 0x000000008ed00000| Complete 
| 238|0x000000008ee00000, 0x000000008ef00000, 0x000000008ef00000|100%| E|CS|TAMS 0x000000008ee00000, 0x000000008ee00000| Complete 
| 239|0x000000008ef00000, 0x000000008f000000, 0x000000008f000000|100%| E|CS|TAMS 0x000000008ef00000, 0x000000008ef00000| Complete 
| 240|0x000000008f000000, 0x000000008f100000, 0x000000008f100000|100%| E|CS|TAMS 0x000000008f000000, 0x000000008f000000| Complete 
| 241|0x000000008f100000, 0x000000008f200000, 0x000000008f200000|100%| E|CS|TAMS 0x000000008f100000, 0x000000008f100000| Complete 
| 242|0x000000008f200000, 0x000000008f300000, 0x000000008f300000|100%| E|CS|TAMS 0x000000008f200000, 0x000000008f200000| Complete 
| 243|0x000000008f300000, 0x000000008f400000, 0x000000008f400000|100%| E|CS|TAMS 0x000000008f300000, 0x000000008f300000| Complete 
| 244|0x000000008f400000, 0x000000008f500000, 0x000000008f500000|100%| E|CS|TAMS 0x000000008f400000, 0x000000008f400000| Complete 
| 245|0x000000008f500000, 0x000000008f600000, 0x000000008f600000|100%| E|CS|TAMS 0x000000008f500000, 0x000000008f500000| Complete 
| 246|0x000000008f600000, 0x000000008f700000, 0x000000008f700000|100%| E|CS|TAMS 0x000000008f600000, 0x000000008f600000| Complete 
| 247|0x000000008f700000, 0x000000008f800000, 0x000000008f800000|100%| E|CS|TAMS 0x000000008f700000, 0x000000008f700000| Complete 
| 248|0x000000008f800000, 0x000000008f900000, 0x000000008f900000|100%| E|CS|TAMS 0x000000008f800000, 0x000000008f800000| Complete 
| 249|0x000000008f900000, 0x000000008fa00000, 0x000000008fa00000|100%| E|CS|TAMS 0x000000008f900000, 0x000000008f900000| Complete 
| 250|0x000000008fa00000, 0x000000008fb00000, 0x000000008fb00000|100%| E|CS|TAMS 0x000000008fa00000, 0x000000008fa00000| Complete 
| 251|0x000000008fb00000, 0x000000008fc00000, 0x000000008fc00000|100%| E|CS|TAMS 0x000000008fb00000, 0x000000008fb00000| Complete 
| 252|0x000000008fc00000, 0x000000008fd00000, 0x000000008fd00000|100%| E|CS|TAMS 0x000000008fc00000, 0x000000008fc00000| Complete 
| 253|0x000000008fd00000, 0x000000008fe00000, 0x000000008fe00000|100%| E|CS|TAMS 0x000000008fd00000, 0x000000008fd00000| Complete 
| 254|0x000000008fe00000, 0x000000008ff00000, 0x000000008ff00000|100%| E|CS|TAMS 0x000000008fe00000, 0x000000008fe00000| Complete 
| 255|0x000000008ff00000, 0x0000000090000000, 0x0000000090000000|100%| E|CS|TAMS 0x000000008ff00000, 0x000000008ff00000| Complete 

Card table byte_map: [0x000002885eb40000,0x000002885ef40000] _byte_map_base: 0x000002885e740000

Marking Bits (Prev, Next): (CMBitMap*) 0x00000288497e0698, (CMBitMap*) 0x00000288497e06d0
 Prev Bits: [0x000002885f340000, 0x0000028861340000)
 Next Bits: [0x0000028861340000, 0x0000028863340000)

Polling page: 0x0000028849880000

Metaspace:

Usage:
  Non-class:     88.09 MB capacity,    86.36 MB ( 98%) used,     1.41 MB (  2%) free+waste,   335.81 KB ( <1%) overhead. 
      Class:     14.08 MB capacity,    12.96 MB ( 92%) used,   982.72 KB (  7%) free+waste,   156.75 KB (  1%) overhead. 
       Both:    102.17 MB capacity,    99.32 MB ( 97%) used,     2.37 MB (  2%) free+waste,   492.56 KB ( <1%) overhead. 

Virtual space:
  Non-class space:       90.00 MB reserved,      88.18 MB ( 98%) committed 
      Class space:        1.00 GB reserved,      14.20 MB (  1%) committed 
             Both:        1.09 GB reserved,     102.38 MB (  9%) committed 

Chunk freelists:
   Non-Class:  13.00 KB
       Class:  19.00 KB
        Both:  32.00 KB

MaxMetaspaceSize: 17179869184.00 GB
CompressedClassSpaceSize: 1.00 GB

CodeHeap 'non-profiled nmethods': size=120000Kb used=7239Kb max_used=7239Kb free=112760Kb
 bounds [0x0000028856570000, 0x0000028856c90000, 0x000002885daa0000]
CodeHeap 'profiled nmethods': size=120000Kb used=25368Kb max_used=25368Kb free=94631Kb
 bounds [0x000002884f040000, 0x0000028850910000, 0x0000028856570000]
CodeHeap 'non-nmethods': size=5760Kb used=2322Kb max_used=2360Kb free=3437Kb
 bounds [0x000002884eaa0000, 0x000002884ed10000, 0x000002884f040000]
 total_blobs=12530 nmethods=11595 adapters=846
 compilation: enabled
              stopped_count=0, restarted_count=0
 full_count=0

Compilation events (20 events):
Event: 9.343 Thread 0x000002886694c800 11603       3       com.android.tools.r8.graph.T::b (16 bytes)
Event: 9.344 Thread 0x000002886694c800 nmethod 11603 0x00000288508fd790 code [0x00000288508fda20, 0x00000288508fe508]
Event: 9.347 Thread 0x000002886694c800 11605       3       com.android.tools.r8.internal.J7::a (68 bytes)
Event: 9.348 Thread 0x000002886694c800 nmethod 11605 0x00000288508fea10 code [0x00000288508feda0, 0x00000288509001a8]
Event: 9.348 Thread 0x000002886694c800 11606       3       com.android.tools.r8.internal.q::hasNext (17 bytes)
Event: 9.348 Thread 0x000002886694c800 nmethod 11606 0x0000028850900890 code [0x0000028850900a40, 0x0000028850900b98]
Event: 9.349 Thread 0x000002886694c800 11607       3       jdk.internal.util.ArraysSupport::mismatch (73 bytes)
Event: 9.349 Thread 0x000002886694c800 nmethod 11607 0x0000028850900c10 code [0x0000028850900de0, 0x00000288509011b8]
Event: 9.349 Thread 0x000002886694c800 11608       3       com.android.tools.r8.internal.ff::a (26 bytes)
Event: 9.349 Thread 0x000002886694c800 nmethod 11608 0x0000028850901390 code [0x0000028850901560, 0x00000288509017f8]
Event: 9.350 Thread 0x000002886694c800 11610       3       com.android.tools.r8.internal.Of$a::a (8 bytes)
Event: 9.350 Thread 0x000002886694c800 nmethod 11610 0x0000028850901910 code [0x0000028850901b20, 0x00000288509020f8]
Event: 9.350 Thread 0x000002886694c800 11609       1       com.android.tools.r8.internal.pe::b (5 bytes)
Event: 9.350 Thread 0x000002886694c800 nmethod 11609 0x0000028856c79790 code [0x0000028856c79940, 0x0000028856c799d8]
Event: 9.351 Thread 0x000002886694c800 11611       3       java.util.Arrays::equals (43 bytes)
Event: 9.351 Thread 0x000002886694c800 nmethod 11611 0x0000028850902310 code [0x00000288509024e0, 0x0000028850902788]
Event: 9.351 Thread 0x0000028868b69000 nmethod 11594 0x0000028856c79a90 code [0x0000028856c79c40, 0x0000028856c7a678]
Event: 9.352 Thread 0x0000028868b69000 11604 % !   4       java.util.concurrent.ConcurrentHashMap::transfer @ 437 (828 bytes)
Event: 9.352 Thread 0x000002886694c800 11612       3       com.android.tools.r8.graph.d0::g (24 bytes)
Event: 9.352 Thread 0x000002886694c800 nmethod 11612 0x0000028850902890 code [0x0000028850902a80, 0x0000028850902ee8]

GC Heap History (20 events):
Event: 0.540 GC heap before
{Heap before GC invocations=0 (full 0):
 garbage-first heap   total 262144K, used 29696K [0x0000000080000000, 0x0000000100000000)
  region size 1024K, 24 young (24576K), 0 survivors (0K)
 Metaspace       used 10187K, capacity 10405K, committed 10624K, reserved 1058816K
  class space    used 1063K, capacity 1107K, committed 1152K, reserved 1048576K
}
Event: 0.543 GC heap after
{Heap after GC invocations=1 (full 0):
 garbage-first heap   total 262144K, used 9266K [0x0000000080000000, 0x0000000100000000)
  region size 1024K, 3 young (3072K), 3 survivors (3072K)
 Metaspace       used 10187K, capacity 10405K, committed 10624K, reserved 1058816K
  class space    used 1063K, capacity 1107K, committed 1152K, reserved 1048576K
}
Event: 1.704 GC heap before
{Heap before GC invocations=1 (full 0):
 garbage-first heap   total 262144K, used 106546K [0x0000000080000000, 0x0000000100000000)
  region size 1024K, 98 young (100352K), 3 survivors (3072K)
 Metaspace       used 20547K, capacity 21104K, committed 21248K, reserved 1067008K
  class space    used 2503K, capacity 2690K, committed 2816K, reserved 1048576K
}
Event: 1.711 GC heap after
{Heap after GC invocations=2 (full 0):
 garbage-first heap   total 262144K, used 16621K [0x0000000080000000, 0x0000000100000000)
  region size 1024K, 11 young (11264K), 11 survivors (11264K)
 Metaspace       used 20547K, capacity 21104K, committed 21248K, reserved 1067008K
  class space    used 2503K, capacity 2690K, committed 2816K, reserved 1048576K
}
Event: 1.885 GC heap before
{Heap before GC invocations=3 (full 0):
 garbage-first heap   total 262144K, used 44269K [0x0000000080000000, 0x0000000100000000)
  region size 1024K, 38 young (38912K), 11 survivors (11264K)
 Metaspace       used 23373K, capacity 24030K, committed 24192K, reserved 1071104K
  class space    used 2968K, capacity 3158K, committed 3200K, reserved 1048576K
}
Event: 1.890 GC heap after
{Heap after GC invocations=4 (full 0):
 garbage-first heap   total 262144K, used 17710K [0x0000000080000000, 0x0000000100000000)
  region size 1024K, 2 young (2048K), 2 survivors (2048K)
 Metaspace       used 23373K, capacity 24030K, committed 24192K, reserved 1071104K
  class space    used 2968K, capacity 3158K, committed 3200K, reserved 1048576K
}
Event: 2.578 GC heap before
{Heap before GC invocations=4 (full 0):
 garbage-first heap   total 262144K, used 101678K [0x0000000080000000, 0x0000000100000000)
  region size 1024K, 86 young (88064K), 2 survivors (2048K)
 Metaspace       used 35015K, capacity 35838K, committed 35840K, reserved 1081344K
  class space    used 4538K, capacity 4864K, committed 4864K, reserved 1048576K
}
Event: 2.584 GC heap after
{Heap after GC invocations=5 (full 0):
 garbage-first heap   total 262144K, used 21923K [0x0000000080000000, 0x0000000100000000)
  region size 1024K, 6 young (6144K), 6 survivors (6144K)
 Metaspace       used 35015K, capacity 35838K, committed 35840K, reserved 1081344K
  class space    used 4538K, capacity 4864K, committed 4864K, reserved 1048576K
}
Event: 3.579 GC heap before
{Heap before GC invocations=6 (full 0):
 garbage-first heap   total 262144K, used 152995K [0x0000000080000000, 0x0000000100000000)
  region size 1024K, 131 young (134144K), 6 survivors (6144K)
 Metaspace       used 45382K, capacity 46489K, committed 46796K, reserved 1089536K
  class space    used 5827K, capacity 6229K, committed 6348K, reserved 1048576K
}
Event: 3.586 GC heap after
{Heap after GC invocations=7 (full 0):
 garbage-first heap   total 262144K, used 29170K [0x0000000080000000, 0x0000000100000000)
  region size 1024K, 13 young (13312K), 13 survivors (13312K)
 Metaspace       used 45382K, capacity 46489K, committed 46796K, reserved 1089536K
  class space    used 5827K, capacity 6229K, committed 6348K, reserved 1048576K
}
Event: 4.821 GC heap before
{Heap before GC invocations=7 (full 0):
 garbage-first heap   total 262144K, used 159218K [0x0000000080000000, 0x0000000100000000)
  region size 1024K, 138 young (141312K), 13 survivors (13312K)
 Metaspace       used 58598K, capacity 60051K, committed 60288K, reserved 1101824K
  class space    used 7445K, capacity 8001K, committed 8140K, reserved 1048576K
}
Event: 4.850 GC heap after
{Heap after GC invocations=8 (full 0):
 garbage-first heap   total 262144K, used 45101K [0x0000000080000000, 0x0000000100000000)
  region size 1024K, 19 young (19456K), 19 survivors (19456K)
 Metaspace       used 58598K, capacity 60051K, committed 60288K, reserved 1101824K
  class space    used 7445K, capacity 8001K, committed 8140K, reserved 1048576K
}
Event: 5.704 GC heap before
{Heap before GC invocations=9 (full 0):
 garbage-first heap   total 262144K, used 182317K [0x0000000080000000, 0x0000000100000000)
  region size 1024K, 153 young (156672K), 19 survivors (19456K)
 Metaspace       used 69829K, capacity 71457K, committed 71808K, reserved 1112064K
  class space    used 8955K, capacity 9547K, committed 9676K, reserved 1048576K
}
Event: 5.713 GC heap after
{Heap after GC invocations=10 (full 0):
 garbage-first heap   total 262144K, used 53757K [0x0000000080000000, 0x0000000100000000)
  region size 1024K, 10 young (10240K), 10 survivors (10240K)
 Metaspace       used 69829K, capacity 71457K, committed 71808K, reserved 1112064K
  class space    used 8955K, capacity 9547K, committed 9676K, reserved 1048576K
}
Event: 6.891 GC heap before
{Heap before GC invocations=10 (full 0):
 garbage-first heap   total 262144K, used 191997K [0x0000000080000000, 0x0000000100000000)
  region size 1024K, 145 young (148480K), 10 survivors (10240K)
 Metaspace       used 82338K, capacity 84143K, committed 84352K, reserved 1122304K
  class space    used 10690K, capacity 11351K, committed 11468K, reserved 1048576K
}
Event: 6.900 GC heap after
{Heap after GC invocations=11 (full 0):
 garbage-first heap   total 262144K, used 60572K [0x0000000080000000, 0x0000000100000000)
  region size 1024K, 17 young (17408K), 17 survivors (17408K)
 Metaspace       used 82338K, capacity 84143K, committed 84352K, reserved 1122304K
  class space    used 10690K, capacity 11351K, committed 11468K, reserved 1048576K
}
Event: 7.688 GC heap before
{Heap before GC invocations=11 (full 0):
 garbage-first heap   total 262144K, used 198812K [0x0000000080000000, 0x0000000100000000)
  region size 1024K, 153 young (156672K), 17 survivors (17408K)
 Metaspace       used 86834K, capacity 89275K, committed 89344K, reserved 1126400K
  class space    used 11396K, capacity 12322K, committed 12364K, reserved 1048576K
}
Event: 7.699 GC heap after
{Heap after GC invocations=12 (full 0):
 garbage-first heap   total 262144K, used 70297K [0x0000000080000000, 0x0000000100000000)
  region size 1024K, 17 young (17408K), 17 survivors (17408K)
 Metaspace       used 86834K, capacity 89275K, committed 89344K, reserved 1126400K
  class space    used 11396K, capacity 12322K, committed 12364K, reserved 1048576K
}
Event: 8.981 GC heap before
{Heap before GC invocations=12 (full 0):
 garbage-first heap   total 262144K, used 203417K [0x0000000080000000, 0x0000000100000000)
  region size 1024K, 147 young (150528K), 17 survivors (17408K)
 Metaspace       used 97987K, capacity 100777K, committed 100864K, reserved 1136640K
  class space    used 12745K, capacity 13820K, committed 13900K, reserved 1048576K
}
Event: 8.997 GC heap after
{Heap after GC invocations=13 (full 0):
 garbage-first heap   total 262144K, used 80488K [0x0000000080000000, 0x0000000100000000)
  region size 1024K, 18 young (18432K), 18 survivors (18432K)
 Metaspace       used 97987K, capacity 100777K, committed 100864K, reserved 1136640K
  class space    used 12745K, capacity 13820K, committed 13900K, reserved 1048576K
}

Deoptimization events (20 events):
Event: 9.289 Thread 0x000002886f27c800 DEOPT UNPACKING pc=0x000002884eac78af sp=0x0000008aa4cfd100 mode 2
Event: 9.289 Thread 0x000002886f27f000 Uncommon trap: reason=unstable_if action=reinterpret pc=0x0000028856ba81f0 method=sun.nio.ch.Util$BufferCache.get(I)Ljava/nio/ByteBuffer; @ 25 c2
Event: 9.289 Thread 0x000002886f27f000 DEOPT PACKING pc=0x0000028856ba81f0 sp=0x0000008aa4bfd700
Event: 9.289 Thread 0x000002886f27f000 DEOPT UNPACKING pc=0x000002884eac78af sp=0x0000008aa4bfd5f0 mode 2
Event: 9.301 Thread 0x000002886f27e000 Uncommon trap: trap_request=0xffffff4d fr.pc=0x0000028856a8c194 relative=0x00000000000001b4
Event: 9.301 Thread 0x000002886f27e000 Uncommon trap: reason=unstable_if action=reinterpret pc=0x0000028856a8c194 method=com.google.common.collect.MapMakerInternalMap$Segment.getEntry(Ljava/lang/Object;I)Lcom/google/common/collect/MapMakerInternalMap$InternalEntry; @ 63 c2
Event: 9.301 Thread 0x000002886f27e000 DEOPT PACKING pc=0x0000028856a8c194 sp=0x0000008aa48f8d70
Event: 9.301 Thread 0x000002886f27e000 DEOPT UNPACKING pc=0x000002884eac78af sp=0x0000008aa48f8d28 mode 2
Event: 9.345 Thread 0x000002886f27e000 Uncommon trap: trap_request=0xffffff4d fr.pc=0x0000028856b7c978 relative=0x00000000000001d8
Event: 9.345 Thread 0x000002886f27e000 Uncommon trap: reason=unstable_if action=reinterpret pc=0x0000028856b7c978 method=jdk.internal.util.ArraysSupport.mismatch([B[BI)I @ 60 c2
Event: 9.345 Thread 0x000002886f27e000 DEOPT PACKING pc=0x0000028856b7c978 sp=0x0000008aa48fd6f0
Event: 9.345 Thread 0x000002886f27e000 DEOPT UNPACKING pc=0x000002884eac78af sp=0x0000008aa48fd628 mode 2
Event: 9.346 Thread 0x000002886f27e000 Uncommon trap: trap_request=0xffffff4d fr.pc=0x0000028856b7b5d0 relative=0x00000000000001b0
Event: 9.346 Thread 0x000002886f27e000 Uncommon trap: reason=unstable_if action=reinterpret pc=0x0000028856b7b5d0 method=jdk.internal.util.ArraysSupport.mismatch([B[BI)I @ 60 c2
Event: 9.346 Thread 0x000002886f27e000 DEOPT PACKING pc=0x0000028856b7b5d0 sp=0x0000008aa48fd650
Event: 9.346 Thread 0x000002886f27e000 DEOPT UNPACKING pc=0x000002884eac78af sp=0x0000008aa48fd610 mode 2
Event: 9.352 Thread 0x000002886f27f000 DEOPT PACKING pc=0x00000288504dc155 sp=0x0000008aa4bfd410
Event: 9.352 Thread 0x000002886f27e000 DEOPT PACKING pc=0x00000288504dc176 sp=0x0000008aa48fd4b0
Event: 9.352 Thread 0x000002886f27f000 DEOPT UNPACKING pc=0x000002884eac76ce sp=0x0000008aa4bfc930 mode 0
Event: 9.352 Thread 0x000002886f27e000 DEOPT UNPACKING pc=0x000002884eac76ce sp=0x0000008aa48fc9d0 mode 0

Classes redefined (0 events):
No events

Internal exceptions (20 events):
Event: 8.774 Thread 0x000002886f273800 Exception <a 'sun/nio/fs/WindowsException'{0x0000000088999208}> (0x0000000088999208) thrown at [./src/hotspot/share/prims/jni.cpp, line 615]
Event: 8.774 Thread 0x000002886f273800 Exception <a 'sun/nio/fs/WindowsException'{0x0000000088999378}> (0x0000000088999378) thrown at [./src/hotspot/share/prims/jni.cpp, line 615]
Event: 8.788 Thread 0x000002886f273800 Exception <a 'sun/nio/fs/WindowsException'{0x0000000088889c18}> (0x0000000088889c18) thrown at [./src/hotspot/share/prims/jni.cpp, line 615]
Event: 8.791 Thread 0x000002886f273800 Exception <a 'sun/nio/fs/WindowsException'{0x0000000088892998}> (0x0000000088892998) thrown at [./src/hotspot/share/prims/jni.cpp, line 615]
Event: 8.794 Thread 0x000002886f273800 Exception <a 'sun/nio/fs/WindowsException'{0x000000008889bcc8}> (0x000000008889bcc8) thrown at [./src/hotspot/share/prims/jni.cpp, line 615]
Event: 8.801 Thread 0x000002886f273800 Implicit null exception at 0x000002885670801b to 0x000002885670897c
Event: 8.845 Thread 0x000002886f273800 Exception <a 'java/lang/NoSuchMethodError'{0x00000000886f06c0}: 'void java.lang.invoke.DirectMethodHandle$Holder.invokeStatic(java.lang.Object, java.lang.Object, java.lang.Object, java.lang.Object, java.lang.Object, java.lang.Object, java.lang.Object)'> (0x00000000886f06c0) thrown at [./src/hotspot/share/interpreter/linkResolver.cpp, line 773]
Event: 8.850 Thread 0x00000288692a6000 Exception <a 'java/lang/NoSuchMethodError'{0x00000000885b60b0}: <clinit>> (0x00000000885b60b0) thrown at [./src/hotspot/share/prims/jni.cpp, line 1362]
Event: 8.851 Thread 0x00000288692a6000 Exception <a 'java/lang/NoSuchMethodError'{0x00000000885d0678}: <clinit>> (0x00000000885d0678) thrown at [./src/hotspot/share/prims/jni.cpp, line 1362]
Event: 8.927 Thread 0x000002886f27b000 Exception <a 'java/lang/NoSuchMethodError'{0x00000000880cf420}: 'void java.lang.invoke.DirectMethodHandle$Holder.invokeStatic(java.lang.Object, long)'> (0x00000000880cf420) thrown at [./src/hotspot/share/interpreter/linkResolver.cpp, line 773]
Event: 8.927 Thread 0x000002886f27b000 Exception <a 'java/lang/NoSuchMethodError'{0x00000000880d4638}: 'java.lang.Object java.lang.invoke.DirectMethodHandle$Holder.invokeStatic(java.lang.Object, long)'> (0x00000000880d4638) thrown at [./src/hotspot/share/interpreter/linkResolver.cpp, line 773]
Event: 8.927 Thread 0x000002886f27b000 Exception <a 'java/lang/NoSuchMethodError'{0x00000000880da710}: 'java.lang.Object java.lang.invoke.Invokers$Holder.linkToTargetMethod(long, java.lang.Object)'> (0x00000000880da710) thrown at [./src/hotspot/share/interpreter/linkResolver.cpp, line 773]
Event: 8.929 Thread 0x000002886f27b000 Exception <a 'java/lang/NoSuchMethodError'{0x00000000880e2a08}: 'java.lang.Object java.lang.invoke.DirectMethodHandle$Holder.invokeStaticInit(java.lang.Object, java.lang.Object, long, java.lang.Object)'> (0x00000000880e2a08) thrown at [./src/hotspot/share/interpreter/linkResolver.cpp, line 773]
Event: 8.929 Thread 0x000002886f27b000 Exception <a 'java/lang/NoSuchMethodError'{0x00000000880e88f8}: 'java.lang.Object java.lang.invoke.DirectMethodHandle$Holder.invokeStatic(java.lang.Object, java.lang.Object, long)'> (0x00000000880e88f8) thrown at [./src/hotspot/share/interpreter/linkResolver.cpp, line 773]
Event: 8.929 Thread 0x000002886f27b000 Exception <a 'java/lang/NoSuchMethodError'{0x00000000880eee60}: 'java.lang.Object java.lang.invoke.Invokers$Holder.linkToTargetMethod(java.lang.Object, long, java.lang.Object)'> (0x00000000880eee60) thrown at [./src/hotspot/share/interpreter/linkResolver.cpp, line 773]
Event: 9.219 Thread 0x000002886f273800 Exception <a 'java/lang/NoSuchMethodError'{0x000000008c579e10}: <clinit>> (0x000000008c579e10) thrown at [./src/hotspot/share/prims/jni.cpp, line 1362]
Event: 9.294 Thread 0x000002886f27e000 Exception <a 'sun/nio/fs/WindowsException'{0x000000008b69e778}> (0x000000008b69e778) thrown at [./src/hotspot/share/prims/jni.cpp, line 615]
Event: 9.294 Thread 0x000002886f27f000 Exception <a 'sun/nio/fs/WindowsException'{0x000000008b67bfa0}> (0x000000008b67bfa0) thrown at [./src/hotspot/share/prims/jni.cpp, line 615]
Event: 9.294 Thread 0x000002886f280000 Exception <a 'sun/nio/fs/WindowsException'{0x000000008b6280b0}> (0x000000008b6280b0) thrown at [./src/hotspot/share/prims/jni.cpp, line 615]
Event: 9.294 Thread 0x000002886f27c800 Exception <a 'sun/nio/fs/WindowsException'{0x000000008b670a70}> (0x000000008b670a70) thrown at [./src/hotspot/share/prims/jni.cpp, line 615]

Events (20 events):
Event: 9.357 loading class com/android/tools/r8/internal/Ni
Event: 9.357 loading class com/android/tools/r8/internal/Ni done
Event: 9.358 loading class com/android/tools/r8/internal/ge
Event: 9.358 loading class com/android/tools/r8/internal/ge done
Event: 9.358 loading class com/android/tools/r8/internal/Ui
Event: 9.358 loading class com/android/tools/r8/internal/Ui done
Event: 9.359 loading class com/android/tools/r8/graph/V0
Event: 9.359 loading class com/android/tools/r8/graph/V0 done
Event: 9.359 loading class com/android/tools/r8/utils/K
Event: 9.359 loading class com/android/tools/r8/utils/K done
Event: 9.359 loading class com/android/tools/r8/internal/q5
Event: 9.359 loading class com/android/tools/r8/internal/q5 done
Event: 9.360 loading class com/android/tools/r8/utils/v$a
Event: 9.360 loading class com/android/tools/r8/utils/v$a done
Event: 9.360 loading class com/android/tools/r8/Version
Event: 9.360 loading class com/android/tools/r8/Version done
Event: 9.360 loading class com/android/tools/r8/utils/i0
Event: 9.360 loading class com/android/tools/r8/utils/i0 done
Event: 9.361 Executing VM operation: RevokeBias
Event: 9.361 Executing VM operation: RevokeBias done


Dynamic libraries:
0x00007ff7628a0000 - 0x00007ff7628aa000 	C:\Program Files\Android\Android Studio\jre\bin\java.exe
0x00007ffd1dcb0000 - 0x00007ffd1dea5000 	C:\WINDOWS\SYSTEM32\ntdll.dll
0x00007ffd1cdb0000 - 0x00007ffd1ce6e000 	C:\WINDOWS\System32\KERNEL32.DLL
0x00007ffd1b920000 - 0x00007ffd1bbe8000 	C:\WINDOWS\System32\KERNELBASE.dll
0x00007ffd1bbf0000 - 0x00007ffd1bcf0000 	C:\WINDOWS\System32\ucrtbase.dll
0x00007ffd11c30000 - 0x00007ffd11c49000 	C:\Program Files\Android\Android Studio\jre\bin\jli.dll
0x00007ffd11ae0000 - 0x00007ffd11af7000 	C:\Program Files\Android\Android Studio\jre\bin\VCRUNTIME140.dll
0x00007ffd1da20000 - 0x00007ffd1dbc1000 	C:\WINDOWS\System32\USER32.dll
0x00007ffd1b450000 - 0x00007ffd1b472000 	C:\WINDOWS\System32\win32u.dll
0x00007ffd1ccc0000 - 0x00007ffd1cceb000 	C:\WINDOWS\System32\GDI32.dll
0x00007ffd02cd0000 - 0x00007ffd02f6a000 	C:\WINDOWS\WinSxS\amd64_microsoft.windows.common-controls_6595b64144ccf1df_6.0.19041.1110_none_60b5254171f9507e\COMCTL32.dll
0x00007ffd1b780000 - 0x00007ffd1b88d000 	C:\WINDOWS\System32\gdi32full.dll
0x00007ffd1c050000 - 0x00007ffd1c0ee000 	C:\WINDOWS\System32\msvcrt.dll
0x00007ffd1b530000 - 0x00007ffd1b5cd000 	C:\WINDOWS\System32\msvcp_win.dll
0x00007ffd1cd80000 - 0x00007ffd1cdb0000 	C:\WINDOWS\System32\IMM32.DLL
0x00007ffd087e0000 - 0x00007ffd0887d000 	C:\Program Files\Android\Android Studio\jre\bin\msvcp140.dll
0x00007ffcbb860000 - 0x00007ffcbc32f000 	C:\Program Files\Android\Android Studio\jre\bin\server\jvm.dll
0x00007ffd1d790000 - 0x00007ffd1d83e000 	C:\WINDOWS\System32\ADVAPI32.dll
0x00007ffd1dbd0000 - 0x00007ffd1dc6c000 	C:\WINDOWS\System32\sechost.dll
0x00007ffd1d840000 - 0x00007ffd1d965000 	C:\WINDOWS\System32\RPCRT4.dll
0x00007ffd1c8f0000 - 0x00007ffd1c8f8000 	C:\WINDOWS\System32\PSAPI.DLL
0x00007ffd05850000 - 0x00007ffd05859000 	C:\WINDOWS\SYSTEM32\WSOCK32.dll
0x00007ffd1ca30000 - 0x00007ffd1ca9b000 	C:\WINDOWS\System32\WS2_32.dll
0x00007ffd10ec0000 - 0x00007ffd10ee7000 	C:\WINDOWS\SYSTEM32\WINMM.dll
0x00007ffd157a0000 - 0x00007ffd157aa000 	C:\WINDOWS\SYSTEM32\VERSION.dll
0x00007ffd192d0000 - 0x00007ffd192e2000 	C:\WINDOWS\SYSTEM32\kernel.appcore.dll
0x00007ffd17020000 - 0x00007ffd17031000 	C:\Program Files\Android\Android Studio\jre\bin\verify.dll
0x00007ffd0fc50000 - 0x00007ffd0fe34000 	C:\WINDOWS\SYSTEM32\DBGHELP.DLL
0x00007ffd0fad0000 - 0x00007ffd0fafc000 	C:\WINDOWS\SYSTEM32\dbgcore.DLL
0x00007ffd1b890000 - 0x00007ffd1b912000 	C:\WINDOWS\System32\bcryptPrimitives.dll
0x00007ffd11a90000 - 0x00007ffd11ab9000 	C:\Program Files\Android\Android Studio\jre\bin\java.dll
0x00007ffd17080000 - 0x00007ffd1708b000 	C:\Program Files\Android\Android Studio\jre\bin\jimage.dll
0x00007ffd16fa0000 - 0x00007ffd16fb8000 	C:\Program Files\Android\Android Studio\jre\bin\zip.dll
0x00007ffd1c0f0000 - 0x00007ffd1c834000 	C:\WINDOWS\System32\SHELL32.dll
0x00007ffd194d0000 - 0x00007ffd19c65000 	C:\WINDOWS\SYSTEM32\windows.storage.dll
0x00007ffd1bcf0000 - 0x00007ffd1c045000 	C:\WINDOWS\System32\combase.dll
0x00007ffd1ae10000 - 0x00007ffd1ae3e000 	C:\WINDOWS\SYSTEM32\Wldp.dll
0x00007ffd1c840000 - 0x00007ffd1c8ed000 	C:\WINDOWS\System32\SHCORE.dll
0x00007ffd1d2f0000 - 0x00007ffd1d345000 	C:\WINDOWS\System32\shlwapi.dll
0x00007ffd1b300000 - 0x00007ffd1b31f000 	C:\WINDOWS\SYSTEM32\profapi.dll
0x00007ffd11b60000 - 0x00007ffd11b7a000 	C:\Program Files\Android\Android Studio\jre\bin\net.dll
0x00007ffd16700000 - 0x00007ffd1680c000 	C:\WINDOWS\SYSTEM32\WINHTTP.dll
0x00007ffd1aaf0000 - 0x00007ffd1ab5a000 	C:\WINDOWS\system32\mswsock.dll
0x00007ffd11a70000 - 0x00007ffd11a84000 	C:\Program Files\Android\Android Studio\jre\bin\nio.dll
0x00007ffd0ff70000 - 0x00007ffd0ff97000 	C:\Users\coding\.gradle\native\8bec1ad78214c89d9ad589b4d07fe93259594b29d510b10fafb7a158f7737e5d\windows-amd64\native-platform.dll
0x00007ffcd2900000 - 0x00007ffcd2a3d000 	C:\Users\coding\.gradle\native\53dbd7edfb1c66fb8903c78663c9afc45aea4f116125fa6feffd364cf09443e8\windows-amd64\native-platform-file-events.dll
0x00007ffd16f10000 - 0x00007ffd16f1a000 	C:\Program Files\Android\Android Studio\jre\bin\management.dll
0x00007ffd11cb0000 - 0x00007ffd11cbc000 	C:\Program Files\Android\Android Studio\jre\bin\management_ext.dll
0x00007ffd1ace0000 - 0x00007ffd1acf8000 	C:\WINDOWS\SYSTEM32\CRYPTSP.dll
0x00007ffd1a420000 - 0x00007ffd1a454000 	C:\WINDOWS\system32\rsaenh.dll
0x00007ffd1b3c0000 - 0x00007ffd1b3e7000 	C:\WINDOWS\System32\bcrypt.dll
0x00007ffd1b2c0000 - 0x00007ffd1b2ee000 	C:\WINDOWS\SYSTEM32\USERENV.dll
0x00007ffd1ad00000 - 0x00007ffd1ad0c000 	C:\WINDOWS\SYSTEM32\CRYPTBASE.dll
0x00007ffd1a790000 - 0x00007ffd1a7cb000 	C:\WINDOWS\SYSTEM32\IPHLPAPI.DLL
0x00007ffd1caa0000 - 0x00007ffd1caa8000 	C:\WINDOWS\System32\NSI.dll
0x00007ffd156a0000 - 0x00007ffd156b7000 	C:\WINDOWS\SYSTEM32\dhcpcsvc6.DLL
0x00007ffd15c40000 - 0x00007ffd15c5d000 	C:\WINDOWS\SYSTEM32\dhcpcsvc.DLL
0x00007ffd1a7d0000 - 0x00007ffd1a89b000 	C:\WINDOWS\SYSTEM32\DNSAPI.dll

dbghelp: loaded successfully - version: 4.0.5 - missing functions: none
symbol engine: initialized successfully - sym options: 0x614 - pdb path: .;C:\Program Files\Android\Android Studio\jre\bin;C:\WINDOWS\SYSTEM32;C:\WINDOWS\WinSxS\amd64_microsoft.windows.common-controls_6595b64144ccf1df_6.0.19041.1110_none_60b5254171f9507e;C:\Program Files\Android\Android Studio\jre\bin\server;C:\Users\coding\.gradle\native\8bec1ad78214c89d9ad589b4d07fe93259594b29d510b10fafb7a158f7737e5d\windows-amd64;C:\Users\coding\.gradle\native\53dbd7edfb1c66fb8903c78663c9afc45aea4f116125fa6feffd364cf09443e8\windows-amd64

VM Arguments:
jvm_args: --add-opens=java.base/java.util=ALL-UNNAMED --add-opens=java.base/java.lang=ALL-UNNAMED --add-opens=java.base/java.lang.invoke=ALL-UNNAMED --add-opens=java.base/java.util=ALL-UNNAMED --add-opens=java.prefs/java.util.prefs=ALL-UNNAMED --add-opens=java.prefs/java.util.prefs=ALL-UNNAMED --add-opens=java.base/java.nio.charset=ALL-UNNAMED --add-opens=java.base/java.net=ALL-UNNAMED --add-opens=java.base/java.util.concurrent.atomic=ALL-UNNAMED -Xmx2048m -Dfile.encoding=UTF-8 -Duser.country=KR -Duser.language=ko -Duser.variant 
java_command: org.gradle.launcher.daemon.bootstrap.GradleDaemon 7.0.2
java_class_path (initial): C:\Users\coding\.gradle\wrapper\dists\gradle-7.0.2-bin\857tjihv64xamwrf0h14cai3r\gradle-7.0.2\lib\gradle-launcher-7.0.2.jar
Launcher Type: SUN_STANDARD

[Global flags]
     intx CICompilerCount                          = 4                                         {product} {ergonomic}
     uint ConcGCThreads                            = 3                                         {product} {ergonomic}
     uint G1ConcRefinementThreads                  = 10                                        {product} {ergonomic}
   size_t G1HeapRegionSize                         = 1048576                                   {product} {ergonomic}
    uintx GCDrainStackTargetSize                   = 64                                        {product} {ergonomic}
   size_t InitialHeapSize                          = 268435456                                 {product} {ergonomic}
   size_t MarkStackSize                            = 4194304                                   {product} {ergonomic}
   size_t MaxHeapSize                              = 2147483648                                {product} {command line}
   size_t MaxNewSize                               = 1287651328                                {product} {ergonomic}
   size_t MinHeapDeltaBytes                        = 1048576                                   {product} {ergonomic}
    uintx NonNMethodCodeHeapSize                   = 5836300                                {pd product} {ergonomic}
    uintx NonProfiledCodeHeapSize                  = 122910970                              {pd product} {ergonomic}
    uintx ProfiledCodeHeapSize                     = 122910970                              {pd product} {ergonomic}
    uintx ReservedCodeCacheSize                    = 251658240                              {pd product} {ergonomic}
     bool SegmentedCodeCache                       = true                                      {product} {ergonomic}
     bool UseCompressedClassPointers               = true                                 {lp64_product} {ergonomic}
     bool UseCompressedOops                        = true                                 {lp64_product} {ergonomic}
     bool UseG1GC                                  = true                                      {product} {ergonomic}
     bool UseLargePagesIndividualAllocation        = false                                  {pd product} {ergonomic}

Logging:
Log output configuration:
 #0: stdout all=warning uptime,level,tags
 #1: stderr all=off uptime,level,tags

Environment Variables:
PATH=C:\Program Files\Common Files\Oracle\Java\javapath;C:\oraclexe\app\oracle\product\11.2.0\server\bin;;C:\Windows\system32;C:\Windows;C:\Windows\System32\Wbem;C:\Windows\System32\WindowsPowerShell\v1.0\;C:\Windows\System32\OpenSSH\;C:\Program Files\NVIDIA Corporation\NVIDIA NvDLISR;C:\Program Files (x86)\NVIDIA Corporation\PhysX\Common;C:\WINDOWS\system32;C:\WINDOWS;C:\WINDOWS\System32\Wbem;C:\WINDOWS\System32\WindowsPowerShell\v1.0\;C:\WINDOWS\System32\OpenSSH\;C:\Users\coding\AppData\Local\Microsoft\WindowsApps;C:\Users\coding\giit\Git\cmd
USERNAME=coding
OS=Windows_NT
PROCESSOR_IDENTIFIER=AMD64 Family 23 Model 113 Stepping 0, AuthenticAMD



---------------  S Y S T E M  ---------------

OS: Windows 10 , 64 bit Build 19041 (10.0.19041.1466)
OS uptime: 1 days 20:06 hours

CPU:total 12 (initial active 12) (12 cores per cpu, 2 threads per core) family 23 model 113 stepping 0 microcode 0x0, cmov, cx8, fxsr, mmx, sse, sse2, sse3, ssse3, sse4.1, sse4.2, popcnt, avx, avx2, aes, clmul, mmxext, 3dnowpref, lzcnt, sse4a, ht, tsc, tscinvbit, tscinv, bmi1, bmi2, adx,

Memory: 4k page, system-wide physical 16318M (3688M free)
TotalPageFile size 19253M (AvailPageFile size 5M)
current process WorkingSet (physical memory assigned to process): 533M, peak: 533M
current process commit charge ("private bytes"): 597M, peak: 597M

vm_info: OpenJDK 64-Bit Server VM (11.0.10+0-b96-7249189) for windows-amd64 JRE (11.0.10+0-b96-7249189), built on Mar 31 2021 21:44:00 by "builder" with MS VC++ 14.0 (VS2015)

END.
